  Using 'git status' to determine working set for adaptive non-unity build.
  Creating makefile for hot reloading ITOSGEditor (game project files are newer)
  Compiling game modules for hot reload
  Performing full C++ include scan (no include cache file)
  Using Visual Studio 2017 14.15.26726 toolchain (D:\Visual Studio Community\VC\Tools\MSVC\14.15.26726) and Windows 10.0.16299.0 SDK (C:\Program Files (x86)\Windows Kits\10).
  Parsing headers for ITOSGEditor
    Running UnrealHeaderTool "D:\WGT2\ITOSG\ITOSG.uproject" "D:\WGT2\ITOSG\Intermediate\Build\Win64\ITOSGEditor\Development\ITOSGEditor.uhtmanifest" -LogCmds="loginit warning, logexit warning, logdatabase error" -Unattended -WarningsAsErrors -installed
  Reflection code generated for ITOSGEditor in 8.1693881 seconds
  Building 19 actions with 8 processes...
    [1/19] SharedPCH.Engine.cpp
    [2/19] ITOSG.init.gen.cpp
    [3/19] ITOSGPlayerController.gen.cpp
    [4/19] Interactable.gen.cpp
    [5/19] ITOSGGameMode.gen.cpp
    [6/19] GameplayGamemode.gen.cpp
    [7/19] ITOSGCharacter.gen.cpp
    [8/19] GameplayController.gen.cpp
    [9/19] ITOSG.cpp
    [10/19] Interactable.cpp
    [11/19] ITOSGPlayerController.cpp
    [12/19] GameplayGamemode.cpp
    [13/19] PIckup.cpp
    [14/19] ITOSGGameMode.cpp
    [15/19] PIckup.gen.cpp
    [16/19] GameplayController.cpp
D:\WGT2\ITOSG\Source\ITOSG\GameplayController.cpp(27): error C2065: 'AGameplayGameMode': undeclared identifier
D:\WGT2\ITOSG\Source\ITOSG\GameplayController.cpp(27): error C2065: 'GameMode': undeclared identifier
D:\WGT2\ITOSG\Source\ITOSG\GameplayController.cpp(27): error C2672: 'Cast': no matching overloaded function found
D:\WGT2\ITOSG\Source\ITOSG\GameplayController.cpp(27): error C2974: 'Cast': invalid template argument for 'T', type expected
    D:\UE_4.20\Engine\Source\Runtime\CoreUObject\Public\UObject/Linker.h(513): note: see declaration of 'Cast'
D:\WGT2\ITOSG\Source\ITOSG\GameplayController.cpp(27): error C2974: 'Cast': invalid template argument for 'To', type expected
    D:\UE_4.20\Engine\Source\Runtime\CoreUObject\Public\Templates/Casts.h(107): note: see declaration of 'Cast'
D:\WGT2\ITOSG\Source\ITOSG\GameplayController.cpp(29): error C2065: 'GameMode': undeclared identifier
    [17/19] ITOSGCharacter.cpp
UnrealBuildTool : error : UBT ERROR: Failed to produce item: D:\WGT2\ITOSG\Binaries\Win64\UE4Editor-ITOSG-5738.dll
                          (see ../Programs/UnrealBuildTool/Log.txt for full exception trace)
  Total build time: 72.86 seconds (Parallel executor: 0.00 seconds)
D:\Visual Studio Community\Common7\IDE\VC\VCTargets\Microsoft.MakeFile.Targets(44,5): error MSB3075: The command "D:\UE_4.20\Engine\Build\BatchFiles\Build.bat ITOSGEditor Win64 Development "D:\WGT2\ITOSG\ITOSG.uproject" -WaitMutex -FromMsBuild" exited with code 5. Please verify that you have sufficient rights to run this command.
