Log file open, 12/19/18 12:30:57
LogWindows: Failed to load 'aqProf.dll' (GetLastError=126)
LogWindows: File 'aqProf.dll' does not exist
LogWindows: Failed to load 'VSPerf140.dll' (GetLastError=126)
LogWindows: File 'VSPerf140.dll' does not exist
LogWindows: Failed to load 'VtuneApi.dll' (GetLastError=126)
LogWindows: File 'VtuneApi.dll' does not exist
LogWindows: Failed to load 'VtuneApi32e.dll' (GetLastError=126)
LogWindows: File 'VtuneApi32e.dll' does not exist
LogInit: Display: Running engine for game: ITOSG
LogPlatformFile: Not using cached read wrapper
LogTaskGraph: Started task graph with 5 named threads and 14 total threads with 3 sets of task threads.
LogStats: Stats thread started at 2.534190
LogD3D11RHI: Loaded GFSDK_Aftermath_Lib.x64.dll
LogICUInternationalization: Display: ICU TimeZone Detection - Raw Offset: +0:00, Platform Override: ''
LogPluginManager: Mounting plugin Paper2D
LogPluginManager: Mounting plugin AISupport
LogPluginManager: Mounting plugin LightPropagationVolume
LogPluginManager: Mounting plugin CLionSourceCodeAccess
LogPluginManager: Mounting plugin CodeLiteSourceCodeAccess
LogPluginManager: Mounting plugin GitSourceControl
LogPluginManager: Mounting plugin KDevelopSourceCodeAccess
LogPluginManager: Mounting plugin NullSourceCodeAccess
LogPluginManager: Mounting plugin PerforceSourceControl
LogPluginManager: Mounting plugin SubversionSourceControl
LogPluginManager: Mounting plugin UObjectPlugin
LogPluginManager: Mounting plugin VisualStudioCodeSourceCodeAccess
LogPluginManager: Mounting plugin VisualStudioSourceCodeAccess
LogPluginManager: Mounting plugin XCodeSourceCodeAccess
LogPluginManager: Mounting plugin AssetManagerEditor
LogPluginManager: Mounting plugin CryptoKeys
LogPluginManager: Mounting plugin DataValidation
LogPluginManager: Mounting plugin FacialAnimation
LogPluginManager: Mounting plugin GameplayTagsEditor
LogPluginManager: Mounting plugin MacGraphicsSwitching
LogPluginManager: Mounting plugin MeshEditor
LogPluginManager: Mounting plugin MobileLauncherProfileWizard
LogPluginManager: Mounting plugin PluginBrowser
LogPluginManager: Mounting plugin SpeedTreeImporter
LogPluginManager: Mounting plugin DatasmithContent
LogPluginManager: Mounting plugin AlembicImporter
LogPluginManager: Mounting plugin AppleImageUtils
LogPluginManager: Mounting plugin AppleVision
LogPluginManager: Mounting plugin BackChannel
LogPluginManager: Mounting plugin CharacterAI
LogPluginManager: Mounting plugin GeometryCache
LogPluginManager: Mounting plugin HTML5Networking
LogPluginManager: Mounting plugin ProxyLODPlugin
LogPluginManager: Mounting plugin MagicLeap
LogPluginManager: Mounting plugin MagicLeapEmulator
LogPluginManager: Mounting plugin MagicLeapMedia
LogPluginManager: Mounting plugin AndroidMedia
LogPluginManager: Mounting plugin AvfMedia
LogPluginManager: Mounting plugin ImgMedia
LogPluginManager: Mounting plugin LinearTimecode
LogPluginManager: Mounting plugin MediaCompositing
LogPluginManager: Mounting plugin MediaPlayerEditor
LogPluginManager: Mounting plugin WmfMedia
LogPluginManager: Mounting plugin TcpMessaging
LogPluginManager: Mounting plugin UdpMessaging
LogPluginManager: Mounting plugin ActorSequence
LogPluginManager: Mounting plugin LevelSequenceEditor
LogPluginManager: Mounting plugin MatineeToLevelSequence
LogPluginManager: Mounting plugin NetcodeUnitTest
LogPluginManager: Mounting plugin NUTUnrealEngine4
LogPluginManager: Mounting plugin OnlineSubsystemGooglePlay
LogPluginManager: Mounting plugin OnlineSubsystemIOS
LogPluginManager: Mounting plugin OnlineSubsystem
LogPluginManager: Mounting plugin OnlineSubsystemNull
LogPluginManager: Mounting plugin OnlineSubsystemUtils
LogPluginManager: Mounting plugin LauncherChunkInstaller
LogPluginManager: Mounting plugin AndroidDeviceProfileSelector
LogPluginManager: Mounting plugin AndroidMoviePlayer
LogPluginManager: Mounting plugin AndroidPermission
LogPluginManager: Mounting plugin AppleMoviePlayer
LogPluginManager: Mounting plugin ArchVisCharacter
LogPluginManager: Mounting plugin AudioCapture
LogPluginManager: Mounting plugin CableComponent
LogPluginManager: Mounting plugin CustomMeshComponent
LogPluginManager: Mounting plugin EditableMesh
LogPluginManager: Mounting plugin ExampleDeviceProfileSelector
LogPluginManager: Mounting plugin GoogleCloudMessaging
LogPluginManager: Mounting plugin ImmediatePhysics
LogPluginManager: Mounting plugin IOSDeviceProfileSelector
LogPluginManager: Mounting plugin LinuxDeviceProfileSelector
LogPluginManager: Mounting plugin LocationServicesBPLibrary
LogPluginManager: Mounting plugin MobilePatchingUtils
LogPluginManager: Mounting plugin OculusVR
LogPluginManager: Plugin shader directory ../../../Engine/Plugins/Runtime/Oculus/OculusVR/Shaders found
LogPluginManager: Mapping shader source directory ../../../Engine/Plugins/Runtime/Oculus/OculusVR/Shaders to virtual directory /Plugin/OculusVR
LogPluginManager: Mounting plugin PhysXVehicles
LogPluginManager: Mounting plugin ProceduralMeshComponent
LogPluginManager: Mounting plugin RuntimePhysXCooking
LogPluginManager: Mounting plugin SteamVR
LogPluginManager: Mounting plugin WindowsMoviePlayer
LogStreaming: Display: Took  0.302s to configure plugins.
LogInit: Using libcurl 7.55.1-DEV
LogInit:  - built for x86_64-pc-win32
LogInit:  - supports SSL with OpenSSL/1.0.2h
LogInit:  - supports HTTP deflate (compression) using libz 1.2.8
LogInit:  - other features:
LogInit:      CURL_VERSION_SSL
LogInit:      CURL_VERSION_LIBZ
LogInit:      CURL_VERSION_IPV6
LogInit:      CURL_VERSION_ASYNCHDNS
LogInit:      CURL_VERSION_LARGEFILE
LogInit:      CURL_VERSION_IDN
LogInit:  CurlRequestOptions (configurable via config and command line):
LogInit:  - bVerifyPeer = false  - Libcurl will NOT verify peer certificate
LogInit:  - bUseHttpProxy = false  - Libcurl will NOT use HTTP proxy
LogInit:  - bDontReuseConnections = false  - Libcurl will reuse connections
LogInit:  - CertBundlePath = nullptr  - Libcurl will use whatever was configured at build time.
LogInit:  - MaxHostConnections = 16  - Libcurl will limit the number of connections to a host
LogInit:  - LocalHostAddr = Default
LogInit:  - BufferSize = 65536
LogInit: WinSock: version 1.1 (2.2), MaxSocks=32767, MaxUdp=65467
LogInit: Build: ++UE4+Release-4.20-CL-4369336
LogInit: Engine Version: 4.20.3-4369336+++UE4+Release-4.20
LogInit: Compatible Engine Version: 4.20.0-4212847+++UE4+Release-4.20
LogInit: Net CL: 4212847
LogInit: OS: Windows 10 (), CPU: Intel(R) Xeon(R) CPU E5-1607 v3 @ 3.10GHz, GPU: NVIDIA GeForce GTX 970
LogInit: Compiled (64-bit): Sep 17 2018 12:26:19
LogInit: Compiled with Visual C++: 19.13.26129.00
LogInit: Build Configuration: Development
LogInit: Branch Name: ++UE4+Release-4.20
LogInit: Command Line:  
LogInit: Base Directory: C:/Epic/UE4/UE_4.20/Engine/Binaries/Win64/
LogInit: Installed Engine Build: 1
LogDevObjectVersion: Number of dev versions registered: 20
LogDevObjectVersion:   Dev-Blueprints (B0D832E4-1F89-4F0D-ACCF-7EB736FD4AA2): 10
LogDevObjectVersion:   Dev-Build (E1C64328-A22C-4D53-A36C-8E866417BD8C): 0
LogDevObjectVersion:   Dev-Core (375EC13C-06E4-48FB-B500-84F0262A717E): 2
LogDevObjectVersion:   Dev-Editor (E4B068ED-F494-42E9-A231-DA0B2E46BB41): 24
LogDevObjectVersion:   Dev-Framework (CFFC743F-43B0-4480-9391-14DF171D2073): 34
LogDevObjectVersion:   Dev-Mobile (B02B49B5-BB20-44E9-A304-32B752E40360): 2
LogDevObjectVersion:   Dev-Networking (A4E4105C-59A1-49B5-A7C5-40C4547EDFEE): 0
LogDevObjectVersion:   Dev-Online (39C831C9-5AE6-47DC-9A44-9C173E1C8E7C): 0
LogDevObjectVersion:   Dev-Physics (78F01B33-EBEA-4F98-B9B4-84EACCB95AA2): 0
LogDevObjectVersion:   Dev-Platform (6631380F-2D4D-43E0-8009-CF276956A95A): 0
LogDevObjectVersion:   Dev-Rendering (12F88B9F-8875-4AFC-A67C-D90C383ABD29): 26
LogDevObjectVersion:   Dev-Sequencer (7B5AE74C-D270-4C10-A958-57980B212A5A): 9
LogDevObjectVersion:   Dev-VR (D7296918-1DD6-4BDD-9DE2-64A83CC13884): 2
LogDevObjectVersion:   Dev-LoadTimes (C2A15278-BFE7-4AFE-6C17-90FF531DF755): 1
LogDevObjectVersion:   Private-Geometry (6EACA3D4-40EC-4CC1-B786-8BED09428FC5): 3
LogDevObjectVersion:   Dev-AnimPhys (29E575DD-E0A3-4627-9D10-D276232CDCEA): 17
LogDevObjectVersion:   Dev-ReflectionCapture (6B266CEC-1EC7-4B8F-A30B-E4D90942FC07): 1
LogDevObjectVersion:   Dev-Automation (0DF73D61-A23F-47EA-B727-89E90C41499A): 1
LogDevObjectVersion:   FortniteMain (601D1886-AC64-4F84-AA16-D3DE0DEAC7D6): 12
LogDevObjectVersion:   Dev-Enterprise (9DFFBCD6-494F-0158-E221-12823C92A888): 1
LogStreaming: Display: Took  0.003s to delete old logs.
LogInit: Presizing for max 8388607 objects, including 0 objects not considered by GC, pre-allocating 0 bytes for permanent pool.
LogInit: Object subsystem initialized
[2018.12.19-12.30.58:314][  0]LogInit: Selected Device Profile: [Windows]
[2018.12.19-12.30.58:314][  0]LogInit: Applying CVar settings loaded from the selected device profile: [Windows]
[2018.12.19-12.30.58:365][  0]LogHAL: Display: Platform has ~ 16 GB [17083682816 / 17179869184 / 16], which maps to Larger [LargestMinGB=32, LargerMinGB=12, DefaultMinGB=8, SmallerMinGB=6, SmallestMinGB=0)
[2018.12.19-12.30.58:373][  0]LogInit: Setting Device Profile CVar: [[r.Vulkan.UseRealUBs:1]]
[2018.12.19-12.30.58:373][  0]LogInit: Going up to parent DeviceProfile []
[2018.12.19-12.30.58:398][  0]LogInit: Computer: S500-06
[2018.12.19-12.30.58:399][  0]LogInit: User: l012265h
[2018.12.19-12.30.58:399][  0]LogInit: CPU Page size=4096, Cores=4
[2018.12.19-12.30.58:399][  0]LogInit: High frequency timer resolution =3.020349 MHz
[2018.12.19-12.30.58:399][  0]LogMemory: Memory total: Physical=15.9GB (16GB approx)
[2018.12.19-12.30.58:403][  0]LogMemory: Platform Memory Stats for Windows
[2018.12.19-12.30.58:403][  0]LogMemory: Process Physical Memory: 100.30 MB used, 100.30 MB peak
[2018.12.19-12.30.58:404][  0]LogMemory: Process Virtual Memory: 84.26 MB used, 84.26 MB peak
[2018.12.19-12.30.58:404][  0]LogMemory: Physical Memory: 5543.75 MB used,  10748.52 MB free, 16292.27 MB total
[2018.12.19-12.30.58:404][  0]LogMemory: Virtual Memory: 4620.35 MB used,  10748.52 MB free, 134217728.00 MB total
[2018.12.19-12.30.58:877][  0]LogInit: Using OS detected language (en-US).
[2018.12.19-12.30.58:877][  0]LogInit: Using OS detected locale (en-GB).
[2018.12.19-12.30.58:920][  0]LogTextLocalizationManager: No specific localization for 'en-US' exists, so the 'en' localization will be used.
[2018.12.19-12.30.59:726][  0]LogStreaming: Display: Took  0.850s to InitEngineTextLocalization.
[2018.12.19-12.30.59:726][  0]LogInit: Setting process to per monitor DPI aware
[2018.12.19-12.31.00:126][  0]LogSlate: New Slate User Created.  User Index 0, Is Virtual User: 0
[2018.12.19-12.31.00:126][  0]LogSlate: Slate User Registered.  User Index 0, Is Virtual User: 0
[2018.12.19-12.31.03:147][  0]LogHMD: Failed to initialize OpenVR with code 110
[2018.12.19-12.31.03:156][  0]LogD3D11RHI: D3D11 adapters:
[2018.12.19-12.31.03:227][  0]LogD3D11RHI:    0. 'NVIDIA GeForce GTX 970' (Feature Level 11_0)
[2018.12.19-12.31.03:227][  0]LogD3D11RHI:       4043/0/8146 MB DedicatedVideo/DedicatedSystem/SharedSystem, Outputs:2, VendorId:0x10de
[2018.12.19-12.31.03:230][  0]LogD3D11RHI:    1. 'Microsoft Basic Render Driver' (Feature Level 11_0)
[2018.12.19-12.31.03:230][  0]LogD3D11RHI:       0/0/8146 MB DedicatedVideo/DedicatedSystem/SharedSystem, Outputs:0, VendorId:0x1414
[2018.12.19-12.31.03:230][  0]LogD3D11RHI: Chosen D3D11 Adapter: 0
[2018.12.19-12.31.03:239][  0]LogD3D11RHI: Creating new Direct3DDevice
[2018.12.19-12.31.03:239][  0]LogD3D11RHI:     GPU DeviceId: 0x13c2 (for the marketing name, search the web for "GPU Device Id")
[2018.12.19-12.31.03:243][  0]LogWindows: EnumDisplayDevices:
[2018.12.19-12.31.03:243][  0]LogWindows:    0. 'NVIDIA GeForce GTX 970' (P:1 D:1)
[2018.12.19-12.31.03:243][  0]LogWindows:    1. 'NVIDIA GeForce GTX 970' (P:0 D:1)
[2018.12.19-12.31.03:244][  0]LogWindows:    2. 'NVIDIA GeForce GTX 970' (P:0 D:0)
[2018.12.19-12.31.03:244][  0]LogWindows:    3. 'NVIDIA GeForce GTX 970' (P:0 D:0)
[2018.12.19-12.31.03:244][  0]LogWindows: DebugString: FoundDriverCount:4 
[2018.12.19-12.31.03:244][  0]LogD3D11RHI:     Adapter Name: NVIDIA GeForce GTX 970
[2018.12.19-12.31.03:244][  0]LogD3D11RHI:   Driver Version: 399.24 (internal:24.21.13.9924, unified:399.24)
[2018.12.19-12.31.03:244][  0]LogD3D11RHI:      Driver Date: 9-5-2018
[2018.12.19-12.31.03:245][  0]LogRHI: Texture pool is 2830 MB (70% of 4043 MB)
[2018.12.19-12.31.03:332][  0]LogD3D11RHI: Async texture creation enabled
[2018.12.19-12.31.03:445][  0]LogD3D11RHI: GPU Timing Frequency: 1000.000000 (Debug: 2 2)
[2018.12.19-12.31.03:574][  0]LogShaderCompilers: Guid format shader working directory is -23 characters bigger than the processId version (../../../../../../Users/l012265h/Documents/GitHub/WGT/WGT-DimitarC/ITOSG/Intermediate/Shaders/WorkingDirectory/8712/).
[2018.12.19-12.31.03:574][  0]LogShaderCompilers: Cleaned the shader compiler working directory 'C:/Users/l012265h/AppData/Local/Temp/UnrealShaderWorkingDir/8C8F011C466FC91F92549BB68C1BD1BD/'.
[2018.12.19-12.31.03:995][  0]LogTemp: Display: Loaded TP AllDesktopTargetPlatform
[2018.12.19-12.31.04:017][  0]LogTemp: Display: Loaded TP MacClientTargetPlatform
[2018.12.19-12.31.04:038][  0]LogTemp: Display: Loaded TP MacNoEditorTargetPlatform
[2018.12.19-12.31.04:071][  0]LogTemp: Display: Loaded TP MacServerTargetPlatform
[2018.12.19-12.31.04:110][  0]LogTemp: Display: Loaded TP MacTargetPlatform
[2018.12.19-12.31.04:132][  0]LogTemp: Display: Loaded TP WindowsClientTargetPlatform
[2018.12.19-12.31.04:154][  0]LogTemp: Display: Loaded TP WindowsNoEditorTargetPlatform
[2018.12.19-12.31.04:177][  0]LogTemp: Display: Loaded TP WindowsServerTargetPlatform
[2018.12.19-12.31.04:190][  0]LogTemp: Display: Loaded TP WindowsTargetPlatform
[2018.12.19-12.31.04:339][  0]LogTemp: Display: Loaded TP AndroidTargetPlatform
[2018.12.19-12.31.04:339][  0]LogTemp: Display: Loaded TP AndroidTargetPlatform
[2018.12.19-12.31.04:339][  0]LogTemp: Display: Loaded TP AndroidTargetPlatform
[2018.12.19-12.31.04:339][  0]LogTemp: Display: Loaded TP AndroidTargetPlatform
[2018.12.19-12.31.04:339][  0]LogTemp: Display: Loaded TP AndroidTargetPlatform
[2018.12.19-12.31.04:339][  0]LogTemp: Display: Loaded TP AndroidTargetPlatform
[2018.12.19-12.31.04:339][  0]LogTemp: Display: Loaded TP AndroidTargetPlatform
[2018.12.19-12.31.04:339][  0]LogTemp: Display: Loaded TP AndroidTargetPlatform
[2018.12.19-12.31.04:339][  0]LogTemp: Display: Loaded TP AndroidTargetPlatform
[2018.12.19-12.31.04:339][  0]LogTemp: Display: Loaded TP AndroidTargetPlatform
[2018.12.19-12.31.04:339][  0]LogTemp: Display: Loaded TP AndroidTargetPlatform
[2018.12.19-12.31.04:339][  0]LogTemp: Display: Loaded TP AndroidTargetPlatform
[2018.12.19-12.31.04:339][  0]LogTemp: Display: Loaded TP AndroidTargetPlatform
[2018.12.19-12.31.04:339][  0]LogTemp: Display: Loaded TP AndroidTargetPlatform
[2018.12.19-12.31.04:339][  0]LogTemp: Display: Loaded TP AndroidTargetPlatform
[2018.12.19-12.31.04:339][  0]LogTemp: Display: Loaded TP AndroidTargetPlatform
[2018.12.19-12.31.04:339][  0]LogTemp: Display: Loaded TP AndroidTargetPlatform
[2018.12.19-12.31.04:339][  0]LogTemp: Display: Loaded TP AndroidTargetPlatform
[2018.12.19-12.31.04:343][  0]LogTemp: Display: Loaded TP HTML5TargetPlatform
[2018.12.19-12.31.04:441][  0]LogTemp: Display: Loaded TP IOSTargetPlatform
[2018.12.19-12.31.04:441][  0]LogTemp: Display: Loaded TP IOSTargetPlatform
[2018.12.19-12.31.04:489][  0]LogTemp: Display: Loaded TP TVOSTargetPlatform
[2018.12.19-12.31.04:489][  0]LogTemp: Display: Loaded TP TVOSTargetPlatform
[2018.12.19-12.31.04:509][  0]LogTemp: Display: Loaded TP LinuxClientTargetPlatform
[2018.12.19-12.31.04:528][  0]LogTemp: Display: Loaded TP LinuxNoEditorTargetPlatform
[2018.12.19-12.31.04:547][  0]LogTemp: Display: Loaded TP LinuxServerTargetPlatform
[2018.12.19-12.31.04:576][  0]LogTemp: Display: Loaded TP LinuxTargetPlatform
[2018.12.19-12.31.04:590][  0]LogTemp: Display: Loaded TP LuminTargetPlatform
[2018.12.19-12.31.04:590][  0]LogTargetPlatformManager: Display: Building Assets For Windows
[2018.12.19-12.31.05:049][  0]LogXGEController: Cleaning working directory: C:/Users/l012265h/AppData/Local/Temp/UnrealXGEWorkingDir/
[2018.12.19-12.31.05:050][  0]LogXGEController: Cannot use XGE Controller as Incredibuild is not installed on this machine.
[2018.12.19-12.31.05:050][  0]LogShaderCompilers: Cannot use XGE Shader Compiler as Incredibuild is not installed on this machine.
[2018.12.19-12.31.05:050][  0]LogShaderCompilers: Display: Using Local Shader Compiler.
[2018.12.19-12.31.08:047][  0]LogDerivedDataCache: Display: Max Cache Size: 512 MB
[2018.12.19-12.31.08:593][  0]LogDerivedDataCache: Loaded boot cache 0.55s 73MB C:/Users/l012265h/AppData/Local/UnrealEngine/4.20/DerivedDataCache/Boot.ddc.
[2018.12.19-12.31.08:595][  0]LogDerivedDataCache: Display: Loaded Boot cache: C:/Users/l012265h/AppData/Local/UnrealEngine/4.20/DerivedDataCache/Boot.ddc
[2018.12.19-12.31.08:595][  0]LogDerivedDataCache: FDerivedDataBackendGraph:  Pak pak cache file ../../../../../../Users/l012265h/Documents/GitHub/WGT/WGT-DimitarC/ITOSG/DerivedDataCache/DDC.ddp not found, will not use a pak cache.
[2018.12.19-12.31.08:595][  0]LogDerivedDataCache: Unable to find inner node Pak for hierarchical cache Hierarchy.
[2018.12.19-12.31.08:595][  0]LogDerivedDataCache: FDerivedDataBackendGraph:  CompressedPak pak cache file ../../../../../../Users/l012265h/Documents/GitHub/WGT/WGT-DimitarC/ITOSG/DerivedDataCache/Compressed.ddp not found, will not use a pak cache.
[2018.12.19-12.31.08:595][  0]LogDerivedDataCache: Unable to find inner node CompressedPak for hierarchical cache Hierarchy.
[2018.12.19-12.31.08:652][  0]LogDerivedDataCache: Display: Pak cache opened for reading ../../../Engine/DerivedDataCache/Compressed.ddp.
[2018.12.19-12.31.08:665][  0]LogDerivedDataCache: Using Local data cache path C:/Users/l012265h/AppData/Local/UnrealEngine/Common/DerivedDataCache: Writable
[2018.12.19-12.31.08:665][  0]LogDerivedDataCache: Shared data cache path not found in *engine.ini, will not use an Shared cache.
[2018.12.19-12.31.08:665][  0]LogDerivedDataCache: Unable to find inner node Shared for hierarchical cache Hierarchy.
[2018.12.19-12.31.08:719][  0]LogMaterial: Verifying Global Shaders for PCD3D_SM5
[2018.12.19-12.31.08:737][  0]LogSlate: Using FreeType 2.6.0
[2018.12.19-12.31.08:791][  0]LogSlate: SlateFontServices - WITH_FREETYPE: 1, WITH_HARFBUZZ: 1
[2018.12.19-12.31.09:372][  0]LogAssetRegistry: FAssetRegistry took 0.0282 seconds to start up
[2018.12.19-12.31.12:228][  0]LogInit: Selected Device Profile: [Windows]
[2018.12.19-12.31.15:093][  0]LogSimplygon: Simplygon DLL not present - disabling.
[2018.12.19-12.31.15:659][  0]LogMeshReduction: Using SimplygonSwarm for distributed automatic mesh merging
[2018.12.19-12.31.15:660][  0]LogMeshReduction: Using ProxyLODMeshReduction for automatic mesh merging
[2018.12.19-12.31.15:685][  0]LogMeshReduction: Using QuadricMeshReduction for automatic static mesh reduction
[2018.12.19-12.31.15:685][  0]LogMeshReduction: No automatic skeletal mesh reduction module available
[2018.12.19-12.31.15:997][  0]LogNetVersion: ITOSG 1.0.0, NetCL: 4212847, EngineNetVer: 5, GameNetVer: 0 (Checksum: 987612483)
[2018.12.19-12.31.17:086][  0]LogLinker: Warning: The file '../../../Engine/Content/EngineMaterials/DefaultTextMaterialOpaque.uasset' contains unrecognizable data, check that it is of the expected type.
[2018.12.19-12.31.17:086][  0]LogLinker: Warning: The file '../../../Engine/Content/EngineMaterials/DefaultTextMaterialOpaque.uasset' contains unrecognizable data, check that it is of the expected type.
[2018.12.19-12.31.17:087][  0]LogUObjectGlobals: Warning: Failed to find object 'Material /Engine/EngineMaterials/DefaultTextMaterialOpaque.DefaultTextMaterialOpaque'
[2018.12.19-12.31.17:087][  0]Error: CDO Constructor (TextRenderComponent): Failed to find /Engine/EngineMaterials/DefaultTextMaterialOpaque

[2018.12.19-12.31.19:776][  0]LogUObjectBase: Warning: -------------- Default Property warnings and errors:
[2018.12.19-12.31.19:776][  0]LogUObjectBase: Warning: Error: CDO Constructor (TextRenderComponent): Failed to find /Engine/EngineMaterials/DefaultTextMaterialOpaque

[2018.12.19-12.31.25:243][  0]LogWindowsTextInputMethodSystem: Display: IME system now deactivated.
[2018.12.19-12.31.25:455][  0]LogPackageLocalizationCache: Processed 11 localized package path(s) for 2 prioritized culture(s) in 0.208565 seconds
[2018.12.19-12.31.25:476][  0]LogUObjectArray: 38420 objects as part of root set at end of initial load.
[2018.12.19-12.31.25:476][  0]LogUObjectAllocator: 6687168 out of 0 bytes used by permanent object pool.
[2018.12.19-12.31.25:476][  0]LogUObjectArray: CloseDisregardForGC: 0/0 objects in disregard for GC pool
[2018.12.19-12.31.55:528][  0]LogTcpMessaging: Initializing TcpMessaging bridge
[2018.12.19-12.31.55:545][  0]LogUdpMessaging: Initializing bridge on interface 0.0.0.0:0 to multicast group 230.0.0.1:6666.
[2018.12.19-12.31.57:566][  0]LogTexture: Display: Building textures: T_Blade_BlackKnight_Sword2_M (AutoDXT, 256X256)
[2018.12.19-12.31.57:566][  0]LogTexture: Display: Building textures: T_Blade_BlackKnight_Sword2_N (BC5, 256X256)
[2018.12.19-12.31.57:566][  0]LogTexture: Display: Building textures: T_Blade_BlackKnight_Sword2_D (AutoDXT, 256X256)
[2018.12.19-12.31.57:566][  0]LogTexture: Display: Building textures: T_Blade_BlackKnight_Sword1_N (BC5, 256X256)
[2018.12.19-12.31.57:566][  0]LogTexture: Display: Building textures: T_Blade_BlackKnight_Sword1_M (AutoDXT, 256X256)
[2018.12.19-12.31.57:566][  0]LogTexture: Display: Building textures: T_Blade_BlackKnight_Sword1_D (AutoDXT, 256X256)
[2018.12.19-12.31.57:566][  0]LogAnimationCompression: Building Anim DDC data for AnimSequence /Game/TopDownCPP/Blueprints/AttackAnimation.AttackAnimation
[2018.12.19-12.31.57:579][  0]LogAnimationCompression: Recompressing (AnimSequence /Game/TopDownCPP/Blueprints/AttackAnimation.AttackAnimation) using current/default (AnimCompress_BitwiseCompressOnly_0) bFirstRecompressUsingCurrentOrDefault(1) bTryAlternateCompressor(0) IsCompressedDataValid(0)
[2018.12.19-12.31.58:644][  0]LogMaterial: Display: Missing cached shader map for material M_Blade_BlackKnight, compiling. 
[2018.12.19-12.31.59:012][  0]LogShaderCompilers: Display: Shaders left to compile 60
[2018.12.19-12.31.59:012][  0]LogShaderCompilers: Display: Shaders left to compile 50
[2018.12.19-12.31.59:012][  0]LogShaderCompilers: Display: Shaders left to compile 40
[2018.12.19-12.31.59:012][  0]LogSkeletalMesh: Building Skeletal Mesh SK_Blade_BlackKnight...
[2018.12.19-12.31.59:056][  0]LogSkeletalMesh: Built Skeletal Mesh [0.04s] /Game/InfinityBladeWeapons/Weapons/Blade/Swords/Blade_BlackKnight/SK_Blade_BlackKnight.SK_Blade_BlackKnight
[2018.12.19-12.32.00:416][  0]SourceControl: Source control is disabled
[2018.12.19-12.32.00:416][  0]SourceControl: Source control is disabled
[2018.12.19-12.32.00:668][  0]SourceControl: Source control is disabled
[2018.12.19-12.32.00:673][  0]SourceControl: Source control is disabled
[2018.12.19-12.32.02:740][  0]LogAndroidPermission: UAndroidPermissionCallbackProxy::GetInstance
[2018.12.19-12.32.02:933][  0]LogOcInput: OculusInput pre-init called
[2018.12.19-12.32.03:641][  0]LogEngine: Initializing Engine...
[2018.12.19-12.32.03:676][  0]LogHMD: Failed to initialize OpenVR with code 110
[2018.12.19-12.32.03:679][  0]LogStats: UGameplayTagsManager::ConstructGameplayTagTree: ImportINI prefixes -  0.000 s
[2018.12.19-12.32.03:679][  0]LogStats: UGameplayTagsManager::ConstructGameplayTagTree: Construct from data asset -  0.000 s
[2018.12.19-12.32.03:680][  0]LogStats: UGameplayTagsManager::ConstructGameplayTagTree: ImportINI -  0.001 s
[2018.12.19-12.32.03:680][  0]LogStats: UGameplayTagsManager::ConstructGameplayTagTree: GameplayTagTreeChangedEvent.Broadcast -  0.000 s
[2018.12.19-12.32.04:253][  0]LogInit: Initializing FReadOnlyCVARCache
[2018.12.19-12.32.04:355][  0]LogAIModule: Creating AISystem for world Untitled
[2018.12.19-12.32.04:410][  0]LogInit: XAudio2 using 'Speakers (Realtek High Definition Audio)' : 2 channels at 48 kHz using 32 bits per sample (channel mask 0x3)
[2018.12.19-12.32.04:767][  0]LogInit: FAudioDevice initialized.
[2018.12.19-12.32.04:768][  0]LogNetVersion: Set ProjectVersion to 1.0.0.0. Version Checksum will be recalculated on next use.
[2018.12.19-12.32.05:308][  0]LogDerivedDataCache: Saved boot cache 0.54s 74MB C:/Users/l012265h/AppData/Local/UnrealEngine/4.20/DerivedDataCache/Boot.ddc.
[2018.12.19-12.32.05:322][  0]LogInit: Texture streaming: Enabled
[2018.12.19-12.32.05:415][  0]LogEngineSessionManager: EngineSessionManager initialized
[2018.12.19-12.32.05:795][  0]LogInit: Transaction tracking system initialized
[2018.12.19-12.32.06:825][  0]BlueprintLog: New page: Editor Load
[2018.12.19-12.32.10:250][  0]LocalizationService: Localization service is disabled
[2018.12.19-12.32.12:324][  0]LogCook: Display: Max memory allowance for cook 16384mb min free memory 0mb
[2018.12.19-12.32.12:324][  0]LogCook: Display: Mobile HDR setting 1
[2018.12.19-12.32.12:325][  0]LogGameplayTags: Display: UGameplayTagsManager::DoneAddingNativeTags. DelegateIsBound: 0
[2018.12.19-12.32.12:325][  0]LogStats: UGameplayTagsManager::ConstructGameplayTagTree: ImportINI prefixes -  0.000 s
[2018.12.19-12.32.12:325][  0]LogStats: UGameplayTagsManager::ConstructGameplayTagTree: Construct from data asset -  0.000 s
[2018.12.19-12.32.12:326][  0]LogStats: UGameplayTagsManager::ConstructGameplayTagTree: ImportINI -  0.000 s
[2018.12.19-12.32.12:326][  0]LogStats: UGameplayTagsManager::ConstructGameplayTagTree: GameplayTagTreeChangedEvent.Broadcast -  0.000 s
[2018.12.19-12.32.13:452][  0]LogFileCache: Scanning file cache for directory 'C:/Users/l012265h/Documents/GitHub/WGT/WGT-DimitarC/ITOSG/Content/' took 0.07s
[2018.12.19-12.32.15:221][  0]SourceControl: Source control is disabled
[2018.12.19-12.32.15:233][  0]Cmd: MAP LOAD FILE="../../../../../../Users/l012265h/Documents/GitHub/WGT/WGT-DimitarC/ITOSG/Content/TopDownCPP/Maps/TopDownExampleMap.umap" TEMPLATE=0 SHOWPROGRESS=1 FEATURELEVEL=3
[2018.12.19-12.32.15:250][  0]LightingResults: New page: Lighting Build
[2018.12.19-12.32.15:310][  0]MapCheck: New page: Map Check
[2018.12.19-12.32.15:310][  0]LightingResults: New page: Lighting Build
[2018.12.19-12.32.22:486][  0]LogShaderCompilers: Display: Shaders left to compile 30
[2018.12.19-12.32.22:486][  0]LogShaderCompilers: Display: Shaders left to compile 20
[2018.12.19-12.32.22:486][  0]LogShaderCompilers: Display: Shaders left to compile 10
[2018.12.19-12.32.27:156][  0]LogMaterial: Display: Missing cached shader map for material Red, compiling. 
[2018.12.19-12.32.27:488][  0]LogShaderCompilers: Display: Shaders left to compile 22
[2018.12.19-12.32.27:488][  0]LogShaderCompilers: Display: Shaders left to compile 12
[2018.12.19-12.32.27:488][  0]LogShaderCompilers: Display: Shaders left to compile 2
[2018.12.19-12.32.27:830][  0]LogMaterial: Display: Missing cached shader map for material AIColour, compiling. 
[2018.12.19-12.32.27:891][  0]LogAIModule: Creating AISystem for world TopDownExampleMap
[2018.12.19-12.32.28:160][  0]LogMaterial: Warning: Material /Game/TopDownCPP/Blueprints/AI/AIColour.AIColour needed to have new flag set bUsedWithSkeletalMesh !
[2018.12.19-12.32.28:163][  0]LogMaterial: Display: Missing cached shader map for material AIColour, compiling. 
[2018.12.19-12.32.28:192][  0]LogShaderCompilers: Display: Shaders left to compile 22
[2018.12.19-12.32.28:192][  0]MapCheck: Warning: AIColour Material /Game/TopDownCPP/Blueprints/AI/AIColour.AIColour was missing the usage flag bUsedWithSkeletalMesh. If the material asset is not re-saved, it may not render correctly when run outside the editor. Fix
[2018.12.19-12.32.28:404][  0]LogEditorServer: Finished looking for orphan Actors (0.000 secs)
[2018.12.19-12.32.33:502][  0]LogShaderCompilers: Display: Shaders left to compile 72
[2018.12.19-12.32.33:542][  0]LogShaderCompilers: Display: Shaders left to compile 62
[2018.12.19-12.32.33:542][  0]Cmd: MAP CHECKDEP NOCLEARLOG
[2018.12.19-12.32.33:830][  0]MapCheck: Map check complete: 0 Error(s), 1 Warning(s), took 288.868ms to complete.
[2018.12.19-12.32.33:870][  0]LogFileHelpers: Loading map 'TopDownExampleMap' took 18.660
[2018.12.19-12.32.33:937][  0]LogWindowsTextInputMethodSystem: Display: IME system now deactivated.
[2018.12.19-12.32.34:398][  0]LogSlate: Updating window title bar state: overlay mode, drag disabled, window buttons hidden, title bar hidden
[2018.12.19-12.32.34:408][  0]LogSlate: Updating window title bar state: overlay mode, drag disabled, window buttons hidden, title bar hidden
[2018.12.19-12.32.34:417][  0]LogSlate: Updating window title bar state: overlay mode, drag disabled, window buttons hidden, title bar hidden
[2018.12.19-12.32.34:427][  0]LogSlate: Updating window title bar state: overlay mode, drag disabled, window buttons hidden, title bar hidden
[2018.12.19-12.32.34:483][  0]LogCollectionManager: Loaded 0 collections in 0.005166 seconds
[2018.12.19-12.32.34:564][  0]LogFileCache: Scanning file cache for directory 'C:/Users/l012265h/Documents/GitHub/WGT/WGT-DimitarC/ITOSG/Saved/Collections/' took 0.01s
[2018.12.19-12.32.34:564][  0]LogFileCache: Scanning file cache for directory 'C:/Users/l012265h/Documents/GitHub/WGT/WGT-DimitarC/ITOSG/Content/Developers/l012265h/Collections/' took 0.01s
[2018.12.19-12.32.34:564][  0]LogFileCache: Scanning file cache for directory 'C:/Users/l012265h/Documents/GitHub/WGT/WGT-DimitarC/ITOSG/Content/Collections/' took 0.01s
[2018.12.19-12.32.34:564][  0]LogCollectionManager: Rebuilt the GUID cache for 0 collections in 0.000000 seconds
[2018.12.19-12.32.34:598][  0]LogContentBrowser: Native class hierarchy populated in 0.0342 seconds. Added 2575 classes and 605 folders.
[2018.12.19-12.32.34:830][  0]LogContentBrowser: Native class hierarchy updated for 'WidgetCarousel' in 0.0007 seconds. Added 0 classes and 0 folders.
[2018.12.19-12.32.37:698][  0]LogShaderCompilers: Display: Shaders left to compile 52
[2018.12.19-12.32.37:698][  0]LogContentBrowser: Native class hierarchy updated for 'AddContentDialog' in 0.0006 seconds. Added 0 classes and 0 folders.
[2018.12.19-12.32.37:764][  0]LogContentBrowser: Native class hierarchy updated for 'SceneOutliner' in 0.0007 seconds. Added 1 classes and 2 folders.
[2018.12.19-12.32.37:841][  0]LogSlate: Took 0.046821 seconds to synchronously load lazily loaded font '../../../Engine/Content/Slate/Fonts/Roboto-Regular.ttf' (155K)
[2018.12.19-12.32.37:880][  0]LogSlate: Took 0.037314 seconds to synchronously load lazily loaded font '../../../Engine/Content/Slate/Fonts/Roboto-Bold.ttf' (160K)
[2018.12.19-12.32.37:905][  0]LogSlate: Took 0.020060 seconds to synchronously load lazily loaded font '../../../Engine/Content/Editor/Slate/Fonts/FontAwesome.ttf' (139K)
[2018.12.19-12.32.38:237][  0]LogRenderer: Reallocating scene render targets to support 1208x576 Format 10 NumSamples 1 (Frame:1).
[2018.12.19-12.32.45:920][  0]LogShaderCompilers: Display: Shaders left to compile 42
[2018.12.19-12.32.45:920][  0]LogShaderCompilers: Display: Shaders left to compile 32
[2018.12.19-12.32.45:920][  0]LogSlate: FSceneViewport::OnFocusLost() reason 2
[2018.12.19-12.32.45:980][  0]LogSlate: Window 'Tutorials' being destroyed
[2018.12.19-12.32.46:040][  0]LogContentBrowser: Native class hierarchy updated for 'HierarchicalLODOutliner' in 0.0007 seconds. Added 0 classes and 0 folders.
[2018.12.19-12.32.46:040][  0]LogLoad: (Engine Initialization) Total time: 115.59 seconds
[2018.12.19-12.32.46:040][  0]LogLoad: (Engine Initialization) Total Blueprint compile time: 0.00 seconds
[2018.12.19-12.32.46:081][  0]LogContentStreaming: Texture pool size now 1000 MB
[2018.12.19-12.32.46:264][  0]LogSlate: Took 0.095862 seconds to synchronously load lazily loaded font '../../../Engine/Content/Slate/Fonts/Roboto-Light.ttf' (167K)
[2018.12.19-12.32.47:224][  3]LogAssetRegistry: Asset discovery search completed in 97.9937 seconds
[2018.12.19-12.32.47:227][  3]LogCollectionManager: Rebuilt the object cache for 0 collections in 0.000001 seconds (found 0 objects)
[2018.12.19-12.32.47:227][  3]LogCollectionManager: Fixed up redirectors for 0 collections in 0.000066 seconds (updated 0 objects)
[2018.12.19-12.32.47:711][  5]LogShaderCompilers: Display: Shaders left to compile 22
[2018.12.19-12.32.48:027][  5]LogShaderCompilers: Display: Shaders left to compile 12
[2018.12.19-12.32.52:929][ 13]LogShaderCompilers: Display: Shaders left to compile 2
[2018.12.19-12.33.41:577][436]LogSlate: FSceneViewport::OnFocusLost() reason 0
[2018.12.19-12.33.41:677][448]LogTemp: Repeating last play command: Selected Viewport
[2018.12.19-12.33.41:701][448]LogBlueprintUserMessages: Early PlayInEditor Detection: Level '/Game/TopDownCPP/Maps/TopDownExampleMap.TopDownExampleMap:PersistentLevel' has LevelScriptBlueprint '/Game/TopDownCPP/Maps/TopDownExampleMap.TopDownExampleMap:PersistentLevel.TopDownExampleMap' with GeneratedClass '/Game/TopDownCPP/Maps/TopDownExampleMap.TopDownExampleMap_C' with ClassGeneratedBy '/Game/TopDownCPP/Maps/TopDownExampleMap.TopDownExampleMap:PersistentLevel.TopDownExampleMap'
[2018.12.19-12.33.41:701][448]LogPlayLevel: PlayLevel: No blueprints needed recompiling
[2018.12.19-12.33.41:733][448]PIE: New page: PIE session: TopDownExampleMap (19 Dec 2018 12:33:41)
[2018.12.19-12.33.41:733][448]LogPlayLevel: Creating play world package: /Game/TopDownCPP/Maps/UEDPIE_0_TopDownExampleMap
[2018.12.19-12.33.41:776][448]LogPlayLevel: PIE: StaticDuplicateObject took: (0.043585s)
[2018.12.19-12.33.41:777][448]LogAIModule: Creating AISystem for world TopDownExampleMap
[2018.12.19-12.33.41:777][448]LogPlayLevel: PIE: World Init took: (0.000985s)
[2018.12.19-12.33.41:778][448]LogPlayLevel: PIE: Created PIE world by copying editor world from /Game/TopDownCPP/Maps/TopDownExampleMap.TopDownExampleMap to /Game/TopDownCPP/Maps/UEDPIE_0_TopDownExampleMap.TopDownExampleMap (0.044758s)
[2018.12.19-12.33.41:808][448]LogInit: XAudio2 using 'Speakers (Realtek High Definition Audio)' : 2 channels at 48 kHz using 32 bits per sample (channel mask 0x3)
[2018.12.19-12.33.41:826][448]LogInit: FAudioDevice initialized.
[2018.12.19-12.33.41:872][448]LogLoad: Game class is 'ITOSGGameMode'
[2018.12.19-12.33.41:878][448]LogWorld: Bringing World /Game/TopDownCPP/Maps/UEDPIE_0_TopDownExampleMap.TopDownExampleMap up for play (max tick rate 0) at 2018.12.19-12.33.41
[2018.12.19-12.33.41:897][448]LogWorld: Bringing up level for play took: 0.022897
[2018.12.19-12.33.41:976][448]LogContentBrowser: Native class hierarchy updated for 'MovieSceneCapture' in 0.0008 seconds. Added 10 classes and 0 folders.
[2018.12.19-12.33.42:073][448]PIE: Play in editor start time for /Game/TopDownCPP/Maps/UEDPIE_0_TopDownExampleMap -0.381
[2018.12.19-12.33.42:073][448]LogBlueprintUserMessages: Late PlayInEditor Detection: Level '/Game/TopDownCPP/Maps/TopDownExampleMap.TopDownExampleMap:PersistentLevel' has LevelScriptBlueprint '/Game/TopDownCPP/Maps/TopDownExampleMap.TopDownExampleMap:PersistentLevel.TopDownExampleMap' with GeneratedClass '/Game/TopDownCPP/Maps/TopDownExampleMap.TopDownExampleMap_C' with ClassGeneratedBy '/Game/TopDownCPP/Maps/TopDownExampleMap.TopDownExampleMap:PersistentLevel.TopDownExampleMap'
[2018.12.19-12.33.51:398][518]LogSlate: FSceneViewport::OnFocusLost() reason 0
[2018.12.19-12.33.51:482][528]LogBlueprintUserMessages: Early EndPlayMap Detection: Level '/Game/TopDownCPP/Maps/TopDownExampleMap.TopDownExampleMap:PersistentLevel' has LevelScriptBlueprint '/Game/TopDownCPP/Maps/TopDownExampleMap.TopDownExampleMap:PersistentLevel.TopDownExampleMap' with GeneratedClass '/Game/TopDownCPP/Maps/TopDownExampleMap.TopDownExampleMap_C' with ClassGeneratedBy '/Game/TopDownCPP/Maps/TopDownExampleMap.TopDownExampleMap:PersistentLevel.TopDownExampleMap'
[2018.12.19-12.33.51:483][528]LogSlate: Updating window title bar state: overlay mode, drag disabled, window buttons hidden, title bar hidden
[2018.12.19-12.33.51:517][528]LogPlayLevel: Display: Shutting down PIE online subsystems
[2018.12.19-12.33.51:517][528]LogBlueprintUserMessages: Late EndPlayMap Detection: Level '/Game/TopDownCPP/Maps/TopDownExampleMap.TopDownExampleMap:PersistentLevel' has LevelScriptBlueprint '/Game/TopDownCPP/Maps/TopDownExampleMap.TopDownExampleMap:PersistentLevel.TopDownExampleMap' with GeneratedClass '/Game/TopDownCPP/Maps/TopDownExampleMap.TopDownExampleMap_C' with ClassGeneratedBy '/Game/TopDownCPP/Maps/TopDownExampleMap.TopDownExampleMap:PersistentLevel.TopDownExampleMap'
[2018.12.19-12.33.51:544][528]LogSlate: Updating window title bar state: overlay mode, drag disabled, window buttons hidden, title bar hidden
[2018.12.19-12.33.51:584][530]LogPlayLevel: Display: Destroying online subsystem :Context_1
[2018.12.19-12.36.04:420][769]LogSlate: Took 0.000256 seconds to synchronously load lazily loaded font '../../../Engine/Content/Slate/Fonts/Roboto-Light.ttf' (167K)
[2018.12.19-12.36.10:174][384]LogSlate: Prevented a slow task dialog from being summoned while a context menu was open
[2018.12.19-13.20.54:352][944]LogSlate: Only BGRA pngs, bmps or icos are supported in by External Image Picker
[2018.12.19-13.20.54:579][945]LogTemp: Executing iPhonePackager certificates Engine -bundlename com.YourCompany.ITOSG
[2018.12.19-13.20.54:579][945]LogTemp: CWD: C:\Epic\UE4\UE_4.20\Engine\Binaries\DotNET\IOS
[2018.12.19-13.20.54:579][945]LogTemp: Initial Dir: C:\Epic\UE4\UE_4.20
[2018.12.19-13.20.54:579][945]LogTemp: Env CWD: C:\Epic\UE4\UE_4.20\Engine\Binaries\DotNET\IOS
[2018.12.19-13.20.54:579][945]LogTemp: BranchPath = S500-06/C/Epic/UE4/UE_4.20/Engine/Binaries --- GameBranchPath = S500-06/C/Epic/UE4/UE_4.20/Engine/Binaries
[2018.12.19-13.20.54:660][947]LogTemp: IPP ERROR: Could not find provision directory 'C:\Users\l012265h\AppData\Local/Apple Computer/MobileDevice/Provisioning Profiles/'.
[2018.12.19-13.22.25:288][720]LogSlate: Window 'Project Settings' being destroyed
[2018.12.19-13.22.25:293][720]LogSlate: Window 'Project Settings' being destroyed
[2018.12.19-13.34.23:387][ 56]LogHotReload: New module detected: UE4Editor-ITOSG-157.dll
[2018.12.19-13.37.29:233][611]LogHotReload: New module detected: UE4Editor-ITOSG-6114.dll
[2018.12.19-13.37.29:934][614]LogHotReload: Starting Hot-Reload from IDE
[2018.12.19-13.37.30:181][614]LogContentBrowser: Native class hierarchy updated for 'ITOSG' in 0.0013 seconds. Added 3 classes and 2 folders.
[2018.12.19-13.37.30:184][614]Display: HotReload successful (0 functions remapped  0 scriptstructs remapped)
[2018.12.19-13.37.30:414][614]LogContentBrowser: Native class hierarchy populated in 0.0159 seconds. Added 2576 classes and 607 folders.
[2018.12.19-13.37.30:483][614]Display: HotReload took  0.5s.
[2018.12.19-13.41.09:877][960]LogHotReload: New module detected: UE4Editor-ITOSG-1289.dll
[2018.12.19-13.41.33:836][212]LogSlate: Window 'ITOSG - Unreal Editor' being destroyed
[2018.12.19-13.41.34:226][213]Cmd: QUIT_EDITOR
[2018.12.19-13.41.34:830][213]LogWindowsTextInputMethodSystem: Display: IME system now deactivated.
[2018.12.19-13.41.34:943][213]LogExit: Preparing to exit.
[2018.12.19-13.41.35:769][213]LogExit: Editor shut down
[2018.12.19-13.41.35:769][213]LogExit: Transaction tracking system shut down
[2018.12.19-13.41.37:296][213]LogExit: Object subsystem successfully closed.
[2018.12.19-13.41.37:406][213]LogShaderCompilers: Display: Shaders left to compile 0
[2018.12.19-13.41.37:441][213]LogD3D11RHI: Shutdown
[2018.12.19-13.41.37:441][213]LogD3D11RHI: CleanupD3DDevice
[2018.12.19-13.41.37:463][213]LogD3D11RHI: ~FD3D11DynamicRHI
[2018.12.19-13.41.38:072][213]LogModuleManager: Shutting down and abandoning module ITOSG (619)
[2018.12.19-13.41.38:072][213]LogModuleManager: Shutting down and abandoning module ExternalImagePicker (618)
[2018.12.19-13.41.38:072][213]LogModuleManager: Shutting down and abandoning module MovieSceneCapture (616)
[2018.12.19-13.41.38:072][213]LogModuleManager: Shutting down and abandoning module Voice (614)
[2018.12.19-13.41.38:086][213]LogModuleManager: Shutting down and abandoning module HierarchicalLODOutliner (612)
[2018.12.19-13.41.38:086][213]LogModuleManager: Shutting down and abandoning module SceneOutliner (610)
[2018.12.19-13.41.38:086][213]LogModuleManager: Shutting down and abandoning module AddContentDialog (608)
[2018.12.19-13.41.38:097][213]LogModuleManager: Shutting down and abandoning module WidgetCarousel (607)
[2018.12.19-13.41.38:097][213]LogModuleManager: Shutting down and abandoning module EditorWidgets (604)
[2018.12.19-13.41.38:097][213]LogModuleManager: Shutting down and abandoning module CollectionManager (602)
[2018.12.19-13.41.38:106][213]LogModuleManager: Shutting down and abandoning module StatsViewer (600)
[2018.12.19-13.41.38:117][213]LogModuleManager: Shutting down and abandoning module FoliageEdit (598)
[2018.12.19-13.41.38:117][213]LogModuleManager: Shutting down and abandoning module LandscapeEditor (596)
[2018.12.19-13.41.38:127][213]LogModuleManager: Shutting down and abandoning module MeshPaintMode (594)
[2018.12.19-13.41.38:128][213]LogModuleManager: Shutting down and abandoning module SceneDepthPickerMode (592)
[2018.12.19-13.41.38:128][213]LogModuleManager: Shutting down and abandoning module ActorPickerMode (590)
[2018.12.19-13.41.38:128][213]LogModuleManager: Shutting down and abandoning module GeometryMode (588)
[2018.12.19-13.41.38:128][213]LogModuleManager: Shutting down and abandoning module TextureAlignMode (586)
[2018.12.19-13.41.38:128][213]LogModuleManager: Shutting down and abandoning module BspMode (584)
[2018.12.19-13.41.38:128][213]LogModuleManager: Shutting down and abandoning module PIEPreviewDeviceProfileSelector (582)
[2018.12.19-13.41.38:131][213]LogModuleManager: Shutting down and abandoning module SequenceRecorderSections (580)
[2018.12.19-13.41.38:147][213]LogModuleManager: Shutting down and abandoning module AutomationWorker (578)
[2018.12.19-13.41.38:147][213]LogModuleManager: Shutting down and abandoning module AudioCaptureEditor (576)
[2018.12.19-13.41.38:147][213]LogModuleManager: Shutting down and abandoning module SequenceRecorder (575)
[2018.12.19-13.41.38:154][213]LogModuleManager: Shutting down and abandoning module MatineeToLevelSequence (572)
[2018.12.19-13.41.38:156][213]LogModuleManager: Shutting down and abandoning module LevelSequenceEditor (570)
[2018.12.19-13.41.38:164][213]LogModuleManager: Shutting down and abandoning module PlacementMode (569)
[2018.12.19-13.41.38:165][213]LogModuleManager: Shutting down and abandoning module MaterialEditor (568)
[2018.12.19-13.41.38:184][213]LogModuleManager: Shutting down and abandoning module WmfMediaFactory (564)
[2018.12.19-13.41.38:184][213]LogModuleManager: Shutting down and abandoning module WmfMediaEditor (562)
[2018.12.19-13.41.38:184][213]LogModuleManager: Shutting down and abandoning module MediaPlayerEditor (560)
[2018.12.19-13.41.38:195][213]LogModuleManager: Shutting down and abandoning module OpenExrWrapper (558)
[2018.12.19-13.41.38:196][213]LogModuleManager: Shutting down and abandoning module ImgMediaFactory (556)
[2018.12.19-13.41.38:196][213]LogModuleManager: Shutting down and abandoning module ImgMediaEditor (554)
[2018.12.19-13.41.38:196][213]LogModuleManager: Shutting down and abandoning module AvfMediaFactory (552)
[2018.12.19-13.41.38:196][213]LogModuleManager: Shutting down and abandoning module AvfMediaEditor (550)
[2018.12.19-13.41.38:196][213]LogModuleManager: Shutting down and abandoning module AndroidMediaFactory (548)
[2018.12.19-13.41.38:196][213]LogModuleManager: Shutting down and abandoning module AndroidMediaEditor (546)
[2018.12.19-13.41.38:196][213]LogModuleManager: Shutting down and abandoning module MagicLeapCameraPreviewFactory (544)
[2018.12.19-13.41.38:196][213]LogModuleManager: Shutting down and abandoning module MagicLeapMediaFactory (542)
[2018.12.19-13.41.38:196][213]LogModuleManager: Shutting down and abandoning module MagicLeapMediaEditor (540)
[2018.12.19-13.41.38:196][213]LogModuleManager: Shutting down and abandoning module CharacterAI (538)
[2018.12.19-13.41.38:196][213]LogModuleManager: Shutting down and abandoning module SmartSnapping (536)
[2018.12.19-13.41.38:196][213]LogModuleManager: Shutting down and abandoning module SessionServices (534)
[2018.12.19-13.41.38:196][213]LogModuleManager: Shutting down and abandoning module ViewportSnapping (532)
[2018.12.19-13.41.38:196][213]LogModuleManager: Shutting down and abandoning module ViewportInteraction (530)
[2018.12.19-13.41.38:196][213]LogModuleManager: Shutting down and abandoning module ClothPainter (528)
[2018.12.19-13.41.38:216][213]LogModuleManager: Shutting down and abandoning module SkeletalMeshEditor (527)
[2018.12.19-13.41.38:232][213]LogModuleManager: Shutting down and abandoning module LogVisualizer (524)
[2018.12.19-13.41.38:243][213]LogModuleManager: Shutting down and abandoning module IntroTutorials (522)
[2018.12.19-13.41.38:253][213]LogModuleManager: Shutting down and abandoning module GameProjectGeneration (521)
[2018.12.19-13.41.38:260][213]LogModuleManager: Shutting down and abandoning module LuminPlatformEditor (518)
[2018.12.19-13.41.38:260][213]LogModuleManager: Shutting down and abandoning module IOSPlatformEditor (516)
[2018.12.19-13.41.38:260][213]LogModuleManager: Shutting down and abandoning module HTML5PlatformEditor (514)
[2018.12.19-13.41.38:260][213]LogModuleManager: Shutting down and abandoning module AndroidPlatformEditor (512)
[2018.12.19-13.41.38:260][213]LogModuleManager: Shutting down and abandoning module AndroidDeviceDetection (511)
[2018.12.19-13.41.38:480][213]LogModuleManager: Shutting down and abandoning module WindowsPlatformEditor (508)
[2018.12.19-13.41.38:480][213]LogModuleManager: Shutting down and abandoning module LuminRuntimeSettings (506)
[2018.12.19-13.41.38:480][213]LogModuleManager: Shutting down and abandoning module IOSRuntimeSettings (504)
[2018.12.19-13.41.38:480][213]LogModuleManager: Shutting down and abandoning module AndroidRuntimeSettings (502)
[2018.12.19-13.41.38:480][213]LogModuleManager: Shutting down and abandoning module InputBindingEditor (500)
[2018.12.19-13.41.38:494][213]LogModuleManager: Shutting down and abandoning module MergeActors (498)
[2018.12.19-13.41.38:503][213]LogModuleManager: Shutting down and abandoning module LocalizationDashboard (496)
[2018.12.19-13.41.38:512][213]LogModuleManager: Shutting down and abandoning module LocalizationService (495)
[2018.12.19-13.41.38:523][213]LogModuleManager: Shutting down and abandoning module HardwareTargeting (492)
[2018.12.19-13.41.38:523][213]LogModuleManager: Shutting down and abandoning module DeviceProfileEditor (490)
[2018.12.19-13.41.38:523][213]LogModuleManager: Shutting down and abandoning module UndoHistory (488)
[2018.12.19-13.41.38:533][213]LogModuleManager: Shutting down and abandoning module XmlParser (486)
[2018.12.19-13.41.38:533][213]LogModuleManager: Shutting down and abandoning module Blutility (484)
[2018.12.19-13.41.38:538][213]LogModuleManager: Shutting down and abandoning module ProjectSettingsViewer (482)
[2018.12.19-13.41.38:538][213]LogModuleManager: Shutting down and abandoning module ProjectTargetPlatformEditor (481)
[2018.12.19-13.41.38:539][213]LogModuleManager: Shutting down and abandoning module EditorSettingsViewer (478)
[2018.12.19-13.41.38:539][213]LogModuleManager: Shutting down and abandoning module SettingsEditor (476)
[2018.12.19-13.41.38:556][213]LogModuleManager: Shutting down and abandoning module ProjectLauncher (474)
[2018.12.19-13.41.38:561][213]LogModuleManager: Shutting down and abandoning module SessionFrontend (472)
[2018.12.19-13.41.38:571][213]LogModuleManager: Shutting down and abandoning module ProfilerClient (470)
[2018.12.19-13.41.38:574][213]LogModuleManager: Shutting down and abandoning module DeviceManager (468)
[2018.12.19-13.41.38:583][213]LogModuleManager: Shutting down and abandoning module TargetDeviceServices (467)
[2018.12.19-13.41.38:647][213]LogModuleManager: Shutting down and abandoning module AutomationController (464)
[2018.12.19-13.41.38:648][213]LogModuleManager: Shutting down and abandoning module AutomationWindow (462)
[2018.12.19-13.41.38:669][213]LogModuleManager: Shutting down and abandoning module Layers (460)
[2018.12.19-13.41.38:684][213]LogModuleManager: Shutting down and abandoning module ComponentVisualizers (458)
[2018.12.19-13.41.38:684][213]LogModuleManager: Shutting down and abandoning module DetailCustomizations (456)
[2018.12.19-13.41.38:684][213]LogModuleManager: Shutting down and abandoning module PackagesDialog (454)
[2018.12.19-13.41.38:685][213]LogModuleManager: Shutting down and abandoning module Persona (452)
[2018.12.19-13.41.38:708][213]LogModuleManager: Shutting down and abandoning module AdvancedPreviewScene (451)
[2018.12.19-13.41.38:708][213]LogModuleManager: Shutting down and abandoning module AnimGraph (449)
[2018.12.19-13.41.38:709][213]LogModuleManager: Shutting down and abandoning module Kismet (446)
[2018.12.19-13.41.38:728][213]LogModuleManager: Shutting down and abandoning module GraphEditor (444)
[2018.12.19-13.41.38:758][213]LogModuleManager: Shutting down and abandoning module ClassViewer (442)
[2018.12.19-13.41.38:762][213]LogModuleManager: Shutting down and abandoning module Toolbox (440)
[2018.12.19-13.41.38:763][213]LogModuleManager: Shutting down and abandoning module DesktopPlatform (439)
[2018.12.19-13.41.38:770][213]LogModuleManager: Shutting down and abandoning module ModuleUI (436)
[2018.12.19-13.41.38:773][213]LogModuleManager: Shutting down and abandoning module MovieSceneTools (434)
[2018.12.19-13.41.38:780][213]LogModuleManager: Shutting down and abandoning module OutputLog (432)
[2018.12.19-13.41.38:780][213]LogModuleManager: Shutting down and abandoning module GammaUI (430)
[2018.12.19-13.41.38:793][213]LogModuleManager: Shutting down and abandoning module Documentation (428)
[2018.12.19-13.41.38:793][213]LogModuleManager: Shutting down and abandoning module MovieSceneTracks (426)
[2018.12.19-13.41.38:793][213]LogModuleManager: Shutting down and abandoning module MovieScene (424)
[2018.12.19-13.41.38:802][213]LogModuleManager: Shutting down and abandoning module StreamingPauseRendering (422)
[2018.12.19-13.41.38:808][213]LogModuleManager: Shutting down and abandoning module LauncherPlatform (420)
[2018.12.19-13.41.38:808][213]LogModuleManager: Shutting down and abandoning module AnalyticsET (418)
[2018.12.19-13.41.38:808][213]LogModuleManager: Shutting down and abandoning module PortalServices (416)
[2018.12.19-13.41.38:808][213]LogModuleManager: Shutting down and abandoning module PortalRpc (414)
[2018.12.19-13.41.38:808][213]LogModuleManager: Shutting down and abandoning module MessagingRpc (412)
[2018.12.19-13.41.38:808][213]LogModuleManager: Shutting down and abandoning module AIModule (410)
[2018.12.19-13.41.38:809][213]LogModuleManager: Shutting down and abandoning module GameplayDebugger (409)
[2018.12.19-13.41.38:809][213]LogModuleManager: Shutting down and abandoning module AITestSuite (407)
[2018.12.19-13.41.38:819][213]LogModuleManager: Shutting down and abandoning module NavigationSystem (405)
[2018.12.19-13.41.38:820][213]LogModuleManager: Shutting down and abandoning module ProfilerService (402)
[2018.12.19-13.41.38:957][213]LogModuleManager: Shutting down and abandoning module TaskGraph (400)
[2018.12.19-13.41.38:962][213]LogModuleManager: Shutting down and abandoning module SteamVRController (398)
[2018.12.19-13.41.38:962][213]LogModuleManager: Shutting down and abandoning module ProceduralMeshComponentEditor (396)
[2018.12.19-13.41.38:962][213]LogModuleManager: Shutting down and abandoning module ProceduralMeshComponent (394)
[2018.12.19-13.41.38:973][213]LogModuleManager: Shutting down and abandoning module OculusInput (392)
[2018.12.19-13.41.38:973][213]LogModuleManager: Shutting down and abandoning module MobilePatchingUtils (390)
[2018.12.19-13.41.38:973][213]LogModuleManager: Shutting down and abandoning module EditableMesh (388)
[2018.12.19-13.41.38:973][213]LogModuleManager: Shutting down and abandoning module CustomMeshComponent (386)
[2018.12.19-13.41.38:973][213]LogModuleManager: Shutting down and abandoning module CableComponent (384)
[2018.12.19-13.41.38:973][213]LogModuleManager: Shutting down and abandoning module AudioCapture (382)
[2018.12.19-13.41.38:973][213]LogModuleManager: Shutting down and abandoning module ArchVisCharacter (380)
[2018.12.19-13.41.38:973][213]LogModuleManager: Shutting down and abandoning module AndroidPermission (378)
[2018.12.19-13.41.38:973][213]LogModuleManager: Shutting down and abandoning module NUTUnrealEngine4 (376)
[2018.12.19-13.41.38:973][213]LogModuleManager: Shutting down and abandoning module NetcodeUnitTest (374)
[2018.12.19-13.41.38:994][213]LogModuleManager: Shutting down and abandoning module MediaCompositingEditor (372)
[2018.12.19-13.41.38:994][213]LogModuleManager: Shutting down and abandoning module MediaCompositing (370)
[2018.12.19-13.41.38:994][213]LogModuleManager: Shutting down and abandoning module LinearTimecode (368)
[2018.12.19-13.41.38:994][213]LogModuleManager: Shutting down and abandoning module ImgMedia (366)
[2018.12.19-13.41.39:008][213]LogModuleManager: Shutting down and abandoning module HTML5Networking (364)
[2018.12.19-13.41.39:008][213]LogModuleManager: Shutting down and abandoning module GeometryCacheTracks (362)
[2018.12.19-13.41.39:008][213]LogModuleManager: Shutting down and abandoning module GeometryCacheSequencer (360)
[2018.12.19-13.41.39:008][213]LogModuleManager: Shutting down and abandoning module BackChannel (358)
[2018.12.19-13.41.39:013][213]LogModuleManager: Shutting down and abandoning module AppleVision (356)
[2018.12.19-13.41.39:013][213]LogModuleManager: Shutting down and abandoning module AppleImageUtils (354)
[2018.12.19-13.41.39:013][213]LogModuleManager: Shutting down and abandoning module AlembicImporter (352)
[2018.12.19-13.41.39:013][213]LogModuleManager: Shutting down and abandoning module AlembicLibrary (351)
[2018.12.19-13.41.39:013][213]LogModuleManager: Shutting down and abandoning module GeometryCache (350)
[2018.12.19-13.41.39:013][213]LogModuleManager: Shutting down and abandoning module GeometryCacheEd (349)
[2018.12.19-13.41.39:013][213]LogModuleManager: Shutting down and abandoning module DatasmithContentEditor (344)
[2018.12.19-13.41.39:024][213]LogModuleManager: Shutting down and abandoning module DatasmithContent (342)
[2018.12.19-13.41.39:026][213]LogModuleManager: Shutting down and abandoning module SpeedTreeImporter (340)
[2018.12.19-13.41.39:026][213]LogModuleManager: Shutting down and abandoning module PluginBrowser (338)
[2018.12.19-13.41.39:047][213]LogModuleManager: Shutting down and abandoning module MobileLauncherProfileWizard (336)
[2018.12.19-13.41.39:050][213]LogModuleManager: Shutting down and abandoning module PolygonModeling (334)
[2018.12.19-13.41.39:050][213]LogModuleManager: Shutting down and abandoning module MeshEditor (332)
[2018.12.19-13.41.39:052][213]LogModuleManager: Shutting down and abandoning module CryptoKeysOpenSSL (330)
[2018.12.19-13.41.39:057][213]LogModuleManager: Shutting down and abandoning module CryptoKeys (328)
[2018.12.19-13.41.39:058][213]LogModuleManager: Shutting down and abandoning module VisualStudioSourceCodeAccess (326)
[2018.12.19-13.41.39:058][213]LogModuleManager: Shutting down and abandoning module VisualStudioCodeSourceCodeAccess (324)
[2018.12.19-13.41.39:058][213]LogModuleManager: Shutting down and abandoning module UObjectPlugin (322)
[2018.12.19-13.41.39:058][213]LogModuleManager: Shutting down and abandoning module SubversionSourceControl (320)
[2018.12.19-13.41.39:061][213]LogModuleManager: Shutting down and abandoning module PerforceSourceControl (318)
[2018.12.19-13.41.39:069][213]LogModuleManager: Shutting down and abandoning module GitSourceControl (316)
[2018.12.19-13.41.39:072][213]LogModuleManager: Shutting down and abandoning module SourceControl (315)
[2018.12.19-13.41.39:085][213]LogModuleManager: Shutting down and abandoning module CLionSourceCodeAccess (312)
[2018.12.19-13.41.39:085][213]LogModuleManager: Shutting down and abandoning module LightPropagationVolumeEditor (310)
[2018.12.19-13.41.39:085][213]LogModuleManager: Shutting down and abandoning module PaperTiledImporter (308)
[2018.12.19-13.41.39:085][213]LogModuleManager: Shutting down and abandoning module PaperSpriteSheetImporter (306)
[2018.12.19-13.41.39:085][213]LogModuleManager: Shutting down and abandoning module Paper2DEditor (304)
[2018.12.19-13.41.39:093][213]LogModuleManager: Shutting down and abandoning module MeshPaint (303)
[2018.12.19-13.41.39:099][213]LogModuleManager: Shutting down and abandoning module RuntimePhysXCooking (298)
[2018.12.19-13.41.39:099][213]LogModuleManager: Shutting down and abandoning module PhysXVehiclesEditor (296)
[2018.12.19-13.41.39:100][213]LogModuleManager: Shutting down and abandoning module PhysXVehicles (294)
[2018.12.19-13.41.39:100][213]LogModuleManager: Shutting down and abandoning module OculusEditor (292)
[2018.12.19-13.41.39:105][213]LogModuleManager: Shutting down and abandoning module LocationServicesBPLibrary (290)
[2018.12.19-13.41.39:105][213]LogModuleManager: Shutting down and abandoning module ImmediatePhysicsEditor (288)
[2018.12.19-13.41.39:105][213]LogModuleManager: Shutting down and abandoning module ImmediatePhysics (286)
[2018.12.19-13.41.39:110][213]LogModuleManager: Shutting down and abandoning module ActorSequence (284)
[2018.12.19-13.41.39:111][213]LogModuleManager: Shutting down and abandoning module UdpMessaging (282)
[2018.12.19-13.41.39:212][213]LogModuleManager: Shutting down and abandoning module TcpMessaging (280)
[2018.12.19-13.41.39:326][213]LogModuleManager: Shutting down and abandoning module MagicLeapAudio (278)
[2018.12.19-13.41.39:326][213]LogModuleManager: Shutting down and abandoning module GameplayTagsEditor (276)
[2018.12.19-13.41.39:326][213]LogModuleManager: Shutting down and abandoning module FacialAnimationEditor (274)
[2018.12.19-13.41.39:326][213]LogModuleManager: Shutting down and abandoning module FacialAnimation (272)
[2018.12.19-13.41.39:326][213]LogModuleManager: Shutting down and abandoning module DataValidation (270)
[2018.12.19-13.41.39:326][213]LogModuleManager: Shutting down and abandoning module AssetManagerEditor (268)
[2018.12.19-13.41.39:329][213]LogModuleManager: Shutting down and abandoning module LevelEditor (267)
[2018.12.19-13.41.39:345][213]LogModuleManager: Shutting down and abandoning module PixelInspectorModule (266)
[2018.12.19-13.41.39:354][213]LogModuleManager: Shutting down and abandoning module CommonMenuExtensions (264)
[2018.12.19-13.41.39:354][213]LogModuleManager: Shutting down and abandoning module MainFrame (262)
[2018.12.19-13.41.39:355][213]LogModuleManager: Shutting down and abandoning module HotReload (261)
[2018.12.19-13.41.39:355][213]LogModuleManager: Shutting down and abandoning module ContentBrowser (257)
[2018.12.19-13.41.39:357][213]LogModuleManager: Shutting down and abandoning module TreeMap (255)
[2018.12.19-13.41.39:357][213]LogModuleManager: Shutting down and abandoning module LightPropagationVolumeRuntime (252)
[2018.12.19-13.41.39:358][213]LogModuleManager: Shutting down and abandoning module AISupportModule (250)
[2018.12.19-13.41.39:358][213]LogModuleManager: Shutting down and abandoning module Paper2D (248)
[2018.12.19-13.41.39:358][213]LogModuleManager: Shutting down and abandoning module WindowsMoviePlayer (246)
[2018.12.19-13.41.39:359][213]LogModuleManager: Shutting down and abandoning module WmfMedia (244)
[2018.12.19-13.41.39:364][213]LogModuleManager: Shutting down and abandoning module Media (243)
[2018.12.19-13.41.39:371][213]LogModuleManager: Shutting down and abandoning module PacketHandler (240)
[2018.12.19-13.41.39:371][213]LogModuleManager: Shutting down and abandoning module ClothingSystemEditor (238)
[2018.12.19-13.41.39:371][213]LogModuleManager: Shutting down and abandoning module ClothingSystemRuntime (236)
[2018.12.19-13.41.39:381][213]LogModuleManager: Shutting down and abandoning module MediaAssets (234)
[2018.12.19-13.41.39:381][213]LogModuleManager: Shutting down and abandoning module Overlay (232)
[2018.12.19-13.41.39:381][213]LogModuleManager: Shutting down and abandoning module OverlayEditor (231)
[2018.12.19-13.41.39:381][213]LogModuleManager: Shutting down and abandoning module VREditor (228)
[2018.12.19-13.41.39:389][213]LogModuleManager: Shutting down and abandoning module StringTableEditor (226)
[2018.12.19-13.41.39:397][213]LogModuleManager: Shutting down and abandoning module GameplayTasksEditor (224)
[2018.12.19-13.41.39:397][213]LogModuleManager: Shutting down and abandoning module BehaviorTreeEditor (222)
[2018.12.19-13.41.39:412][213]LogModuleManager: Shutting down and abandoning module FunctionalTesting (220)
[2018.12.19-13.41.39:420][213]LogModuleManager: Shutting down and abandoning module CollisionAnalyzer (218)
[2018.12.19-13.41.39:437][213]LogModuleManager: Shutting down and abandoning module WorkspaceMenuStructure (217)
[2018.12.19-13.41.39:437][213]LogModuleManager: Shutting down and abandoning module UMG (214)
[2018.12.19-13.41.39:437][213]LogModuleManager: Shutting down and abandoning module UMGEditor (213)
[2018.12.19-13.41.39:455][213]LogModuleManager: Shutting down and abandoning module Sequencer (212)
[2018.12.19-13.41.39:479][213]LogModuleManager: Shutting down and abandoning module MessageLog (209)
[2018.12.19-13.41.39:480][213]LogModuleManager: Shutting down and abandoning module SlateReflector (204)
[2018.12.19-13.41.39:483][213]LogModuleManager: Shutting down and abandoning module Slate (202)
[2018.12.19-13.41.39:483][213]LogModuleManager: Shutting down and abandoning module EditorStyle (200)
[2018.12.19-13.41.39:491][213]LogModuleManager: Shutting down and abandoning module MRMesh (198)
[2018.12.19-13.41.39:492][213]LogModuleManager: Shutting down and abandoning module SourceCodeAccess (196)
[2018.12.19-13.41.39:492][213]LogModuleManager: Shutting down and abandoning module HeadMountedDisplay (194)
[2018.12.19-13.41.39:492][213]LogModuleManager: Shutting down and abandoning module XAudio2 (192)
[2018.12.19-13.41.39:492][213]LogModuleManager: Shutting down and abandoning module Networking (190)
[2018.12.19-13.41.39:492][213]LogModuleManager: Shutting down and abandoning module Core (188)
[2018.12.19-13.41.39:492][213]LogModuleManager: Shutting down and abandoning module LevelSequence (186)
[2018.12.19-13.41.39:492][213]LogModuleManager: Shutting down and abandoning module KismetCompiler (184)
[2018.12.19-13.41.39:492][213]LogModuleManager: Shutting down and abandoning module MeshUtilities (182)
[2018.12.19-13.41.39:500][213]LogModuleManager: Shutting down and abandoning module MeshMergeUtilities (181)
[2018.12.19-13.41.39:501][213]LogModuleManager: Shutting down and abandoning module MeshReductionInterface (180)
[2018.12.19-13.41.39:502][213]LogModuleManager: Shutting down and abandoning module SimplygonSwarm (179)
[2018.12.19-13.41.39:510][213]LogModuleManager: Shutting down and abandoning module ProxyLODMeshReduction (177)
[2018.12.19-13.41.39:517][213]LogModuleManager: Shutting down and abandoning module SimplygonMeshReduction (175)
[2018.12.19-13.41.39:517][213]LogModuleManager: Shutting down and abandoning module QuadricMeshReduction (173)
[2018.12.19-13.41.39:522][213]LogModuleManager: Shutting down and abandoning module MaterialBaking (169)
[2018.12.19-13.41.39:526][213]LogModuleManager: Shutting down and abandoning module DirectoryWatcher (165)
[2018.12.19-13.41.39:527][213]LogModuleManager: Shutting down and abandoning module DerivedDataCache (162)
[2018.12.19-13.41.39:533][213]LogDerivedDataCache: Shutdown
[2018.12.19-13.41.39:533][213]LogModuleManager: Shutting down and abandoning module XGEController (160)
[2018.12.19-13.41.39:533][213]LogXGEController: Cleaning working directory: C:/Users/l012265h/AppData/Local/Temp/UnrealXGEWorkingDir/
[2018.12.19-13.41.39:545][213]LogModuleManager: Shutting down and abandoning module TargetPlatform (158)
[2018.12.19-13.41.39:545][213]LogModuleManager: Shutting down and abandoning module VulkanShaderFormat (157)
[2018.12.19-13.41.39:557][213]LogModuleManager: Shutting down and abandoning module ShaderFormatVectorVM (155)
[2018.12.19-13.41.39:559][213]LogModuleManager: Shutting down and abandoning module ShaderFormatOpenGL (153)
[2018.12.19-13.41.39:562][213]LogModuleManager: Shutting down and abandoning module ShaderFormatD3D (151)
[2018.12.19-13.41.39:562][213]LogModuleManager: Shutting down and abandoning module MetalShaderFormat (149)
[2018.12.19-13.41.39:567][213]LogModuleManager: Shutting down and abandoning module TextureFormatUncompressed (147)
[2018.12.19-13.41.39:567][213]LogModuleManager: Shutting down and abandoning module TextureFormatPVR (145)
[2018.12.19-13.41.39:568][213]LogModuleManager: Shutting down and abandoning module TextureFormatDXT (143)
[2018.12.19-13.41.39:568][213]LogModuleManager: Shutting down and abandoning module TextureFormatIntelISPCTexComp (141)
[2018.12.19-13.41.39:578][213]LogModuleManager: Shutting down and abandoning module TextureFormatASTC (139)
[2018.12.19-13.41.39:578][213]LogModuleManager: Shutting down and abandoning module ImageWrapper (138)
[2018.12.19-13.41.39:578][213]LogModuleManager: Shutting down and abandoning module TextureFormatAndroid (135)
[2018.12.19-13.41.39:578][213]LogModuleManager: Shutting down and abandoning module AudioFormatOpus (133)
[2018.12.19-13.41.39:578][213]LogModuleManager: Shutting down and abandoning module AudioFormatOgg (131)
[2018.12.19-13.41.39:579][213]LogModuleManager: Shutting down and abandoning module AudioFormatADPCM (129)
[2018.12.19-13.41.39:579][213]LogModuleManager: Shutting down and abandoning module LuminTargetPlatform (127)
[2018.12.19-13.41.39:579][213]LogModuleManager: Shutting down and abandoning module LinuxTargetPlatform (125)
[2018.12.19-13.41.39:579][213]LogModuleManager: Shutting down and abandoning module LinuxServerTargetPlatform (123)
[2018.12.19-13.41.39:579][213]LogModuleManager: Shutting down and abandoning module LinuxNoEditorTargetPlatform (121)
[2018.12.19-13.41.39:580][213]LogModuleManager: Shutting down and abandoning module LinuxClientTargetPlatform (119)
[2018.12.19-13.41.39:588][213]LogModuleManager: Shutting down and abandoning module TVOSTargetPlatform (117)
[2018.12.19-13.41.39:603][213]LogModuleManager: Shutting down and abandoning module Messaging (115)
[2018.12.19-13.41.39:603][213]LogModuleManager: Shutting down and abandoning module IOSTargetPlatform (113)
[2018.12.19-13.41.39:620][213]LogModuleManager: Shutting down and abandoning module HTML5TargetPlatform (111)
[2018.12.19-13.41.39:620][213]LogModuleManager: Shutting down and abandoning module AndroidTargetPlatform (109)
[2018.12.19-13.41.39:746][213]LogModuleManager: Shutting down and abandoning module WindowsTargetPlatform (107)
[2018.12.19-13.41.39:746][213]LogModuleManager: Shutting down and abandoning module WindowsServerTargetPlatform (105)
[2018.12.19-13.41.39:746][213]LogModuleManager: Shutting down and abandoning module WindowsNoEditorTargetPlatform (103)
[2018.12.19-13.41.39:746][213]LogModuleManager: Shutting down and abandoning module WindowsClientTargetPlatform (101)
[2018.12.19-13.41.39:746][213]LogModuleManager: Shutting down and abandoning module MacTargetPlatform (99)
[2018.12.19-13.41.39:746][213]LogModuleManager: Shutting down and abandoning module MacServerTargetPlatform (97)
[2018.12.19-13.41.39:746][213]LogModuleManager: Shutting down and abandoning module MacNoEditorTargetPlatform (95)
[2018.12.19-13.41.39:746][213]LogModuleManager: Shutting down and abandoning module MacClientTargetPlatform (93)
[2018.12.19-13.41.39:746][213]LogModuleManager: Shutting down and abandoning module AllDesktopTargetPlatform (91)
[2018.12.19-13.41.39:746][213]LogModuleManager: Shutting down and abandoning module InputCore (88)
[2018.12.19-13.41.39:746][213]LogModuleManager: Shutting down and abandoning module Settings (86)
[2018.12.19-13.41.39:747][213]LogModuleManager: Shutting down and abandoning module PhysXCooking (84)
[2018.12.19-13.41.39:747][213]LogModuleManager: Shutting down and abandoning module SteamVR (82)
[2018.12.19-13.41.39:747][213]LogModuleManager: Shutting down and abandoning module OculusHMD (80)
[2018.12.19-13.41.39:756][213]LogModuleManager: Shutting down and abandoning module ExampleDeviceProfileSelector (78)
[2018.12.19-13.41.39:756][213]LogModuleManager: Shutting down and abandoning module LauncherChunkInstaller (76)
[2018.12.19-13.41.39:756][213]LogModuleManager: Shutting down and abandoning module OnlineBlueprintSupport (74)
[2018.12.19-13.41.39:756][213]LogModuleManager: Shutting down and abandoning module OnlineSubsystem (70)
[2018.12.19-13.41.39:764][213]LogModuleManager: Shutting down and abandoning module XMPP (65)
[2018.12.19-13.41.39:771][213]LogModuleManager: Shutting down and abandoning module WebSockets (64)
[2018.12.19-13.41.39:791][213]LogModuleManager: Shutting down and abandoning module HTTP (61)
[2018.12.19-13.41.39:799][213]LogHttp: Display: Http module shutting down, but needs to wait on 1 outstanding Http requests:
[2018.12.19-13.41.39:799][213]LogHttp: Display: 	verb=[POST] url=[https://datarouter.ol.epicgames.com/datarouter/api/v1/public/data?SessionID=%7BCC977CF2-4022-306C-5F71-35880FC9A72C%7D&AppID=UEEditor.Rocket.Release&AppVersion=4.20.3-4369336%2B%2B%2BUE4%2BRelease-4.20&UserID=cc4cdcc4431ebcb8bcca55a288410a26%7C%7C64bcc8fb-0689-42a2-a4ae-9ef5d0e4aac2&AppEnvironment=datacollector-binary&UploadType=eteventstream] status=Processing
[2018.12.19-13.41.39:810][213]LogModuleManager: Shutting down and abandoning module SSL (60)
[2018.12.19-13.41.39:820][213]LogModuleManager: Shutting down and abandoning module MagicLeapEmulator (56)
[2018.12.19-13.41.39:820][213]LogModuleManager: Shutting down and abandoning module MagicLeapPrivileges (54)
[2018.12.19-13.41.39:820][213]LogModuleManager: Shutting down and abandoning module MagicLeapIdentity (52)
[2018.12.19-13.41.39:820][213]LogModuleManager: Shutting down and abandoning module MagicLeapHelperVulkan (50)
[2018.12.19-13.41.39:821][213]LogModuleManager: Shutting down and abandoning module MagicLeapHelperOpenGL (48)
[2018.12.19-13.41.39:821][213]LogModuleManager: Shutting down and abandoning module MagicLeapSecureStorage (46)
[2018.12.19-13.41.39:821][213]LogModuleManager: Shutting down and abandoning module MagicLeapGestures (44)
[2018.12.19-13.41.39:821][213]LogModuleManager: Shutting down and abandoning module MagicLeapEyeTracker (42)
[2018.12.19-13.41.39:821][213]LogModuleManager: Shutting down and abandoning module MagicLeapController (40)
[2018.12.19-13.41.39:822][213]LogSlate: Slate User Destroyed.  User Index 0, Is Virtual User: 0
[2018.12.19-13.41.39:822][213]LogModuleManager: Shutting down and abandoning module MagicLeap (38)
[2018.12.19-13.41.39:823][213]LogModuleManager: Shutting down and abandoning module AnimationModifiers (36)
[2018.12.19-13.41.39:841][213]LogModuleManager: Shutting down and abandoning module PropertyEditor (35)
[2018.12.19-13.41.39:850][213]LogModuleManager: Shutting down and abandoning module AudioEditor (32)
[2018.12.19-13.41.39:850][213]LogModuleManager: Shutting down and abandoning module TextureCompressor (30)
[2018.12.19-13.41.39:850][213]LogModuleManager: Shutting down and abandoning module ShaderCore (28)
[2018.12.19-13.41.39:851][213]LogModuleManager: Shutting down and abandoning module Landscape (26)
[2018.12.19-13.41.39:851][213]LogModuleManager: Shutting down and abandoning module SlateRHIRenderer (24)
[2018.12.19-13.41.39:863][213]LogModuleManager: Shutting down and abandoning module OpenGLDrv (22)
[2018.12.19-13.41.39:864][213]LogModuleManager: Shutting down and abandoning module D3D11RHI (20)
[2018.12.19-13.41.39:865][213]LogModuleManager: Shutting down and abandoning module AnimGraphRuntime (18)
[2018.12.19-13.41.39:865][213]LogModuleManager: Shutting down and abandoning module Renderer (16)
[2018.12.19-13.41.39:865][213]LogModuleManager: Shutting down and abandoning module Engine (14)
[2018.12.19-13.41.39:865][213]LogModuleManager: Shutting down and abandoning module CoreUObject (12)
[2018.12.19-13.41.39:865][213]LogModuleManager: Shutting down and abandoning module NetworkFile (10)
[2018.12.19-13.41.39:876][213]LogModuleManager: Shutting down and abandoning module CookedIterativeFile (8)
[2018.12.19-13.41.39:876][213]LogModuleManager: Shutting down and abandoning module StreamingFile (6)
[2018.12.19-13.41.39:887][213]LogModuleManager: Shutting down and abandoning module SandboxFile (4)
[2018.12.19-13.41.39:887][213]LogModuleManager: Shutting down and abandoning module PakFile (2)
[2018.12.19-13.41.39:928][213]LogExit: Exiting.
[2018.12.19-13.41.39:950][213]Log file closed, 12/19/18 13:41:39
