Log file open, 12/19/18 13:42:10
LogWindows: Failed to load 'aqProf.dll' (GetLastError=126)
LogWindows: File 'aqProf.dll' does not exist
LogWindows: Failed to load 'VSPerf140.dll' (GetLastError=126)
LogWindows: File 'VSPerf140.dll' does not exist
LogWindows: Failed to load 'VtuneApi.dll' (GetLastError=126)
LogWindows: File 'VtuneApi.dll' does not exist
LogWindows: Failed to load 'VtuneApi32e.dll' (GetLastError=126)
LogWindows: File 'VtuneApi32e.dll' does not exist
LogInit: Display: Running engine for game: ITOSG
LogPlatformFile: Not using cached read wrapper
LogTaskGraph: Started task graph with 5 named threads and 14 total threads with 3 sets of task threads.
LogStats: Stats thread started at 0.247475
LogD3D11RHI: Loaded GFSDK_Aftermath_Lib.x64.dll
LogICUInternationalization: Display: ICU TimeZone Detection - Raw Offset: +0:00, Platform Override: ''
LogPluginManager: Mounting plugin Paper2D
LogPluginManager: Mounting plugin AISupport
LogPluginManager: Mounting plugin LightPropagationVolume
LogPluginManager: Mounting plugin CLionSourceCodeAccess
LogPluginManager: Mounting plugin CodeLiteSourceCodeAccess
LogPluginManager: Mounting plugin GitSourceControl
LogPluginManager: Mounting plugin KDevelopSourceCodeAccess
LogPluginManager: Mounting plugin NullSourceCodeAccess
LogPluginManager: Mounting plugin PerforceSourceControl
LogPluginManager: Mounting plugin SubversionSourceControl
LogPluginManager: Mounting plugin UObjectPlugin
LogPluginManager: Mounting plugin VisualStudioCodeSourceCodeAccess
LogPluginManager: Mounting plugin VisualStudioSourceCodeAccess
LogPluginManager: Mounting plugin XCodeSourceCodeAccess
LogPluginManager: Mounting plugin AssetManagerEditor
LogPluginManager: Mounting plugin CryptoKeys
LogPluginManager: Mounting plugin DataValidation
LogPluginManager: Mounting plugin FacialAnimation
LogPluginManager: Mounting plugin GameplayTagsEditor
LogPluginManager: Mounting plugin MacGraphicsSwitching
LogPluginManager: Mounting plugin MeshEditor
LogPluginManager: Mounting plugin MobileLauncherProfileWizard
LogPluginManager: Mounting plugin PluginBrowser
LogPluginManager: Mounting plugin SpeedTreeImporter
LogPluginManager: Mounting plugin DatasmithContent
LogPluginManager: Mounting plugin AlembicImporter
LogPluginManager: Mounting plugin AppleImageUtils
LogPluginManager: Mounting plugin AppleVision
LogPluginManager: Mounting plugin BackChannel
LogPluginManager: Mounting plugin CharacterAI
LogPluginManager: Mounting plugin GeometryCache
LogPluginManager: Mounting plugin HTML5Networking
LogPluginManager: Mounting plugin ProxyLODPlugin
LogPluginManager: Mounting plugin MagicLeap
LogPluginManager: Mounting plugin MagicLeapEmulator
LogPluginManager: Mounting plugin MagicLeapMedia
LogPluginManager: Mounting plugin AndroidMedia
LogPluginManager: Mounting plugin AvfMedia
LogPluginManager: Mounting plugin ImgMedia
LogPluginManager: Mounting plugin LinearTimecode
LogPluginManager: Mounting plugin MediaCompositing
LogPluginManager: Mounting plugin MediaPlayerEditor
LogPluginManager: Mounting plugin WmfMedia
LogPluginManager: Mounting plugin TcpMessaging
LogPluginManager: Mounting plugin UdpMessaging
LogPluginManager: Mounting plugin ActorSequence
LogPluginManager: Mounting plugin LevelSequenceEditor
LogPluginManager: Mounting plugin MatineeToLevelSequence
LogPluginManager: Mounting plugin NetcodeUnitTest
LogPluginManager: Mounting plugin NUTUnrealEngine4
LogPluginManager: Mounting plugin OnlineSubsystemGooglePlay
LogPluginManager: Mounting plugin OnlineSubsystemIOS
LogPluginManager: Mounting plugin OnlineSubsystem
LogPluginManager: Mounting plugin OnlineSubsystemNull
LogPluginManager: Mounting plugin OnlineSubsystemUtils
LogPluginManager: Mounting plugin LauncherChunkInstaller
LogPluginManager: Mounting plugin AndroidDeviceProfileSelector
LogPluginManager: Mounting plugin AndroidMoviePlayer
LogPluginManager: Mounting plugin AndroidPermission
LogPluginManager: Mounting plugin AppleMoviePlayer
LogPluginManager: Mounting plugin ArchVisCharacter
LogPluginManager: Mounting plugin AudioCapture
LogPluginManager: Mounting plugin CableComponent
LogPluginManager: Mounting plugin CustomMeshComponent
LogPluginManager: Mounting plugin EditableMesh
LogPluginManager: Mounting plugin ExampleDeviceProfileSelector
LogPluginManager: Mounting plugin GoogleCloudMessaging
LogPluginManager: Mounting plugin ImmediatePhysics
LogPluginManager: Mounting plugin IOSDeviceProfileSelector
LogPluginManager: Mounting plugin LinuxDeviceProfileSelector
LogPluginManager: Mounting plugin LocationServicesBPLibrary
LogPluginManager: Mounting plugin MobilePatchingUtils
LogPluginManager: Mounting plugin OculusVR
LogPluginManager: Plugin shader directory ../../../Engine/Plugins/Runtime/Oculus/OculusVR/Shaders found
LogPluginManager: Mapping shader source directory ../../../Engine/Plugins/Runtime/Oculus/OculusVR/Shaders to virtual directory /Plugin/OculusVR
LogPluginManager: Mounting plugin PhysXVehicles
LogPluginManager: Mounting plugin ProceduralMeshComponent
LogPluginManager: Mounting plugin RuntimePhysXCooking
LogPluginManager: Mounting plugin SteamVR
LogPluginManager: Mounting plugin WindowsMoviePlayer
LogStreaming: Display: Took  0.278s to configure plugins.
LogInit: Warning: Incompatible or missing module: ITOSG
Running C:/Epic/UE4/UE_4.20/Engine/Binaries/DotNET/UnrealBuildTool.exe Development Win64 -Project="C:/Users/l012265h/Documents/GitHub/WGT/WGT-DimitarC/ITOSG/ITOSG.uproject" -TargetType=Editor -Progress -NoHotReloadFromIDE
Creating makefile for ITOSGEditor (no existing makefile)
Performing full C++ include scan (no include cache file)
Using Visual Studio 2017 14.14.26428 toolchain (C:\Program Files (x86)\Microsoft Visual Studio\2017\Professional\VC\Tools\MSVC\14.14.26428) and Windows 10.0.17134.0 SDK (C:\Program Files (x86)\Windows Kits\10).
@progress push 5%
Parsing headers for ITOSGEditor
  Running UnrealHeaderTool "C:\Users\l012265h\Documents\GitHub\WGT\WGT-DimitarC\ITOSG\ITOSG.uproject" "C:\Users\l012265h\Documents\GitHub\WGT\WGT-DimitarC\ITOSG\Intermediate\Build\Win64\ITOSGEditor\Development\ITOSGEditor.uhtmanifest" -LogCmds="loginit warning, logexit warning, logdatabase error" -Unattended -WarningsAsErrors -installed
Reflection code generated for ITOSGEditor in 12.536818 seconds
@progress pop
Building 12 actions with 4 processes...
  @progress 'Compiling C++ source code...' 0%
  @progress 'Compiling C++ source code...' 8%
  [1/12] PCLaunch.rc
  @progress 'Compiling C++ source code...' 17%
  [2/12] SharedPCH.Engine.cpp
  @progress 'Compiling C++ source code...' 25%
  [3/12] ITOSG.init.gen.cpp
  @progress 'Compiling C++ source code...' 33%
  [4/12] ITOSGGameMode.cpp
  @progress 'Compiling C++ source code...' 42%
  [5/12] ITOSGPlayerController.cpp
  @progress 'Compiling C++ source code...' 50%
  [6/12] ITOSGCharacter.cpp
  @progress 'Compiling C++ source code...' 58%
  [7/12] ITOSGCharacter.gen.cpp
  @progress 'Compiling C++ source code...' 67%
  [8/12] ITOSG.cpp
  @progress 'Compiling C++ source code...' 75%
  [9/12] ITOSGGameMode.gen.cpp
  @progress 'Compiling C++ source code...' 83%
  [10/12] ITOSGPlayerController.gen.cpp
  @progress 'Compiling C++ source code...' 92%
  [11/12] UE4Editor-ITOSG.lib
     Creating library C:\Users\l012265h\Documents\GitHub\WGT\WGT-DimitarC\ITOSG\Intermediate\Build\Win64\UE4Editor\Development\ITOSG\UE4Editor-ITOSG.lib and object C:\Users\l012265h\Documents\GitHub\WGT\WGT-DimitarC\ITOSG\Intermediate\Build\Win64\UE4Editor\Development\ITOSG\UE4Editor-ITOSG.exp
  @progress 'Compiling C++ source code...' 100%
  [12/12] UE4Editor-ITOSG.dll
     Creating library C:\Users\l012265h\Documents\GitHub\WGT\WGT-DimitarC\ITOSG\Intermediate\Build\Win64\UE4Editor\Development\ITOSG\UE4Editor-ITOSG.suppressed.lib and object C:\Users\l012265h\Documents\GitHub\WGT\WGT-DimitarC\ITOSG\Intermediate\Build\Win64\UE4Editor\Development\ITOSG\UE4Editor-ITOSG.suppressed.exp
  ITOSGCharacter.cpp.obj : error LNK2019: unresolved external symbol "public: void __cdecl AITOSGCharacter::OpenBackpack(void)" (?OpenBackpack@AITOSGCharacter@@QEAAXXZ) referenced in function "protected: virtual void __cdecl AITOSGCharacter::SetupPlayerInputComponent(class UInputComponent *)" (?SetupPlayerInputComponent@AITOSGCharacter@@MEAAXPEAVUInputComponent@@@Z)
  C:\Users\l012265h\Documents\GitHub\WGT\WGT-DimitarC\ITOSG\Binaries\Win64\UE4Editor-ITOSG.dll : fatal error LNK1120: 1 unresolved externals
ERROR: UBT ERROR: Failed to produce item: C:\Users\l012265h\Documents\GitHub\WGT\WGT-DimitarC\ITOSG\Binaries\Win64\UE4Editor-ITOSG.dll
       (see ../Programs/UnrealBuildTool/Log.txt for full exception trace)
Total build time: 58.57 seconds (Parallel executor: 0.00 seconds)
LogInit: Warning: Still incompatible or missing module: ITOSG
LogExit: Preparing to exit.
LogModuleManager: Shutting down and abandoning module DesktopPlatform (38)
LogModuleManager: Shutting down and abandoning module AnimationModifiers (36)
LogModuleManager: Shutting down and abandoning module PropertyEditor (35)
LogModuleManager: Shutting down and abandoning module AudioEditor (32)
LogModuleManager: Shutting down and abandoning module TextureCompressor (30)
LogModuleManager: Shutting down and abandoning module ShaderCore (28)
LogModuleManager: Shutting down and abandoning module Landscape (26)
LogModuleManager: Shutting down and abandoning module SlateRHIRenderer (24)
LogModuleManager: Shutting down and abandoning module OpenGLDrv (22)
LogModuleManager: Shutting down and abandoning module D3D11RHI (20)
LogModuleManager: Shutting down and abandoning module AnimGraphRuntime (18)
LogModuleManager: Shutting down and abandoning module Renderer (16)
LogModuleManager: Shutting down and abandoning module Engine (14)
LogModuleManager: Shutting down and abandoning module CoreUObject (12)
LogModuleManager: Shutting down and abandoning module NetworkFile (10)
LogModuleManager: Shutting down and abandoning module CookedIterativeFile (8)
LogModuleManager: Shutting down and abandoning module StreamingFile (6)
LogModuleManager: Shutting down and abandoning module SandboxFile (4)
LogModuleManager: Shutting down and abandoning module PakFile (2)
LogExit: Exiting.
Log file closed, 12/19/18 13:43:29
