  Creating makefile for ITOSGEditor (no existing makefile)
  Performing full C++ include scan (no include cache file)
  Using Visual Studio 2017 14.15.26726 toolchain (D:\Visual Studio Community\VC\Tools\MSVC\14.15.26726) and Windows 10.0.16299.0 SDK (C:\Program Files (x86)\Windows Kits\10).
  Parsing headers for ITOSGEditor
    Running UnrealHeaderTool "D:\WGT2\WGT-DimitarC\ITOSG\ITOSG.uproject" "D:\WGT2\WGT-DimitarC\ITOSG\Intermediate\Build\Win64\ITOSGEditor\Development\ITOSGEditor.uhtmanifest" -LogCmds="loginit warning, logexit warning, logdatabase error" -Unattended -WarningsAsErrors -installed
  Reflection code generated for ITOSGEditor in 12.0939833 seconds
  Building 12 actions with 8 processes...
    [1/12] PCLaunch.rc
    [2/12] SharedPCH.Engine.cpp
    [3/12] ITOSG.cpp
    [4/12] ITOSGGameMode.gen.cpp
    [5/12] ITOSGPlayerController.gen.cpp
    [6/12] ITOSGGameMode.cpp
    [7/12] ITOSGCharacter.gen.cpp
    [8/12] ITOSG.init.gen.cpp
    [9/12] ITOSGPlayerController.cpp
    [10/12] ITOSGCharacter.cpp
    [11/12] UE4Editor-ITOSG.lib
       Creating library D:\WGT2\WGT-DimitarC\ITOSG\Intermediate\Build\Win64\UE4Editor\Development\ITOSG\UE4Editor-ITOSG.lib and object D:\WGT2\WGT-DimitarC\ITOSG\Intermediate\Build\Win64\UE4Editor\Development\ITOSG\UE4Editor-ITOSG.exp
    [12/12] UE4Editor-ITOSG.dll
       Creating library D:\WGT2\WGT-DimitarC\ITOSG\Intermediate\Build\Win64\UE4Editor\Development\ITOSG\UE4Editor-ITOSG.suppressed.lib and object D:\WGT2\WGT-DimitarC\ITOSG\Intermediate\Build\Win64\UE4Editor\Development\ITOSG\UE4Editor-ITOSG.suppressed.exp
  Deploying ITOSGEditor Win64 Development...
  Total build time: 40.58 seconds (Parallel executor: 23.98 seconds)
