Log file open, 12/06/18 14:05:36
LogWindows: Failed to load 'aqProf.dll' (GetLastError=126)
LogWindows: File 'aqProf.dll' does not exist
LogWindows: Failed to load 'VSPerf140.dll' (GetLastError=126)
LogWindows: File 'VSPerf140.dll' does not exist
LogWindows: Failed to load 'VtuneApi.dll' (GetLastError=126)
LogWindows: File 'VtuneApi.dll' does not exist
LogWindows: Failed to load 'VtuneApi32e.dll' (GetLastError=126)
LogWindows: File 'VtuneApi32e.dll' does not exist
LogInit: Display: Running engine for game: ITOSG
LogPlatformFile: Not using cached read wrapper
LogTaskGraph: Started task graph with 5 named threads and 23 total threads with 3 sets of task threads.
LogStats: Stats thread started at 3.227087
LogD3D11RHI: Loaded GFSDK_Aftermath_Lib.x64.dll
LogICUInternationalization: Display: ICU TimeZone Detection - Raw Offset: +0:00, Platform Override: ''
LogPluginManager: Mounting plugin Paper2D
LogPluginManager: Mounting plugin AISupport
LogPluginManager: Mounting plugin LightPropagationVolume
LogPluginManager: Mounting plugin CLionSourceCodeAccess
LogPluginManager: Mounting plugin CodeLiteSourceCodeAccess
LogPluginManager: Mounting plugin GitSourceControl
LogPluginManager: Mounting plugin KDevelopSourceCodeAccess
LogPluginManager: Mounting plugin NullSourceCodeAccess
LogPluginManager: Mounting plugin PerforceSourceControl
LogPluginManager: Mounting plugin SubversionSourceControl
LogPluginManager: Mounting plugin UObjectPlugin
LogPluginManager: Mounting plugin VisualStudioCodeSourceCodeAccess
LogPluginManager: Mounting plugin VisualStudioSourceCodeAccess
LogPluginManager: Mounting plugin XCodeSourceCodeAccess
LogPluginManager: Mounting plugin AssetManagerEditor
LogPluginManager: Mounting plugin CryptoKeys
LogPluginManager: Mounting plugin DataValidation
LogPluginManager: Mounting plugin FacialAnimation
LogPluginManager: Mounting plugin GameplayTagsEditor
LogPluginManager: Mounting plugin MacGraphicsSwitching
LogPluginManager: Mounting plugin MeshEditor
LogPluginManager: Mounting plugin MobileLauncherProfileWizard
LogPluginManager: Mounting plugin PluginBrowser
LogPluginManager: Mounting plugin SpeedTreeImporter
LogPluginManager: Mounting plugin DatasmithContent
LogPluginManager: Mounting plugin AlembicImporter
LogPluginManager: Mounting plugin AppleImageUtils
LogPluginManager: Mounting plugin AppleVision
LogPluginManager: Mounting plugin BackChannel
LogPluginManager: Mounting plugin CharacterAI
LogPluginManager: Mounting plugin GeometryCache
LogPluginManager: Mounting plugin HTML5Networking
LogPluginManager: Mounting plugin ProxyLODPlugin
LogPluginManager: Mounting plugin MagicLeap
LogPluginManager: Mounting plugin MagicLeapEmulator
LogPluginManager: Mounting plugin MagicLeapMedia
LogPluginManager: Mounting plugin AndroidMedia
LogPluginManager: Mounting plugin AvfMedia
LogPluginManager: Mounting plugin ImgMedia
LogPluginManager: Mounting plugin LinearTimecode
LogPluginManager: Mounting plugin MediaCompositing
LogPluginManager: Mounting plugin MediaPlayerEditor
LogPluginManager: Mounting plugin WmfMedia
LogPluginManager: Mounting plugin TcpMessaging
LogPluginManager: Mounting plugin UdpMessaging
LogPluginManager: Mounting plugin ActorSequence
LogPluginManager: Mounting plugin LevelSequenceEditor
LogPluginManager: Mounting plugin MatineeToLevelSequence
LogPluginManager: Mounting plugin NetcodeUnitTest
LogPluginManager: Mounting plugin NUTUnrealEngine4
LogPluginManager: Mounting plugin OnlineSubsystemGooglePlay
LogPluginManager: Mounting plugin OnlineSubsystemIOS
LogPluginManager: Mounting plugin OnlineSubsystem
LogPluginManager: Mounting plugin OnlineSubsystemNull
LogPluginManager: Mounting plugin OnlineSubsystemUtils
LogPluginManager: Mounting plugin LauncherChunkInstaller
LogPluginManager: Mounting plugin AndroidDeviceProfileSelector
LogPluginManager: Mounting plugin AndroidMoviePlayer
LogPluginManager: Mounting plugin AndroidPermission
LogPluginManager: Mounting plugin AppleMoviePlayer
LogPluginManager: Mounting plugin ArchVisCharacter
LogPluginManager: Mounting plugin AudioCapture
LogPluginManager: Mounting plugin CableComponent
LogPluginManager: Mounting plugin CustomMeshComponent
LogPluginManager: Mounting plugin EditableMesh
LogPluginManager: Mounting plugin ExampleDeviceProfileSelector
LogPluginManager: Mounting plugin GoogleCloudMessaging
LogPluginManager: Mounting plugin ImmediatePhysics
LogPluginManager: Mounting plugin IOSDeviceProfileSelector
LogPluginManager: Mounting plugin LinuxDeviceProfileSelector
LogPluginManager: Mounting plugin LocationServicesBPLibrary
LogPluginManager: Mounting plugin MobilePatchingUtils
LogPluginManager: Mounting plugin OculusVR
LogPluginManager: Plugin shader directory ../../../Engine/Plugins/Runtime/Oculus/OculusVR/Shaders found
LogPluginManager: Mapping shader source directory ../../../Engine/Plugins/Runtime/Oculus/OculusVR/Shaders to virtual directory /Plugin/OculusVR
LogPluginManager: Mounting plugin PhysXVehicles
LogPluginManager: Mounting plugin ProceduralMeshComponent
LogPluginManager: Mounting plugin RuntimePhysXCooking
LogPluginManager: Mounting plugin SteamVR
LogPluginManager: Mounting plugin WindowsMoviePlayer
LogStreaming: Display: Took  0.225s to configure plugins.
LogInit: Using libcurl 7.55.1-DEV
LogInit:  - built for x86_64-pc-win32
LogInit:  - supports SSL with OpenSSL/1.0.2h
LogInit:  - supports HTTP deflate (compression) using libz 1.2.8
LogInit:  - other features:
LogInit:      CURL_VERSION_SSL
LogInit:      CURL_VERSION_LIBZ
LogInit:      CURL_VERSION_IPV6
LogInit:      CURL_VERSION_ASYNCHDNS
LogInit:      CURL_VERSION_LARGEFILE
LogInit:      CURL_VERSION_IDN
LogInit:  CurlRequestOptions (configurable via config and command line):
LogInit:  - bVerifyPeer = false  - Libcurl will NOT verify peer certificate
LogInit:  - bUseHttpProxy = false  - Libcurl will NOT use HTTP proxy
LogInit:  - bDontReuseConnections = false  - Libcurl will reuse connections
LogInit:  - CertBundlePath = nullptr  - Libcurl will use whatever was configured at build time.
LogInit:  - MaxHostConnections = 16  - Libcurl will limit the number of connections to a host
LogInit:  - LocalHostAddr = Default
LogInit:  - BufferSize = 65536
LogInit: WinSock: version 1.1 (2.2), MaxSocks=32767, MaxUdp=65467
LogInit: Build: ++UE4+Release-4.20-CL-4369336
LogInit: Engine Version: 4.20.3-4369336+++UE4+Release-4.20
LogInit: Compatible Engine Version: 4.20.0-4212847+++UE4+Release-4.20
LogInit: Net CL: 4212847
LogInit: OS: Windows 10 (), CPU: Intel(R) Core(TM) i7-6700K CPU @ 4.00GHz, GPU: NVIDIA GeForce GTX 1060 6GB
LogInit: Compiled (64-bit): Sep 17 2018 12:26:19
LogInit: Compiled with Visual C++: 19.13.26129.00
LogInit: Build Configuration: Development
LogInit: Branch Name: ++UE4+Release-4.20
LogInit: Command Line:  
LogInit: Base Directory: D:/UE_4.20/Engine/Binaries/Win64/
LogInit: Installed Engine Build: 1
LogDevObjectVersion: Number of dev versions registered: 20
LogDevObjectVersion:   Dev-Blueprints (B0D832E4-1F89-4F0D-ACCF-7EB736FD4AA2): 10
LogDevObjectVersion:   Dev-Build (E1C64328-A22C-4D53-A36C-8E866417BD8C): 0
LogDevObjectVersion:   Dev-Core (375EC13C-06E4-48FB-B500-84F0262A717E): 2
LogDevObjectVersion:   Dev-Editor (E4B068ED-F494-42E9-A231-DA0B2E46BB41): 24
LogDevObjectVersion:   Dev-Framework (CFFC743F-43B0-4480-9391-14DF171D2073): 34
LogDevObjectVersion:   Dev-Mobile (B02B49B5-BB20-44E9-A304-32B752E40360): 2
LogDevObjectVersion:   Dev-Networking (A4E4105C-59A1-49B5-A7C5-40C4547EDFEE): 0
LogDevObjectVersion:   Dev-Online (39C831C9-5AE6-47DC-9A44-9C173E1C8E7C): 0
LogDevObjectVersion:   Dev-Physics (78F01B33-EBEA-4F98-B9B4-84EACCB95AA2): 0
LogDevObjectVersion:   Dev-Platform (6631380F-2D4D-43E0-8009-CF276956A95A): 0
LogDevObjectVersion:   Dev-Rendering (12F88B9F-8875-4AFC-A67C-D90C383ABD29): 26
LogDevObjectVersion:   Dev-Sequencer (7B5AE74C-D270-4C10-A958-57980B212A5A): 9
LogDevObjectVersion:   Dev-VR (D7296918-1DD6-4BDD-9DE2-64A83CC13884): 2
LogDevObjectVersion:   Dev-LoadTimes (C2A15278-BFE7-4AFE-6C17-90FF531DF755): 1
LogDevObjectVersion:   Private-Geometry (6EACA3D4-40EC-4CC1-B786-8BED09428FC5): 3
LogDevObjectVersion:   Dev-AnimPhys (29E575DD-E0A3-4627-9D10-D276232CDCEA): 17
LogDevObjectVersion:   Dev-ReflectionCapture (6B266CEC-1EC7-4B8F-A30B-E4D90942FC07): 1
LogDevObjectVersion:   Dev-Automation (0DF73D61-A23F-47EA-B727-89E90C41499A): 1
LogDevObjectVersion:   FortniteMain (601D1886-AC64-4F84-AA16-D3DE0DEAC7D6): 12
LogDevObjectVersion:   Dev-Enterprise (9DFFBCD6-494F-0158-E221-12823C92A888): 1
LogStreaming: Display: Took  0.030s to delete old logs.
LogInit: Presizing for max 8388607 objects, including 0 objects not considered by GC, pre-allocating 0 bytes for permanent pool.
LogInit: Object subsystem initialized
[2018.12.06-14.05.37:945][  0]LogInit: Selected Device Profile: [Windows]
[2018.12.06-14.05.37:945][  0]LogInit: Applying CVar settings loaded from the selected device profile: [Windows]
[2018.12.06-14.05.37:999][  0]LogHAL: Display: Platform has ~ 16 GB [17090912256 / 17179869184 / 16], which maps to Larger [LargestMinGB=32, LargerMinGB=12, DefaultMinGB=8, SmallerMinGB=6, SmallestMinGB=0)
[2018.12.06-14.05.38:000][  0]LogInit: Setting Device Profile CVar: [[r.Vulkan.UseRealUBs:1]]
[2018.12.06-14.05.38:000][  0]LogInit: Going up to parent DeviceProfile []
[2018.12.06-14.05.38:015][  0]LogInit: Computer: SKOOBIE
[2018.12.06-14.05.38:015][  0]LogInit: User: Skoobie
[2018.12.06-14.05.38:015][  0]LogInit: CPU Page size=4096, Cores=4
[2018.12.06-14.05.38:015][  0]LogInit: High frequency timer resolution =3.914063 MHz
[2018.12.06-14.05.38:015][  0]LogMemory: Memory total: Physical=15.9GB (16GB approx)
[2018.12.06-14.05.38:015][  0]LogMemory: Platform Memory Stats for Windows
[2018.12.06-14.05.38:015][  0]LogMemory: Process Physical Memory: 100.05 MB used, 100.05 MB peak
[2018.12.06-14.05.38:015][  0]LogMemory: Process Virtual Memory: 90.99 MB used, 90.99 MB peak
[2018.12.06-14.05.38:015][  0]LogMemory: Physical Memory: 5932.24 MB used,  10366.93 MB free, 16299.16 MB total
[2018.12.06-14.05.38:015][  0]LogMemory: Virtual Memory: 4644.85 MB used,  10366.93 MB free, 134217728.00 MB total
[2018.12.06-14.05.38:611][  0]LogInit: Using OS detected language (en-GB).
[2018.12.06-14.05.38:611][  0]LogInit: Using OS detected locale (en-GB).
[2018.12.06-14.05.38:810][  0]LogTextLocalizationManager: No specific localization for 'en-GB' exists, so the 'en' localization will be used.
[2018.12.06-14.05.39:418][  0]LogStreaming: Display: Took  0.806s to InitEngineTextLocalization.
[2018.12.06-14.05.39:418][  0]LogInit: Setting process to per monitor DPI aware
[2018.12.06-14.05.39:916][  0]LogSlate: New Slate User Created.  User Index 0, Is Virtual User: 0
[2018.12.06-14.05.39:916][  0]LogSlate: Slate User Registered.  User Index 0, Is Virtual User: 0
[2018.12.06-14.05.42:056][  0]LogHMD: Failed to initialize OpenVR with code 126
[2018.12.06-14.05.42:056][  0]LogD3D11RHI: D3D11 adapters:
[2018.12.06-14.05.42:135][  0]LogD3D11RHI:    0. 'NVIDIA GeForce GTX 1060 6GB' (Feature Level 11_0)
[2018.12.06-14.05.42:135][  0]LogD3D11RHI:       6052/0/8149 MB DedicatedVideo/DedicatedSystem/SharedSystem, Outputs:1, VendorId:0x10de
[2018.12.06-14.05.42:138][  0]LogD3D11RHI:    1. 'Microsoft Basic Render Driver' (Feature Level 11_0)
[2018.12.06-14.05.42:138][  0]LogD3D11RHI:       0/0/8149 MB DedicatedVideo/DedicatedSystem/SharedSystem, Outputs:0, VendorId:0x1414
[2018.12.06-14.05.42:138][  0]LogD3D11RHI: Chosen D3D11 Adapter: 0
[2018.12.06-14.05.42:147][  0]LogD3D11RHI: Creating new Direct3DDevice
[2018.12.06-14.05.42:147][  0]LogD3D11RHI:     GPU DeviceId: 0x1c03 (for the marketing name, search the web for "GPU Device Id")
[2018.12.06-14.05.42:147][  0]LogWindows: EnumDisplayDevices:
[2018.12.06-14.05.42:147][  0]LogWindows:    0. 'NVIDIA GeForce GTX 1060 6GB' (P:1 D:1)
[2018.12.06-14.05.42:147][  0]LogWindows:    1. 'NVIDIA GeForce GTX 1060 6GB' (P:0 D:0)
[2018.12.06-14.05.42:148][  0]LogWindows:    2. 'NVIDIA GeForce GTX 1060 6GB' (P:0 D:0)
[2018.12.06-14.05.42:148][  0]LogWindows:    3. 'NVIDIA GeForce GTX 1060 6GB' (P:0 D:0)
[2018.12.06-14.05.42:148][  0]LogWindows: DebugString: FoundDriverCount:4 
[2018.12.06-14.05.42:148][  0]LogD3D11RHI:     Adapter Name: NVIDIA GeForce GTX 1060 6GB
[2018.12.06-14.05.42:148][  0]LogD3D11RHI:   Driver Version: 417.22 (internal:25.21.14.1722, unified:417.22)
[2018.12.06-14.05.42:148][  0]LogD3D11RHI:      Driver Date: 11-29-2018
[2018.12.06-14.05.42:148][  0]LogRHI: Texture pool is 4236 MB (70% of 6052 MB)
[2018.12.06-14.05.42:186][  0]LogD3D11RHI: Async texture creation enabled
[2018.12.06-14.05.42:208][  0]LogD3D11RHI: GPU Timing Frequency: 1000.000000 (Debug: 2 2)
[2018.12.06-14.05.42:209][  0]LogShaderCompilers: Guid format shader working directory is 25 characters bigger than the processId version (../../../../WGT2/ITOSG/Intermediate/Shaders/WorkingDirectory/18020/).
[2018.12.06-14.05.42:210][  0]LogShaderCompilers: Cleaned the shader compiler working directory 'C:/Users/Skoobie/AppData/Local/Temp/UnrealShaderWorkingDir/E99CC7F342D9E0895D7B859F84A4E186/'.
[2018.12.06-14.05.43:161][  0]LogTemp: Display: Loaded TP AllDesktopTargetPlatform
[2018.12.06-14.05.43:200][  0]LogTemp: Display: Loaded TP MacClientTargetPlatform
[2018.12.06-14.05.43:221][  0]LogTemp: Display: Loaded TP MacNoEditorTargetPlatform
[2018.12.06-14.05.43:254][  0]LogTemp: Display: Loaded TP MacServerTargetPlatform
[2018.12.06-14.05.43:306][  0]LogTemp: Display: Loaded TP MacTargetPlatform
[2018.12.06-14.05.43:352][  0]LogTemp: Display: Loaded TP WindowsClientTargetPlatform
[2018.12.06-14.05.43:392][  0]LogTemp: Display: Loaded TP WindowsNoEditorTargetPlatform
[2018.12.06-14.05.43:422][  0]LogTemp: Display: Loaded TP WindowsServerTargetPlatform
[2018.12.06-14.05.43:451][  0]LogTemp: Display: Loaded TP WindowsTargetPlatform
[2018.12.06-14.05.43:620][  0]LogTemp: Display: Loaded TP AndroidTargetPlatform
[2018.12.06-14.05.43:620][  0]LogTemp: Display: Loaded TP AndroidTargetPlatform
[2018.12.06-14.05.43:620][  0]LogTemp: Display: Loaded TP AndroidTargetPlatform
[2018.12.06-14.05.43:620][  0]LogTemp: Display: Loaded TP AndroidTargetPlatform
[2018.12.06-14.05.43:620][  0]LogTemp: Display: Loaded TP AndroidTargetPlatform
[2018.12.06-14.05.43:620][  0]LogTemp: Display: Loaded TP AndroidTargetPlatform
[2018.12.06-14.05.43:620][  0]LogTemp: Display: Loaded TP AndroidTargetPlatform
[2018.12.06-14.05.43:620][  0]LogTemp: Display: Loaded TP AndroidTargetPlatform
[2018.12.06-14.05.43:620][  0]LogTemp: Display: Loaded TP AndroidTargetPlatform
[2018.12.06-14.05.43:620][  0]LogTemp: Display: Loaded TP AndroidTargetPlatform
[2018.12.06-14.05.43:620][  0]LogTemp: Display: Loaded TP AndroidTargetPlatform
[2018.12.06-14.05.43:620][  0]LogTemp: Display: Loaded TP AndroidTargetPlatform
[2018.12.06-14.05.43:620][  0]LogTemp: Display: Loaded TP AndroidTargetPlatform
[2018.12.06-14.05.43:620][  0]LogTemp: Display: Loaded TP AndroidTargetPlatform
[2018.12.06-14.05.43:620][  0]LogTemp: Display: Loaded TP AndroidTargetPlatform
[2018.12.06-14.05.43:620][  0]LogTemp: Display: Loaded TP AndroidTargetPlatform
[2018.12.06-14.05.43:620][  0]LogTemp: Display: Loaded TP AndroidTargetPlatform
[2018.12.06-14.05.43:620][  0]LogTemp: Display: Loaded TP AndroidTargetPlatform
[2018.12.06-14.05.43:644][  0]LogTemp: Display: Loaded TP HTML5TargetPlatform
[2018.12.06-14.05.43:782][  0]LogTemp: Display: Loaded TP IOSTargetPlatform
[2018.12.06-14.05.43:782][  0]LogTemp: Display: Loaded TP IOSTargetPlatform
[2018.12.06-14.05.43:825][  0]LogTemp: Display: Loaded TP TVOSTargetPlatform
[2018.12.06-14.05.43:825][  0]LogTemp: Display: Loaded TP TVOSTargetPlatform
[2018.12.06-14.05.43:854][  0]LogTemp: Display: Loaded TP LinuxClientTargetPlatform
[2018.12.06-14.05.43:878][  0]LogTemp: Display: Loaded TP LinuxNoEditorTargetPlatform
[2018.12.06-14.05.43:904][  0]LogTemp: Display: Loaded TP LinuxServerTargetPlatform
[2018.12.06-14.05.43:934][  0]LogTemp: Display: Loaded TP LinuxTargetPlatform
[2018.12.06-14.05.43:951][  0]LogTemp: Display: Loaded TP LuminTargetPlatform
[2018.12.06-14.05.43:951][  0]LogTargetPlatformManager: Display: Building Assets For Windows
[2018.12.06-14.05.44:622][  0]LogXGEController: Cleaning working directory: C:/Users/Skoobie/AppData/Local/Temp/UnrealXGEWorkingDir/
[2018.12.06-14.05.44:622][  0]LogXGEController: Cannot use XGE Controller as Incredibuild is not installed on this machine.
[2018.12.06-14.05.44:622][  0]LogShaderCompilers: Cannot use XGE Shader Compiler as Incredibuild is not installed on this machine.
[2018.12.06-14.05.44:622][  0]LogShaderCompilers: Display: Using Local Shader Compiler.
[2018.12.06-14.05.47:253][  0]LogDerivedDataCache: Display: Max Cache Size: 512 MB
[2018.12.06-14.05.47:628][  0]LogDerivedDataCache: Loaded boot cache 0.37s 73MB C:/Users/Skoobie/AppData/Local/UnrealEngine/4.20/DerivedDataCache/Boot.ddc.
[2018.12.06-14.05.47:628][  0]LogDerivedDataCache: Display: Loaded Boot cache: C:/Users/Skoobie/AppData/Local/UnrealEngine/4.20/DerivedDataCache/Boot.ddc
[2018.12.06-14.05.47:628][  0]LogDerivedDataCache: FDerivedDataBackendGraph:  Pak pak cache file ../../../../WGT2/ITOSG/DerivedDataCache/DDC.ddp not found, will not use a pak cache.
[2018.12.06-14.05.47:628][  0]LogDerivedDataCache: Unable to find inner node Pak for hierarchical cache Hierarchy.
[2018.12.06-14.05.47:628][  0]LogDerivedDataCache: FDerivedDataBackendGraph:  CompressedPak pak cache file ../../../../WGT2/ITOSG/DerivedDataCache/Compressed.ddp not found, will not use a pak cache.
[2018.12.06-14.05.47:628][  0]LogDerivedDataCache: Unable to find inner node CompressedPak for hierarchical cache Hierarchy.
[2018.12.06-14.05.47:703][  0]LogDerivedDataCache: Display: Pak cache opened for reading ../../../Engine/DerivedDataCache/Compressed.ddp.
[2018.12.06-14.05.47:715][  0]LogDerivedDataCache: Using Local data cache path C:/Users/Skoobie/AppData/Local/UnrealEngine/Common/DerivedDataCache: Writable
[2018.12.06-14.05.47:715][  0]LogDerivedDataCache: Shared data cache path not found in *engine.ini, will not use an Shared cache.
[2018.12.06-14.05.47:715][  0]LogDerivedDataCache: Unable to find inner node Shared for hierarchical cache Hierarchy.
[2018.12.06-14.05.47:730][  0]LogMaterial: Verifying Global Shaders for PCD3D_SM5
[2018.12.06-14.05.47:731][  0]LogSlate: Using FreeType 2.6.0
[2018.12.06-14.05.47:789][  0]LogSlate: SlateFontServices - WITH_FREETYPE: 1, WITH_HARFBUZZ: 1
[2018.12.06-14.05.48:148][  0]LogAssetRegistry: FAssetRegistry took 0.0256 seconds to start up
[2018.12.06-14.05.48:474][  0]LogInit: Selected Device Profile: [Windows]
[2018.12.06-14.05.51:053][  0]LogSimplygon: Simplygon DLL not present - disabling.
[2018.12.06-14.05.51:674][  0]LogMeshReduction: Using SimplygonSwarm for distributed automatic mesh merging
[2018.12.06-14.05.51:674][  0]LogMeshReduction: Using ProxyLODMeshReduction for automatic mesh merging
[2018.12.06-14.05.51:675][  0]LogMeshReduction: Using QuadricMeshReduction for automatic static mesh reduction
[2018.12.06-14.05.51:675][  0]LogMeshReduction: No automatic skeletal mesh reduction module available
[2018.12.06-14.05.51:891][  0]LogNetVersion: ITOSG 1.0.0, NetCL: 4212847, EngineNetVer: 5, GameNetVer: 0 (Checksum: 987612483)
[2018.12.06-14.05.56:131][  0]LogPackageLocalizationCache: Processed 11 localized package path(s) for 2 prioritized culture(s) in 0.316781 seconds
[2018.12.06-14.05.56:137][  0]LogUObjectArray: 38425 objects as part of root set at end of initial load.
[2018.12.06-14.05.56:137][  0]LogUObjectAllocator: 6690872 out of 0 bytes used by permanent object pool.
[2018.12.06-14.05.56:137][  0]LogUObjectArray: CloseDisregardForGC: 0/0 objects in disregard for GC pool
[2018.12.06-14.06.08:779][  0]LogTcpMessaging: Initializing TcpMessaging bridge
[2018.12.06-14.06.08:812][  0]LogUdpMessaging: Initializing bridge on interface 0.0.0.0:0 to multicast group 230.0.0.1:6666.
[2018.12.06-14.06.12:482][  0]SourceControl: Source control is disabled
[2018.12.06-14.06.12:482][  0]SourceControl: Source control is disabled
[2018.12.06-14.06.12:691][  0]SourceControl: Source control is disabled
[2018.12.06-14.06.12:746][  0]SourceControl: Source control is disabled
[2018.12.06-14.06.15:213][  0]LogAndroidPermission: UAndroidPermissionCallbackProxy::GetInstance
[2018.12.06-14.06.15:832][  0]LogOcInput: OculusInput pre-init called
[2018.12.06-14.06.16:513][  0]LogEngine: Initializing Engine...
[2018.12.06-14.06.16:532][  0]LogHMD: Failed to initialize OpenVR with code 126
[2018.12.06-14.06.16:533][  0]LogStats: UGameplayTagsManager::ConstructGameplayTagTree: ImportINI prefixes -  0.000 s
[2018.12.06-14.06.16:533][  0]LogStats: UGameplayTagsManager::ConstructGameplayTagTree: Construct from data asset -  0.000 s
[2018.12.06-14.06.16:533][  0]LogStats: UGameplayTagsManager::ConstructGameplayTagTree: ImportINI -  0.000 s
[2018.12.06-14.06.16:533][  0]LogStats: UGameplayTagsManager::ConstructGameplayTagTree: GameplayTagTreeChangedEvent.Broadcast -  0.000 s
[2018.12.06-14.06.16:861][  0]LogInit: Initializing FReadOnlyCVARCache
[2018.12.06-14.06.16:918][  0]LogAIModule: Creating AISystem for world Untitled
[2018.12.06-14.06.16:944][  0]LogInit: XAudio2 using 'Speakers (USB PnP Sound Device)' : 2 channels at 44.1 kHz using 16 bits per sample (channel mask 0x3)
[2018.12.06-14.06.16:961][  0]LogInit: FAudioDevice initialized.
[2018.12.06-14.06.16:961][  0]LogNetVersion: Set ProjectVersion to 1.0.0.0. Version Checksum will be recalculated on next use.
[2018.12.06-14.06.17:089][  0]LogDerivedDataCache: Saved boot cache 0.13s 73MB C:/Users/Skoobie/AppData/Local/UnrealEngine/4.20/DerivedDataCache/Boot.ddc.
[2018.12.06-14.06.17:099][  0]LogInit: Texture streaming: Enabled
[2018.12.06-14.06.17:350][  0]LogEngineSessionManager: EngineSessionManager initialized
[2018.12.06-14.06.17:569][  0]LogInit: Transaction tracking system initialized
[2018.12.06-14.06.18:332][  0]BlueprintLog: New page: Editor Load
[2018.12.06-14.06.22:883][  0]LocalizationService: Localization service is disabled
[2018.12.06-14.06.27:635][  0]LogCook: Display: Max memory allowance for cook 16384mb min free memory 0mb
[2018.12.06-14.06.27:635][  0]LogCook: Display: Mobile HDR setting 1
[2018.12.06-14.06.27:635][  0]LogGameplayTags: Display: UGameplayTagsManager::DoneAddingNativeTags. DelegateIsBound: 0
[2018.12.06-14.06.27:635][  0]LogStats: UGameplayTagsManager::ConstructGameplayTagTree: ImportINI prefixes -  0.000 s
[2018.12.06-14.06.27:635][  0]LogStats: UGameplayTagsManager::ConstructGameplayTagTree: Construct from data asset -  0.000 s
[2018.12.06-14.06.27:635][  0]LogStats: UGameplayTagsManager::ConstructGameplayTagTree: ImportINI -  0.000 s
[2018.12.06-14.06.27:635][  0]LogStats: UGameplayTagsManager::ConstructGameplayTagTree: GameplayTagTreeChangedEvent.Broadcast -  0.000 s
[2018.12.06-14.06.27:841][  0]LogFileCache: Scanning file cache for directory 'D:/WGT2/ITOSG/Content/' took 0.02s
[2018.12.06-14.06.34:441][  0]SourceControl: Source control is disabled
[2018.12.06-14.06.34:441][  0]Cmd: MAP LOAD FILE="../../../../WGT2/ITOSG/Content/TopDownCPP/Maps/TopDownExampleMap.umap" TEMPLATE=0 SHOWPROGRESS=1 FEATURELEVEL=3
[2018.12.06-14.06.34:445][  0]LightingResults: New page: Lighting Build
[2018.12.06-14.06.34:446][  0]MapCheck: New page: Map Check
[2018.12.06-14.06.34:446][  0]LightingResults: New page: Lighting Build
[2018.12.06-14.06.37:925][  0]LogBlueprint: Error: [Compiler WB_Ingame] Can't connect pins  Return Value  and  Object : This cast has an invalid target type (was the class deleted without a redirect?).
[2018.12.06-14.06.37:925][  0]LogBlueprint: Error: [Compiler WB_Ingame] Can't connect pins  Object  and  Return Value : This cast has an invalid target type (was the class deleted without a redirect?).
[2018.12.06-14.06.37:925][  0]LogBlueprint: Error: [Compiler WB_Ingame] In use pin  As Gameplay Controller  no longer exists on node  Bad cast node . Please refresh node or break links to remove pin.
[2018.12.06-14.06.37:925][  0]LogBlueprint: Warning: [Compiler WB_Ingame] Could not find a variable named "CurrentInteractable" in 'WB_Ingame'.
Make sure 'WB_Ingame' has been compiled for  Get CurrentInteractable
[2018.12.06-14.06.37:925][  0]LogBlueprint: Error: [Compiler WB_Ingame] In use pin  Target  no longer exists on node  Get Use Text . Please refresh node or break links to remove pin.
[2018.12.06-14.06.37:925][  0]LogBlueprint: Error: [Compiler WB_Ingame] In use pin  Return Value  no longer exists on node  Get Use Text . Please refresh node or break links to remove pin.
[2018.12.06-14.06.37:925][  0]LogBlueprint: Error: [Compiler WB_Ingame] Could not find a function named "GetUseText" in 'WB_Ingame'.
Make sure 'WB_Ingame' has been compiled for  Get Use Text
[2018.12.06-14.06.37:926][  0]LogBlueprint: Warning: [Compiler WB_Ingame] [0087.51] Compile of WB_Ingame failed. 6 Fatal Issue(s) 1 Warning(s) [in 2 ms] (/Game/UI/WB_Ingame.WB_Ingame)
[2018.12.06-14.06.38:948][  0]LogAIModule: Creating AISystem for world TopDownExampleMap
[2018.12.06-14.06.38:991][  0]LogEditorServer: Finished looking for orphan Actors (0.000 secs)
[2018.12.06-14.06.39:012][  0]Cmd: MAP CHECKDEP NOCLEARLOG
[2018.12.06-14.06.39:055][  0]MapCheck: Map check complete: 0 Error(s), 0 Warning(s), took 43.214ms to complete.
[2018.12.06-14.06.39:055][  0]LogFileHelpers: Loading map 'TopDownExampleMap' took 4.615
[2018.12.06-14.06.39:705][  0]LogSlate: Updating window title bar state: overlay mode, drag disabled, window buttons hidden, title bar hidden
[2018.12.06-14.06.39:712][  0]LogSlate: Updating window title bar state: overlay mode, drag disabled, window buttons hidden, title bar hidden
[2018.12.06-14.06.39:718][  0]LogSlate: Updating window title bar state: overlay mode, drag disabled, window buttons hidden, title bar hidden
[2018.12.06-14.06.39:724][  0]LogSlate: Updating window title bar state: overlay mode, drag disabled, window buttons hidden, title bar hidden
[2018.12.06-14.06.39:859][  0]LogCollectionManager: Loaded 0 collections in 0.000692 seconds
[2018.12.06-14.06.39:897][  0]LogFileCache: Scanning file cache for directory 'D:/WGT2/ITOSG/Saved/Collections/' took 0.01s
[2018.12.06-14.06.39:897][  0]LogFileCache: Scanning file cache for directory 'D:/WGT2/ITOSG/Content/Developers/Skoobie/Collections/' took 0.01s
[2018.12.06-14.06.39:897][  0]LogFileCache: Scanning file cache for directory 'D:/WGT2/ITOSG/Content/Collections/' took 0.01s
[2018.12.06-14.06.39:897][  0]LogCollectionManager: Rebuilt the GUID cache for 0 collections in 0.000000 seconds
[2018.12.06-14.06.39:905][  0]LogContentBrowser: Native class hierarchy populated in 0.0072 seconds. Added 2579 classes and 605 folders.
[2018.12.06-14.06.39:909][  0]LogContentBrowser: Native class hierarchy updated for 'WidgetCarousel' in 0.0002 seconds. Added 0 classes and 0 folders.
[2018.12.06-14.06.43:538][  0]LogContentBrowser: Native class hierarchy updated for 'AddContentDialog' in 0.0003 seconds. Added 0 classes and 0 folders.
[2018.12.06-14.06.43:582][  0]LogContentBrowser: Native class hierarchy updated for 'SceneOutliner' in 0.0003 seconds. Added 1 classes and 2 folders.
[2018.12.06-14.06.43:849][  0]LogSlate: Took 0.036929 seconds to synchronously load lazily loaded font '../../../Engine/Content/Slate/Fonts/Roboto-Regular.ttf' (155K)
[2018.12.06-14.06.43:916][  0]LogSlate: Took 0.066520 seconds to synchronously load lazily loaded font '../../../Engine/Content/Slate/Fonts/Roboto-Bold.ttf' (160K)
[2018.12.06-14.06.43:972][  0]LogSlate: Took 0.052227 seconds to synchronously load lazily loaded font '../../../Engine/Content/Editor/Slate/Fonts/FontAwesome.ttf' (139K)
[2018.12.06-14.06.44:219][  0]LogRenderer: Reallocating scene render targets to support 1208x576 Format 10 NumSamples 1 (Frame:1).
[2018.12.06-14.06.44:493][  0]LogContentBrowser: Native class hierarchy updated for 'HierarchicalLODOutliner' in 0.0003 seconds. Added 0 classes and 0 folders.
[2018.12.06-14.06.44:493][  0]LogLoad: (Engine Initialization) Total time: 94.08 seconds
[2018.12.06-14.06.44:493][  0]LogLoad: (Engine Initialization) Total Blueprint compile time: 0.00 seconds
[2018.12.06-14.06.44:528][  0]LogContentStreaming: Texture pool size now 1000 MB
[2018.12.06-14.06.44:711][  0]LogSlate: Took 0.037124 seconds to synchronously load lazily loaded font '../../../Engine/Content/Slate/Fonts/Roboto-Light.ttf' (167K)
[2018.12.06-14.06.52:552][828]LogAssetRegistry: Asset discovery search completed in 64.4265 seconds
[2018.12.06-14.06.52:554][828]LogCollectionManager: Rebuilt the object cache for 0 collections in 0.000001 seconds (found 0 objects)
[2018.12.06-14.06.52:554][828]LogCollectionManager: Fixed up redirectors for 0 collections in 0.000074 seconds (updated 0 objects)
[2018.12.06-14.06.53:564][947]LogSlate: FSceneViewport::OnFocusLost() reason 2
[2018.12.06-14.06.54:338][ 40]MapCheck: New page: Map Check
[2018.12.06-14.06.54:345][ 40]LogSlate: FSceneViewport::OnFocusLost() reason 2
[2018.12.06-14.06.54:350][ 40]LightingResults: New page: Lighting Build - 6 Dec 2018 14:06:54
[2018.12.06-14.06.54:456][ 40]LogSwarmInterface: [OpenConnection] Registering TCP channel ...
[2018.12.06-14.06.54:644][ 40]LogSwarmInterface: [OpenConnection] Connecting to agent ...
[2018.12.06-14.06.54:658][ 40]LogSwarmInterface: [TryOpenConnection] Testing the Agent
[2018.12.06-14.06.55:672][ 40]LogSwarmInterface: [TryOpenConnection] Opening Connection to Agent
[2018.12.06-14.06.55:672][ 40]LogSwarmInterface: [TryOpenConnection] Local Process ID is 18020
[2018.12.06-14.06.57:857][ 40]LogStaticLightingSystem: Running Lightmass w/ ImmediateImport mode ENABLED
[2018.12.06-14.06.57:857][ 40]LogStaticLightingSystem: Running Lightmass w/ ImmediateProcess mode ENABLED
[2018.12.06-14.06.57:857][ 40]LogStaticLightingSystem: Running Lightmass w/ Sorting mode ENABLED
[2018.12.06-14.06.57:858][ 40]LogStaticLightingSystem: Running Lightmass w/ Mapping paddings ENABLED
[2018.12.06-14.06.57:858][ 40]LogStaticLightingSystem: Running Lightmass w/ Mapping debug paddings DISABLED
[2018.12.06-14.06.58:013][ 40]LogEditorBuildUtils: Build time 0:03
[2018.12.06-14.07.01:854][345]Job is a success!
[2018.12.06-14.07.01:873][347]LogSlate: Took 0.000150 seconds to synchronously load lazily loaded font '../../../Engine/Content/Slate/Fonts/Roboto-Light.ttf' (167K)
[2018.12.06-14.07.01:875][347]LogSlate: FSceneViewport::OnFocusLost() reason 2
[2018.12.06-14.07.01:901][347]LogVolumetricLightmapImport: Imported Volumetric Lightmap in 0.013s
[2018.12.06-14.07.01:901][347]LogVolumetricLightmapImport:      Indirection Texture 16x16x16 = 0.0Mb
[2018.12.06-14.07.01:901][347]LogVolumetricLightmapImport:      BrickData 175x5x5 = 0.2Mb
[2018.12.06-14.07.01:901][347]LogVolumetricLightmapImport:      Bricks at Level
[2018.12.06-14.07.01:901][347]LogVolumetricLightmapImport:          0: 2.9% covering 100.0% of volume
[2018.12.06-14.07.01:901][347]LogVolumetricLightmapImport:          1: 11.4% covering 6.3% of volume
[2018.12.06-14.07.01:901][347]LogVolumetricLightmapImport:          2: 85.7% covering 0.7% of volume
[2018.12.06-14.07.02:235][347]LogTexture: Display: Building textures: SkyOcclusion0_1 (AutoDXT, 1024X512)
[2018.12.06-14.07.02:235][347]LogTexture: Display: Building textures: HQ_Lightmap0_1 (AutoDXT, 1024X1024)
[2018.12.06-14.07.02:235][347]LogTexture: Display: Building textures: LQ_Lightmap_0_1 (DXT1, 1024X1024)
[2018.12.06-14.07.02:235][347]LogTexture: Display: Building textures: SkyOcclusion0_2 (AutoDXT, 512X256)
[2018.12.06-14.07.02:235][347]LogTexture: Display: Building textures: HQ_Lightmap0_2 (AutoDXT, 512X512)
[2018.12.06-14.07.02:235][347]LogTexture: Display: Building textures: LQ_Lightmap_0_2 (DXT1, 512X512)
[2018.12.06-14.07.02:235][347]LogTexture: Display: Building textures: SkyOcclusion0_3 (AutoDXT, 64X32)
[2018.12.06-14.07.02:235][347]LogTexture: Display: Building textures: HQ_Lightmap0_3 (AutoDXT, 64X64)
[2018.12.06-14.07.02:235][347]LogTexture: Display: Building textures: LQ_Lightmap_0_3 (DXT1, 64X64)
[2018.12.06-14.07.02:425][347]LogTexture: Display: Building textures: ShadowMapTexture2D_1 (G8, 32X32)
[2018.12.06-14.07.02:425][347]LogTexture: Display: Building textures: ShadowMapTexture2D_0 (G8, 1024X1024)
[2018.12.06-14.07.02:450][347]Lightmass on SKOOBIE: 3.75 sec total, 142 ms importing, 24 ms setup, 1.08 sec photons, 2.44 sec processing, 0 ms extra exporting [25/25 mappings]. Threads: 16.9 sec total, 8.35 sec processing.
[2018.12.06-14.07.02:476][347]LogStaticLightingSystem: Illumination: 8.11 sec (308 ms encoding lightmaps, 184 ms encoding shadowmaps)
[2018.12.06-14.07.02:476][347]LogStaticLightingSystem: Lightmap texture memory:  3.3 MB (3.3 MB streaming, 0.0 MB non-streaming), 6 textures
[2018.12.06-14.07.02:476][347]LogStaticLightingSystem: Shadowmap texture memory: 1.3 MB (1.3 MB streaming, 0.0 MB non-streaming), 2 textures
[2018.12.06-14.07.02:863][347]DumpUnbuiltLightIteractions
[2018.12.06-14.07.02:863][347]Lights with unbuilt interactions: 0
[2018.12.06-14.07.02:863][347]
[2018.12.06-14.07.02:863][347]Primitives with unbuilt interactions: 0
[2018.12.06-14.07.02:868][347]LogSlate: FSceneViewport::OnFocusLost() reason 2
[2018.12.06-14.07.02:915][348]Cmd: MAP CHECK NOTIFYRESULTS
[2018.12.06-14.07.02:915][348]MapCheck: New page: TopDownExampleMap - 6 Dec 2018 14:07:02
[2018.12.06-14.07.02:962][348]MapCheck: Map check complete: 0 Error(s), 0 Warning(s), took 47.264ms to complete.
[2018.12.06-14.07.07:397][880]LogSlate: FSceneViewport::OnFocusLost() reason 0
[2018.12.06-14.07.07:480][890]LogTemp: Repeating last play command: Selected Viewport
[2018.12.06-14.07.07:492][890]LogBlueprintUserMessages: Early PlayInEditor Detection: Level '/Game/TopDownCPP/Maps/TopDownExampleMap.TopDownExampleMap:PersistentLevel' has LevelScriptBlueprint '/Game/TopDownCPP/Maps/TopDownExampleMap.TopDownExampleMap:PersistentLevel.TopDownExampleMap' with GeneratedClass '/Game/TopDownCPP/Maps/TopDownExampleMap.TopDownExampleMap_C' with ClassGeneratedBy '/Game/TopDownCPP/Maps/TopDownExampleMap.TopDownExampleMap:PersistentLevel.TopDownExampleMap'
[2018.12.06-14.07.07:492][890]LogPlayLevel: PlayLevel: No blueprints needed recompiling
[2018.12.06-14.07.11:290][890]LogSlate: Window 'Message' being destroyed
[2018.12.06-14.07.13:715][181]LogSlate: FSceneViewport::OnFocusLost() reason 0
[2018.12.06-14.07.18:195][488]LogTemp: Executing iPhonePackager certificates Engine -bundlename com.YourCompany.ITOSG
[2018.12.06-14.07.18:195][488]LogTemp: CWD: D:\UE_4.20\Engine\Binaries\DotNET\IOS
[2018.12.06-14.07.18:195][488]LogTemp: Initial Dir: D:\UE_4.20
[2018.12.06-14.07.18:195][488]LogTemp: Env CWD: D:\UE_4.20\Engine\Binaries\DotNET\IOS
[2018.12.06-14.07.18:195][488]LogTemp: BranchPath = SKOOBIE/D/UE_4.20/Engine/Binaries --- GameBranchPath = SKOOBIE/D/UE_4.20/Engine/Binaries
[2018.12.06-14.07.18:195][488]LogTemp: IPP ERROR: Could not find provision directory 'C:\Users\Skoobie\AppData\Local/Apple Computer/MobileDevice/Provisioning Profiles/'.
[2018.12.06-14.07.18:195][488]LogSlate: Only BGRA pngs, bmps or icos are supported in by External Image Picker
[2018.12.06-14.07.24:285][206]LogSlate: Window 'Project Settings' being destroyed
[2018.12.06-14.07.24:287][206]LogSlate: Window 'Project Settings' being destroyed
[2018.12.06-14.07.57:413][668]LogAssetEditorManager: Opening Asset editor for WidgetBlueprint /Game/UI/WB_Ingame.WB_Ingame
[2018.12.06-14.07.57:765][668]LogClass: Warning: Enum '/Game/AdvancedMagicFX13/DemoRoomData/Blueprints/BP_DemoDisplay_Enum.BP_DemoDisplay_Enum' was upgraded to use FText to store its display name data. Please re-save this asset to avoid issues with localization and determinstic cooking.
[2018.12.06-14.07.57:778][668]LogContentBrowser: Native class hierarchy updated for 'BlueprintGraph' in 0.0005 seconds. Added 116 classes and 0 folders.
[2018.12.06-14.07.58:524][668]LogSlate: Took 0.020463 seconds to synchronously load lazily loaded font '../../../Engine/Content/Slate/Fonts/Roboto-BoldCondensed.ttf' (158K)
[2018.12.06-14.08.36:852][155]LogSlate: Took 0.018417 seconds to synchronously load lazily loaded font '../../../Engine/Content/Slate/Fonts/Roboto-Italic.ttf' (157K)
[2018.12.06-14.08.58:999][791]BlueprintLog: New page: Compile WB_Ingame
[2018.12.06-14.08.59:012][791]LogBlueprint: Error: [Compiler WB_Ingame] This blueprint (self) is not a GameplayController, therefore ' Target ' must have a connection.
[2018.12.06-14.08.59:013][791]LogBlueprint: Error: [Compiler WB_Ingame] Variable node  Get CurrentInteractable  uses an invalid target.  It may depend on a node that is not connected to the execution chain, and got purged.
[2018.12.06-14.08.59:043][791]LogBlueprint: Warning: [Compiler WB_Ingame] [0228.63] Compile of WB_Ingame failed. 2 Fatal Issue(s) 0 Warning(s) [in 43 ms] (/Game/UI/WB_Ingame.WB_Ingame)
[2018.12.06-14.09.14:409][631]LogEditorTransaction: Undo Delete current selection
[2018.12.06-14.09.20:321][337]BlueprintLog: New page: Compile WB_Ingame
[2018.12.06-14.09.20:327][337]LogBlueprint: Error: [Compiler WB_Ingame] This blueprint (self) is not a GameplayController, therefore ' Target ' must have a connection.
[2018.12.06-14.09.20:327][337]LogBlueprint: Error: [Compiler WB_Ingame] Variable node  Get CurrentInteractable  uses an invalid target.  It may depend on a node that is not connected to the execution chain, and got purged.
[2018.12.06-14.09.20:354][337]LogBlueprint: Warning: [Compiler WB_Ingame] [0249.94] Compile of WB_Ingame failed. 2 Fatal Issue(s) 0 Warning(s) [in 33 ms] (/Game/UI/WB_Ingame.WB_Ingame)
[2018.12.06-14.09.27:547][197]BlueprintLog: New page: Compile WB_Ingame
[2018.12.06-14.09.28:854][348]Cmd: OBJ SAVEPACKAGE PACKAGE="/Game/UI/WB_Ingame" FILE="../../../../WGT2/ITOSG/Content/UI/WB_Ingame.uasset" SILENT=true
[2018.12.06-14.09.28:916][348]LogSavePackage: Moving '../../../../WGT2/ITOSG/Saved/WB_Ingame37FDB8BF4767632394FE5E8BEA68ADC3.tmp' to '../../../../WGT2/ITOSG/Content/UI/WB_Ingame.uasset'
[2018.12.06-14.09.32:729][805]Cmd: TRANSACTION UNDO
[2018.12.06-14.09.32:729][805]LogEditorTransaction: Undo Delete current selection
[2018.12.06-14.09.37:875][417]BlueprintLog: New page: Compile WB_Ingame
[2018.12.06-14.09.37:879][417]LogBlueprint: Error: [Compiler WB_Ingame] This blueprint (self) is not a GameplayController, therefore ' Target ' must have a connection.
[2018.12.06-14.09.37:880][417]LogBlueprint: Error: [Compiler WB_Ingame] Variable node  Get CurrentInteractable  uses an invalid target.  It may depend on a node that is not connected to the execution chain, and got purged.
[2018.12.06-14.09.37:908][417]LogBlueprint: Warning: [Compiler WB_Ingame] [0267.49] Compile of WB_Ingame failed. 2 Fatal Issue(s) 0 Warning(s) [in 32 ms] (/Game/UI/WB_Ingame.WB_Ingame)
[2018.12.06-14.09.40:442][720]BlueprintLog: New page: Compile WB_Ingame
[2018.12.06-14.09.40:446][720]LogBlueprint: Error: [Compiler WB_Ingame] This blueprint (self) is not a GameplayController, therefore ' Target ' must have a connection.
[2018.12.06-14.09.40:446][720]LogBlueprint: Error: [Compiler WB_Ingame] Variable node  Get CurrentInteractable  uses an invalid target.  It may depend on a node that is not connected to the execution chain, and got purged.
[2018.12.06-14.09.40:472][720]LogBlueprint: Warning: [Compiler WB_Ingame] [0270.05] Compile of WB_Ingame failed. 2 Fatal Issue(s) 0 Warning(s) [in 30 ms] (/Game/UI/WB_Ingame.WB_Ingame)
[2018.12.06-14.09.41:789][877]LogEditorTransaction: Undo Delete current selection
[2018.12.06-14.09.42:833][  0]LogEditorTransaction: Undo Delete current selection
[2018.12.06-14.10.18:029][824]BlueprintLog: New page: Compile WB_Ingame
[2018.12.06-14.10.18:034][824]LogBlueprint: Error: [Compiler WB_Ingame] This blueprint (self) is not a GameplayController, therefore ' Target ' must have a connection.
[2018.12.06-14.10.18:034][824]LogBlueprint: Error: [Compiler WB_Ingame] Variable node  Get CurrentInteractable  uses an invalid target.  It may depend on a node that is not connected to the execution chain, and got purged.
[2018.12.06-14.10.18:059][824]LogBlueprint: Warning: [Compiler WB_Ingame] [0307.64] Compile of WB_Ingame failed. 2 Fatal Issue(s) 0 Warning(s) [in 30 ms] (/Game/UI/WB_Ingame.WB_Ingame)
[2018.12.06-14.10.18:759][906]Cmd: OBJ SAVEPACKAGE PACKAGE="/Game/UI/WB_Ingame" FILE="../../../../WGT2/ITOSG/Content/UI/WB_Ingame.uasset" SILENT=true
[2018.12.06-14.10.18:778][906]LogSavePackage: Moving '../../../../WGT2/ITOSG/Saved/WB_Ingame58E102774929373784413497A72CF6B6.tmp' to '../../../../WGT2/ITOSG/Content/UI/WB_Ingame.uasset'
[2018.12.06-14.16.46:141][198]LogSavePackage: Moving '../../../../WGT2/ITOSG/Saved/TopDownExampleMap_Auto1F679FCE0434CF003E8400CB0F50BBCF2.tmp' to '../../../../WGT2/ITOSG/Saved/Autosaves/Game/TopDownCPP/Maps/TopDownExampleMap_Auto1.umap'
[2018.12.06-14.16.46:180][198]LogFileHelpers: Editor autosave (incl. sublevels) for '/Game/TopDownCPP/Maps/TopDownExampleMap' took 0.209
[2018.12.06-14.16.46:180][198]LogFileHelpers: Editor autosave (incl. sublevels) for all levels took 0.209
[2018.12.06-14.16.46:182][198]OBJ SavePackage: Generating thumbnails for [0] asset(s) in package [/Game/UI/WB_Ingame] ([1] browsable assets)...
[2018.12.06-14.16.46:182][198]OBJ SavePackage: Finished generating thumbnails for package [/Game/UI/WB_Ingame]
[2018.12.06-14.16.46:182][198]Cmd: OBJ SAVEPACKAGE PACKAGE="/Game/UI/WB_Ingame" FILE="../../../../WGT2/ITOSG/Saved/Autosaves/Game/UI/WB_Ingame_Auto1.uasset" SILENT=false AUTOSAVING=true
[2018.12.06-14.16.46:214][198]LogSavePackage: Moving '../../../../WGT2/ITOSG/Saved/WB_Ingame_Auto16D68C1FE4C9F0736F9723391893FF5FC.tmp' to '../../../../WGT2/ITOSG/Saved/Autosaves/Game/UI/WB_Ingame_Auto1.uasset'
[2018.12.06-14.16.46:235][198]OBJ SavePackage: Generating thumbnails for [0] asset(s) in package [/Game/TopDownCPP/Maps/TopDownExampleMap_BuiltData] ([1] browsable assets)...
[2018.12.06-14.16.46:235][198]OBJ SavePackage: Finished generating thumbnails for package [/Game/TopDownCPP/Maps/TopDownExampleMap_BuiltData]
[2018.12.06-14.16.46:261][198]LogSavePackage: Moving '../../../../WGT2/ITOSG/Saved/TopDownExampleMap_BuiltData_Auto4D26CD8A4F3DD453B0403E9D6881B153.tmp' to '../../../../WGT2/ITOSG/Saved/Autosaves/Game/TopDownCPP/Maps/TopDownExampleMap_BuiltData_Auto1.uasset'
[2018.12.06-14.16.46:262][198]LogFileHelpers: Auto-saving content packages took 0.082
[2018.12.06-14.17.07:972][370]BlueprintLog: New page: Compile WB_Ingame
[2018.12.06-14.17.07:976][370]LogBlueprint: Error: [Compiler WB_Ingame] This blueprint (self) is not a GameplayController, therefore ' Target ' must have a connection.
[2018.12.06-14.17.07:977][370]LogBlueprint: Error: [Compiler WB_Ingame] Variable node  Get CurrentInteractable  uses an invalid target.  It may depend on a node that is not connected to the execution chain, and got purged.
[2018.12.06-14.17.08:002][370]LogBlueprint: Warning: [Compiler WB_Ingame] [0717.58] Compile of WB_Ingame failed. 2 Fatal Issue(s) 0 Warning(s) [in 30 ms] (/Game/UI/WB_Ingame.WB_Ingame)
[2018.12.06-14.26.46:847][391]LogSavePackage: Moving '../../../../WGT2/ITOSG/Saved/TopDownExampleMap_Auto24823225E4FD4C60C67225193C30AC8DE.tmp' to '../../../../WGT2/ITOSG/Saved/Autosaves/Game/TopDownCPP/Maps/TopDownExampleMap_Auto2.umap'
[2018.12.06-14.26.46:851][391]LogFileHelpers: Editor autosave (incl. sublevels) for '/Game/TopDownCPP/Maps/TopDownExampleMap' took 0.256
[2018.12.06-14.26.46:851][391]LogFileHelpers: Editor autosave (incl. sublevels) for all levels took 0.256
[2018.12.06-14.26.46:852][391]OBJ SavePackage: Generating thumbnails for [0] asset(s) in package [/Game/UI/WB_Ingame] ([1] browsable assets)...
[2018.12.06-14.26.46:852][391]OBJ SavePackage: Finished generating thumbnails for package [/Game/UI/WB_Ingame]
[2018.12.06-14.26.46:852][391]Cmd: OBJ SAVEPACKAGE PACKAGE="/Game/UI/WB_Ingame" FILE="../../../../WGT2/ITOSG/Saved/Autosaves/Game/UI/WB_Ingame_Auto2.uasset" SILENT=false AUTOSAVING=true
[2018.12.06-14.26.46:888][391]LogSavePackage: Moving '../../../../WGT2/ITOSG/Saved/WB_Ingame_Auto2A9F73A30481F74E912E53D859A2A3C28.tmp' to '../../../../WGT2/ITOSG/Saved/Autosaves/Game/UI/WB_Ingame_Auto2.uasset'
[2018.12.06-14.26.46:889][391]LogFileHelpers: Auto-saving content packages took 0.038
[2018.12.06-16.28.59:282][493]BlueprintLog: New page: Compile WB_Ingame
[2018.12.06-16.28.59:377][493]LogBlueprint: Error: [Compiler WB_Ingame] This blueprint (self) is not a GameplayController, therefore ' Target ' must have a connection.
[2018.12.06-16.28.59:377][493]LogBlueprint: Error: [Compiler WB_Ingame] Variable node  Get CurrentInteractable  uses an invalid target.  It may depend on a node that is not connected to the execution chain, and got purged.
[2018.12.06-16.28.59:497][493]LogBlueprint: Warning: [Compiler WB_Ingame] [8629.08] Compile of WB_Ingame failed. 2 Fatal Issue(s) 0 Warning(s) [in 213 ms] (/Game/UI/WB_Ingame.WB_Ingame)
[2018.12.06-16.29.00:152][548]Cmd: OBJ SAVEPACKAGE PACKAGE="/Game/UI/WB_Ingame" FILE="../../../../WGT2/ITOSG/Content/UI/WB_Ingame.uasset" SILENT=true
[2018.12.06-16.29.00:191][548]LogSavePackage: Moving '../../../../WGT2/ITOSG/Saved/WB_IngameB7E7F44047923F18CA3392AEAB73BF64.tmp' to '../../../../WGT2/ITOSG/Content/UI/WB_Ingame.uasset'
[2018.12.06-16.29.36:372][962]LogSavePackage: Moving '../../../../WGT2/ITOSG/Saved/TopDownExampleMap_Auto33B97A4004D5C4CFDCE38CCBE67B401A7.tmp' to '../../../../WGT2/ITOSG/Saved/Autosaves/Game/TopDownCPP/Maps/TopDownExampleMap_Auto3.umap'
[2018.12.06-16.29.36:375][962]LogFileHelpers: Editor autosave (incl. sublevels) for '/Game/TopDownCPP/Maps/TopDownExampleMap' took 0.220
[2018.12.06-16.29.36:375][962]LogFileHelpers: Editor autosave (incl. sublevels) for all levels took 0.220
[2018.12.06-17.07.39:710][897]LogSlate: Window 'WB_Ingame' being destroyed
[2018.12.06-17.07.39:713][897]LogSlate: Window 'WB_Ingame' being destroyed
[2018.12.06-17.07.44:449][ 53]Cmd: OBJ SAVEPACKAGE PACKAGE="/Game/TopDownCPP/Maps/TopDownExampleMap" FILE="../../../../WGT2/ITOSG/Content/TopDownCPP/Maps/TopDownExampleMap.umap" SILENT=true AUTOSAVING=false KEEPDIRTY=false
[2018.12.06-17.07.44:644][ 53]LogSavePackage: Moving '../../../../WGT2/ITOSG/Saved/TopDownExampleMap78C16A5048F5C87E3579C4AF390E7507.tmp' to '../../../../WGT2/ITOSG/Content/TopDownCPP/Maps/TopDownExampleMap.umap'
[2018.12.06-17.07.44:673][ 53]LogFileHelpers: Saving map 'TopDownExampleMap' took 2.703
[2018.12.06-17.07.44:676][ 53]Cmd: OBJ SAVEPACKAGE PACKAGE="/Game/TopDownCPP/Maps/TopDownExampleMap_BuiltData" FILE="../../../../WGT2/ITOSG/Content/TopDownCPP/Maps/TopDownExampleMap_BuiltData.uasset" SILENT=true
[2018.12.06-17.07.45:108][ 53]LogSavePackage: Moving '../../../../WGT2/ITOSG/Saved/TopDownExampleMap_BuiltDataEF2481944B79E31F61D0FC8BC8C68910.tmp' to '../../../../WGT2/ITOSG/Content/TopDownCPP/Maps/TopDownExampleMap_BuiltData.uasset'
[2018.12.06-17.08.08:316][270]LogSlate: Window 'ITOSG - Unreal Editor' being destroyed
[2018.12.06-17.08.08:317][270]LogWindowsTextInputMethodSystem: Display: IME system now deactivated.
[2018.12.06-17.08.08:748][271]Cmd: QUIT_EDITOR
[2018.12.06-17.08.09:135][271]LogExit: Preparing to exit.
[2018.12.06-17.08.10:916][271]LogExit: Editor shut down
[2018.12.06-17.08.10:917][271]LogExit: Transaction tracking system shut down
[2018.12.06-17.08.12:723][271]LogExit: Object subsystem successfully closed.
[2018.12.06-17.08.12:888][271]LogShaderCompilers: Display: Shaders left to compile 0
[2018.12.06-17.08.12:926][271]LogD3D11RHI: Shutdown
[2018.12.06-17.08.12:926][271]LogD3D11RHI: CleanupD3DDevice
[2018.12.06-17.08.12:958][271]LogD3D11RHI: ~FD3D11DynamicRHI
[2018.12.06-17.08.14:280][271]LogModuleManager: Shutting down and abandoning module SequencerWidgets (618)
[2018.12.06-17.08.14:280][271]LogModuleManager: Shutting down and abandoning module BlueprintGraph (616)
[2018.12.06-17.08.14:280][271]LogModuleManager: Shutting down and abandoning module ExternalImagePicker (614)
[2018.12.06-17.08.14:280][271]LogModuleManager: Shutting down and abandoning module HierarchicalLODOutliner (612)
[2018.12.06-17.08.14:280][271]LogModuleManager: Shutting down and abandoning module SceneOutliner (610)
[2018.12.06-17.08.14:280][271]LogModuleManager: Shutting down and abandoning module AddContentDialog (608)
[2018.12.06-17.08.14:298][271]LogModuleManager: Shutting down and abandoning module WidgetCarousel (607)
[2018.12.06-17.08.14:298][271]LogModuleManager: Shutting down and abandoning module EditorWidgets (604)
[2018.12.06-17.08.14:298][271]LogModuleManager: Shutting down and abandoning module CollectionManager (602)
[2018.12.06-17.08.14:304][271]LogModuleManager: Shutting down and abandoning module StatsViewer (600)
[2018.12.06-17.08.14:316][271]LogModuleManager: Shutting down and abandoning module FoliageEdit (598)
[2018.12.06-17.08.14:332][271]LogModuleManager: Shutting down and abandoning module LandscapeEditor (596)
[2018.12.06-17.08.14:355][271]LogModuleManager: Shutting down and abandoning module MeshPaintMode (594)
[2018.12.06-17.08.14:365][271]LogModuleManager: Shutting down and abandoning module SceneDepthPickerMode (592)
[2018.12.06-17.08.14:365][271]LogModuleManager: Shutting down and abandoning module ActorPickerMode (590)
[2018.12.06-17.08.14:365][271]LogModuleManager: Shutting down and abandoning module GeometryMode (588)
[2018.12.06-17.08.14:365][271]LogModuleManager: Shutting down and abandoning module TextureAlignMode (586)
[2018.12.06-17.08.14:365][271]LogModuleManager: Shutting down and abandoning module BspMode (584)
[2018.12.06-17.08.14:365][271]LogModuleManager: Shutting down and abandoning module PIEPreviewDeviceProfileSelector (582)
[2018.12.06-17.08.14:373][271]LogModuleManager: Shutting down and abandoning module SequenceRecorderSections (580)
[2018.12.06-17.08.14:379][271]LogModuleManager: Shutting down and abandoning module AutomationWorker (578)
[2018.12.06-17.08.14:379][271]LogModuleManager: Shutting down and abandoning module AudioCaptureEditor (576)
[2018.12.06-17.08.14:379][271]LogModuleManager: Shutting down and abandoning module SequenceRecorder (575)
[2018.12.06-17.08.14:395][271]LogModuleManager: Shutting down and abandoning module MatineeToLevelSequence (572)
[2018.12.06-17.08.14:427][271]LogModuleManager: Shutting down and abandoning module LevelSequenceEditor (570)
[2018.12.06-17.08.14:451][271]LogModuleManager: Shutting down and abandoning module PlacementMode (569)
[2018.12.06-17.08.14:452][271]LogModuleManager: Shutting down and abandoning module MaterialEditor (568)
[2018.12.06-17.08.14:482][271]LogModuleManager: Shutting down and abandoning module WmfMediaFactory (564)
[2018.12.06-17.08.14:482][271]LogModuleManager: Shutting down and abandoning module WmfMediaEditor (562)
[2018.12.06-17.08.14:482][271]LogModuleManager: Shutting down and abandoning module MediaPlayerEditor (560)
[2018.12.06-17.08.14:502][271]LogModuleManager: Shutting down and abandoning module OpenExrWrapper (558)
[2018.12.06-17.08.14:502][271]LogModuleManager: Shutting down and abandoning module ImgMediaFactory (556)
[2018.12.06-17.08.14:502][271]LogModuleManager: Shutting down and abandoning module ImgMediaEditor (554)
[2018.12.06-17.08.14:502][271]LogModuleManager: Shutting down and abandoning module AvfMediaFactory (552)
[2018.12.06-17.08.14:502][271]LogModuleManager: Shutting down and abandoning module AvfMediaEditor (550)
[2018.12.06-17.08.14:502][271]LogModuleManager: Shutting down and abandoning module AndroidMediaFactory (548)
[2018.12.06-17.08.14:502][271]LogModuleManager: Shutting down and abandoning module AndroidMediaEditor (546)
[2018.12.06-17.08.14:502][271]LogModuleManager: Shutting down and abandoning module MagicLeapCameraPreviewFactory (544)
[2018.12.06-17.08.14:502][271]LogModuleManager: Shutting down and abandoning module MagicLeapMediaFactory (542)
[2018.12.06-17.08.14:502][271]LogModuleManager: Shutting down and abandoning module MagicLeapMediaEditor (540)
[2018.12.06-17.08.14:502][271]LogModuleManager: Shutting down and abandoning module CharacterAI (538)
[2018.12.06-17.08.14:502][271]LogModuleManager: Shutting down and abandoning module SmartSnapping (536)
[2018.12.06-17.08.14:502][271]LogModuleManager: Shutting down and abandoning module SessionServices (534)
[2018.12.06-17.08.14:502][271]LogModuleManager: Shutting down and abandoning module ViewportSnapping (532)
[2018.12.06-17.08.14:502][271]LogModuleManager: Shutting down and abandoning module ViewportInteraction (530)
[2018.12.06-17.08.14:502][271]LogModuleManager: Shutting down and abandoning module ClothPainter (528)
[2018.12.06-17.08.14:516][271]LogModuleManager: Shutting down and abandoning module SkeletalMeshEditor (527)
[2018.12.06-17.08.14:536][271]LogModuleManager: Shutting down and abandoning module LogVisualizer (524)
[2018.12.06-17.08.14:557][271]LogModuleManager: Shutting down and abandoning module IntroTutorials (522)
[2018.12.06-17.08.14:580][271]LogModuleManager: Shutting down and abandoning module GameProjectGeneration (521)
[2018.12.06-17.08.14:587][271]LogModuleManager: Shutting down and abandoning module LuminPlatformEditor (518)
[2018.12.06-17.08.14:587][271]LogModuleManager: Shutting down and abandoning module IOSPlatformEditor (516)
[2018.12.06-17.08.14:587][271]LogModuleManager: Shutting down and abandoning module HTML5PlatformEditor (514)
[2018.12.06-17.08.14:587][271]LogModuleManager: Shutting down and abandoning module AndroidPlatformEditor (512)
[2018.12.06-17.08.14:587][271]LogModuleManager: Shutting down and abandoning module AndroidDeviceDetection (511)
[2018.12.06-17.08.15:433][271]LogModuleManager: Shutting down and abandoning module WindowsPlatformEditor (508)
[2018.12.06-17.08.15:433][271]LogModuleManager: Shutting down and abandoning module LuminRuntimeSettings (506)
[2018.12.06-17.08.15:433][271]LogModuleManager: Shutting down and abandoning module IOSRuntimeSettings (504)
[2018.12.06-17.08.15:433][271]LogModuleManager: Shutting down and abandoning module AndroidRuntimeSettings (502)
[2018.12.06-17.08.15:433][271]LogModuleManager: Shutting down and abandoning module InputBindingEditor (500)
[2018.12.06-17.08.15:445][271]LogModuleManager: Shutting down and abandoning module MergeActors (498)
[2018.12.06-17.08.15:455][271]LogModuleManager: Shutting down and abandoning module LocalizationDashboard (496)
[2018.12.06-17.08.15:470][271]LogModuleManager: Shutting down and abandoning module LocalizationService (495)
[2018.12.06-17.08.15:481][271]LogModuleManager: Shutting down and abandoning module HardwareTargeting (492)
[2018.12.06-17.08.15:481][271]LogModuleManager: Shutting down and abandoning module DeviceProfileEditor (490)
[2018.12.06-17.08.15:481][271]LogModuleManager: Shutting down and abandoning module UndoHistory (488)
[2018.12.06-17.08.15:490][271]LogModuleManager: Shutting down and abandoning module XmlParser (486)
[2018.12.06-17.08.15:490][271]LogModuleManager: Shutting down and abandoning module Blutility (484)
[2018.12.06-17.08.15:502][271]LogModuleManager: Shutting down and abandoning module ProjectSettingsViewer (482)
[2018.12.06-17.08.15:502][271]LogModuleManager: Shutting down and abandoning module ProjectTargetPlatformEditor (481)
[2018.12.06-17.08.15:503][271]LogModuleManager: Shutting down and abandoning module EditorSettingsViewer (478)
[2018.12.06-17.08.15:503][271]LogModuleManager: Shutting down and abandoning module SettingsEditor (476)
[2018.12.06-17.08.15:536][271]LogModuleManager: Shutting down and abandoning module ProjectLauncher (474)
[2018.12.06-17.08.15:562][271]LogModuleManager: Shutting down and abandoning module SessionFrontend (472)
[2018.12.06-17.08.15:578][271]LogModuleManager: Shutting down and abandoning module ProfilerClient (470)
[2018.12.06-17.08.15:589][271]LogModuleManager: Shutting down and abandoning module DeviceManager (468)
[2018.12.06-17.08.15:604][271]LogModuleManager: Shutting down and abandoning module TargetDeviceServices (467)
[2018.12.06-17.08.15:679][271]LogModuleManager: Shutting down and abandoning module AutomationController (464)
[2018.12.06-17.08.15:693][271]LogModuleManager: Shutting down and abandoning module AutomationWindow (462)
[2018.12.06-17.08.15:704][271]LogModuleManager: Shutting down and abandoning module Layers (460)
[2018.12.06-17.08.15:719][271]LogModuleManager: Shutting down and abandoning module ComponentVisualizers (458)
[2018.12.06-17.08.15:719][271]LogModuleManager: Shutting down and abandoning module DetailCustomizations (456)
[2018.12.06-17.08.15:732][271]LogModuleManager: Shutting down and abandoning module PackagesDialog (454)
[2018.12.06-17.08.15:732][271]LogModuleManager: Shutting down and abandoning module Persona (452)
[2018.12.06-17.08.15:747][271]LogModuleManager: Shutting down and abandoning module AdvancedPreviewScene (451)
[2018.12.06-17.08.15:747][271]LogModuleManager: Shutting down and abandoning module AnimGraph (449)
[2018.12.06-17.08.15:759][271]LogModuleManager: Shutting down and abandoning module Kismet (446)
[2018.12.06-17.08.15:784][271]LogModuleManager: Shutting down and abandoning module GraphEditor (444)
[2018.12.06-17.08.15:784][271]LogModuleManager: Shutting down and abandoning module ClassViewer (442)
[2018.12.06-17.08.15:784][271]LogModuleManager: Shutting down and abandoning module Toolbox (440)
[2018.12.06-17.08.15:784][271]LogModuleManager: Shutting down and abandoning module DesktopPlatform (439)
[2018.12.06-17.08.15:800][271]LogModuleManager: Shutting down and abandoning module ModuleUI (436)
[2018.12.06-17.08.15:807][271]LogModuleManager: Shutting down and abandoning module MovieSceneTools (434)
[2018.12.06-17.08.15:813][271]LogModuleManager: Shutting down and abandoning module OutputLog (432)
[2018.12.06-17.08.15:813][271]LogModuleManager: Shutting down and abandoning module GammaUI (430)
[2018.12.06-17.08.15:818][271]LogModuleManager: Shutting down and abandoning module Documentation (428)
[2018.12.06-17.08.15:819][271]LogModuleManager: Shutting down and abandoning module MovieSceneTracks (426)
[2018.12.06-17.08.15:819][271]LogModuleManager: Shutting down and abandoning module MovieScene (424)
[2018.12.06-17.08.15:819][271]LogModuleManager: Shutting down and abandoning module StreamingPauseRendering (422)
[2018.12.06-17.08.15:831][271]LogModuleManager: Shutting down and abandoning module LauncherPlatform (420)
[2018.12.06-17.08.15:831][271]LogModuleManager: Shutting down and abandoning module AnalyticsET (418)
[2018.12.06-17.08.15:831][271]LogModuleManager: Shutting down and abandoning module PortalServices (416)
[2018.12.06-17.08.15:831][271]LogModuleManager: Shutting down and abandoning module PortalRpc (414)
[2018.12.06-17.08.15:831][271]LogModuleManager: Shutting down and abandoning module MessagingRpc (412)
[2018.12.06-17.08.15:831][271]LogModuleManager: Shutting down and abandoning module AIModule (410)
[2018.12.06-17.08.15:842][271]LogModuleManager: Shutting down and abandoning module GameplayDebugger (409)
[2018.12.06-17.08.15:851][271]LogModuleManager: Shutting down and abandoning module AITestSuite (407)
[2018.12.06-17.08.15:857][271]LogModuleManager: Shutting down and abandoning module NavigationSystem (405)
[2018.12.06-17.08.15:857][271]LogModuleManager: Shutting down and abandoning module ProfilerService (402)
[2018.12.06-17.08.16:020][271]LogModuleManager: Shutting down and abandoning module TaskGraph (400)
[2018.12.06-17.08.16:021][271]LogModuleManager: Shutting down and abandoning module SteamVRController (398)
[2018.12.06-17.08.16:021][271]LogModuleManager: Shutting down and abandoning module ProceduralMeshComponentEditor (396)
[2018.12.06-17.08.16:021][271]LogModuleManager: Shutting down and abandoning module ProceduralMeshComponent (394)
[2018.12.06-17.08.16:040][271]LogModuleManager: Shutting down and abandoning module OculusInput (392)
[2018.12.06-17.08.16:040][271]LogModuleManager: Shutting down and abandoning module MobilePatchingUtils (390)
[2018.12.06-17.08.16:040][271]LogModuleManager: Shutting down and abandoning module EditableMesh (388)
[2018.12.06-17.08.16:054][271]LogModuleManager: Shutting down and abandoning module CustomMeshComponent (386)
[2018.12.06-17.08.16:054][271]LogModuleManager: Shutting down and abandoning module CableComponent (384)
[2018.12.06-17.08.16:054][271]LogModuleManager: Shutting down and abandoning module AudioCapture (382)
[2018.12.06-17.08.16:054][271]LogModuleManager: Shutting down and abandoning module ArchVisCharacter (380)
[2018.12.06-17.08.16:054][271]LogModuleManager: Shutting down and abandoning module AndroidPermission (378)
[2018.12.06-17.08.16:054][271]LogModuleManager: Shutting down and abandoning module NUTUnrealEngine4 (376)
[2018.12.06-17.08.16:054][271]LogModuleManager: Shutting down and abandoning module NetcodeUnitTest (374)
[2018.12.06-17.08.16:079][271]LogModuleManager: Shutting down and abandoning module MediaCompositingEditor (372)
[2018.12.06-17.08.16:079][271]LogModuleManager: Shutting down and abandoning module MediaCompositing (370)
[2018.12.06-17.08.16:079][271]LogModuleManager: Shutting down and abandoning module LinearTimecode (368)
[2018.12.06-17.08.16:079][271]LogModuleManager: Shutting down and abandoning module ImgMedia (366)
[2018.12.06-17.08.16:091][271]LogModuleManager: Shutting down and abandoning module HTML5Networking (364)
[2018.12.06-17.08.16:091][271]LogModuleManager: Shutting down and abandoning module GeometryCacheTracks (362)
[2018.12.06-17.08.16:091][271]LogModuleManager: Shutting down and abandoning module GeometryCacheSequencer (360)
[2018.12.06-17.08.16:091][271]LogModuleManager: Shutting down and abandoning module BackChannel (358)
[2018.12.06-17.08.16:106][271]LogModuleManager: Shutting down and abandoning module AppleVision (356)
[2018.12.06-17.08.16:106][271]LogModuleManager: Shutting down and abandoning module AppleImageUtils (354)
[2018.12.06-17.08.16:106][271]LogModuleManager: Shutting down and abandoning module AlembicImporter (352)
[2018.12.06-17.08.16:106][271]LogModuleManager: Shutting down and abandoning module AlembicLibrary (351)
[2018.12.06-17.08.16:106][271]LogModuleManager: Shutting down and abandoning module GeometryCache (350)
[2018.12.06-17.08.16:107][271]LogModuleManager: Shutting down and abandoning module GeometryCacheEd (349)
[2018.12.06-17.08.16:107][271]LogModuleManager: Shutting down and abandoning module DatasmithContentEditor (344)
[2018.12.06-17.08.16:115][271]LogModuleManager: Shutting down and abandoning module DatasmithContent (342)
[2018.12.06-17.08.16:116][271]LogModuleManager: Shutting down and abandoning module SpeedTreeImporter (340)
[2018.12.06-17.08.16:116][271]LogModuleManager: Shutting down and abandoning module PluginBrowser (338)
[2018.12.06-17.08.16:126][271]LogModuleManager: Shutting down and abandoning module MobileLauncherProfileWizard (336)
[2018.12.06-17.08.16:132][271]LogModuleManager: Shutting down and abandoning module PolygonModeling (334)
[2018.12.06-17.08.16:132][271]LogModuleManager: Shutting down and abandoning module MeshEditor (332)
[2018.12.06-17.08.16:136][271]LogModuleManager: Shutting down and abandoning module CryptoKeysOpenSSL (330)
[2018.12.06-17.08.16:143][271]LogModuleManager: Shutting down and abandoning module CryptoKeys (328)
[2018.12.06-17.08.16:143][271]LogModuleManager: Shutting down and abandoning module VisualStudioSourceCodeAccess (326)
[2018.12.06-17.08.16:143][271]LogModuleManager: Shutting down and abandoning module VisualStudioCodeSourceCodeAccess (324)
[2018.12.06-17.08.16:143][271]LogModuleManager: Shutting down and abandoning module UObjectPlugin (322)
[2018.12.06-17.08.16:143][271]LogModuleManager: Shutting down and abandoning module SubversionSourceControl (320)
[2018.12.06-17.08.16:150][271]LogModuleManager: Shutting down and abandoning module PerforceSourceControl (318)
[2018.12.06-17.08.16:164][271]LogModuleManager: Shutting down and abandoning module GitSourceControl (316)
[2018.12.06-17.08.16:176][271]LogModuleManager: Shutting down and abandoning module SourceControl (315)
[2018.12.06-17.08.16:188][271]LogModuleManager: Shutting down and abandoning module CLionSourceCodeAccess (312)
[2018.12.06-17.08.16:188][271]LogModuleManager: Shutting down and abandoning module LightPropagationVolumeEditor (310)
[2018.12.06-17.08.16:188][271]LogModuleManager: Shutting down and abandoning module PaperTiledImporter (308)
[2018.12.06-17.08.16:188][271]LogModuleManager: Shutting down and abandoning module PaperSpriteSheetImporter (306)
[2018.12.06-17.08.16:188][271]LogModuleManager: Shutting down and abandoning module Paper2DEditor (304)
[2018.12.06-17.08.16:203][271]LogModuleManager: Shutting down and abandoning module MeshPaint (303)
[2018.12.06-17.08.16:211][271]LogModuleManager: Shutting down and abandoning module ITOSG (300)
[2018.12.06-17.08.16:211][271]LogModuleManager: Shutting down and abandoning module RuntimePhysXCooking (298)
[2018.12.06-17.08.16:211][271]LogModuleManager: Shutting down and abandoning module PhysXVehiclesEditor (296)
[2018.12.06-17.08.16:211][271]LogModuleManager: Shutting down and abandoning module PhysXVehicles (294)
[2018.12.06-17.08.16:211][271]LogModuleManager: Shutting down and abandoning module OculusEditor (292)
[2018.12.06-17.08.16:222][271]LogModuleManager: Shutting down and abandoning module LocationServicesBPLibrary (290)
[2018.12.06-17.08.16:222][271]LogModuleManager: Shutting down and abandoning module ImmediatePhysicsEditor (288)
[2018.12.06-17.08.16:222][271]LogModuleManager: Shutting down and abandoning module ImmediatePhysics (286)
[2018.12.06-17.08.16:242][271]LogModuleManager: Shutting down and abandoning module ActorSequence (284)
[2018.12.06-17.08.16:242][271]LogModuleManager: Shutting down and abandoning module UdpMessaging (282)
[2018.12.06-17.08.16:343][271]LogModuleManager: Shutting down and abandoning module TcpMessaging (280)
[2018.12.06-17.08.16:457][271]LogModuleManager: Shutting down and abandoning module MagicLeapAudio (278)
[2018.12.06-17.08.16:457][271]LogModuleManager: Shutting down and abandoning module GameplayTagsEditor (276)
[2018.12.06-17.08.16:462][271]LogModuleManager: Shutting down and abandoning module FacialAnimationEditor (274)
[2018.12.06-17.08.16:462][271]LogModuleManager: Shutting down and abandoning module FacialAnimation (272)
[2018.12.06-17.08.16:462][271]LogModuleManager: Shutting down and abandoning module DataValidation (270)
[2018.12.06-17.08.16:462][271]LogModuleManager: Shutting down and abandoning module AssetManagerEditor (268)
[2018.12.06-17.08.16:477][271]LogModuleManager: Shutting down and abandoning module LevelEditor (267)
[2018.12.06-17.08.16:492][271]LogModuleManager: Shutting down and abandoning module PixelInspectorModule (266)
[2018.12.06-17.08.16:502][271]LogModuleManager: Shutting down and abandoning module CommonMenuExtensions (264)
[2018.12.06-17.08.16:502][271]LogModuleManager: Shutting down and abandoning module MainFrame (262)
[2018.12.06-17.08.16:518][271]LogModuleManager: Shutting down and abandoning module HotReload (261)
[2018.12.06-17.08.16:529][271]LogModuleManager: Shutting down and abandoning module ContentBrowser (257)
[2018.12.06-17.08.16:531][271]LogModuleManager: Shutting down and abandoning module TreeMap (255)
[2018.12.06-17.08.16:540][271]LogModuleManager: Shutting down and abandoning module LightPropagationVolumeRuntime (252)
[2018.12.06-17.08.16:540][271]LogModuleManager: Shutting down and abandoning module AISupportModule (250)
[2018.12.06-17.08.16:540][271]LogModuleManager: Shutting down and abandoning module Paper2D (248)
[2018.12.06-17.08.16:552][271]LogModuleManager: Shutting down and abandoning module WindowsMoviePlayer (246)
[2018.12.06-17.08.16:561][271]LogModuleManager: Shutting down and abandoning module WmfMedia (244)
[2018.12.06-17.08.16:577][271]LogModuleManager: Shutting down and abandoning module Media (243)
[2018.12.06-17.08.16:583][271]LogModuleManager: Shutting down and abandoning module PacketHandler (240)
[2018.12.06-17.08.16:583][271]LogModuleManager: Shutting down and abandoning module ClothingSystemEditor (238)
[2018.12.06-17.08.16:583][271]LogModuleManager: Shutting down and abandoning module ClothingSystemRuntime (236)
[2018.12.06-17.08.16:614][271]LogModuleManager: Shutting down and abandoning module MediaAssets (234)
[2018.12.06-17.08.16:614][271]LogModuleManager: Shutting down and abandoning module Overlay (232)
[2018.12.06-17.08.16:614][271]LogModuleManager: Shutting down and abandoning module OverlayEditor (231)
[2018.12.06-17.08.16:614][271]LogModuleManager: Shutting down and abandoning module VREditor (228)
[2018.12.06-17.08.16:625][271]LogModuleManager: Shutting down and abandoning module StringTableEditor (226)
[2018.12.06-17.08.16:638][271]LogModuleManager: Shutting down and abandoning module GameplayTasksEditor (224)
[2018.12.06-17.08.16:638][271]LogModuleManager: Shutting down and abandoning module BehaviorTreeEditor (222)
[2018.12.06-17.08.16:664][271]LogModuleManager: Shutting down and abandoning module FunctionalTesting (220)
[2018.12.06-17.08.16:679][271]LogModuleManager: Shutting down and abandoning module CollisionAnalyzer (218)
[2018.12.06-17.08.16:699][271]LogModuleManager: Shutting down and abandoning module WorkspaceMenuStructure (217)
[2018.12.06-17.08.16:699][271]LogModuleManager: Shutting down and abandoning module UMG (214)
[2018.12.06-17.08.16:713][271]LogModuleManager: Shutting down and abandoning module UMGEditor (213)
[2018.12.06-17.08.16:714][271]LogModuleManager: Shutting down and abandoning module Sequencer (212)
[2018.12.06-17.08.16:734][271]LogModuleManager: Shutting down and abandoning module MessageLog (209)
[2018.12.06-17.08.16:734][271]LogModuleManager: Shutting down and abandoning module SlateReflector (204)
[2018.12.06-17.08.16:746][271]LogModuleManager: Shutting down and abandoning module Slate (202)
[2018.12.06-17.08.16:746][271]LogModuleManager: Shutting down and abandoning module EditorStyle (200)
[2018.12.06-17.08.16:786][271]LogModuleManager: Shutting down and abandoning module MRMesh (198)
[2018.12.06-17.08.16:808][271]LogModuleManager: Shutting down and abandoning module SourceCodeAccess (196)
[2018.12.06-17.08.16:808][271]LogModuleManager: Shutting down and abandoning module HeadMountedDisplay (194)
[2018.12.06-17.08.16:808][271]LogModuleManager: Shutting down and abandoning module XAudio2 (192)
[2018.12.06-17.08.16:808][271]LogModuleManager: Shutting down and abandoning module Networking (190)
[2018.12.06-17.08.16:808][271]LogModuleManager: Shutting down and abandoning module Core (188)
[2018.12.06-17.08.16:808][271]LogModuleManager: Shutting down and abandoning module LevelSequence (186)
[2018.12.06-17.08.16:808][271]LogModuleManager: Shutting down and abandoning module KismetCompiler (184)
[2018.12.06-17.08.16:808][271]LogModuleManager: Shutting down and abandoning module MeshUtilities (182)
[2018.12.06-17.08.16:814][271]LogModuleManager: Shutting down and abandoning module MeshMergeUtilities (181)
[2018.12.06-17.08.16:824][271]LogModuleManager: Shutting down and abandoning module MeshReductionInterface (180)
[2018.12.06-17.08.16:824][271]LogModuleManager: Shutting down and abandoning module SimplygonSwarm (179)
[2018.12.06-17.08.16:834][271]LogModuleManager: Shutting down and abandoning module ProxyLODMeshReduction (177)
[2018.12.06-17.08.16:856][271]LogModuleManager: Shutting down and abandoning module SimplygonMeshReduction (175)
[2018.12.06-17.08.16:856][271]LogModuleManager: Shutting down and abandoning module QuadricMeshReduction (173)
[2018.12.06-17.08.16:873][271]LogModuleManager: Shutting down and abandoning module MaterialBaking (169)
[2018.12.06-17.08.16:879][271]LogModuleManager: Shutting down and abandoning module DirectoryWatcher (165)
[2018.12.06-17.08.16:880][271]LogModuleManager: Shutting down and abandoning module DerivedDataCache (162)
[2018.12.06-17.08.16:888][271]LogDerivedDataCache: Shutdown
[2018.12.06-17.08.16:888][271]LogModuleManager: Shutting down and abandoning module XGEController (160)
[2018.12.06-17.08.16:888][271]LogXGEController: Cleaning working directory: C:/Users/Skoobie/AppData/Local/Temp/UnrealXGEWorkingDir/
[2018.12.06-17.08.16:893][271]LogModuleManager: Shutting down and abandoning module TargetPlatform (158)
[2018.12.06-17.08.16:893][271]LogModuleManager: Shutting down and abandoning module VulkanShaderFormat (157)
[2018.12.06-17.08.16:900][271]LogModuleManager: Shutting down and abandoning module ShaderFormatVectorVM (155)
[2018.12.06-17.08.16:909][271]LogModuleManager: Shutting down and abandoning module ShaderFormatOpenGL (153)
[2018.12.06-17.08.16:913][271]LogModuleManager: Shutting down and abandoning module ShaderFormatD3D (151)
[2018.12.06-17.08.16:926][271]LogModuleManager: Shutting down and abandoning module MetalShaderFormat (149)
[2018.12.06-17.08.16:939][271]LogModuleManager: Shutting down and abandoning module TextureFormatUncompressed (147)
[2018.12.06-17.08.16:939][271]LogModuleManager: Shutting down and abandoning module TextureFormatPVR (145)
[2018.12.06-17.08.16:939][271]LogModuleManager: Shutting down and abandoning module TextureFormatDXT (143)
[2018.12.06-17.08.16:939][271]LogModuleManager: Shutting down and abandoning module TextureFormatIntelISPCTexComp (141)
[2018.12.06-17.08.16:945][271]LogModuleManager: Shutting down and abandoning module TextureFormatASTC (139)
[2018.12.06-17.08.16:945][271]LogModuleManager: Shutting down and abandoning module ImageWrapper (138)
[2018.12.06-17.08.16:945][271]LogModuleManager: Shutting down and abandoning module TextureFormatAndroid (135)
[2018.12.06-17.08.16:945][271]LogModuleManager: Shutting down and abandoning module AudioFormatOpus (133)
[2018.12.06-17.08.16:951][271]LogModuleManager: Shutting down and abandoning module AudioFormatOgg (131)
[2018.12.06-17.08.16:951][271]LogModuleManager: Shutting down and abandoning module AudioFormatADPCM (129)
[2018.12.06-17.08.16:952][271]LogModuleManager: Shutting down and abandoning module LuminTargetPlatform (127)
[2018.12.06-17.08.16:952][271]LogModuleManager: Shutting down and abandoning module LinuxTargetPlatform (125)
[2018.12.06-17.08.16:952][271]LogModuleManager: Shutting down and abandoning module LinuxServerTargetPlatform (123)
[2018.12.06-17.08.16:952][271]LogModuleManager: Shutting down and abandoning module LinuxNoEditorTargetPlatform (121)
[2018.12.06-17.08.16:962][271]LogModuleManager: Shutting down and abandoning module LinuxClientTargetPlatform (119)
[2018.12.06-17.08.16:971][271]LogModuleManager: Shutting down and abandoning module TVOSTargetPlatform (117)
[2018.12.06-17.08.16:974][271]LogModuleManager: Shutting down and abandoning module Messaging (115)
[2018.12.06-17.08.16:974][271]LogModuleManager: Shutting down and abandoning module IOSTargetPlatform (113)
[2018.12.06-17.08.16:978][271]LogModuleManager: Shutting down and abandoning module HTML5TargetPlatform (111)
[2018.12.06-17.08.16:978][271]LogModuleManager: Shutting down and abandoning module AndroidTargetPlatform (109)
[2018.12.06-17.08.17:033][271]LogModuleManager: Shutting down and abandoning module WindowsTargetPlatform (107)
[2018.12.06-17.08.17:033][271]LogModuleManager: Shutting down and abandoning module WindowsServerTargetPlatform (105)
[2018.12.06-17.08.17:033][271]LogModuleManager: Shutting down and abandoning module WindowsNoEditorTargetPlatform (103)
[2018.12.06-17.08.17:033][271]LogModuleManager: Shutting down and abandoning module WindowsClientTargetPlatform (101)
[2018.12.06-17.08.17:033][271]LogModuleManager: Shutting down and abandoning module MacTargetPlatform (99)
[2018.12.06-17.08.17:033][271]LogModuleManager: Shutting down and abandoning module MacServerTargetPlatform (97)
[2018.12.06-17.08.17:033][271]LogModuleManager: Shutting down and abandoning module MacNoEditorTargetPlatform (95)
[2018.12.06-17.08.17:033][271]LogModuleManager: Shutting down and abandoning module MacClientTargetPlatform (93)
[2018.12.06-17.08.17:033][271]LogModuleManager: Shutting down and abandoning module AllDesktopTargetPlatform (91)
[2018.12.06-17.08.17:033][271]LogModuleManager: Shutting down and abandoning module InputCore (88)
[2018.12.06-17.08.17:033][271]LogModuleManager: Shutting down and abandoning module Settings (86)
[2018.12.06-17.08.17:033][271]LogModuleManager: Shutting down and abandoning module PhysXCooking (84)
[2018.12.06-17.08.17:033][271]LogModuleManager: Shutting down and abandoning module SteamVR (82)
[2018.12.06-17.08.17:033][271]LogModuleManager: Shutting down and abandoning module OculusHMD (80)
[2018.12.06-17.08.17:039][271]LogModuleManager: Shutting down and abandoning module ExampleDeviceProfileSelector (78)
[2018.12.06-17.08.17:039][271]LogModuleManager: Shutting down and abandoning module LauncherChunkInstaller (76)
[2018.12.06-17.08.17:039][271]LogModuleManager: Shutting down and abandoning module OnlineBlueprintSupport (74)
[2018.12.06-17.08.17:039][271]LogModuleManager: Shutting down and abandoning module OnlineSubsystem (70)
[2018.12.06-17.08.17:075][271]LogModuleManager: Shutting down and abandoning module XMPP (65)
[2018.12.06-17.08.17:091][271]LogModuleManager: Shutting down and abandoning module WebSockets (64)
[2018.12.06-17.08.17:122][271]LogModuleManager: Shutting down and abandoning module HTTP (61)
[2018.12.06-17.08.17:131][271]LogHttp: Display: Http module shutting down, but needs to wait on 1 outstanding Http requests:
[2018.12.06-17.08.17:131][271]LogHttp: Display: 	verb=[POST] url=[https://datarouter.ol.epicgames.com/datarouter/api/v1/public/data?SessionID=%7B7124E14D-45A0-6CE9-40D7-2EBC3EA6EE7A%7D&AppID=UEEditor.Rocket.Release&AppVersion=4.20.3-4369336%2B%2B%2BUE4%2BRelease-4.20&UserID=4db13e4a4371b07bc7868b858d7132fd%7C895b38341a174d78b5f4d9dc0edba638%7Ccebb812d-5676-47d9-87f1-f95d3d6822ae&AppEnvironment=datacollector-binary&UploadType=eteventstream] status=Processing
[2018.12.06-17.08.17:141][271]LogModuleManager: Shutting down and abandoning module SSL (60)
[2018.12.06-17.08.17:156][271]LogModuleManager: Shutting down and abandoning module MagicLeapEmulator (56)
[2018.12.06-17.08.17:156][271]LogModuleManager: Shutting down and abandoning module MagicLeapPrivileges (54)
[2018.12.06-17.08.17:156][271]LogModuleManager: Shutting down and abandoning module MagicLeapIdentity (52)
[2018.12.06-17.08.17:156][271]LogModuleManager: Shutting down and abandoning module MagicLeapHelperVulkan (50)
[2018.12.06-17.08.17:156][271]LogModuleManager: Shutting down and abandoning module MagicLeapHelperOpenGL (48)
[2018.12.06-17.08.17:156][271]LogModuleManager: Shutting down and abandoning module MagicLeapSecureStorage (46)
[2018.12.06-17.08.17:156][271]LogModuleManager: Shutting down and abandoning module MagicLeapGestures (44)
[2018.12.06-17.08.17:156][271]LogModuleManager: Shutting down and abandoning module MagicLeapEyeTracker (42)
[2018.12.06-17.08.17:156][271]LogModuleManager: Shutting down and abandoning module MagicLeapController (40)
[2018.12.06-17.08.17:169][271]LogSlate: Slate User Destroyed.  User Index 0, Is Virtual User: 0
[2018.12.06-17.08.17:169][271]LogModuleManager: Shutting down and abandoning module MagicLeap (38)
[2018.12.06-17.08.17:169][271]LogModuleManager: Shutting down and abandoning module AnimationModifiers (36)
[2018.12.06-17.08.17:192][271]LogModuleManager: Shutting down and abandoning module PropertyEditor (35)
[2018.12.06-17.08.17:192][271]LogModuleManager: Shutting down and abandoning module AudioEditor (32)
[2018.12.06-17.08.17:231][271]LogModuleManager: Shutting down and abandoning module TextureCompressor (30)
[2018.12.06-17.08.17:231][271]LogModuleManager: Shutting down and abandoning module ShaderCore (28)
[2018.12.06-17.08.17:231][271]LogModuleManager: Shutting down and abandoning module Landscape (26)
[2018.12.06-17.08.17:231][271]LogModuleManager: Shutting down and abandoning module SlateRHIRenderer (24)
[2018.12.06-17.08.17:243][271]LogModuleManager: Shutting down and abandoning module OpenGLDrv (22)
[2018.12.06-17.08.17:253][271]LogModuleManager: Shutting down and abandoning module D3D11RHI (20)
[2018.12.06-17.08.17:253][271]LogModuleManager: Shutting down and abandoning module AnimGraphRuntime (18)
[2018.12.06-17.08.17:263][271]LogModuleManager: Shutting down and abandoning module Renderer (16)
[2018.12.06-17.08.17:263][271]LogModuleManager: Shutting down and abandoning module Engine (14)
[2018.12.06-17.08.17:263][271]LogModuleManager: Shutting down and abandoning module CoreUObject (12)
[2018.12.06-17.08.17:263][271]LogModuleManager: Shutting down and abandoning module NetworkFile (10)
[2018.12.06-17.08.17:274][271]LogModuleManager: Shutting down and abandoning module CookedIterativeFile (8)
[2018.12.06-17.08.17:274][271]LogModuleManager: Shutting down and abandoning module StreamingFile (6)
[2018.12.06-17.08.17:281][271]LogModuleManager: Shutting down and abandoning module SandboxFile (4)
[2018.12.06-17.08.17:281][271]LogModuleManager: Shutting down and abandoning module PakFile (2)
[2018.12.06-17.08.17:304][271]LogExit: Exiting.
[2018.12.06-17.08.17:331][271]Log file closed, 12/06/18 17:08:17
