Log file open, 11/16/18 15:18:46
LogWindows: Failed to load 'aqProf.dll' (GetLastError=126)
LogWindows: File 'aqProf.dll' does not exist
LogWindows: Failed to load 'VSPerf140.dll' (GetLastError=126)
LogWindows: File 'VSPerf140.dll' does not exist
LogWindows: Failed to load 'VtuneApi.dll' (GetLastError=126)
LogWindows: File 'VtuneApi.dll' does not exist
LogWindows: Failed to load 'VtuneApi32e.dll' (GetLastError=126)
LogWindows: File 'VtuneApi32e.dll' does not exist
LogInit: Display: Running engine for game: ITOSG
LogPlatformFile: Not using cached read wrapper
LogTaskGraph: Started task graph with 5 named threads and 14 total threads with 3 sets of task threads.
LogStats: Stats thread started at 0.360881
LogD3D11RHI: Loaded GFSDK_Aftermath_Lib.x64.dll
LogICUInternationalization: Display: ICU TimeZone Detection - Raw Offset: +0:00, Platform Override: ''
LogPluginManager: Mounting plugin Paper2D
LogPluginManager: Mounting plugin AISupport
LogPluginManager: Mounting plugin LightPropagationVolume
LogPluginManager: Mounting plugin CLionSourceCodeAccess
LogPluginManager: Mounting plugin CodeLiteSourceCodeAccess
LogPluginManager: Mounting plugin GitSourceControl
LogPluginManager: Mounting plugin KDevelopSourceCodeAccess
LogPluginManager: Mounting plugin NullSourceCodeAccess
LogPluginManager: Mounting plugin PerforceSourceControl
LogPluginManager: Mounting plugin SubversionSourceControl
LogPluginManager: Mounting plugin UObjectPlugin
LogPluginManager: Mounting plugin VisualStudioCodeSourceCodeAccess
LogPluginManager: Mounting plugin VisualStudioSourceCodeAccess
LogPluginManager: Mounting plugin XCodeSourceCodeAccess
LogPluginManager: Mounting plugin AssetManagerEditor
LogPluginManager: Mounting plugin CryptoKeys
LogPluginManager: Mounting plugin DataValidation
LogPluginManager: Mounting plugin FacialAnimation
LogPluginManager: Mounting plugin GameplayTagsEditor
LogPluginManager: Mounting plugin MacGraphicsSwitching
LogPluginManager: Mounting plugin MeshEditor
LogPluginManager: Mounting plugin MobileLauncherProfileWizard
LogPluginManager: Mounting plugin PluginBrowser
LogPluginManager: Mounting plugin SpeedTreeImporter
LogPluginManager: Mounting plugin DatasmithContent
LogPluginManager: Mounting plugin AlembicImporter
LogPluginManager: Mounting plugin AppleImageUtils
LogPluginManager: Mounting plugin AppleVision
LogPluginManager: Mounting plugin BackChannel
LogPluginManager: Mounting plugin CharacterAI
LogPluginManager: Mounting plugin GeometryCache
LogPluginManager: Mounting plugin HTML5Networking
LogPluginManager: Mounting plugin ProxyLODPlugin
LogPluginManager: Mounting plugin MagicLeap
LogPluginManager: Mounting plugin MagicLeapEmulator
LogPluginManager: Mounting plugin MagicLeapMedia
LogPluginManager: Mounting plugin AndroidMedia
LogPluginManager: Mounting plugin AvfMedia
LogPluginManager: Mounting plugin ImgMedia
LogPluginManager: Mounting plugin LinearTimecode
LogPluginManager: Mounting plugin MediaCompositing
LogPluginManager: Mounting plugin MediaPlayerEditor
LogPluginManager: Mounting plugin WmfMedia
LogPluginManager: Mounting plugin TcpMessaging
LogPluginManager: Mounting plugin UdpMessaging
LogPluginManager: Mounting plugin ActorSequence
LogPluginManager: Mounting plugin LevelSequenceEditor
LogPluginManager: Mounting plugin MatineeToLevelSequence
LogPluginManager: Mounting plugin NetcodeUnitTest
LogPluginManager: Mounting plugin NUTUnrealEngine4
LogPluginManager: Mounting plugin OnlineSubsystemGooglePlay
LogPluginManager: Mounting plugin OnlineSubsystemIOS
LogPluginManager: Mounting plugin OnlineSubsystem
LogPluginManager: Mounting plugin OnlineSubsystemNull
LogPluginManager: Mounting plugin OnlineSubsystemUtils
LogPluginManager: Mounting plugin LauncherChunkInstaller
LogPluginManager: Mounting plugin AndroidDeviceProfileSelector
LogPluginManager: Mounting plugin AndroidMoviePlayer
LogPluginManager: Mounting plugin AndroidPermission
LogPluginManager: Mounting plugin AppleMoviePlayer
LogPluginManager: Mounting plugin ArchVisCharacter
LogPluginManager: Mounting plugin AudioCapture
LogPluginManager: Mounting plugin CableComponent
LogPluginManager: Mounting plugin CustomMeshComponent
LogPluginManager: Mounting plugin EditableMesh
LogPluginManager: Mounting plugin ExampleDeviceProfileSelector
LogPluginManager: Mounting plugin GoogleCloudMessaging
LogPluginManager: Mounting plugin ImmediatePhysics
LogPluginManager: Mounting plugin IOSDeviceProfileSelector
LogPluginManager: Mounting plugin LinuxDeviceProfileSelector
LogPluginManager: Mounting plugin LocationServicesBPLibrary
LogPluginManager: Mounting plugin MobilePatchingUtils
LogPluginManager: Mounting plugin OculusVR
LogPluginManager: Plugin shader directory ../../../Engine/Plugins/Runtime/Oculus/OculusVR/Shaders found
LogPluginManager: Mapping shader source directory ../../../Engine/Plugins/Runtime/Oculus/OculusVR/Shaders to virtual directory /Plugin/OculusVR
LogPluginManager: Mounting plugin PhysXVehicles
LogPluginManager: Mounting plugin ProceduralMeshComponent
LogPluginManager: Mounting plugin RuntimePhysXCooking
LogPluginManager: Mounting plugin SteamVR
LogPluginManager: Mounting plugin WindowsMoviePlayer
LogStreaming: Display: Took  0.292s to configure plugins.
LogInit: Using libcurl 7.55.1-DEV
LogInit:  - built for x86_64-pc-win32
LogInit:  - supports SSL with OpenSSL/1.0.2h
LogInit:  - supports HTTP deflate (compression) using libz 1.2.8
LogInit:  - other features:
LogInit:      CURL_VERSION_SSL
LogInit:      CURL_VERSION_LIBZ
LogInit:      CURL_VERSION_IPV6
LogInit:      CURL_VERSION_ASYNCHDNS
LogInit:      CURL_VERSION_LARGEFILE
LogInit:      CURL_VERSION_IDN
LogInit:  CurlRequestOptions (configurable via config and command line):
LogInit:  - bVerifyPeer = false  - Libcurl will NOT verify peer certificate
LogInit:  - bUseHttpProxy = false  - Libcurl will NOT use HTTP proxy
LogInit:  - bDontReuseConnections = false  - Libcurl will reuse connections
LogInit:  - CertBundlePath = nullptr  - Libcurl will use whatever was configured at build time.
LogInit:  - MaxHostConnections = 16  - Libcurl will limit the number of connections to a host
LogInit:  - LocalHostAddr = Default
LogInit:  - BufferSize = 65536
LogInit: WinSock: version 1.1 (2.2), MaxSocks=32767, MaxUdp=65467
LogInit: Build: ++UE4+Release-4.20-CL-4369336
LogInit: Engine Version: 4.20.3-4369336+++UE4+Release-4.20
LogInit: Compatible Engine Version: 4.20.0-4212847+++UE4+Release-4.20
LogInit: Net CL: 4212847
LogInit: OS: Windows 10 (), CPU: Intel(R) Xeon(R) CPU E5-1607 v3 @ 3.10GHz, GPU: NVIDIA GeForce GTX 970
LogInit: Compiled (64-bit): Sep 17 2018 12:26:19
LogInit: Compiled with Visual C++: 19.13.26129.00
LogInit: Build Configuration: Development
LogInit: Branch Name: ++UE4+Release-4.20
LogInit: Command Line:  -skipcompile
LogInit: Base Directory: C:/Epic/UE4/UE_4.20/Engine/Binaries/Win64/
LogInit: Installed Engine Build: 1
LogDevObjectVersion: Number of dev versions registered: 20
LogDevObjectVersion:   Dev-Blueprints (B0D832E4-1F89-4F0D-ACCF-7EB736FD4AA2): 10
LogDevObjectVersion:   Dev-Build (E1C64328-A22C-4D53-A36C-8E866417BD8C): 0
LogDevObjectVersion:   Dev-Core (375EC13C-06E4-48FB-B500-84F0262A717E): 2
LogDevObjectVersion:   Dev-Editor (E4B068ED-F494-42E9-A231-DA0B2E46BB41): 24
LogDevObjectVersion:   Dev-Framework (CFFC743F-43B0-4480-9391-14DF171D2073): 34
LogDevObjectVersion:   Dev-Mobile (B02B49B5-BB20-44E9-A304-32B752E40360): 2
LogDevObjectVersion:   Dev-Networking (A4E4105C-59A1-49B5-A7C5-40C4547EDFEE): 0
LogDevObjectVersion:   Dev-Online (39C831C9-5AE6-47DC-9A44-9C173E1C8E7C): 0
LogDevObjectVersion:   Dev-Physics (78F01B33-EBEA-4F98-B9B4-84EACCB95AA2): 0
LogDevObjectVersion:   Dev-Platform (6631380F-2D4D-43E0-8009-CF276956A95A): 0
LogDevObjectVersion:   Dev-Rendering (12F88B9F-8875-4AFC-A67C-D90C383ABD29): 26
LogDevObjectVersion:   Dev-Sequencer (7B5AE74C-D270-4C10-A958-57980B212A5A): 9
LogDevObjectVersion:   Dev-VR (D7296918-1DD6-4BDD-9DE2-64A83CC13884): 2
LogDevObjectVersion:   Dev-LoadTimes (C2A15278-BFE7-4AFE-6C17-90FF531DF755): 1
LogDevObjectVersion:   Private-Geometry (6EACA3D4-40EC-4CC1-B786-8BED09428FC5): 3
LogDevObjectVersion:   Dev-AnimPhys (29E575DD-E0A3-4627-9D10-D276232CDCEA): 17
LogDevObjectVersion:   Dev-ReflectionCapture (6B266CEC-1EC7-4B8F-A30B-E4D90942FC07): 1
LogDevObjectVersion:   Dev-Automation (0DF73D61-A23F-47EA-B727-89E90C41499A): 1
LogDevObjectVersion:   FortniteMain (601D1886-AC64-4F84-AA16-D3DE0DEAC7D6): 12
LogDevObjectVersion:   Dev-Enterprise (9DFFBCD6-494F-0158-E221-12823C92A888): 1
LogStreaming: Display: Took  0.002s to delete old logs.
LogInit: Presizing for max 8388607 objects, including 0 objects not considered by GC, pre-allocating 0 bytes for permanent pool.
LogInit: Object subsystem initialized
[2018.11.16-15.18.48:521][  0]LogInit: Selected Device Profile: [Windows]
[2018.11.16-15.18.48:521][  0]LogInit: Applying CVar settings loaded from the selected device profile: [Windows]
[2018.11.16-15.18.48:539][  0]LogHAL: Display: Platform has ~ 16 GB [17083682816 / 17179869184 / 16], which maps to Larger [LargestMinGB=32, LargerMinGB=12, DefaultMinGB=8, SmallerMinGB=6, SmallestMinGB=0)
[2018.11.16-15.18.48:540][  0]LogInit: Setting Device Profile CVar: [[r.Vulkan.UseRealUBs:1]]
[2018.11.16-15.18.48:540][  0]LogInit: Going up to parent DeviceProfile []
[2018.11.16-15.18.48:540][  0]LogInit: Computer: S500-22
[2018.11.16-15.18.48:540][  0]LogInit: User: l012265h
[2018.11.16-15.18.48:540][  0]LogInit: CPU Page size=4096, Cores=4
[2018.11.16-15.18.48:540][  0]LogInit: High frequency timer resolution =3.020355 MHz
[2018.11.16-15.18.48:541][  0]LogMemory: Memory total: Physical=15.9GB (16GB approx)
[2018.11.16-15.18.48:541][  0]LogMemory: Platform Memory Stats for Windows
[2018.11.16-15.18.48:541][  0]LogMemory: Process Physical Memory: 100.75 MB used, 100.75 MB peak
[2018.11.16-15.18.48:541][  0]LogMemory: Process Virtual Memory: 84.37 MB used, 84.37 MB peak
[2018.11.16-15.18.48:541][  0]LogMemory: Physical Memory: 5821.69 MB used,  10470.58 MB free, 16292.27 MB total
[2018.11.16-15.18.48:541][  0]LogMemory: Virtual Memory: 4620.36 MB used,  10470.58 MB free, 134217728.00 MB total
[2018.11.16-15.18.55:458][  0]LogInit: Using OS detected language (en-US).
[2018.11.16-15.18.55:458][  0]LogInit: Using OS detected locale (en-GB).
[2018.11.16-15.18.55:460][  0]LogTextLocalizationManager: No specific localization for 'en-US' exists, so the 'en' localization will be used.
[2018.11.16-15.18.55:914][  0]LogStreaming: Display: Took  0.455s to InitEngineTextLocalization.
[2018.11.16-15.18.55:914][  0]LogInit: Setting process to per monitor DPI aware
[2018.11.16-15.18.55:996][  0]LogSlate: New Slate User Created.  User Index 0, Is Virtual User: 0
[2018.11.16-15.18.55:997][  0]LogSlate: Slate User Registered.  User Index 0, Is Virtual User: 0
[2018.11.16-15.18.56:357][  0]LogHMD: Failed to initialize OpenVR with code 110
[2018.11.16-15.18.56:357][  0]LogD3D11RHI: D3D11 adapters:
[2018.11.16-15.18.56:724][  0]LogD3D11RHI:    0. 'NVIDIA GeForce GTX 970' (Feature Level 11_0)
[2018.11.16-15.18.56:724][  0]LogD3D11RHI:       4043/0/8146 MB DedicatedVideo/DedicatedSystem/SharedSystem, Outputs:2, VendorId:0x10de
[2018.11.16-15.18.56:850][  0]LogD3D11RHI:    1. 'Microsoft Basic Render Driver' (Feature Level 11_0)
[2018.11.16-15.18.56:850][  0]LogD3D11RHI:       0/0/8146 MB DedicatedVideo/DedicatedSystem/SharedSystem, Outputs:0, VendorId:0x1414
[2018.11.16-15.18.56:850][  0]LogD3D11RHI: Chosen D3D11 Adapter: 0
[2018.11.16-15.18.56:861][  0]LogD3D11RHI: Creating new Direct3DDevice
[2018.11.16-15.18.56:861][  0]LogD3D11RHI:     GPU DeviceId: 0x13c2 (for the marketing name, search the web for "GPU Device Id")
[2018.11.16-15.18.56:861][  0]LogWindows: EnumDisplayDevices:
[2018.11.16-15.18.56:862][  0]LogWindows:    0. 'NVIDIA GeForce GTX 970' (P:0 D:1)
[2018.11.16-15.18.56:862][  0]LogWindows:    1. 'NVIDIA GeForce GTX 970' (P:1 D:1)
[2018.11.16-15.18.56:863][  0]LogWindows:    2. 'NVIDIA GeForce GTX 970' (P:0 D:0)
[2018.11.16-15.18.56:863][  0]LogWindows:    3. 'NVIDIA GeForce GTX 970' (P:0 D:0)
[2018.11.16-15.18.56:863][  0]LogWindows: DebugString: FoundDriverCount:4 
[2018.11.16-15.18.56:863][  0]LogD3D11RHI:     Adapter Name: NVIDIA GeForce GTX 970
[2018.11.16-15.18.56:863][  0]LogD3D11RHI:   Driver Version: 399.24 (internal:24.21.13.9924, unified:399.24)
[2018.11.16-15.18.56:864][  0]LogD3D11RHI:      Driver Date: 9-5-2018
[2018.11.16-15.18.56:864][  0]LogRHI: Texture pool is 2830 MB (70% of 4043 MB)
[2018.11.16-15.18.56:918][  0]LogD3D11RHI: Async texture creation enabled
[2018.11.16-15.18.56:938][  0]LogD3D11RHI: GPU Timing Frequency: 1000.000000 (Debug: 2 2)
[2018.11.16-15.18.57:024][  0]LogShaderCompilers: Guid format shader working directory is -11 characters bigger than the processId version (../../../../../../Users/l012265h/Documents/GitHub/WGT/ITOSG/Intermediate/Shaders/WorkingDirectory/11656/).
[2018.11.16-15.18.57:025][  0]LogShaderCompilers: Cleaned the shader compiler working directory 'C:/Users/l012265h/AppData/Local/Temp/UnrealShaderWorkingDir/F69B6D404E98B29771FB1DA814374222/'.
[2018.11.16-15.18.57:679][  0]LogTemp: Display: Loaded TP AllDesktopTargetPlatform
[2018.11.16-15.18.57:704][  0]LogTemp: Display: Loaded TP MacClientTargetPlatform
[2018.11.16-15.18.57:740][  0]LogTemp: Display: Loaded TP MacNoEditorTargetPlatform
[2018.11.16-15.18.57:764][  0]LogTemp: Display: Loaded TP MacServerTargetPlatform
[2018.11.16-15.18.57:795][  0]LogTemp: Display: Loaded TP MacTargetPlatform
[2018.11.16-15.18.57:818][  0]LogTemp: Display: Loaded TP WindowsClientTargetPlatform
[2018.11.16-15.18.58:025][  0]LogTemp: Display: Loaded TP WindowsNoEditorTargetPlatform
[2018.11.16-15.18.58:062][  0]LogTemp: Display: Loaded TP WindowsServerTargetPlatform
[2018.11.16-15.18.58:120][  0]LogTemp: Display: Loaded TP WindowsTargetPlatform
[2018.11.16-15.18.58:248][  0]LogTemp: Display: Loaded TP AndroidTargetPlatform
[2018.11.16-15.18.58:250][  0]LogTemp: Display: Loaded TP AndroidTargetPlatform
[2018.11.16-15.18.58:250][  0]LogTemp: Display: Loaded TP AndroidTargetPlatform
[2018.11.16-15.18.58:251][  0]LogTemp: Display: Loaded TP AndroidTargetPlatform
[2018.11.16-15.18.58:251][  0]LogTemp: Display: Loaded TP AndroidTargetPlatform
[2018.11.16-15.18.58:251][  0]LogTemp: Display: Loaded TP AndroidTargetPlatform
[2018.11.16-15.18.58:251][  0]LogTemp: Display: Loaded TP AndroidTargetPlatform
[2018.11.16-15.18.58:251][  0]LogTemp: Display: Loaded TP AndroidTargetPlatform
[2018.11.16-15.18.58:251][  0]LogTemp: Display: Loaded TP AndroidTargetPlatform
[2018.11.16-15.18.58:251][  0]LogTemp: Display: Loaded TP AndroidTargetPlatform
[2018.11.16-15.18.58:252][  0]LogTemp: Display: Loaded TP AndroidTargetPlatform
[2018.11.16-15.18.58:252][  0]LogTemp: Display: Loaded TP AndroidTargetPlatform
[2018.11.16-15.18.58:252][  0]LogTemp: Display: Loaded TP AndroidTargetPlatform
[2018.11.16-15.18.58:252][  0]LogTemp: Display: Loaded TP AndroidTargetPlatform
[2018.11.16-15.18.58:252][  0]LogTemp: Display: Loaded TP AndroidTargetPlatform
[2018.11.16-15.18.58:253][  0]LogTemp: Display: Loaded TP AndroidTargetPlatform
[2018.11.16-15.18.58:253][  0]LogTemp: Display: Loaded TP AndroidTargetPlatform
[2018.11.16-15.18.58:253][  0]LogTemp: Display: Loaded TP AndroidTargetPlatform
[2018.11.16-15.18.58:259][  0]LogTemp: Display: Loaded TP HTML5TargetPlatform
[2018.11.16-15.18.58:575][  0]LogTemp: Display: Loaded TP IOSTargetPlatform
[2018.11.16-15.18.58:575][  0]LogTemp: Display: Loaded TP IOSTargetPlatform
[2018.11.16-15.18.58:614][  0]LogTemp: Display: Loaded TP TVOSTargetPlatform
[2018.11.16-15.18.58:615][  0]LogTemp: Display: Loaded TP TVOSTargetPlatform
[2018.11.16-15.18.58:638][  0]LogTemp: Display: Loaded TP LinuxClientTargetPlatform
[2018.11.16-15.18.58:661][  0]LogTemp: Display: Loaded TP LinuxNoEditorTargetPlatform
[2018.11.16-15.18.58:682][  0]LogTemp: Display: Loaded TP LinuxServerTargetPlatform
[2018.11.16-15.18.58:713][  0]LogTemp: Display: Loaded TP LinuxTargetPlatform
[2018.11.16-15.18.58:737][  0]LogTemp: Display: Loaded TP LuminTargetPlatform
[2018.11.16-15.18.58:737][  0]LogTargetPlatformManager: Display: Building Assets For Windows
[2018.11.16-15.18.59:607][  0]LogXGEController: Cleaning working directory: C:/Users/l012265h/AppData/Local/Temp/UnrealXGEWorkingDir/
[2018.11.16-15.18.59:608][  0]LogXGEController: Cannot use XGE Controller as Incredibuild is not installed on this machine.
[2018.11.16-15.18.59:608][  0]LogShaderCompilers: Cannot use XGE Shader Compiler as Incredibuild is not installed on this machine.
[2018.11.16-15.18.59:608][  0]LogShaderCompilers: Display: Using Local Shader Compiler.
[2018.11.16-15.19.00:766][  0]LogDerivedDataCache: Display: Max Cache Size: 512 MB
[2018.11.16-15.19.00:766][  0]LogDerivedDataCache: Display: Starting with empty Boot cache
[2018.11.16-15.19.00:766][  0]LogDerivedDataCache: FDerivedDataBackendGraph:  Pak pak cache file ../../../../../../Users/l012265h/Documents/GitHub/WGT/ITOSG/DerivedDataCache/DDC.ddp not found, will not use a pak cache.
[2018.11.16-15.19.00:766][  0]LogDerivedDataCache: Unable to find inner node Pak for hierarchical cache Hierarchy.
[2018.11.16-15.19.00:766][  0]LogDerivedDataCache: FDerivedDataBackendGraph:  CompressedPak pak cache file ../../../../../../Users/l012265h/Documents/GitHub/WGT/ITOSG/DerivedDataCache/Compressed.ddp not found, will not use a pak cache.
[2018.11.16-15.19.00:766][  0]LogDerivedDataCache: Unable to find inner node CompressedPak for hierarchical cache Hierarchy.
[2018.11.16-15.19.00:781][  0]LogDerivedDataCache: Display: Pak cache opened for reading ../../../Engine/DerivedDataCache/Compressed.ddp.
[2018.11.16-15.19.00:795][  0]LogDerivedDataCache: Using Local data cache path C:/Users/l012265h/AppData/Local/UnrealEngine/Common/DerivedDataCache: Writable
[2018.11.16-15.19.00:795][  0]LogDerivedDataCache: Shared data cache path not found in *engine.ini, will not use an Shared cache.
[2018.11.16-15.19.00:795][  0]LogDerivedDataCache: Unable to find inner node Shared for hierarchical cache Hierarchy.
[2018.11.16-15.19.00:839][  0]LogMaterial: Verifying Global Shaders for PCD3D_SM5
[2018.11.16-15.19.00:841][  0]LogSlate: Using FreeType 2.6.0
[2018.11.16-15.19.00:842][  0]LogSlate: SlateFontServices - WITH_FREETYPE: 1, WITH_HARFBUZZ: 1
[2018.11.16-15.19.00:937][  0]LogAssetRegistry: FAssetRegistry took 0.0298 seconds to start up
[2018.11.16-15.19.01:364][  0]LogInit: Selected Device Profile: [Windows]
[2018.11.16-15.19.01:685][  0]LogSimplygon: Simplygon DLL not present - disabling.
[2018.11.16-15.19.01:729][  0]LogMeshReduction: Using SimplygonSwarm for distributed automatic mesh merging
[2018.11.16-15.19.01:729][  0]LogMeshReduction: Using ProxyLODMeshReduction for automatic mesh merging
[2018.11.16-15.19.01:729][  0]LogMeshReduction: Using QuadricMeshReduction for automatic static mesh reduction
[2018.11.16-15.19.01:729][  0]LogMeshReduction: No automatic skeletal mesh reduction module available
[2018.11.16-15.19.01:764][  0]LogNetVersion: ITOSG 1.0.0, NetCL: 4212847, EngineNetVer: 5, GameNetVer: 0 (Checksum: 987612483)
[2018.11.16-15.19.02:568][  0]LogPackageLocalizationCache: Processed 11 localized package path(s) for 2 prioritized culture(s) in 0.154094 seconds
[2018.11.16-15.19.02:575][  0]LogUObjectArray: 38425 objects as part of root set at end of initial load.
[2018.11.16-15.19.02:576][  0]LogUObjectAllocator: 6690864 out of 0 bytes used by permanent object pool.
[2018.11.16-15.19.02:576][  0]LogUObjectArray: CloseDisregardForGC: 0/0 objects in disregard for GC pool
[2018.11.16-15.19.05:819][  0]LogTcpMessaging: Initializing TcpMessaging bridge
[2018.11.16-15.19.05:838][  0]LogUdpMessaging: Initializing bridge on interface 0.0.0.0:0 to multicast group 230.0.0.1:6666.
[2018.11.16-15.19.06:234][  0]LogMaterial: Display: Missing cached shader map for material M_Cursor_Decal, compiling. 
[2018.11.16-15.19.08:933][  0]LogShaderCompilers: Display: Shaders left to compile 34
[2018.11.16-15.19.08:933][  0]LogShaderCompilers: Display: Shaders left to compile 24
[2018.11.16-15.19.08:934][  0]LogShaderCompilers: Display: Shaders left to compile 14
[2018.11.16-15.19.13:874][  0]SourceControl: Source control is disabled
[2018.11.16-15.19.13:874][  0]SourceControl: Source control is disabled
[2018.11.16-15.19.14:333][  0]SourceControl: Source control is disabled
[2018.11.16-15.19.14:446][  0]SourceControl: Source control is disabled
[2018.11.16-15.19.19:468][  0]LogAndroidPermission: UAndroidPermissionCallbackProxy::GetInstance
[2018.11.16-15.19.20:281][  0]LogShaderCompilers: Display: Shaders left to compile 4
[2018.11.16-15.19.20:281][  0]LogOcInput: OculusInput pre-init called
[2018.11.16-15.19.22:169][  0]LogEngine: Initializing Engine...
[2018.11.16-15.19.22:254][  0]LogHMD: Failed to initialize OpenVR with code 110
[2018.11.16-15.19.22:364][  0]LogStats: UGameplayTagsManager::ConstructGameplayTagTree: ImportINI prefixes -  0.066 s
[2018.11.16-15.19.22:365][  0]LogStats: UGameplayTagsManager::ConstructGameplayTagTree: Construct from data asset -  0.000 s
[2018.11.16-15.19.22:365][  0]LogStats: UGameplayTagsManager::ConstructGameplayTagTree: ImportINI -  0.000 s
[2018.11.16-15.19.22:366][  0]LogStats: UGameplayTagsManager::ConstructGameplayTagTree: GameplayTagTreeChangedEvent.Broadcast -  0.001 s
[2018.11.16-15.19.29:855][  0]LogInit: Initializing FReadOnlyCVARCache
[2018.11.16-15.19.30:396][  0]LogAIModule: Creating AISystem for world Untitled
[2018.11.16-15.19.31:507][  0]LogInit: XAudio2 using 'Speakers (Realtek High Definition Audio)' : 2 channels at 48 kHz using 32 bits per sample (channel mask 0x3)
[2018.11.16-15.19.32:106][  0]LogInit: FAudioDevice initialized.
[2018.11.16-15.19.32:107][  0]LogNetVersion: Set ProjectVersion to 1.0.0.0. Version Checksum will be recalculated on next use.
[2018.11.16-15.19.32:600][  0]LogDerivedDataCache: Saved boot cache 0.49s 73MB C:/Users/l012265h/AppData/Local/UnrealEngine/4.20/DerivedDataCache/Boot.ddc.
[2018.11.16-15.19.32:604][  0]LogInit: Texture streaming: Enabled
[2018.11.16-15.19.33:030][  0]LogEngineSessionManager: EngineSessionManager initialized
[2018.11.16-15.19.34:558][  0]LogInit: Transaction tracking system initialized
[2018.11.16-15.19.35:995][  0]BlueprintLog: New page: Editor Load
[2018.11.16-15.19.39:899][  0]LocalizationService: Localization service is disabled
[2018.11.16-15.19.50:208][  0]LogFileCache: Scanning file cache for directory 'C:/Users/l012265h/Documents/GitHub/WGT/ITOSG/Content/' took 0.05s
[2018.11.16-15.19.50:208][  0]LogCook: Display: Max memory allowance for cook 16384mb min free memory 0mb
[2018.11.16-15.19.50:208][  0]LogCook: Display: Mobile HDR setting 1
[2018.11.16-15.19.50:208][  0]LogGameplayTags: Display: UGameplayTagsManager::DoneAddingNativeTags. DelegateIsBound: 0
[2018.11.16-15.19.50:209][  0]LogStats: UGameplayTagsManager::ConstructGameplayTagTree: ImportINI prefixes -  0.000 s
[2018.11.16-15.19.50:210][  0]LogStats: UGameplayTagsManager::ConstructGameplayTagTree: Construct from data asset -  0.000 s
[2018.11.16-15.19.50:210][  0]LogStats: UGameplayTagsManager::ConstructGameplayTagTree: ImportINI -  0.000 s
[2018.11.16-15.19.50:210][  0]LogStats: UGameplayTagsManager::ConstructGameplayTagTree: GameplayTagTreeChangedEvent.Broadcast -  0.000 s
[2018.11.16-15.20.04:023][  0]SourceControl: Source control is disabled
[2018.11.16-15.20.04:036][  0]Cmd: MAP LOAD FILE="../../../../../../Users/l012265h/Documents/GitHub/WGT/ITOSG/Content/TopDownCPP/Maps/TopDownExampleMap.umap" TEMPLATE=0 SHOWPROGRESS=1 FEATURELEVEL=3
[2018.11.16-15.20.04:045][  0]LightingResults: New page: Lighting Build
[2018.11.16-15.20.04:176][  0]MapCheck: New page: Map Check
[2018.11.16-15.20.04:176][  0]LightingResults: New page: Lighting Build
[2018.11.16-15.20.04:659][  0]LogLinker: Warning: Can't find file '/Game/TopDownCPP/Maps/TopDownExampleMap_BuiltData'
[2018.11.16-15.20.04:659][  0]LogLinker: Warning: Can't find file for asset '/Game/TopDownCPP/Maps/TopDownExampleMap_BuiltData' while loading ../../../../../../Users/l012265h/Documents/GitHub/WGT/ITOSG/Content/TopDownCPP/Maps/TopDownExampleMap.umap.
[2018.11.16-15.20.04:659][  0]LoadErrors: Error: /Game/TopDownCPP/Maps/TopDownExampleMap : Can't find file for asset. /Game/TopDownCPP/Maps/TopDownExampleMap_BuiltData
[2018.11.16-15.20.05:372][  0]LogLinker: Warning: Can't find file '/Game/TopDownCPP/Maps/TopDownExampleMap_BuiltData'
[2018.11.16-15.20.05:373][  0]LogLinker: Warning: Can't find file for asset '/Game/TopDownCPP/Maps/TopDownExampleMap_BuiltData' while loading ../../../../../../Users/l012265h/Documents/GitHub/WGT/ITOSG/Content/TopDownCPP/Maps/TopDownExampleMap.umap.
[2018.11.16-15.20.05:373][  0]LoadErrors: Error: /Game/TopDownCPP/Maps/TopDownExampleMap : Can't find file for asset. /Game/TopDownCPP/Maps/TopDownExampleMap_BuiltData
[2018.11.16-15.20.05:382][  0]LogLinker: Warning: Can't find file '/Game/TopDownCPP/Maps/TopDownExampleMap_BuiltData'
[2018.11.16-15.20.05:383][  0]LogLinker: Warning: Can't find file for asset '/Game/TopDownCPP/Maps/TopDownExampleMap_BuiltData' while loading NULL.
[2018.11.16-15.20.05:383][  0]LogLinker: Warning: Can't find file '/Game/TopDownCPP/Maps/TopDownExampleMap_BuiltData'
[2018.11.16-15.20.05:384][  0]LogLinker: Warning: Can't find file for asset '/Game/TopDownCPP/Maps/TopDownExampleMap_BuiltData' while loading NULL.
[2018.11.16-15.20.05:444][  0]LogLinker: Warning: Can't find file '/Game/TopDownCPP/Maps/TopDownExampleMap_BuiltData'
[2018.11.16-15.20.05:444][  0]LoadErrors: Failed to load /Game/TopDownCPP/Maps/TopDownExampleMap_BuiltData.TopDownExampleMap_BuiltData Referenced by PersistentLevel
[2018.11.16-15.20.05:445][  0]LogLinker: Warning: Can't find file for asset '/Game/TopDownCPP/Maps/TopDownExampleMap_BuiltData' while loading NULL.
[2018.11.16-15.20.05:445][  0]LoadErrors: Failed to load /Game/TopDownCPP/Maps/TopDownExampleMap_BuiltData.TopDownExampleMap_BuiltData Referenced by PersistentLevel
[2018.11.16-15.20.05:926][  0]LogTexture: Display: Building textures: T_ky_deco_rainbow (AutoDXT, 128X512)
[2018.11.16-15.20.05:926][  0]LogTexture: Display: Building textures: T_ky_decoLinesB_sml (AutoDXT, 1024X1024)
[2018.11.16-15.20.05:926][  0]LogTexture: Display: Building textures: T_ky_lensFlare01 (DXT1, 2048X512)
[2018.11.16-15.20.05:926][  0]LogTexture: Display: Building textures: ThumbnailTexture (DXT1, 512X512)
[2018.11.16-15.20.06:981][  0]LogTexture: Display: Building textures: T_ky_fire01 (DXT1, 512X256)
[2018.11.16-15.20.06:982][  0]LogTexture: Display: Building textures: T_ky_noise13_sml_nor (BC5, 1024X1024)
[2018.11.16-15.20.06:982][  0]LogTexture: Display: Building textures: T_ky_dust01 (DXT1, 256X512)
[2018.11.16-15.20.07:420][  0]LogTexture: Display: Building textures: ThumbnailTexture (DXT1, 512X512)
[2018.11.16-15.20.07:420][  0]LogTexture: Display: Building textures: ThumbnailTexture (DXT1, 512X512)
[2018.11.16-15.20.07:421][  0]LogTexture: Display: Building textures: ThumbnailTexture (DXT1, 512X512)
[2018.11.16-15.20.07:421][  0]LogTexture: Display: Building textures: ThumbnailTexture (DXT1, 512X512)
[2018.11.16-15.20.07:421][  0]LogTexture: Display: Building textures: T_ky_smoke_kai (AutoDXT, 256X256)
[2018.11.16-15.20.07:421][  0]LogTexture: Display: Building textures: T_ky_dist_noise (AutoDXT, 100X100)
[2018.11.16-15.20.07:421][  0]LogTexture: Display: Building textures: T_ky_smoke2 (AutoDXT, 1024X1024)
[2018.11.16-15.20.07:422][  0]LogTexture: Display: Building textures: T_ky_noise3 (AutoDXT, 1024X1024)
[2018.11.16-15.20.07:423][  0]LogTexture: Display: Building textures: T_ky_wave_nor (BC5, 1024X1024)
[2018.11.16-15.20.07:582][  0]LogTexture: Display: Building textures: ThumbnailTexture (DXT1, 512X512)
[2018.11.16-15.20.07:626][  0]LogTexture: Display: Building textures: T_ky_noise6 (AutoDXT, 1024X1024)
[2018.11.16-15.20.09:265][  0]LogTexture: Display: Building textures: T_ky_maskRGB06 (DXT1, 1024X1024)
[2018.11.16-15.20.09:272][  0]LogTexture: Display: Building textures: T_ky_ice02 (DXT1, 1024X1024)
[2018.11.16-15.20.09:272][  0]LogTexture: Display: Building textures: T_ky_noise5 (AutoDXT, 1024X1024)
[2018.11.16-15.20.10:443][  0]LogMaterial: Display: Missing cached shader map for material M_ky_waterDust, compiling. 
[2018.11.16-15.20.10:782][  0]LogTexture: Display: Building textures: T_ky_noise4 (AutoDXT, 1024X1024)
[2018.11.16-15.20.10:782][  0]LogTexture: Display: Building textures: T_ky_flare_a (AutoDXT, 512X512)
[2018.11.16-15.20.10:783][  0]LogShaderCompilers: Display: Shaders left to compile 135
[2018.11.16-15.20.10:783][  0]LogShaderCompilers: Display: Shaders left to compile 125
[2018.11.16-15.20.10:783][  0]LogShaderCompilers: Display: Shaders left to compile 115
[2018.11.16-15.20.10:783][  0]LogTexture: Display: Building textures: ThumbnailTexture (DXT1, 512X512)
[2018.11.16-15.20.10:783][  0]LogMaterial: Display: Missing cached shader map for material M_ky_flare_flash, compiling. 
[2018.11.16-15.20.10:811][  0]LogStaticMesh: Building static mesh SM_ky_tornado06...
[2018.11.16-15.20.11:015][  0]LogTexture: Display: Building textures: T_ky_smoke1 (DXT1, 2048X2048)
[2018.11.16-15.20.11:016][  0]LogTexture: Display: Building textures: ThumbnailTexture (DXT1, 512X512)
[2018.11.16-15.20.11:017][  0]LogStaticMesh: Built static mesh [0.20s] /Game/AdvancedMagicFX13/Meshes/SM_ky_tornado06.SM_ky_tornado06
[2018.11.16-15.20.11:174][  0]LogTexture: Display: Building textures: T_ky_flare14_4x4 (DXT1, 2048X2048)
[2018.11.16-15.20.11:181][  0]LogTexture: Display: Building textures: T_ky_noise16 (DXT1, 1024X1024)
[2018.11.16-15.20.12:279][  0]LogTexture: Display: Building textures: T_ky_maskRGB3 (DXT1, 1024X1024)
[2018.11.16-15.20.14:411][  0]LogTexture: Display: Building textures: T_ky_flash01_4x4 (DXT1, 2048X2048)
[2018.11.16-15.20.14:417][  0]LogTexture: Display: Building textures: T_ky_flareVertical02 (DXT1, 1024X1024)
[2018.11.16-15.20.14:432][  0]LogMaterial: Display: Missing cached shader map for material M_ky_tornado01, compiling. 
[2018.11.16-15.20.14:495][  0]LogStaticMesh: Building static mesh SM_ky_tornado06_back...
[2018.11.16-15.20.14:506][  0]LogTexture: Display: Building textures: ThumbnailTexture (DXT1, 512X512)
[2018.11.16-15.20.14:506][  0]LogStaticMesh: Built static mesh [0.01s] /Game/AdvancedMagicFX13/Meshes/SM_ky_tornado06_back.SM_ky_tornado06_back
[2018.11.16-15.20.14:512][  0]LogStaticMesh: Building static mesh SM_ky_circleDist06...
[2018.11.16-15.20.14:517][  0]LogStaticMesh: Built static mesh [0.00s] /Game/AdvancedMagicFX13/Meshes/SM_ky_circleDist06.SM_ky_circleDist06
[2018.11.16-15.20.14:520][  0]LogMaterial: Display: Missing cached shader map for material M_ky_vortex03, compiling. 
[2018.11.16-15.20.14:549][  0]LogMaterial: Display: Missing cached shader map for material M_ky_empty, compiling. 
[2018.11.16-15.20.14:569][  0]LogMaterial: Display: Missing cached shader map for material M_ky_dust01, compiling. 
[2018.11.16-15.20.14:604][  0]LogStaticMesh: Building static mesh SM_ky_windSmoke...
[2018.11.16-15.20.14:609][  0]LogStaticMesh: Built static mesh [0.01s] /Game/AdvancedMagicFX13/Meshes/SM_ky_windSmoke.SM_ky_windSmoke
[2018.11.16-15.20.14:613][  0]LogMaterial: Display: Missing cached shader map for material M_ky_fire03b2, compiling. 
[2018.11.16-15.20.14:637][  0]LogMaterial: Display: Missing cached shader map for material M_ky_flare_flash, compiling. 
[2018.11.16-15.20.14:665][  0]LogMaterial: Display: Missing cached shader map for material M_ky_primitive, compiling. 
[2018.11.16-15.20.15:069][  0]LogTexture: Display: Building textures: T_ky_dust_longStar (AutoDXT, 512X512)
[2018.11.16-15.20.15:070][  0]LogTexture: Display: Building textures: ThumbnailTexture (DXT1, 512X512)
[2018.11.16-15.20.15:070][  0]LogMaterial: Display: Missing cached shader map for material M_ky_primitiveColor, compiling. 
[2018.11.16-15.20.15:107][  0]LogMaterial: Display: Missing cached shader map for material M_ky_primitiveColor, compiling. 
[2018.11.16-15.20.15:138][  0]LogMaterial: Display: Missing cached shader map for material M_ky_polarGlow02, compiling. 
[2018.11.16-15.20.15:160][  0]LogMaterial: Display: Missing cached shader map for material M_ky_flare01_primitive, compiling. 
[2018.11.16-15.20.15:189][  0]LogMaterial: Display: Missing cached shader map for material M_ky_flare01_primitive, compiling. 
[2018.11.16-15.20.15:406][  0]LogTexture: Display: Building textures: T_ky_vortex04_4x4 (DXT1, 2048X2048)
[2018.11.16-15.20.15:408][  0]LogMaterial: Display: Missing cached shader map for material M_ky_flare01_primitive, compiling. 
[2018.11.16-15.20.15:471][  0]LogTexture: Display: Building textures: T_ky_stone02_2x2 (AutoDXT, 1024X1024)
[2018.11.16-15.20.15:483][  0]LogMaterial: Display: Missing cached shader map for material M_ky_primitive_dyn2, compiling. 
[2018.11.16-15.20.15:527][  0]LogMaterial: Display: Missing cached shader map for material M_ky_lensFlare02, compiling. 
[2018.11.16-15.20.15:546][  0]LogMaterial: Display: Missing cached shader map for material M_ky_gaseous03, compiling. 
[2018.11.16-15.20.15:566][  0]LogStaticMesh: Building static mesh SM_ky_circle_midpoly...
[2018.11.16-15.20.15:568][  0]LogStaticMesh: Built static mesh [0.00s] /Game/AdvancedMagicFX13/Meshes/SM_ky_circle_midpoly.SM_ky_circle_midpoly
[2018.11.16-15.20.15:575][  0]LogMaterial: Display: Missing cached shader map for material M_ky_shockwave08, compiling. 
[2018.11.16-15.20.15:599][  0]LogMaterial: Display: Missing cached shader map for material M_ky_starDust, compiling. 
[2018.11.16-15.20.15:631][  0]LogMaterial: Display: Missing cached shader map for material M_ky_starDust, compiling. 
[2018.11.16-15.20.15:666][  0]LogMaterial: Display: Missing cached shader map for material M_ky_polarShockwave2, compiling. 
[2018.11.16-15.20.15:687][  0]LogMaterial: Display: Missing cached shader map for material M_ky_polarShockwave2, compiling. 
[2018.11.16-15.20.15:714][  0]LogMaterial: Display: Missing cached shader map for material M_ky_base_turbulence, compiling. 
[2018.11.16-15.20.15:742][  0]LogMaterial: Display: Missing cached shader map for material M_ky_dynDust, compiling. 
[2018.11.16-15.20.15:774][  0]LogMaterial: Display: Missing cached shader map for material M_ky_flare01_primitive, compiling. 
[2018.11.16-15.20.15:798][  0]LogMaterial: Display: Missing cached shader map for material M_ky_flare01_primitive, compiling. 
[2018.11.16-15.20.15:826][  0]LogMaterial: Display: Missing cached shader map for material M_ky_circle04, compiling. 
[2018.11.16-15.20.15:850][  0]LogStaticMesh: Building static mesh SM_ky_circle_inv...
[2018.11.16-15.20.15:854][  0]LogStaticMesh: Built static mesh [0.00s] /Game/AdvancedMagicFX13/Meshes/SM_ky_circle_inv.SM_ky_circle_inv
[2018.11.16-15.20.15:857][  0]LogMaterial: Display: Missing cached shader map for material M_ky_fire03b, compiling. 
[2018.11.16-15.20.15:887][  0]LogStaticMesh: Building static mesh SM_ky_sphere...
[2018.11.16-15.20.15:898][  0]LogStaticMesh: Built static mesh [0.01s] /Game/AdvancedMagicFX13/Meshes/SM_ky_sphere.SM_ky_sphere
[2018.11.16-15.20.15:903][  0]LogMaterial: Display: Missing cached shader map for material M_ky_fire03b, compiling. 
[2018.11.16-15.20.15:924][  0]LogStaticMesh: Building static mesh SM_ky_cylinder_superLow_inv...
[2018.11.16-15.20.15:929][  0]LogStaticMesh: Built static mesh [0.00s] /Game/AdvancedMagicFX13/Meshes/SM_ky_cylinder_superLow_inv.SM_ky_cylinder_superLow_inv
[2018.11.16-15.20.15:932][  0]LogMaterial: Display: Missing cached shader map for material M_ky_auraWall, compiling. 
[2018.11.16-15.20.15:953][  0]LogMaterial: Display: Missing cached shader map for material M_ky_auraWall, compiling. 
[2018.11.16-15.20.15:977][  0]LogMaterial: Display: Missing cached shader map for material M_ky_starDust, compiling. 
[2018.11.16-15.20.16:070][  0]LogTexture: Display: Building textures: T_ky_slash01_4x4 (DXT1, 2048X2048)
[2018.11.16-15.20.17:370][  0]LogTexture: Display: Building textures: ThumbnailTexture (DXT1, 512X512)
[2018.11.16-15.20.17:370][  0]LogTexture: Display: Building textures: ThumbnailTexture (DXT1, 512X512)
[2018.11.16-15.20.17:389][  0]LogTexture: Display: Building textures: T_ky_shockWave03_4x4 (DXT1, 2048X2048)
[2018.11.16-15.20.17:395][  0]LogMaterial: Display: Missing cached shader map for material M_ky_slash01_4x4, compiling. 
[2018.11.16-15.20.17:422][  0]LogMaterial: Display: Missing cached shader map for material M_ky_slash02_4x4, compiling. 
[2018.11.16-15.20.17:444][  0]LogMaterial: Display: Missing cached shader map for material M_ky_stone02, compiling. 
[2018.11.16-15.20.17:479][  0]LogStaticMesh: Building static mesh SM_ky_quad_centerRot...
[2018.11.16-15.20.17:484][  0]LogStaticMesh: Built static mesh [0.01s] /Game/AdvancedMagicFX13/Meshes/SM_ky_quad_centerRot.SM_ky_quad_centerRot
[2018.11.16-15.20.19:202][  0]LogTexture: Display: Building textures: T_ky_deco_doom (AutoDXT, 256X256)
[2018.11.16-15.20.19:203][  0]LogMaterial: Display: Missing cached shader map for material M_ky_vortex04_4x4, compiling. 
[2018.11.16-15.20.19:221][  0]LogMaterial: Display: Missing cached shader map for material M_ky_vortex04_4x4, compiling. 
[2018.11.16-15.20.19:274][  0]LogMaterial: Display: Missing cached shader map for material M_ky_shockWave03_4x4, compiling. 
[2018.11.16-15.20.19:297][  0]LogMaterial: Display: Missing cached shader map for material M_ky_shockWave03_4x4, compiling. 
[2018.11.16-15.20.19:374][  0]LogMaterial: Display: Missing cached shader map for material M_ky_thunderForBeam, compiling. 
[2018.11.16-15.20.19:718][  0]LogAIModule: Creating AISystem for world TopDownExampleMap
[2018.11.16-15.20.20:875][  0]LogEditorServer: Finished looking for orphan Actors (0.000 secs)
[2018.11.16-15.20.20:985][  0]Cmd: MAP CHECKDEP NOCLEARLOG
[2018.11.16-15.20.21:312][  0]MapCheck: Map check complete: 0 Error(s), 0 Warning(s), took 326.443ms to complete.
[2018.11.16-15.20.21:312][  0]LogFileHelpers: Loading map 'TopDownExampleMap' took 17.275
[2018.11.16-15.20.22:955][  0]LogSlate: Updating window title bar state: overlay mode, drag disabled, window buttons hidden, title bar hidden
[2018.11.16-15.20.23:262][  0]LogSlate: Updating window title bar state: overlay mode, drag disabled, window buttons hidden, title bar hidden
[2018.11.16-15.20.23:271][  0]LogSlate: Updating window title bar state: overlay mode, drag disabled, window buttons hidden, title bar hidden
[2018.11.16-15.20.23:280][  0]LogSlate: Updating window title bar state: overlay mode, drag disabled, window buttons hidden, title bar hidden
[2018.11.16-15.20.24:999][  0]LogShaderCompilers: Display: Shaders left to compile 1894
[2018.11.16-15.20.24:999][  0]LogCollectionManager: Loaded 0 collections in 0.004373 seconds
[2018.11.16-15.20.26:396][  0]LogFileCache: Scanning file cache for directory 'C:/Users/l012265h/Documents/GitHub/WGT/ITOSG/Saved/Collections/' took 0.02s
[2018.11.16-15.20.26:397][  0]LogFileCache: Scanning file cache for directory 'C:/Users/l012265h/Documents/GitHub/WGT/ITOSG/Content/Developers/l012265h/Collections/' took 0.01s
[2018.11.16-15.20.26:397][  0]LogFileCache: Scanning file cache for directory 'C:/Users/l012265h/Documents/GitHub/WGT/ITOSG/Content/Collections/' took 0.01s
[2018.11.16-15.20.26:397][  0]LogCollectionManager: Rebuilt the GUID cache for 0 collections in 0.000000 seconds
[2018.11.16-15.20.26:756][  0]LogContentBrowser: Native class hierarchy populated in 0.2489 seconds. Added 2575 classes and 605 folders.
[2018.11.16-15.20.28:025][  0]LogShaderCompilers: Display: Shaders left to compile 1884
[2018.11.16-15.20.28:025][  0]LogContentBrowser: Native class hierarchy updated for 'WidgetCarousel' in 0.0006 seconds. Added 0 classes and 0 folders.
[2018.11.16-15.20.33:366][  0]LogShaderCompilers: Display: Shaders left to compile 1874
[2018.11.16-15.20.33:366][  0]LogShaderCompilers: Display: Shaders left to compile 1864
[2018.11.16-15.20.33:366][  0]LogShaderCompilers: Display: Shaders left to compile 1854
[2018.11.16-15.20.33:366][  0]LogShaderCompilers: Display: Shaders left to compile 1844
[2018.11.16-15.20.33:366][  0]LogContentBrowser: Native class hierarchy updated for 'AddContentDialog' in 0.0006 seconds. Added 0 classes and 0 folders.
[2018.11.16-15.20.33:543][  0]LogContentBrowser: Native class hierarchy updated for 'SceneOutliner' in 0.0006 seconds. Added 1 classes and 2 folders.
[2018.11.16-15.20.34:572][  0]LogShaderCompilers: Display: Shaders left to compile 1834
[2018.11.16-15.20.34:572][  0]LogSlate: Took 0.057356 seconds to synchronously load lazily loaded font '../../../Engine/Content/Slate/Fonts/Roboto-Regular.ttf' (155K)
[2018.11.16-15.20.34:655][  0]LogSlate: Took 0.060790 seconds to synchronously load lazily loaded font '../../../Engine/Content/Slate/Fonts/Roboto-Bold.ttf' (160K)
[2018.11.16-15.20.34:764][  0]LogSlate: Took 0.018735 seconds to synchronously load lazily loaded font '../../../Engine/Content/Editor/Slate/Fonts/FontAwesome.ttf' (139K)
[2018.11.16-15.20.35:414][  0]LogRenderer: Reallocating scene render targets to support 1208x576 Format 10 NumSamples 1 (Frame:1).
[2018.11.16-15.20.52:008][  0]LogShaderCompilers: Display: Shaders left to compile 1824
[2018.11.16-15.20.52:008][  0]LogShaderCompilers: Display: Shaders left to compile 1814
[2018.11.16-15.20.52:008][  0]LogShaderCompilers: Display: Shaders left to compile 1804
[2018.11.16-15.20.52:009][  0]LogShaderCompilers: Display: Shaders left to compile 1794
[2018.11.16-15.20.52:009][  0]LogShaderCompilers: Display: Shaders left to compile 1784
[2018.11.16-15.20.52:009][  0]LogShaderCompilers: Display: Shaders left to compile 1774
[2018.11.16-15.20.52:009][  0]LogShaderCompilers: Display: Shaders left to compile 1764
[2018.11.16-15.20.52:009][  0]LogShaderCompilers: Display: Shaders left to compile 1754
[2018.11.16-15.20.52:009][  0]LogShaderCompilers: Display: Shaders left to compile 1744
[2018.11.16-15.20.52:009][  0]LogShaderCompilers: Display: Shaders left to compile 1734
[2018.11.16-15.20.52:009][  0]LogShaderCompilers: Display: Shaders left to compile 1724
[2018.11.16-15.20.52:009][  0]LogShaderCompilers: Display: Shaders left to compile 1714
[2018.11.16-15.20.52:009][  0]LogShaderCompilers: Display: Shaders left to compile 1704
[2018.11.16-15.20.52:009][  0]LogShaderCompilers: Display: Shaders left to compile 1694
[2018.11.16-15.20.52:009][  0]LogSlate: FSceneViewport::OnFocusLost() reason 2
[2018.11.16-15.20.52:234][  0]LogSlate: Window 'Tutorials' being destroyed
[2018.11.16-15.20.52:393][  0]LogContentBrowser: Native class hierarchy updated for 'HierarchicalLODOutliner' in 0.0006 seconds. Added 0 classes and 0 folders.
[2018.11.16-15.20.52:394][  0]LogLoad: (Engine Initialization) Total time: 130.13 seconds
[2018.11.16-15.20.52:394][  0]LogLoad: (Engine Initialization) Total Blueprint compile time: 0.00 seconds
[2018.11.16-15.20.52:405][  0]LogWindowsTextInputMethodSystem: Display: IME system now deactivated.
[2018.11.16-15.20.52:585][  0]LogContentStreaming: Texture pool size now 1000 MB
[2018.11.16-15.20.52:595][  0]LogSlate: FSceneViewport::OnFocusLost() reason 2
[2018.11.16-15.20.52:762][  0]LogSlate: Took 0.045690 seconds to synchronously load lazily loaded font '../../../Engine/Content/Slate/Fonts/Roboto-Light.ttf' (167K)
[2018.11.16-15.20.53:036][  2]LogAssetRegistry: Asset discovery search completed in 112.1233 seconds
[2018.11.16-15.20.53:039][  2]LogCollectionManager: Rebuilt the object cache for 0 collections in 0.000000 seconds (found 0 objects)
[2018.11.16-15.20.53:039][  2]LogCollectionManager: Fixed up redirectors for 0 collections in 0.000161 seconds (updated 0 objects)
[2018.11.16-15.20.53:122][  4]LogShaderCompilers: Display: Shaders left to compile 1684
[2018.11.16-15.20.57:001][398]LogShaderCompilers: Display: Shaders left to compile 1674
[2018.11.16-15.20.58:475][523]LogShaderCompilers: Display: Shaders left to compile 1664
[2018.11.16-15.20.59:793][523]LogShaderCompilers: Display: Shaders left to compile 1654
[2018.11.16-15.21.00:680][523]LogShaderCompilers: Display: Shaders left to compile 1644
[2018.11.16-15.21.01:638][523]LogShaderCompilers: Display: Shaders left to compile 1634
[2018.11.16-15.21.02:878][523]LogShaderCompilers: Display: Shaders left to compile 1624
[2018.11.16-15.21.03:000][523]LogShaderCompilers: Display: Shaders left to compile 1614
[2018.11.16-15.21.04:313][523]LogShaderCompilers: Display: Shaders left to compile 1604
[2018.11.16-15.21.05:753][523]LogShaderCompilers: Display: Shaders left to compile 1594
[2018.11.16-15.21.05:958][523]LogShaderCompilers: Display: Shaders left to compile 1584
[2018.11.16-15.21.06:362][523]LogShaderCompilers: Display: Shaders left to compile 1574
[2018.11.16-15.21.08:396][523]LogShaderCompilers: Display: Shaders left to compile 1564
[2018.11.16-15.21.08:986][523]LogShaderCompilers: Display: Shaders left to compile 1554
[2018.11.16-15.21.09:193][523]LogShaderCompilers: Display: Shaders left to compile 1544
[2018.11.16-15.21.10:974][523]LogShaderCompilers: Display: Shaders left to compile 1534
[2018.11.16-15.21.11:626][523]LogShaderCompilers: Display: Shaders left to compile 1524
[2018.11.16-15.21.12:369][523]LogShaderCompilers: Display: Shaders left to compile 1514
[2018.11.16-15.21.14:095][523]LogShaderCompilers: Display: Shaders left to compile 1504
[2018.11.16-15.21.14:251][523]LogShaderCompilers: Display: Shaders left to compile 1494
[2018.11.16-15.21.14:279][523]LogShaderCompilers: Display: Shaders left to compile 1484
[2018.11.16-15.21.16:282][523]LogShaderCompilers: Display: Shaders left to compile 1474
[2018.11.16-15.21.17:388][523]LogShaderCompilers: Display: Shaders left to compile 1464
[2018.11.16-15.21.17:791][523]LogShaderCompilers: Display: Shaders left to compile 1454
[2018.11.16-15.21.17:843][523]LogShaderCompilers: Display: Shaders left to compile 1444
[2018.11.16-15.21.19:298][524]LogSlate: Window 'Message Log' being destroyed
[2018.11.16-15.21.19:302][524]LogSlate: Window 'Message Log' being destroyed
[2018.11.16-15.21.19:796][525]LogShaderCompilers: Display: Shaders left to compile 1434
[2018.11.16-15.21.20:296][525]LogShaderCompilers: Display: Shaders left to compile 1424
[2018.11.16-15.21.20:475][525]LogShaderCompilers: Display: Shaders left to compile 1414
[2018.11.16-15.21.21:747][525]LogShaderCompilers: Display: Shaders left to compile 1404
[2018.11.16-15.21.23:668][525]LogShaderCompilers: Display: Shaders left to compile 1394
[2018.11.16-15.21.24:431][525]LogShaderCompilers: Display: Shaders left to compile 1384
[2018.11.16-15.21.24:940][528]LogShaderCompilers: Display: Shaders left to compile 1374
[2018.11.16-15.21.26:354][528]LogShaderCompilers: Display: Shaders left to compile 1364
[2018.11.16-15.21.27:030][528]LogShaderCompilers: Display: Shaders left to compile 1354
[2018.11.16-15.21.27:620][528]LogShaderCompilers: Display: Shaders left to compile 1344
[2018.11.16-15.21.29:391][528]LogShaderCompilers: Display: Shaders left to compile 1334
[2018.11.16-15.21.30:005][528]LogShaderCompilers: Display: Shaders left to compile 1324
[2018.11.16-15.21.30:270][528]LogShaderCompilers: Display: Shaders left to compile 1314
[2018.11.16-15.21.32:081][528]LogShaderCompilers: Display: Shaders left to compile 1304
[2018.11.16-15.21.32:846][528]LogShaderCompilers: Display: Shaders left to compile 1294
[2018.11.16-15.21.33:042][528]LogShaderCompilers: Display: Shaders left to compile 1284
