Log file open, 12/10/18 21:32:37
LogWindows: Failed to load 'aqProf.dll' (GetLastError=126)
LogWindows: File 'aqProf.dll' does not exist
LogWindows: Failed to load 'VSPerf140.dll' (GetLastError=126)
LogWindows: File 'VSPerf140.dll' does not exist
LogWindows: Failed to load 'VtuneApi.dll' (GetLastError=126)
LogWindows: File 'VtuneApi.dll' does not exist
LogWindows: Failed to load 'VtuneApi32e.dll' (GetLastError=126)
LogWindows: File 'VtuneApi32e.dll' does not exist
LogInit: Display: Running engine for game: ITOSG
LogPlatformFile: Not using cached read wrapper
LogTaskGraph: Started task graph with 5 named threads and 23 total threads with 3 sets of task threads.
LogStats: Stats thread started at 6.158054
LogD3D11RHI: Loaded GFSDK_Aftermath_Lib.x64.dll
LogICUInternationalization: Display: ICU TimeZone Detection - Raw Offset: +0:00, Platform Override: ''
LogPluginManager: Mounting plugin Paper2D
LogPluginManager: Mounting plugin AISupport
LogPluginManager: Mounting plugin LightPropagationVolume
LogPluginManager: Mounting plugin CLionSourceCodeAccess
LogPluginManager: Mounting plugin CodeLiteSourceCodeAccess
LogPluginManager: Mounting plugin GitSourceControl
LogPluginManager: Mounting plugin KDevelopSourceCodeAccess
LogPluginManager: Mounting plugin NullSourceCodeAccess
LogPluginManager: Mounting plugin PerforceSourceControl
LogPluginManager: Mounting plugin SubversionSourceControl
LogPluginManager: Mounting plugin UObjectPlugin
LogPluginManager: Mounting plugin VisualStudioCodeSourceCodeAccess
LogPluginManager: Mounting plugin VisualStudioSourceCodeAccess
LogPluginManager: Mounting plugin XCodeSourceCodeAccess
LogPluginManager: Mounting plugin AssetManagerEditor
LogPluginManager: Mounting plugin CryptoKeys
LogPluginManager: Mounting plugin DataValidation
LogPluginManager: Mounting plugin FacialAnimation
LogPluginManager: Mounting plugin GameplayTagsEditor
LogPluginManager: Mounting plugin MacGraphicsSwitching
LogPluginManager: Mounting plugin MeshEditor
LogPluginManager: Mounting plugin MobileLauncherProfileWizard
LogPluginManager: Mounting plugin PluginBrowser
LogPluginManager: Mounting plugin SpeedTreeImporter
LogPluginManager: Mounting plugin DatasmithContent
LogPluginManager: Mounting plugin AlembicImporter
LogPluginManager: Mounting plugin AppleImageUtils
LogPluginManager: Mounting plugin AppleVision
LogPluginManager: Mounting plugin BackChannel
LogPluginManager: Mounting plugin CharacterAI
LogPluginManager: Mounting plugin GeometryCache
LogPluginManager: Mounting plugin HTML5Networking
LogPluginManager: Mounting plugin ProxyLODPlugin
LogPluginManager: Mounting plugin MagicLeap
LogPluginManager: Mounting plugin MagicLeapEmulator
LogPluginManager: Mounting plugin MagicLeapMedia
LogPluginManager: Mounting plugin AndroidMedia
LogPluginManager: Mounting plugin AvfMedia
LogPluginManager: Mounting plugin ImgMedia
LogPluginManager: Mounting plugin LinearTimecode
LogPluginManager: Mounting plugin MediaCompositing
LogPluginManager: Mounting plugin MediaPlayerEditor
LogPluginManager: Mounting plugin WmfMedia
LogPluginManager: Mounting plugin TcpMessaging
LogPluginManager: Mounting plugin UdpMessaging
LogPluginManager: Mounting plugin ActorSequence
LogPluginManager: Mounting plugin LevelSequenceEditor
LogPluginManager: Mounting plugin MatineeToLevelSequence
LogPluginManager: Mounting plugin NetcodeUnitTest
LogPluginManager: Mounting plugin NUTUnrealEngine4
LogPluginManager: Mounting plugin OnlineSubsystemGooglePlay
LogPluginManager: Mounting plugin OnlineSubsystemIOS
LogPluginManager: Mounting plugin OnlineSubsystem
LogPluginManager: Mounting plugin OnlineSubsystemNull
LogPluginManager: Mounting plugin OnlineSubsystemUtils
LogPluginManager: Mounting plugin LauncherChunkInstaller
LogPluginManager: Mounting plugin AndroidDeviceProfileSelector
LogPluginManager: Mounting plugin AndroidMoviePlayer
LogPluginManager: Mounting plugin AndroidPermission
LogPluginManager: Mounting plugin AppleMoviePlayer
LogPluginManager: Mounting plugin ArchVisCharacter
LogPluginManager: Mounting plugin AudioCapture
LogPluginManager: Mounting plugin CableComponent
LogPluginManager: Mounting plugin CustomMeshComponent
LogPluginManager: Mounting plugin EditableMesh
LogPluginManager: Mounting plugin ExampleDeviceProfileSelector
LogPluginManager: Mounting plugin GoogleCloudMessaging
LogPluginManager: Mounting plugin ImmediatePhysics
LogPluginManager: Mounting plugin IOSDeviceProfileSelector
LogPluginManager: Mounting plugin LinuxDeviceProfileSelector
LogPluginManager: Mounting plugin LocationServicesBPLibrary
LogPluginManager: Mounting plugin MobilePatchingUtils
LogPluginManager: Mounting plugin OculusVR
LogPluginManager: Plugin shader directory ../../../Engine/Plugins/Runtime/Oculus/OculusVR/Shaders found
LogPluginManager: Mapping shader source directory ../../../Engine/Plugins/Runtime/Oculus/OculusVR/Shaders to virtual directory /Plugin/OculusVR
LogPluginManager: Mounting plugin PhysXVehicles
LogPluginManager: Mounting plugin ProceduralMeshComponent
LogPluginManager: Mounting plugin RuntimePhysXCooking
LogPluginManager: Mounting plugin SteamVR
LogPluginManager: Mounting plugin WindowsMoviePlayer
LogStreaming: Display: Took  0.312s to configure plugins.
LogInit: Using libcurl 7.55.1-DEV
LogInit:  - built for x86_64-pc-win32
LogInit:  - supports SSL with OpenSSL/1.0.2h
LogInit:  - supports HTTP deflate (compression) using libz 1.2.8
LogInit:  - other features:
LogInit:      CURL_VERSION_SSL
LogInit:      CURL_VERSION_LIBZ
LogInit:      CURL_VERSION_IPV6
LogInit:      CURL_VERSION_ASYNCHDNS
LogInit:      CURL_VERSION_LARGEFILE
LogInit:      CURL_VERSION_IDN
LogInit:  CurlRequestOptions (configurable via config and command line):
LogInit:  - bVerifyPeer = false  - Libcurl will NOT verify peer certificate
LogInit:  - bUseHttpProxy = false  - Libcurl will NOT use HTTP proxy
LogInit:  - bDontReuseConnections = false  - Libcurl will reuse connections
LogInit:  - CertBundlePath = nullptr  - Libcurl will use whatever was configured at build time.
LogInit:  - MaxHostConnections = 16  - Libcurl will limit the number of connections to a host
LogInit:  - LocalHostAddr = Default
LogInit:  - BufferSize = 65536
LogInit: WinSock: version 1.1 (2.2), MaxSocks=32767, MaxUdp=65467
LogInit: Build: ++UE4+Release-4.20-CL-4369336
LogInit: Engine Version: 4.20.3-4369336+++UE4+Release-4.20
LogInit: Compatible Engine Version: 4.20.0-4212847+++UE4+Release-4.20
LogInit: Net CL: 4212847
LogInit: OS: Windows 10 (), CPU: Intel(R) Core(TM) i7-6700K CPU @ 4.00GHz, GPU: NVIDIA GeForce GTX 1060 6GB
LogInit: Compiled (64-bit): Sep 17 2018 12:26:19
LogInit: Compiled with Visual C++: 19.13.26129.00
LogInit: Build Configuration: Development
LogInit: Branch Name: ++UE4+Release-4.20
LogInit: Command Line:  
LogInit: Base Directory: D:/UE_4.20/Engine/Binaries/Win64/
LogInit: Installed Engine Build: 1
LogDevObjectVersion: Number of dev versions registered: 20
LogDevObjectVersion:   Dev-Blueprints (B0D832E4-1F89-4F0D-ACCF-7EB736FD4AA2): 10
LogDevObjectVersion:   Dev-Build (E1C64328-A22C-4D53-A36C-8E866417BD8C): 0
LogDevObjectVersion:   Dev-Core (375EC13C-06E4-48FB-B500-84F0262A717E): 2
LogDevObjectVersion:   Dev-Editor (E4B068ED-F494-42E9-A231-DA0B2E46BB41): 24
LogDevObjectVersion:   Dev-Framework (CFFC743F-43B0-4480-9391-14DF171D2073): 34
LogDevObjectVersion:   Dev-Mobile (B02B49B5-BB20-44E9-A304-32B752E40360): 2
LogDevObjectVersion:   Dev-Networking (A4E4105C-59A1-49B5-A7C5-40C4547EDFEE): 0
LogDevObjectVersion:   Dev-Online (39C831C9-5AE6-47DC-9A44-9C173E1C8E7C): 0
LogDevObjectVersion:   Dev-Physics (78F01B33-EBEA-4F98-B9B4-84EACCB95AA2): 0
LogDevObjectVersion:   Dev-Platform (6631380F-2D4D-43E0-8009-CF276956A95A): 0
LogDevObjectVersion:   Dev-Rendering (12F88B9F-8875-4AFC-A67C-D90C383ABD29): 26
LogDevObjectVersion:   Dev-Sequencer (7B5AE74C-D270-4C10-A958-57980B212A5A): 9
LogDevObjectVersion:   Dev-VR (D7296918-1DD6-4BDD-9DE2-64A83CC13884): 2
LogDevObjectVersion:   Dev-LoadTimes (C2A15278-BFE7-4AFE-6C17-90FF531DF755): 1
LogDevObjectVersion:   Private-Geometry (6EACA3D4-40EC-4CC1-B786-8BED09428FC5): 3
LogDevObjectVersion:   Dev-AnimPhys (29E575DD-E0A3-4627-9D10-D276232CDCEA): 17
LogDevObjectVersion:   Dev-ReflectionCapture (6B266CEC-1EC7-4B8F-A30B-E4D90942FC07): 1
LogDevObjectVersion:   Dev-Automation (0DF73D61-A23F-47EA-B727-89E90C41499A): 1
LogDevObjectVersion:   FortniteMain (601D1886-AC64-4F84-AA16-D3DE0DEAC7D6): 12
LogDevObjectVersion:   Dev-Enterprise (9DFFBCD6-494F-0158-E221-12823C92A888): 1
LogStreaming: Display: Took  0.012s to delete old logs.
LogInit: Presizing for max 8388607 objects, including 0 objects not considered by GC, pre-allocating 0 bytes for permanent pool.
LogInit: Object subsystem initialized
[2018.12.10-21.32.40:552][  0]LogInit: Selected Device Profile: [Windows]
[2018.12.10-21.32.40:552][  0]LogInit: Applying CVar settings loaded from the selected device profile: [Windows]
[2018.12.10-21.32.40:592][  0]LogHAL: Display: Platform has ~ 16 GB [17090912256 / 17179869184 / 16], which maps to Larger [LargestMinGB=32, LargerMinGB=12, DefaultMinGB=8, SmallerMinGB=6, SmallestMinGB=0)
[2018.12.10-21.32.40:604][  0]LogInit: Setting Device Profile CVar: [[r.Vulkan.UseRealUBs:1]]
[2018.12.10-21.32.40:605][  0]LogInit: Going up to parent DeviceProfile []
[2018.12.10-21.32.40:666][  0]LogInit: Computer: SKOOBIE
[2018.12.10-21.32.40:666][  0]LogInit: User: Skoobie
[2018.12.10-21.32.40:666][  0]LogInit: CPU Page size=4096, Cores=4
[2018.12.10-21.32.40:666][  0]LogInit: High frequency timer resolution =3.914063 MHz
[2018.12.10-21.32.40:666][  0]LogMemory: Memory total: Physical=15.9GB (16GB approx)
[2018.12.10-21.32.40:666][  0]LogMemory: Platform Memory Stats for Windows
[2018.12.10-21.32.40:666][  0]LogMemory: Process Physical Memory: 100.31 MB used, 100.31 MB peak
[2018.12.10-21.32.40:666][  0]LogMemory: Process Virtual Memory: 91.02 MB used, 91.02 MB peak
[2018.12.10-21.32.40:666][  0]LogMemory: Physical Memory: 5486.58 MB used,  10812.58 MB free, 16299.16 MB total
[2018.12.10-21.32.40:666][  0]LogMemory: Virtual Memory: 4644.85 MB used,  10812.58 MB free, 134217728.00 MB total
[2018.12.10-21.32.41:717][  0]LogInit: Using OS detected language (en-GB).
[2018.12.10-21.32.41:717][  0]LogInit: Using OS detected locale (en-GB).
[2018.12.10-21.32.41:794][  0]LogTextLocalizationManager: No specific localization for 'en-GB' exists, so the 'en' localization will be used.
[2018.12.10-21.32.42:860][  0]LogStreaming: Display: Took  1.123s to InitEngineTextLocalization.
[2018.12.10-21.32.42:879][  0]LogInit: Setting process to per monitor DPI aware
[2018.12.10-21.32.43:948][  0]LogSlate: New Slate User Created.  User Index 0, Is Virtual User: 0
[2018.12.10-21.32.43:948][  0]LogSlate: Slate User Registered.  User Index 0, Is Virtual User: 0
[2018.12.10-21.32.45:939][  0]LogHMD: Failed to initialize OpenVR with code 126
[2018.12.10-21.32.45:939][  0]LogD3D11RHI: D3D11 adapters:
[2018.12.10-21.32.46:029][  0]LogD3D11RHI:    0. 'NVIDIA GeForce GTX 1060 6GB' (Feature Level 11_0)
[2018.12.10-21.32.46:029][  0]LogD3D11RHI:       6052/0/8149 MB DedicatedVideo/DedicatedSystem/SharedSystem, Outputs:1, VendorId:0x10de
[2018.12.10-21.32.46:031][  0]LogD3D11RHI:    1. 'Microsoft Basic Render Driver' (Feature Level 11_0)
[2018.12.10-21.32.46:031][  0]LogD3D11RHI:       0/0/8149 MB DedicatedVideo/DedicatedSystem/SharedSystem, Outputs:0, VendorId:0x1414
[2018.12.10-21.32.46:031][  0]LogD3D11RHI: Chosen D3D11 Adapter: 0
[2018.12.10-21.32.46:055][  0]LogD3D11RHI: Creating new Direct3DDevice
[2018.12.10-21.32.46:055][  0]LogD3D11RHI:     GPU DeviceId: 0x1c03 (for the marketing name, search the web for "GPU Device Id")
[2018.12.10-21.32.46:074][  0]LogWindows: EnumDisplayDevices:
[2018.12.10-21.32.46:074][  0]LogWindows:    0. 'NVIDIA GeForce GTX 1060 6GB' (P:1 D:1)
[2018.12.10-21.32.46:075][  0]LogWindows:    1. 'NVIDIA GeForce GTX 1060 6GB' (P:0 D:0)
[2018.12.10-21.32.46:075][  0]LogWindows:    2. 'NVIDIA GeForce GTX 1060 6GB' (P:0 D:0)
[2018.12.10-21.32.46:075][  0]LogWindows:    3. 'NVIDIA GeForce GTX 1060 6GB' (P:0 D:0)
[2018.12.10-21.32.46:076][  0]LogWindows: DebugString: FoundDriverCount:4 
[2018.12.10-21.32.46:076][  0]LogD3D11RHI:     Adapter Name: NVIDIA GeForce GTX 1060 6GB
[2018.12.10-21.32.46:076][  0]LogD3D11RHI:   Driver Version: 417.22 (internal:25.21.14.1722, unified:417.22)
[2018.12.10-21.32.46:076][  0]LogD3D11RHI:      Driver Date: 11-29-2018
[2018.12.10-21.32.46:076][  0]LogRHI: Texture pool is 4236 MB (70% of 6052 MB)
[2018.12.10-21.32.46:112][  0]LogD3D11RHI: Async texture creation enabled
[2018.12.10-21.32.46:327][  0]LogD3D11RHI: GPU Timing Frequency: 1000.000000 (Debug: 2 2)
[2018.12.10-21.32.46:379][  0]LogShaderCompilers: Guid format shader working directory is 25 characters bigger than the processId version (../../../../WGT2/ITOSG/Intermediate/Shaders/WorkingDirectory/19276/).
[2018.12.10-21.32.46:379][  0]LogShaderCompilers: Cleaned the shader compiler working directory 'C:/Users/Skoobie/AppData/Local/Temp/UnrealShaderWorkingDir/E87EF3234581C0237CDCEDAC4155B818/'.
[2018.12.10-21.32.46:722][  0]LogTemp: Display: Loaded TP AllDesktopTargetPlatform
[2018.12.10-21.32.46:759][  0]LogTemp: Display: Loaded TP MacClientTargetPlatform
[2018.12.10-21.32.46:778][  0]LogTemp: Display: Loaded TP MacNoEditorTargetPlatform
[2018.12.10-21.32.46:805][  0]LogTemp: Display: Loaded TP MacServerTargetPlatform
[2018.12.10-21.32.46:847][  0]LogTemp: Display: Loaded TP MacTargetPlatform
[2018.12.10-21.32.46:900][  0]LogTemp: Display: Loaded TP WindowsClientTargetPlatform
[2018.12.10-21.32.46:949][  0]LogTemp: Display: Loaded TP WindowsNoEditorTargetPlatform
[2018.12.10-21.32.46:977][  0]LogTemp: Display: Loaded TP WindowsServerTargetPlatform
[2018.12.10-21.32.46:997][  0]LogTemp: Display: Loaded TP WindowsTargetPlatform
[2018.12.10-21.32.47:123][  0]LogTemp: Display: Loaded TP AndroidTargetPlatform
[2018.12.10-21.32.47:123][  0]LogTemp: Display: Loaded TP AndroidTargetPlatform
[2018.12.10-21.32.47:123][  0]LogTemp: Display: Loaded TP AndroidTargetPlatform
[2018.12.10-21.32.47:123][  0]LogTemp: Display: Loaded TP AndroidTargetPlatform
[2018.12.10-21.32.47:123][  0]LogTemp: Display: Loaded TP AndroidTargetPlatform
[2018.12.10-21.32.47:123][  0]LogTemp: Display: Loaded TP AndroidTargetPlatform
[2018.12.10-21.32.47:123][  0]LogTemp: Display: Loaded TP AndroidTargetPlatform
[2018.12.10-21.32.47:123][  0]LogTemp: Display: Loaded TP AndroidTargetPlatform
[2018.12.10-21.32.47:123][  0]LogTemp: Display: Loaded TP AndroidTargetPlatform
[2018.12.10-21.32.47:123][  0]LogTemp: Display: Loaded TP AndroidTargetPlatform
[2018.12.10-21.32.47:123][  0]LogTemp: Display: Loaded TP AndroidTargetPlatform
[2018.12.10-21.32.47:123][  0]LogTemp: Display: Loaded TP AndroidTargetPlatform
[2018.12.10-21.32.47:123][  0]LogTemp: Display: Loaded TP AndroidTargetPlatform
[2018.12.10-21.32.47:123][  0]LogTemp: Display: Loaded TP AndroidTargetPlatform
[2018.12.10-21.32.47:123][  0]LogTemp: Display: Loaded TP AndroidTargetPlatform
[2018.12.10-21.32.47:123][  0]LogTemp: Display: Loaded TP AndroidTargetPlatform
[2018.12.10-21.32.47:123][  0]LogTemp: Display: Loaded TP AndroidTargetPlatform
[2018.12.10-21.32.47:123][  0]LogTemp: Display: Loaded TP AndroidTargetPlatform
[2018.12.10-21.32.47:146][  0]LogTemp: Display: Loaded TP HTML5TargetPlatform
[2018.12.10-21.32.47:304][  0]LogTemp: Display: Loaded TP IOSTargetPlatform
[2018.12.10-21.32.47:304][  0]LogTemp: Display: Loaded TP IOSTargetPlatform
[2018.12.10-21.32.47:347][  0]LogTemp: Display: Loaded TP TVOSTargetPlatform
[2018.12.10-21.32.47:347][  0]LogTemp: Display: Loaded TP TVOSTargetPlatform
[2018.12.10-21.32.47:374][  0]LogTemp: Display: Loaded TP LinuxClientTargetPlatform
[2018.12.10-21.32.47:396][  0]LogTemp: Display: Loaded TP LinuxNoEditorTargetPlatform
[2018.12.10-21.32.47:426][  0]LogTemp: Display: Loaded TP LinuxServerTargetPlatform
[2018.12.10-21.32.47:452][  0]LogTemp: Display: Loaded TP LinuxTargetPlatform
[2018.12.10-21.32.47:480][  0]LogTemp: Display: Loaded TP LuminTargetPlatform
[2018.12.10-21.32.47:480][  0]LogTargetPlatformManager: Display: Building Assets For Windows
[2018.12.10-21.32.48:332][  0]LogXGEController: Cleaning working directory: C:/Users/Skoobie/AppData/Local/Temp/UnrealXGEWorkingDir/
[2018.12.10-21.32.48:332][  0]LogXGEController: Cannot use XGE Controller as Incredibuild is not installed on this machine.
[2018.12.10-21.32.48:332][  0]LogShaderCompilers: Cannot use XGE Shader Compiler as Incredibuild is not installed on this machine.
[2018.12.10-21.32.48:332][  0]LogShaderCompilers: Display: Using Local Shader Compiler.
[2018.12.10-21.32.51:231][  0]LogDerivedDataCache: Display: Max Cache Size: 512 MB
[2018.12.10-21.32.51:634][  0]LogDerivedDataCache: Loaded boot cache 0.40s 73MB C:/Users/Skoobie/AppData/Local/UnrealEngine/4.20/DerivedDataCache/Boot.ddc.
[2018.12.10-21.32.51:635][  0]LogDerivedDataCache: Display: Loaded Boot cache: C:/Users/Skoobie/AppData/Local/UnrealEngine/4.20/DerivedDataCache/Boot.ddc
[2018.12.10-21.32.51:635][  0]LogDerivedDataCache: FDerivedDataBackendGraph:  Pak pak cache file ../../../../WGT2/ITOSG/DerivedDataCache/DDC.ddp not found, will not use a pak cache.
[2018.12.10-21.32.51:635][  0]LogDerivedDataCache: Unable to find inner node Pak for hierarchical cache Hierarchy.
[2018.12.10-21.32.51:635][  0]LogDerivedDataCache: FDerivedDataBackendGraph:  CompressedPak pak cache file ../../../../WGT2/ITOSG/DerivedDataCache/Compressed.ddp not found, will not use a pak cache.
[2018.12.10-21.32.51:635][  0]LogDerivedDataCache: Unable to find inner node CompressedPak for hierarchical cache Hierarchy.
[2018.12.10-21.32.51:707][  0]LogDerivedDataCache: Display: Pak cache opened for reading ../../../Engine/DerivedDataCache/Compressed.ddp.
[2018.12.10-21.32.51:719][  0]LogDerivedDataCache: Using Local data cache path C:/Users/Skoobie/AppData/Local/UnrealEngine/Common/DerivedDataCache: Writable
[2018.12.10-21.32.51:719][  0]LogDerivedDataCache: Shared data cache path not found in *engine.ini, will not use an Shared cache.
[2018.12.10-21.32.51:719][  0]LogDerivedDataCache: Unable to find inner node Shared for hierarchical cache Hierarchy.
[2018.12.10-21.32.51:774][  0]LogMaterial: Verifying Global Shaders for PCD3D_SM5
[2018.12.10-21.32.51:828][  0]LogSlate: Using FreeType 2.6.0
[2018.12.10-21.32.51:918][  0]LogSlate: SlateFontServices - WITH_FREETYPE: 1, WITH_HARFBUZZ: 1
[2018.12.10-21.32.52:418][  0]LogAssetRegistry: FAssetRegistry took 0.0324 seconds to start up
[2018.12.10-21.32.58:104][  0]LogInit: Selected Device Profile: [Windows]
[2018.12.10-21.33.00:140][  0]LogSimplygon: Simplygon DLL not present - disabling.
[2018.12.10-21.33.00:268][  0]LogMeshReduction: Using SimplygonSwarm for distributed automatic mesh merging
[2018.12.10-21.33.00:268][  0]LogMeshReduction: Using ProxyLODMeshReduction for automatic mesh merging
[2018.12.10-21.33.00:268][  0]LogMeshReduction: Using QuadricMeshReduction for automatic static mesh reduction
[2018.12.10-21.33.00:268][  0]LogMeshReduction: No automatic skeletal mesh reduction module available
[2018.12.10-21.33.00:687][  0]LogNetVersion: ITOSG 1.0.0, NetCL: 4212847, EngineNetVer: 5, GameNetVer: 0 (Checksum: 987612483)
[2018.12.10-21.33.05:845][  0]LogPackageLocalizationCache: Processed 11 localized package path(s) for 2 prioritized culture(s) in 0.154684 seconds
[2018.12.10-21.33.05:918][  0]LogUObjectArray: 38425 objects as part of root set at end of initial load.
[2018.12.10-21.33.05:918][  0]LogUObjectAllocator: 6690872 out of 0 bytes used by permanent object pool.
[2018.12.10-21.33.05:918][  0]LogUObjectArray: CloseDisregardForGC: 0/0 objects in disregard for GC pool
[2018.12.10-21.33.14:679][  0]LogTcpMessaging: Initializing TcpMessaging bridge
[2018.12.10-21.33.14:723][  0]LogUdpMessaging: Initializing bridge on interface 0.0.0.0:0 to multicast group 230.0.0.1:6666.
[2018.12.10-21.33.17:781][  0]SourceControl: Source control is disabled
[2018.12.10-21.33.17:781][  0]SourceControl: Source control is disabled
[2018.12.10-21.33.17:845][  0]SourceControl: Source control is disabled
[2018.12.10-21.33.17:867][  0]SourceControl: Source control is disabled
[2018.12.10-21.33.19:416][  0]LogAndroidPermission: UAndroidPermissionCallbackProxy::GetInstance
[2018.12.10-21.33.19:867][  0]LogOcInput: OculusInput pre-init called
[2018.12.10-21.33.21:106][  0]LogEngine: Initializing Engine...
[2018.12.10-21.33.21:166][  0]LogHMD: Failed to initialize OpenVR with code 126
[2018.12.10-21.33.21:243][  0]LogStats: UGameplayTagsManager::ConstructGameplayTagTree: ImportINI prefixes -  0.007 s
[2018.12.10-21.33.21:243][  0]LogStats: UGameplayTagsManager::ConstructGameplayTagTree: Construct from data asset -  0.000 s
[2018.12.10-21.33.21:244][  0]LogStats: UGameplayTagsManager::ConstructGameplayTagTree: ImportINI -  0.001 s
[2018.12.10-21.33.21:260][  0]LogStats: UGameplayTagsManager::ConstructGameplayTagTree: GameplayTagTreeChangedEvent.Broadcast -  0.016 s
[2018.12.10-21.33.22:119][  0]LogInit: Initializing FReadOnlyCVARCache
[2018.12.10-21.33.22:655][  0]LogAIModule: Creating AISystem for world Untitled
[2018.12.10-21.33.22:829][  0]LogInit: XAudio2 using 'Speakers (USB PnP Sound Device)' : 2 channels at 44.1 kHz using 16 bits per sample (channel mask 0x3)
[2018.12.10-21.33.22:851][  0]LogInit: FAudioDevice initialized.
[2018.12.10-21.33.22:854][  0]LogNetVersion: Set ProjectVersion to 1.0.0.0. Version Checksum will be recalculated on next use.
[2018.12.10-21.33.22:911][  0]LogDerivedDataCache: Saved boot cache 0.06s 73MB C:/Users/Skoobie/AppData/Local/UnrealEngine/4.20/DerivedDataCache/Boot.ddc.
[2018.12.10-21.33.22:919][  0]LogInit: Texture streaming: Enabled
[2018.12.10-21.33.23:106][  0]LogEngineSessionManager: EngineSessionManager initialized
[2018.12.10-21.33.23:512][  0]LogInit: Transaction tracking system initialized
[2018.12.10-21.33.24:660][  0]BlueprintLog: New page: Editor Load
[2018.12.10-21.33.28:175][  0]LocalizationService: Localization service is disabled
[2018.12.10-21.33.35:341][  0]LogFileCache: Scanning file cache for directory 'D:/WGT2/ITOSG/Content/' took 0.18s
[2018.12.10-21.33.35:341][  0]LogCook: Display: Max memory allowance for cook 16384mb min free memory 0mb
[2018.12.10-21.33.35:341][  0]LogCook: Display: Mobile HDR setting 1
[2018.12.10-21.33.35:377][  0]LogGameplayTags: Display: UGameplayTagsManager::DoneAddingNativeTags. DelegateIsBound: 0
[2018.12.10-21.33.35:424][  0]LogStats: UGameplayTagsManager::ConstructGameplayTagTree: ImportINI prefixes -  0.000 s
[2018.12.10-21.33.35:424][  0]LogStats: UGameplayTagsManager::ConstructGameplayTagTree: Construct from data asset -  0.000 s
[2018.12.10-21.33.35:424][  0]LogStats: UGameplayTagsManager::ConstructGameplayTagTree: ImportINI -  0.000 s
[2018.12.10-21.33.35:424][  0]LogStats: UGameplayTagsManager::ConstructGameplayTagTree: GameplayTagTreeChangedEvent.Broadcast -  0.000 s
[2018.12.10-21.33.41:830][  0]SourceControl: Source control is disabled
[2018.12.10-21.33.41:909][  0]Cmd: MAP LOAD FILE="../../../../WGT2/ITOSG/Content/TopDownCPP/Maps/TopDownExampleMap.umap" TEMPLATE=0 SHOWPROGRESS=1 FEATURELEVEL=3
[2018.12.10-21.33.42:041][  0]LightingResults: New page: Lighting Build
[2018.12.10-21.33.42:664][  0]MapCheck: New page: Map Check
[2018.12.10-21.33.42:664][  0]LightingResults: New page: Lighting Build
[2018.12.10-21.33.52:145][  0]LogAIModule: Creating AISystem for world TopDownExampleMap
[2018.12.10-21.33.54:299][  0]LogEditorServer: Finished looking for orphan Actors (0.001 secs)
[2018.12.10-21.33.55:167][  0]Cmd: MAP CHECKDEP NOCLEARLOG
[2018.12.10-21.33.55:229][  0]MapCheck: Map check complete: 0 Error(s), 0 Warning(s), took 62.028ms to complete.
[2018.12.10-21.33.55:282][  0]LogFileHelpers: Loading map 'TopDownExampleMap' took 13.441
[2018.12.10-21.34.01:606][  0]LogSlate: Updating window title bar state: overlay mode, drag disabled, window buttons hidden, title bar hidden
[2018.12.10-21.34.01:847][  0]LogSlate: Updating window title bar state: overlay mode, drag disabled, window buttons hidden, title bar hidden
[2018.12.10-21.34.01:853][  0]LogSlate: Updating window title bar state: overlay mode, drag disabled, window buttons hidden, title bar hidden
[2018.12.10-21.34.01:858][  0]LogSlate: Updating window title bar state: overlay mode, drag disabled, window buttons hidden, title bar hidden
[2018.12.10-21.34.02:120][  0]LogCollectionManager: Loaded 0 collections in 0.000695 seconds
[2018.12.10-21.34.02:786][  0]LogFileCache: Scanning file cache for directory 'D:/WGT2/ITOSG/Saved/Collections/' took 0.01s
[2018.12.10-21.34.02:786][  0]LogFileCache: Scanning file cache for directory 'D:/WGT2/ITOSG/Content/Developers/Skoobie/Collections/' took 0.01s
[2018.12.10-21.34.02:786][  0]LogFileCache: Scanning file cache for directory 'D:/WGT2/ITOSG/Content/Collections/' took 0.01s
[2018.12.10-21.34.02:786][  0]LogCollectionManager: Rebuilt the GUID cache for 0 collections in 0.000000 seconds
[2018.12.10-21.34.02:934][  0]LogContentBrowser: Native class hierarchy populated in 0.1449 seconds. Added 2579 classes and 605 folders.
[2018.12.10-21.34.03:441][  0]LogContentBrowser: Native class hierarchy updated for 'WidgetCarousel' in 0.0003 seconds. Added 0 classes and 0 folders.
[2018.12.10-21.34.08:209][  0]LogContentBrowser: Native class hierarchy updated for 'AddContentDialog' in 0.0003 seconds. Added 0 classes and 0 folders.
[2018.12.10-21.34.08:269][  0]LogContentBrowser: Native class hierarchy updated for 'SceneOutliner' in 0.0003 seconds. Added 1 classes and 2 folders.
[2018.12.10-21.34.09:592][  0]LogSlate: Took 0.023604 seconds to synchronously load lazily loaded font '../../../Engine/Content/Slate/Fonts/Roboto-Regular.ttf' (155K)
[2018.12.10-21.34.09:654][  0]LogSlate: Took 0.035053 seconds to synchronously load lazily loaded font '../../../Engine/Content/Slate/Fonts/Roboto-Bold.ttf' (160K)
[2018.12.10-21.34.09:784][  0]LogSlate: Took 0.023925 seconds to synchronously load lazily loaded font '../../../Engine/Content/Editor/Slate/Fonts/FontAwesome.ttf' (139K)
[2018.12.10-21.34.10:647][  0]LogRenderer: Reallocating scene render targets to support 1208x576 Format 10 NumSamples 1 (Frame:1).
[2018.12.10-21.34.11:867][  0]LogContentBrowser: Native class hierarchy updated for 'HierarchicalLODOutliner' in 0.0003 seconds. Added 0 classes and 0 folders.
[2018.12.10-21.34.11:867][  0]LogLoad: (Engine Initialization) Total time: 113.83 seconds
[2018.12.10-21.34.11:867][  0]LogLoad: (Engine Initialization) Total Blueprint compile time: 0.00 seconds
[2018.12.10-21.34.13:141][  0]LogContentStreaming: Texture pool size now 1000 MB
[2018.12.10-21.34.14:204][  1]LogSlate: Took 0.017110 seconds to synchronously load lazily loaded font '../../../Engine/Content/Slate/Fonts/Roboto-Light.ttf' (167K)
[2018.12.10-21.34.14:233][  2]LogCollectionManager: Rebuilt the object cache for 0 collections in 0.000001 seconds (found 0 objects)
[2018.12.10-21.34.14:274][  2]LogActor: Warning: MyPickup_C /Engine/Transient.World_0:PersistentLevel.MyPickup_C_0 has natively added scene component(s), but none of them were set as the actor's RootComponent - picking one arbitrarily
[2018.12.10-21.34.14:299][  2]LogAssetRegistry: Asset discovery search completed in 81.9041 seconds
[2018.12.10-21.34.14:301][  2]LogCollectionManager: Fixed up redirectors for 0 collections in 0.000006 seconds (updated 0 objects)
[2018.12.10-21.34.14:435][  3]LogActor: Warning: BP_Pickup_Cube_C /Engine/Transient.World_1:PersistentLevel.BP_Pickup_Cube_C_0 has natively added scene component(s), but none of them were set as the actor's RootComponent - picking one arbitrarily
[2018.12.10-21.34.17:336][322]LogSlate: FSceneViewport::OnFocusLost() reason 0
[2018.12.10-21.34.17:454][336]LogTemp: Repeating last play command: Selected Viewport
[2018.12.10-21.34.17:495][336]LogBlueprintUserMessages: Early PlayInEditor Detection: Level '/Game/TopDownCPP/Maps/TopDownExampleMap.TopDownExampleMap:PersistentLevel' has LevelScriptBlueprint '/Game/TopDownCPP/Maps/TopDownExampleMap.TopDownExampleMap:PersistentLevel.TopDownExampleMap' with GeneratedClass '/Game/TopDownCPP/Maps/TopDownExampleMap.TopDownExampleMap_C' with ClassGeneratedBy '/Game/TopDownCPP/Maps/TopDownExampleMap.TopDownExampleMap:PersistentLevel.TopDownExampleMap'
[2018.12.10-21.34.17:523][336]LogPlayLevel: PlayLevel: No blueprints needed recompiling
[2018.12.10-21.34.17:651][336]PIE: New page: PIE session: TopDownExampleMap (10 Dec 2018 21:34:17)
[2018.12.10-21.34.17:652][336]LogPlayLevel: Creating play world package: /Game/TopDownCPP/Maps/UEDPIE_0_TopDownExampleMap
[2018.12.10-21.34.17:741][336]LogPlayLevel: PIE: StaticDuplicateObject took: (0.088778s)
[2018.12.10-21.34.17:741][336]LogAIModule: Creating AISystem for world TopDownExampleMap
[2018.12.10-21.34.17:754][336]LogPlayLevel: PIE: World Init took: (0.013358s)
[2018.12.10-21.34.17:765][336]LogPlayLevel: PIE: Created PIE world by copying editor world from /Game/TopDownCPP/Maps/TopDownExampleMap.TopDownExampleMap to /Game/TopDownCPP/Maps/UEDPIE_0_TopDownExampleMap.TopDownExampleMap (0.112915s)
[2018.12.10-21.34.17:814][336]LogInit: XAudio2 using 'Speakers (USB PnP Sound Device)' : 2 channels at 44.1 kHz using 16 bits per sample (channel mask 0x3)
[2018.12.10-21.34.17:823][336]LogInit: FAudioDevice initialized.
[2018.12.10-21.34.17:902][336]LogLoad: Game class is 'ITOSGGameMode'
[2018.12.10-21.34.18:042][336]LogWorld: Bringing World /Game/TopDownCPP/Maps/UEDPIE_0_TopDownExampleMap.TopDownExampleMap up for play (max tick rate 0) at 2018.12.10-21.34.18
[2018.12.10-21.34.18:106][336]LogWorld: Bringing up level for play took: 0.064837
[2018.12.10-21.34.18:215][336]LogContentBrowser: Native class hierarchy updated for 'MovieSceneCapture' in 0.0003 seconds. Added 10 classes and 0 folders.
[2018.12.10-21.34.18:525][336]PIE: Play in editor start time for /Game/TopDownCPP/Maps/UEDPIE_0_TopDownExampleMap 0.875
[2018.12.10-21.34.18:525][336]LogBlueprintUserMessages: Late PlayInEditor Detection: Level '/Game/TopDownCPP/Maps/TopDownExampleMap.TopDownExampleMap:PersistentLevel' has LevelScriptBlueprint '/Game/TopDownCPP/Maps/TopDownExampleMap.TopDownExampleMap:PersistentLevel.TopDownExampleMap' with GeneratedClass '/Game/TopDownCPP/Maps/TopDownExampleMap.TopDownExampleMap_C' with ClassGeneratedBy '/Game/TopDownCPP/Maps/TopDownExampleMap.TopDownExampleMap:PersistentLevel.TopDownExampleMap'
[2018.12.10-21.34.33:053][933]LogSlate: FSceneViewport::OnFocusLost() reason 0
[2018.12.10-21.34.33:137][943]LogBlueprintUserMessages: Early EndPlayMap Detection: Level '/Game/TopDownCPP/Maps/TopDownExampleMap.TopDownExampleMap:PersistentLevel' has LevelScriptBlueprint '/Game/TopDownCPP/Maps/TopDownExampleMap.TopDownExampleMap:PersistentLevel.TopDownExampleMap' with GeneratedClass '/Game/TopDownCPP/Maps/TopDownExampleMap.TopDownExampleMap_C' with ClassGeneratedBy '/Game/TopDownCPP/Maps/TopDownExampleMap.TopDownExampleMap:PersistentLevel.TopDownExampleMap'
[2018.12.10-21.34.33:147][943]LogSlate: Updating window title bar state: overlay mode, drag disabled, window buttons hidden, title bar hidden
[2018.12.10-21.34.33:247][943]LogPlayLevel: Display: Shutting down PIE online subsystems
[2018.12.10-21.34.33:247][943]LogBlueprintUserMessages: Late EndPlayMap Detection: Level '/Game/TopDownCPP/Maps/TopDownExampleMap.TopDownExampleMap:PersistentLevel' has LevelScriptBlueprint '/Game/TopDownCPP/Maps/TopDownExampleMap.TopDownExampleMap:PersistentLevel.TopDownExampleMap' with GeneratedClass '/Game/TopDownCPP/Maps/TopDownExampleMap.TopDownExampleMap_C' with ClassGeneratedBy '/Game/TopDownCPP/Maps/TopDownExampleMap.TopDownExampleMap:PersistentLevel.TopDownExampleMap'
[2018.12.10-21.34.33:281][943]LogSlate: Updating window title bar state: overlay mode, drag disabled, window buttons hidden, title bar hidden
[2018.12.10-21.34.33:337][944]LogPlayLevel: Display: Destroying online subsystem :Context_3
[2018.12.10-21.34.34:981][136]LogEditorViewport: Clicking on Actor (LMB): PlayerStart (NetworkPlayerStart)
[2018.12.10-21.34.39:931][683]LogSlate: FSceneViewport::OnFocusLost() reason 0
[2018.12.10-21.34.40:015][693]LogTemp: Repeating last play command: Selected Viewport
[2018.12.10-21.34.40:027][693]LogBlueprintUserMessages: Early PlayInEditor Detection: Level '/Game/TopDownCPP/Maps/TopDownExampleMap.TopDownExampleMap:PersistentLevel' has LevelScriptBlueprint '/Game/TopDownCPP/Maps/TopDownExampleMap.TopDownExampleMap:PersistentLevel.TopDownExampleMap' with GeneratedClass '/Game/TopDownCPP/Maps/TopDownExampleMap.TopDownExampleMap_C' with ClassGeneratedBy '/Game/TopDownCPP/Maps/TopDownExampleMap.TopDownExampleMap:PersistentLevel.TopDownExampleMap'
[2018.12.10-21.34.40:027][693]LogPlayLevel: PlayLevel: No blueprints needed recompiling
[2018.12.10-21.34.40:027][693]PIE: New page: PIE session: TopDownExampleMap (10 Dec 2018 21:34:40)
[2018.12.10-21.34.40:027][693]LogPlayLevel: Creating play world package: /Game/TopDownCPP/Maps/UEDPIE_0_TopDownExampleMap
[2018.12.10-21.34.40:038][693]LogPlayLevel: PIE: StaticDuplicateObject took: (0.010674s)
[2018.12.10-21.34.40:038][693]LogAIModule: Creating AISystem for world TopDownExampleMap
[2018.12.10-21.34.40:038][693]LogPlayLevel: PIE: World Init took: (0.000621s)
[2018.12.10-21.34.40:038][693]LogPlayLevel: PIE: Created PIE world by copying editor world from /Game/TopDownCPP/Maps/TopDownExampleMap.TopDownExampleMap to /Game/TopDownCPP/Maps/UEDPIE_0_TopDownExampleMap.TopDownExampleMap (0.011403s)
[2018.12.10-21.34.40:073][693]LogInit: XAudio2 using 'Speakers (USB PnP Sound Device)' : 2 channels at 44.1 kHz using 16 bits per sample (channel mask 0x3)
[2018.12.10-21.34.40:081][693]LogInit: FAudioDevice initialized.
[2018.12.10-21.34.40:115][693]LogLoad: Game class is 'ITOSGGameMode'
[2018.12.10-21.34.40:116][693]LogWorld: Bringing World /Game/TopDownCPP/Maps/UEDPIE_0_TopDownExampleMap.TopDownExampleMap up for play (max tick rate 0) at 2018.12.10-21.34.40
[2018.12.10-21.34.40:116][693]LogWorld: Bringing up level for play took: 0.001062
[2018.12.10-21.34.40:129][693]PIE: Play in editor start time for /Game/TopDownCPP/Maps/UEDPIE_0_TopDownExampleMap 0.48
[2018.12.10-21.34.40:130][693]LogBlueprintUserMessages: Late PlayInEditor Detection: Level '/Game/TopDownCPP/Maps/TopDownExampleMap.TopDownExampleMap:PersistentLevel' has LevelScriptBlueprint '/Game/TopDownCPP/Maps/TopDownExampleMap.TopDownExampleMap:PersistentLevel.TopDownExampleMap' with GeneratedClass '/Game/TopDownCPP/Maps/TopDownExampleMap.TopDownExampleMap_C' with ClassGeneratedBy '/Game/TopDownCPP/Maps/TopDownExampleMap.TopDownExampleMap:PersistentLevel.TopDownExampleMap'
[2018.12.10-21.34.41:534][859]LogSlate: FSceneViewport::OnFocusLost() reason 0
[2018.12.10-21.34.41:593][866]LogBlueprintUserMessages: Early EndPlayMap Detection: Level '/Game/TopDownCPP/Maps/TopDownExampleMap.TopDownExampleMap:PersistentLevel' has LevelScriptBlueprint '/Game/TopDownCPP/Maps/TopDownExampleMap.TopDownExampleMap:PersistentLevel.TopDownExampleMap' with GeneratedClass '/Game/TopDownCPP/Maps/TopDownExampleMap.TopDownExampleMap_C' with ClassGeneratedBy '/Game/TopDownCPP/Maps/TopDownExampleMap.TopDownExampleMap:PersistentLevel.TopDownExampleMap'
[2018.12.10-21.34.41:593][866]LogSlate: Updating window title bar state: overlay mode, drag disabled, window buttons hidden, title bar hidden
[2018.12.10-21.34.41:624][866]LogPlayLevel: Display: Shutting down PIE online subsystems
[2018.12.10-21.34.41:624][866]LogBlueprintUserMessages: Late EndPlayMap Detection: Level '/Game/TopDownCPP/Maps/TopDownExampleMap.TopDownExampleMap:PersistentLevel' has LevelScriptBlueprint '/Game/TopDownCPP/Maps/TopDownExampleMap.TopDownExampleMap:PersistentLevel.TopDownExampleMap' with GeneratedClass '/Game/TopDownCPP/Maps/TopDownExampleMap.TopDownExampleMap_C' with ClassGeneratedBy '/Game/TopDownCPP/Maps/TopDownExampleMap.TopDownExampleMap:PersistentLevel.TopDownExampleMap'
[2018.12.10-21.34.41:643][866]LogSlate: Updating window title bar state: overlay mode, drag disabled, window buttons hidden, title bar hidden
[2018.12.10-21.34.41:696][870]LogPlayLevel: Display: Destroying online subsystem :Context_4
[2018.12.10-21.34.46:574][178]LogTemp: Executing iPhonePackager certificates Engine -bundlename com.YourCompany.ITOSG
[2018.12.10-21.34.46:574][178]LogTemp: CWD: D:\UE_4.20\Engine\Binaries\DotNET\IOS
[2018.12.10-21.34.46:574][178]LogTemp: Initial Dir: D:\UE_4.20
[2018.12.10-21.34.46:574][178]LogTemp: Env CWD: D:\UE_4.20\Engine\Binaries\DotNET\IOS
[2018.12.10-21.34.46:574][178]LogTemp: BranchPath = SKOOBIE/D/UE_4.20/Engine/Binaries --- GameBranchPath = SKOOBIE/D/UE_4.20/Engine/Binaries
[2018.12.10-21.34.46:574][178]LogTemp: IPP ERROR: Could not find provision directory 'C:\Users\Skoobie\AppData\Local/Apple Computer/MobileDevice/Provisioning Profiles/'.
[2018.12.10-21.34.46:574][178]LogSlate: Only BGRA pngs, bmps or icos are supported in by External Image Picker
[2018.12.10-21.34.50:571][600]LogSlate: Took 0.000160 seconds to synchronously load lazily loaded font '../../../Engine/Content/Slate/Fonts/Roboto-Light.ttf' (167K)
[2018.12.10-21.34.57:399][402]LogSlate: Window 'Project Settings' being destroyed
[2018.12.10-21.34.57:401][402]LogSlate: Window 'Project Settings' being destroyed
[2018.12.10-21.34.58:024][460]LogTemp: Repeating last play command: Selected Viewport
[2018.12.10-21.34.58:035][460]LogBlueprintUserMessages: Early PlayInEditor Detection: Level '/Game/TopDownCPP/Maps/TopDownExampleMap.TopDownExampleMap:PersistentLevel' has LevelScriptBlueprint '/Game/TopDownCPP/Maps/TopDownExampleMap.TopDownExampleMap:PersistentLevel.TopDownExampleMap' with GeneratedClass '/Game/TopDownCPP/Maps/TopDownExampleMap.TopDownExampleMap_C' with ClassGeneratedBy '/Game/TopDownCPP/Maps/TopDownExampleMap.TopDownExampleMap:PersistentLevel.TopDownExampleMap'
[2018.12.10-21.34.58:035][460]LogPlayLevel: PlayLevel: No blueprints needed recompiling
[2018.12.10-21.34.58:036][460]PIE: New page: PIE session: TopDownExampleMap (10 Dec 2018 21:34:58)
[2018.12.10-21.34.58:036][460]LogPlayLevel: Creating play world package: /Game/TopDownCPP/Maps/UEDPIE_0_TopDownExampleMap
[2018.12.10-21.34.58:046][460]LogPlayLevel: PIE: StaticDuplicateObject took: (0.010274s)
[2018.12.10-21.34.58:046][460]LogAIModule: Creating AISystem for world TopDownExampleMap
[2018.12.10-21.34.58:047][460]LogPlayLevel: PIE: World Init took: (0.000625s)
[2018.12.10-21.34.58:047][460]LogPlayLevel: PIE: Created PIE world by copying editor world from /Game/TopDownCPP/Maps/TopDownExampleMap.TopDownExampleMap to /Game/TopDownCPP/Maps/UEDPIE_0_TopDownExampleMap.TopDownExampleMap (0.011021s)
[2018.12.10-21.34.58:089][460]LogInit: XAudio2 using 'Speakers (USB PnP Sound Device)' : 2 channels at 44.1 kHz using 16 bits per sample (channel mask 0x3)
[2018.12.10-21.34.58:098][460]LogInit: FAudioDevice initialized.
[2018.12.10-21.34.58:128][460]LogLoad: Game class is 'ITOSGGameMode'
[2018.12.10-21.34.58:130][460]LogWorld: Bringing World /Game/TopDownCPP/Maps/UEDPIE_0_TopDownExampleMap.TopDownExampleMap up for play (max tick rate 0) at 2018.12.10-21.34.58
[2018.12.10-21.34.58:130][460]LogWorld: Bringing up level for play took: 0.001032
[2018.12.10-21.34.58:143][460]PIE: Play in editor start time for /Game/TopDownCPP/Maps/UEDPIE_0_TopDownExampleMap 0.494
[2018.12.10-21.34.58:144][460]LogBlueprintUserMessages: Late PlayInEditor Detection: Level '/Game/TopDownCPP/Maps/TopDownExampleMap.TopDownExampleMap:PersistentLevel' has LevelScriptBlueprint '/Game/TopDownCPP/Maps/TopDownExampleMap.TopDownExampleMap:PersistentLevel.TopDownExampleMap' with GeneratedClass '/Game/TopDownCPP/Maps/TopDownExampleMap.TopDownExampleMap_C' with ClassGeneratedBy '/Game/TopDownCPP/Maps/TopDownExampleMap.TopDownExampleMap:PersistentLevel.TopDownExampleMap'
[2018.12.10-21.35.01:773][894]LogSlate: FSceneViewport::OnFocusLost() reason 0
[2018.12.10-21.35.01:856][904]LogBlueprintUserMessages: Early EndPlayMap Detection: Level '/Game/TopDownCPP/Maps/TopDownExampleMap.TopDownExampleMap:PersistentLevel' has LevelScriptBlueprint '/Game/TopDownCPP/Maps/TopDownExampleMap.TopDownExampleMap:PersistentLevel.TopDownExampleMap' with GeneratedClass '/Game/TopDownCPP/Maps/TopDownExampleMap.TopDownExampleMap_C' with ClassGeneratedBy '/Game/TopDownCPP/Maps/TopDownExampleMap.TopDownExampleMap:PersistentLevel.TopDownExampleMap'
[2018.12.10-21.35.01:857][904]LogSlate: Updating window title bar state: overlay mode, drag disabled, window buttons hidden, title bar hidden
[2018.12.10-21.35.01:891][904]LogPlayLevel: Display: Shutting down PIE online subsystems
[2018.12.10-21.35.01:891][904]LogBlueprintUserMessages: Late EndPlayMap Detection: Level '/Game/TopDownCPP/Maps/TopDownExampleMap.TopDownExampleMap:PersistentLevel' has LevelScriptBlueprint '/Game/TopDownCPP/Maps/TopDownExampleMap.TopDownExampleMap:PersistentLevel.TopDownExampleMap' with GeneratedClass '/Game/TopDownCPP/Maps/TopDownExampleMap.TopDownExampleMap_C' with ClassGeneratedBy '/Game/TopDownCPP/Maps/TopDownExampleMap.TopDownExampleMap:PersistentLevel.TopDownExampleMap'
[2018.12.10-21.35.01:908][904]LogSlate: Updating window title bar state: overlay mode, drag disabled, window buttons hidden, title bar hidden
[2018.12.10-21.35.01:960][910]LogPlayLevel: Display: Destroying online subsystem :Context_6
[2018.12.10-21.35.03:661][114]LogEditorViewport: Clicking on Actor (LMB): PlayerStart (NetworkPlayerStart)
[2018.12.10-21.35.11:846][774]LogSlate: FSceneViewport::OnFocusLost() reason 2
[2018.12.10-21.35.16:530][226]LogAssetEditorManager: Opening Asset editor for Blueprint /Game/Blueprints/BP_GameplayController.BP_GameplayController
[2018.12.10-21.35.17:397][226]LogClass: Warning: Enum '/Game/AdvancedMagicFX13/DemoRoomData/Blueprints/BP_DemoDisplay_Enum.BP_DemoDisplay_Enum' was upgraded to use FText to store its display name data. Please re-save this asset to avoid issues with localization and determinstic cooking.
[2018.12.10-21.35.17:545][226]LogContentBrowser: Native class hierarchy updated for 'BlueprintGraph' in 0.0006 seconds. Added 116 classes and 0 folders.
[2018.12.10-21.35.22:780][650]LogSlate: Window 'BP_GameplayController' being destroyed
[2018.12.10-21.35.22:783][650]LogSlate: Window 'BP_GameplayController' being destroyed
[2018.12.10-21.35.25:715][979]LogSlate: Took 0.018385 seconds to synchronously load lazily loaded font '../../../Engine/Content/Slate/Fonts/Roboto-Italic.ttf' (157K)
[2018.12.10-21.35.32:061][712]LogEditorViewport: Clicking on Actor (LMB): StaticMeshActor (Floor)
[2018.12.10-21.35.35:183][ 79]LogSlate: FSceneViewport::OnFocusLost() reason 0
[2018.12.10-21.35.35:267][ 89]LogTemp: Repeating last play command: Selected Viewport
[2018.12.10-21.35.35:278][ 89]LogBlueprintUserMessages: Early PlayInEditor Detection: Level '/Game/TopDownCPP/Maps/TopDownExampleMap.TopDownExampleMap:PersistentLevel' has LevelScriptBlueprint '/Game/TopDownCPP/Maps/TopDownExampleMap.TopDownExampleMap:PersistentLevel.TopDownExampleMap' with GeneratedClass '/Game/TopDownCPP/Maps/TopDownExampleMap.TopDownExampleMap_C' with ClassGeneratedBy '/Game/TopDownCPP/Maps/TopDownExampleMap.TopDownExampleMap:PersistentLevel.TopDownExampleMap'
[2018.12.10-21.35.35:278][ 89]LogPlayLevel: PlayLevel: No blueprints needed recompiling
[2018.12.10-21.35.35:278][ 89]PIE: New page: PIE session: TopDownExampleMap (10 Dec 2018 21:35:35)
[2018.12.10-21.35.35:278][ 89]LogPlayLevel: Creating play world package: /Game/TopDownCPP/Maps/UEDPIE_0_TopDownExampleMap
[2018.12.10-21.35.35:288][ 89]LogPlayLevel: PIE: StaticDuplicateObject took: (0.010334s)
[2018.12.10-21.35.35:289][ 89]LogAIModule: Creating AISystem for world TopDownExampleMap
[2018.12.10-21.35.35:289][ 89]LogPlayLevel: PIE: World Init took: (0.000617s)
[2018.12.10-21.35.35:289][ 89]LogPlayLevel: PIE: Created PIE world by copying editor world from /Game/TopDownCPP/Maps/TopDownExampleMap.TopDownExampleMap to /Game/TopDownCPP/Maps/UEDPIE_0_TopDownExampleMap.TopDownExampleMap (0.011075s)
[2018.12.10-21.35.35:331][ 89]LogInit: XAudio2 using 'Speakers (USB PnP Sound Device)' : 2 channels at 44.1 kHz using 16 bits per sample (channel mask 0x3)
[2018.12.10-21.35.35:340][ 89]LogInit: FAudioDevice initialized.
[2018.12.10-21.35.35:368][ 89]LogLoad: Game class is 'ITOSGGameMode'
[2018.12.10-21.35.35:370][ 89]LogWorld: Bringing World /Game/TopDownCPP/Maps/UEDPIE_0_TopDownExampleMap.TopDownExampleMap up for play (max tick rate 0) at 2018.12.10-21.35.35
[2018.12.10-21.35.35:370][ 89]LogWorld: Bringing up level for play took: 0.001039
[2018.12.10-21.35.35:382][ 89]PIE: Play in editor start time for /Game/TopDownCPP/Maps/UEDPIE_0_TopDownExampleMap -0.267
[2018.12.10-21.35.35:383][ 89]LogBlueprintUserMessages: Late PlayInEditor Detection: Level '/Game/TopDownCPP/Maps/TopDownExampleMap.TopDownExampleMap:PersistentLevel' has LevelScriptBlueprint '/Game/TopDownCPP/Maps/TopDownExampleMap.TopDownExampleMap:PersistentLevel.TopDownExampleMap' with GeneratedClass '/Game/TopDownCPP/Maps/TopDownExampleMap.TopDownExampleMap_C' with ClassGeneratedBy '/Game/TopDownCPP/Maps/TopDownExampleMap.TopDownExampleMap:PersistentLevel.TopDownExampleMap'
[2018.12.10-21.35.39:317][558]LogSlate: FSceneViewport::OnFocusLost() reason 0
[2018.12.10-21.35.39:460][575]LogBlueprintUserMessages: Early EndPlayMap Detection: Level '/Game/TopDownCPP/Maps/TopDownExampleMap.TopDownExampleMap:PersistentLevel' has LevelScriptBlueprint '/Game/TopDownCPP/Maps/TopDownExampleMap.TopDownExampleMap:PersistentLevel.TopDownExampleMap' with GeneratedClass '/Game/TopDownCPP/Maps/TopDownExampleMap.TopDownExampleMap_C' with ClassGeneratedBy '/Game/TopDownCPP/Maps/TopDownExampleMap.TopDownExampleMap:PersistentLevel.TopDownExampleMap'
[2018.12.10-21.35.39:460][575]LogSlate: Updating window title bar state: overlay mode, drag disabled, window buttons hidden, title bar hidden
[2018.12.10-21.35.39:493][575]LogPlayLevel: Display: Shutting down PIE online subsystems
[2018.12.10-21.35.39:493][575]LogBlueprintUserMessages: Late EndPlayMap Detection: Level '/Game/TopDownCPP/Maps/TopDownExampleMap.TopDownExampleMap:PersistentLevel' has LevelScriptBlueprint '/Game/TopDownCPP/Maps/TopDownExampleMap.TopDownExampleMap:PersistentLevel.TopDownExampleMap' with GeneratedClass '/Game/TopDownCPP/Maps/TopDownExampleMap.TopDownExampleMap_C' with ClassGeneratedBy '/Game/TopDownCPP/Maps/TopDownExampleMap.TopDownExampleMap:PersistentLevel.TopDownExampleMap'
[2018.12.10-21.35.39:517][575]LogSlate: Updating window title bar state: overlay mode, drag disabled, window buttons hidden, title bar hidden
[2018.12.10-21.35.39:564][580]LogPlayLevel: Display: Destroying online subsystem :Context_9
[2018.12.10-21.35.44:358][154]LogAssetEditorManager: Opening Asset editor for Blueprint /Game/Blueprints/BP_GameplayGamemode.BP_GameplayGamemode
[2018.12.10-21.35.44:557][154]LogTabManager: Warning: Cannot spawn tab because no spawner is registered for 'CompilerResults'
[2018.12.10-21.35.46:536][386]LogSlate: Window 'CompilerResults' being destroyed
[2018.12.10-21.35.46:538][386]LogSlate: Window 'CompilerResults' being destroyed
[2018.12.10-21.35.54:544][906]LogSlate: Window 'Save Content' being destroyed
[2018.12.10-21.35.54:656][906]LogSlate: Window 'BP_GameplayGamemode*' being destroyed
[2018.12.10-21.35.54:699][906]LogSlate: Window 'ITOSG - Unreal Editor' being destroyed
[2018.12.10-21.35.54:923][907]Cmd: QUIT_EDITOR
[2018.12.10-21.35.55:663][907]LogWindowsTextInputMethodSystem: Display: IME system now deactivated.
[2018.12.10-21.35.55:697][907]LogExit: Preparing to exit.
[2018.12.10-21.35.56:230][907]LogExit: Editor shut down
[2018.12.10-21.35.56:230][907]LogExit: Transaction tracking system shut down
[2018.12.10-21.35.57:716][907]LogExit: Object subsystem successfully closed.
[2018.12.10-21.35.57:845][907]LogShaderCompilers: Display: Shaders left to compile 0
[2018.12.10-21.35.57:864][907]LogD3D11RHI: Shutdown
[2018.12.10-21.35.57:864][907]LogD3D11RHI: CleanupD3DDevice
[2018.12.10-21.35.57:892][907]LogD3D11RHI: ~FD3D11DynamicRHI
[2018.12.10-21.35.58:951][907]LogModuleManager: Shutting down and abandoning module BlueprintGraph (620)
[2018.12.10-21.35.58:951][907]LogModuleManager: Shutting down and abandoning module ExternalImagePicker (618)
[2018.12.10-21.35.58:951][907]LogModuleManager: Shutting down and abandoning module MovieSceneCapture (616)
[2018.12.10-21.35.58:951][907]LogModuleManager: Shutting down and abandoning module Voice (614)
[2018.12.10-21.35.58:954][907]LogModuleManager: Shutting down and abandoning module HierarchicalLODOutliner (612)
[2018.12.10-21.35.58:954][907]LogModuleManager: Shutting down and abandoning module SceneOutliner (610)
[2018.12.10-21.35.58:954][907]LogModuleManager: Shutting down and abandoning module AddContentDialog (608)
[2018.12.10-21.35.58:999][907]LogModuleManager: Shutting down and abandoning module WidgetCarousel (607)
[2018.12.10-21.35.58:999][907]LogModuleManager: Shutting down and abandoning module EditorWidgets (604)
[2018.12.10-21.35.58:999][907]LogModuleManager: Shutting down and abandoning module CollectionManager (602)
[2018.12.10-21.35.59:016][907]LogModuleManager: Shutting down and abandoning module StatsViewer (600)
[2018.12.10-21.35.59:029][907]LogModuleManager: Shutting down and abandoning module FoliageEdit (598)
[2018.12.10-21.35.59:029][907]LogModuleManager: Shutting down and abandoning module LandscapeEditor (596)
[2018.12.10-21.35.59:042][907]LogModuleManager: Shutting down and abandoning module MeshPaintMode (594)
[2018.12.10-21.35.59:053][907]LogModuleManager: Shutting down and abandoning module SceneDepthPickerMode (592)
[2018.12.10-21.35.59:053][907]LogModuleManager: Shutting down and abandoning module ActorPickerMode (590)
[2018.12.10-21.35.59:053][907]LogModuleManager: Shutting down and abandoning module GeometryMode (588)
[2018.12.10-21.35.59:053][907]LogModuleManager: Shutting down and abandoning module TextureAlignMode (586)
[2018.12.10-21.35.59:053][907]LogModuleManager: Shutting down and abandoning module BspMode (584)
[2018.12.10-21.35.59:053][907]LogModuleManager: Shutting down and abandoning module PIEPreviewDeviceProfileSelector (582)
[2018.12.10-21.35.59:060][907]LogModuleManager: Shutting down and abandoning module SequenceRecorderSections (580)
[2018.12.10-21.35.59:066][907]LogModuleManager: Shutting down and abandoning module AutomationWorker (578)
[2018.12.10-21.35.59:066][907]LogModuleManager: Shutting down and abandoning module AudioCaptureEditor (576)
[2018.12.10-21.35.59:066][907]LogModuleManager: Shutting down and abandoning module SequenceRecorder (575)
[2018.12.10-21.35.59:083][907]LogModuleManager: Shutting down and abandoning module MatineeToLevelSequence (572)
[2018.12.10-21.35.59:100][907]LogModuleManager: Shutting down and abandoning module LevelSequenceEditor (570)
[2018.12.10-21.35.59:109][907]LogModuleManager: Shutting down and abandoning module PlacementMode (569)
[2018.12.10-21.35.59:110][907]LogModuleManager: Shutting down and abandoning module MaterialEditor (568)
[2018.12.10-21.35.59:136][907]LogModuleManager: Shutting down and abandoning module WmfMediaFactory (564)
[2018.12.10-21.35.59:136][907]LogModuleManager: Shutting down and abandoning module WmfMediaEditor (562)
[2018.12.10-21.35.59:136][907]LogModuleManager: Shutting down and abandoning module MediaPlayerEditor (560)
[2018.12.10-21.35.59:151][907]LogModuleManager: Shutting down and abandoning module OpenExrWrapper (558)
[2018.12.10-21.35.59:151][907]LogModuleManager: Shutting down and abandoning module ImgMediaFactory (556)
[2018.12.10-21.35.59:151][907]LogModuleManager: Shutting down and abandoning module ImgMediaEditor (554)
[2018.12.10-21.35.59:151][907]LogModuleManager: Shutting down and abandoning module AvfMediaFactory (552)
[2018.12.10-21.35.59:151][907]LogModuleManager: Shutting down and abandoning module AvfMediaEditor (550)
[2018.12.10-21.35.59:151][907]LogModuleManager: Shutting down and abandoning module AndroidMediaFactory (548)
[2018.12.10-21.35.59:151][907]LogModuleManager: Shutting down and abandoning module AndroidMediaEditor (546)
[2018.12.10-21.35.59:151][907]LogModuleManager: Shutting down and abandoning module MagicLeapCameraPreviewFactory (544)
[2018.12.10-21.35.59:151][907]LogModuleManager: Shutting down and abandoning module MagicLeapMediaFactory (542)
[2018.12.10-21.35.59:151][907]LogModuleManager: Shutting down and abandoning module MagicLeapMediaEditor (540)
[2018.12.10-21.35.59:151][907]LogModuleManager: Shutting down and abandoning module CharacterAI (538)
[2018.12.10-21.35.59:151][907]LogModuleManager: Shutting down and abandoning module SmartSnapping (536)
[2018.12.10-21.35.59:151][907]LogModuleManager: Shutting down and abandoning module SessionServices (534)
[2018.12.10-21.35.59:151][907]LogModuleManager: Shutting down and abandoning module ViewportSnapping (532)
[2018.12.10-21.35.59:151][907]LogModuleManager: Shutting down and abandoning module ViewportInteraction (530)
[2018.12.10-21.35.59:151][907]LogModuleManager: Shutting down and abandoning module ClothPainter (528)
[2018.12.10-21.35.59:163][907]LogModuleManager: Shutting down and abandoning module SkeletalMeshEditor (527)
[2018.12.10-21.35.59:182][907]LogModuleManager: Shutting down and abandoning module LogVisualizer (524)
[2018.12.10-21.35.59:204][907]LogModuleManager: Shutting down and abandoning module IntroTutorials (522)
[2018.12.10-21.35.59:221][907]LogModuleManager: Shutting down and abandoning module GameProjectGeneration (521)
[2018.12.10-21.35.59:234][907]LogModuleManager: Shutting down and abandoning module LuminPlatformEditor (518)
[2018.12.10-21.35.59:234][907]LogModuleManager: Shutting down and abandoning module IOSPlatformEditor (516)
[2018.12.10-21.35.59:234][907]LogModuleManager: Shutting down and abandoning module HTML5PlatformEditor (514)
[2018.12.10-21.35.59:234][907]LogModuleManager: Shutting down and abandoning module AndroidPlatformEditor (512)
[2018.12.10-21.35.59:234][907]LogModuleManager: Shutting down and abandoning module AndroidDeviceDetection (511)
[2018.12.10-21.35.59:967][907]LogModuleManager: Shutting down and abandoning module WindowsPlatformEditor (508)
[2018.12.10-21.35.59:967][907]LogModuleManager: Shutting down and abandoning module LuminRuntimeSettings (506)
[2018.12.10-21.35.59:967][907]LogModuleManager: Shutting down and abandoning module IOSRuntimeSettings (504)
[2018.12.10-21.35.59:967][907]LogModuleManager: Shutting down and abandoning module AndroidRuntimeSettings (502)
[2018.12.10-21.35.59:967][907]LogModuleManager: Shutting down and abandoning module InputBindingEditor (500)
[2018.12.10-21.35.59:976][907]LogModuleManager: Shutting down and abandoning module MergeActors (498)
[2018.12.10-21.35.59:985][907]LogModuleManager: Shutting down and abandoning module LocalizationDashboard (496)
[2018.12.10-21.36.00:000][907]LogModuleManager: Shutting down and abandoning module LocalizationService (495)
[2018.12.10-21.36.00:000][907]LogModuleManager: Shutting down and abandoning module HardwareTargeting (492)
[2018.12.10-21.36.00:000][907]LogModuleManager: Shutting down and abandoning module DeviceProfileEditor (490)
[2018.12.10-21.36.00:000][907]LogModuleManager: Shutting down and abandoning module UndoHistory (488)
[2018.12.10-21.36.00:011][907]LogModuleManager: Shutting down and abandoning module XmlParser (486)
[2018.12.10-21.36.00:011][907]LogModuleManager: Shutting down and abandoning module Blutility (484)
[2018.12.10-21.36.00:024][907]LogModuleManager: Shutting down and abandoning module ProjectSettingsViewer (482)
[2018.12.10-21.36.00:024][907]LogModuleManager: Shutting down and abandoning module ProjectTargetPlatformEditor (481)
[2018.12.10-21.36.00:024][907]LogModuleManager: Shutting down and abandoning module EditorSettingsViewer (478)
[2018.12.10-21.36.00:024][907]LogModuleManager: Shutting down and abandoning module SettingsEditor (476)
[2018.12.10-21.36.00:040][907]LogModuleManager: Shutting down and abandoning module ProjectLauncher (474)
[2018.12.10-21.36.00:049][907]LogModuleManager: Shutting down and abandoning module SessionFrontend (472)
[2018.12.10-21.36.00:066][907]LogModuleManager: Shutting down and abandoning module ProfilerClient (470)
[2018.12.10-21.36.00:077][907]LogModuleManager: Shutting down and abandoning module DeviceManager (468)
[2018.12.10-21.36.00:092][907]LogModuleManager: Shutting down and abandoning module TargetDeviceServices (467)
[2018.12.10-21.36.00:167][907]LogModuleManager: Shutting down and abandoning module AutomationController (464)
[2018.12.10-21.36.00:189][907]LogModuleManager: Shutting down and abandoning module AutomationWindow (462)
[2018.12.10-21.36.00:200][907]LogModuleManager: Shutting down and abandoning module Layers (460)
[2018.12.10-21.36.00:216][907]LogModuleManager: Shutting down and abandoning module ComponentVisualizers (458)
[2018.12.10-21.36.00:216][907]LogModuleManager: Shutting down and abandoning module DetailCustomizations (456)
[2018.12.10-21.36.00:228][907]LogModuleManager: Shutting down and abandoning module PackagesDialog (454)
[2018.12.10-21.36.00:228][907]LogModuleManager: Shutting down and abandoning module Persona (452)
[2018.12.10-21.36.00:252][907]LogModuleManager: Shutting down and abandoning module AdvancedPreviewScene (451)
[2018.12.10-21.36.00:252][907]LogModuleManager: Shutting down and abandoning module AnimGraph (449)
[2018.12.10-21.36.00:252][907]LogModuleManager: Shutting down and abandoning module Kismet (446)
[2018.12.10-21.36.00:267][907]LogModuleManager: Shutting down and abandoning module GraphEditor (444)
[2018.12.10-21.36.00:275][907]LogModuleManager: Shutting down and abandoning module ClassViewer (442)
[2018.12.10-21.36.00:276][907]LogModuleManager: Shutting down and abandoning module Toolbox (440)
[2018.12.10-21.36.00:276][907]LogModuleManager: Shutting down and abandoning module DesktopPlatform (439)
[2018.12.10-21.36.00:279][907]LogModuleManager: Shutting down and abandoning module ModuleUI (436)
[2018.12.10-21.36.00:286][907]LogModuleManager: Shutting down and abandoning module MovieSceneTools (434)
[2018.12.10-21.36.00:292][907]LogModuleManager: Shutting down and abandoning module OutputLog (432)
[2018.12.10-21.36.00:292][907]LogModuleManager: Shutting down and abandoning module GammaUI (430)
[2018.12.10-21.36.00:297][907]LogModuleManager: Shutting down and abandoning module Documentation (428)
[2018.12.10-21.36.00:297][907]LogModuleManager: Shutting down and abandoning module MovieSceneTracks (426)
[2018.12.10-21.36.00:297][907]LogModuleManager: Shutting down and abandoning module MovieScene (424)
[2018.12.10-21.36.00:304][907]LogModuleManager: Shutting down and abandoning module StreamingPauseRendering (422)
[2018.12.10-21.36.00:310][907]LogModuleManager: Shutting down and abandoning module LauncherPlatform (420)
[2018.12.10-21.36.00:310][907]LogModuleManager: Shutting down and abandoning module AnalyticsET (418)
[2018.12.10-21.36.00:310][907]LogModuleManager: Shutting down and abandoning module PortalServices (416)
[2018.12.10-21.36.00:310][907]LogModuleManager: Shutting down and abandoning module PortalRpc (414)
[2018.12.10-21.36.00:310][907]LogModuleManager: Shutting down and abandoning module MessagingRpc (412)
[2018.12.10-21.36.00:310][907]LogModuleManager: Shutting down and abandoning module AIModule (410)
[2018.12.10-21.36.00:321][907]LogModuleManager: Shutting down and abandoning module GameplayDebugger (409)
[2018.12.10-21.36.00:330][907]LogModuleManager: Shutting down and abandoning module AITestSuite (407)
[2018.12.10-21.36.00:336][907]LogModuleManager: Shutting down and abandoning module NavigationSystem (405)
[2018.12.10-21.36.00:336][907]LogModuleManager: Shutting down and abandoning module ProfilerService (402)
[2018.12.10-21.36.00:550][907]LogModuleManager: Shutting down and abandoning module TaskGraph (400)
[2018.12.10-21.36.00:551][907]LogModuleManager: Shutting down and abandoning module SteamVRController (398)
[2018.12.10-21.36.00:551][907]LogModuleManager: Shutting down and abandoning module ProceduralMeshComponentEditor (396)
[2018.12.10-21.36.00:551][907]LogModuleManager: Shutting down and abandoning module ProceduralMeshComponent (394)
[2018.12.10-21.36.00:561][907]LogModuleManager: Shutting down and abandoning module OculusInput (392)
[2018.12.10-21.36.00:561][907]LogModuleManager: Shutting down and abandoning module MobilePatchingUtils (390)
[2018.12.10-21.36.00:561][907]LogModuleManager: Shutting down and abandoning module EditableMesh (388)
[2018.12.10-21.36.00:575][907]LogModuleManager: Shutting down and abandoning module CustomMeshComponent (386)
[2018.12.10-21.36.00:575][907]LogModuleManager: Shutting down and abandoning module CableComponent (384)
[2018.12.10-21.36.00:575][907]LogModuleManager: Shutting down and abandoning module AudioCapture (382)
[2018.12.10-21.36.00:575][907]LogModuleManager: Shutting down and abandoning module ArchVisCharacter (380)
[2018.12.10-21.36.00:575][907]LogModuleManager: Shutting down and abandoning module AndroidPermission (378)
[2018.12.10-21.36.00:575][907]LogModuleManager: Shutting down and abandoning module NUTUnrealEngine4 (376)
[2018.12.10-21.36.00:575][907]LogModuleManager: Shutting down and abandoning module NetcodeUnitTest (374)
[2018.12.10-21.36.00:600][907]LogModuleManager: Shutting down and abandoning module MediaCompositingEditor (372)
[2018.12.10-21.36.00:600][907]LogModuleManager: Shutting down and abandoning module MediaCompositing (370)
[2018.12.10-21.36.00:600][907]LogModuleManager: Shutting down and abandoning module LinearTimecode (368)
[2018.12.10-21.36.00:600][907]LogModuleManager: Shutting down and abandoning module ImgMedia (366)
[2018.12.10-21.36.00:612][907]LogModuleManager: Shutting down and abandoning module HTML5Networking (364)
[2018.12.10-21.36.00:612][907]LogModuleManager: Shutting down and abandoning module GeometryCacheTracks (362)
[2018.12.10-21.36.00:612][907]LogModuleManager: Shutting down and abandoning module GeometryCacheSequencer (360)
[2018.12.10-21.36.00:612][907]LogModuleManager: Shutting down and abandoning module BackChannel (358)
[2018.12.10-21.36.00:628][907]LogModuleManager: Shutting down and abandoning module AppleVision (356)
[2018.12.10-21.36.00:628][907]LogModuleManager: Shutting down and abandoning module AppleImageUtils (354)
[2018.12.10-21.36.00:628][907]LogModuleManager: Shutting down and abandoning module AlembicImporter (352)
[2018.12.10-21.36.00:628][907]LogModuleManager: Shutting down and abandoning module AlembicLibrary (351)
[2018.12.10-21.36.00:628][907]LogModuleManager: Shutting down and abandoning module GeometryCache (350)
[2018.12.10-21.36.00:628][907]LogModuleManager: Shutting down and abandoning module GeometryCacheEd (349)
[2018.12.10-21.36.00:628][907]LogModuleManager: Shutting down and abandoning module DatasmithContentEditor (344)
[2018.12.10-21.36.00:637][907]LogModuleManager: Shutting down and abandoning module DatasmithContent (342)
[2018.12.10-21.36.00:637][907]LogModuleManager: Shutting down and abandoning module SpeedTreeImporter (340)
[2018.12.10-21.36.00:637][907]LogModuleManager: Shutting down and abandoning module PluginBrowser (338)
[2018.12.10-21.36.00:646][907]LogModuleManager: Shutting down and abandoning module MobileLauncherProfileWizard (336)
[2018.12.10-21.36.00:653][907]LogModuleManager: Shutting down and abandoning module PolygonModeling (334)
[2018.12.10-21.36.00:653][907]LogModuleManager: Shutting down and abandoning module MeshEditor (332)
[2018.12.10-21.36.00:658][907]LogModuleManager: Shutting down and abandoning module CryptoKeysOpenSSL (330)
[2018.12.10-21.36.00:665][907]LogModuleManager: Shutting down and abandoning module CryptoKeys (328)
[2018.12.10-21.36.00:665][907]LogModuleManager: Shutting down and abandoning module VisualStudioSourceCodeAccess (326)
[2018.12.10-21.36.00:665][907]LogModuleManager: Shutting down and abandoning module VisualStudioCodeSourceCodeAccess (324)
[2018.12.10-21.36.00:665][907]LogModuleManager: Shutting down and abandoning module UObjectPlugin (322)
[2018.12.10-21.36.00:665][907]LogModuleManager: Shutting down and abandoning module SubversionSourceControl (320)
[2018.12.10-21.36.00:672][907]LogModuleManager: Shutting down and abandoning module PerforceSourceControl (318)
[2018.12.10-21.36.00:686][907]LogModuleManager: Shutting down and abandoning module GitSourceControl (316)
[2018.12.10-21.36.00:697][907]LogModuleManager: Shutting down and abandoning module SourceControl (315)
[2018.12.10-21.36.00:709][907]LogModuleManager: Shutting down and abandoning module CLionSourceCodeAccess (312)
[2018.12.10-21.36.00:709][907]LogModuleManager: Shutting down and abandoning module LightPropagationVolumeEditor (310)
[2018.12.10-21.36.00:709][907]LogModuleManager: Shutting down and abandoning module PaperTiledImporter (308)
[2018.12.10-21.36.00:709][907]LogModuleManager: Shutting down and abandoning module PaperSpriteSheetImporter (306)
[2018.12.10-21.36.00:709][907]LogModuleManager: Shutting down and abandoning module Paper2DEditor (304)
[2018.12.10-21.36.00:725][907]LogModuleManager: Shutting down and abandoning module MeshPaint (303)
[2018.12.10-21.36.00:733][907]LogModuleManager: Shutting down and abandoning module ITOSG (300)
[2018.12.10-21.36.00:733][907]LogModuleManager: Shutting down and abandoning module RuntimePhysXCooking (298)
[2018.12.10-21.36.00:733][907]LogModuleManager: Shutting down and abandoning module PhysXVehiclesEditor (296)
[2018.12.10-21.36.00:733][907]LogModuleManager: Shutting down and abandoning module PhysXVehicles (294)
[2018.12.10-21.36.00:733][907]LogModuleManager: Shutting down and abandoning module OculusEditor (292)
[2018.12.10-21.36.00:743][907]LogModuleManager: Shutting down and abandoning module LocationServicesBPLibrary (290)
[2018.12.10-21.36.00:743][907]LogModuleManager: Shutting down and abandoning module ImmediatePhysicsEditor (288)
[2018.12.10-21.36.00:743][907]LogModuleManager: Shutting down and abandoning module ImmediatePhysics (286)
[2018.12.10-21.36.00:756][907]LogModuleManager: Shutting down and abandoning module ActorSequence (284)
[2018.12.10-21.36.00:756][907]LogModuleManager: Shutting down and abandoning module UdpMessaging (282)
[2018.12.10-21.36.00:857][907]LogModuleManager: Shutting down and abandoning module TcpMessaging (280)
[2018.12.10-21.36.00:970][907]LogModuleManager: Shutting down and abandoning module MagicLeapAudio (278)
[2018.12.10-21.36.00:970][907]LogModuleManager: Shutting down and abandoning module GameplayTagsEditor (276)
[2018.12.10-21.36.00:970][907]LogModuleManager: Shutting down and abandoning module FacialAnimationEditor (274)
[2018.12.10-21.36.00:970][907]LogModuleManager: Shutting down and abandoning module FacialAnimation (272)
[2018.12.10-21.36.00:970][907]LogModuleManager: Shutting down and abandoning module DataValidation (270)
[2018.12.10-21.36.00:970][907]LogModuleManager: Shutting down and abandoning module AssetManagerEditor (268)
[2018.12.10-21.36.00:990][907]LogModuleManager: Shutting down and abandoning module LevelEditor (267)
[2018.12.10-21.36.01:008][907]LogModuleManager: Shutting down and abandoning module PixelInspectorModule (266)
[2018.12.10-21.36.01:023][907]LogModuleManager: Shutting down and abandoning module CommonMenuExtensions (264)
[2018.12.10-21.36.01:024][907]LogModuleManager: Shutting down and abandoning module MainFrame (262)
[2018.12.10-21.36.01:040][907]LogModuleManager: Shutting down and abandoning module HotReload (261)
[2018.12.10-21.36.01:050][907]LogModuleManager: Shutting down and abandoning module ContentBrowser (257)
[2018.12.10-21.36.01:051][907]LogModuleManager: Shutting down and abandoning module TreeMap (255)
[2018.12.10-21.36.01:061][907]LogModuleManager: Shutting down and abandoning module LightPropagationVolumeRuntime (252)
[2018.12.10-21.36.01:061][907]LogModuleManager: Shutting down and abandoning module AISupportModule (250)
[2018.12.10-21.36.01:061][907]LogModuleManager: Shutting down and abandoning module Paper2D (248)
[2018.12.10-21.36.01:074][907]LogModuleManager: Shutting down and abandoning module WindowsMoviePlayer (246)
[2018.12.10-21.36.01:083][907]LogModuleManager: Shutting down and abandoning module WmfMedia (244)
[2018.12.10-21.36.01:099][907]LogModuleManager: Shutting down and abandoning module Media (243)
[2018.12.10-21.36.01:105][907]LogModuleManager: Shutting down and abandoning module PacketHandler (240)
[2018.12.10-21.36.01:105][907]LogModuleManager: Shutting down and abandoning module ClothingSystemEditor (238)
[2018.12.10-21.36.01:105][907]LogModuleManager: Shutting down and abandoning module ClothingSystemRuntime (236)
[2018.12.10-21.36.01:127][907]LogModuleManager: Shutting down and abandoning module MediaAssets (234)
[2018.12.10-21.36.01:127][907]LogModuleManager: Shutting down and abandoning module Overlay (232)
[2018.12.10-21.36.01:127][907]LogModuleManager: Shutting down and abandoning module OverlayEditor (231)
[2018.12.10-21.36.01:127][907]LogModuleManager: Shutting down and abandoning module VREditor (228)
[2018.12.10-21.36.01:138][907]LogModuleManager: Shutting down and abandoning module StringTableEditor (226)
[2018.12.10-21.36.01:151][907]LogModuleManager: Shutting down and abandoning module GameplayTasksEditor (224)
[2018.12.10-21.36.01:151][907]LogModuleManager: Shutting down and abandoning module BehaviorTreeEditor (222)
[2018.12.10-21.36.01:177][907]LogModuleManager: Shutting down and abandoning module FunctionalTesting (220)
[2018.12.10-21.36.01:192][907]LogModuleManager: Shutting down and abandoning module CollisionAnalyzer (218)
[2018.12.10-21.36.01:212][907]LogModuleManager: Shutting down and abandoning module WorkspaceMenuStructure (217)
[2018.12.10-21.36.01:212][907]LogModuleManager: Shutting down and abandoning module UMG (214)
[2018.12.10-21.36.01:212][907]LogModuleManager: Shutting down and abandoning module UMGEditor (213)
[2018.12.10-21.36.01:241][907]LogModuleManager: Shutting down and abandoning module Sequencer (212)
[2018.12.10-21.36.01:266][907]LogModuleManager: Shutting down and abandoning module MessageLog (209)
[2018.12.10-21.36.01:266][907]LogModuleManager: Shutting down and abandoning module SlateReflector (204)
[2018.12.10-21.36.01:279][907]LogModuleManager: Shutting down and abandoning module Slate (202)
[2018.12.10-21.36.01:279][907]LogModuleManager: Shutting down and abandoning module EditorStyle (200)
[2018.12.10-21.36.01:280][907]LogModuleManager: Shutting down and abandoning module MRMesh (198)
[2018.12.10-21.36.01:287][907]LogModuleManager: Shutting down and abandoning module SourceCodeAccess (196)
[2018.12.10-21.36.01:288][907]LogModuleManager: Shutting down and abandoning module HeadMountedDisplay (194)
[2018.12.10-21.36.01:288][907]LogModuleManager: Shutting down and abandoning module XAudio2 (192)
[2018.12.10-21.36.01:288][907]LogModuleManager: Shutting down and abandoning module Networking (190)
[2018.12.10-21.36.01:288][907]LogModuleManager: Shutting down and abandoning module Core (188)
[2018.12.10-21.36.01:288][907]LogModuleManager: Shutting down and abandoning module LevelSequence (186)
[2018.12.10-21.36.01:288][907]LogModuleManager: Shutting down and abandoning module KismetCompiler (184)
[2018.12.10-21.36.01:288][907]LogModuleManager: Shutting down and abandoning module MeshUtilities (182)
[2018.12.10-21.36.01:294][907]LogModuleManager: Shutting down and abandoning module MeshMergeUtilities (181)
[2018.12.10-21.36.01:303][907]LogModuleManager: Shutting down and abandoning module MeshReductionInterface (180)
[2018.12.10-21.36.01:303][907]LogModuleManager: Shutting down and abandoning module SimplygonSwarm (179)
[2018.12.10-21.36.01:313][907]LogModuleManager: Shutting down and abandoning module ProxyLODMeshReduction (177)
[2018.12.10-21.36.01:336][907]LogModuleManager: Shutting down and abandoning module SimplygonMeshReduction (175)
[2018.12.10-21.36.01:336][907]LogModuleManager: Shutting down and abandoning module QuadricMeshReduction (173)
[2018.12.10-21.36.01:352][907]LogModuleManager: Shutting down and abandoning module MaterialBaking (169)
[2018.12.10-21.36.01:359][907]LogModuleManager: Shutting down and abandoning module DirectoryWatcher (165)
[2018.12.10-21.36.01:359][907]LogModuleManager: Shutting down and abandoning module DerivedDataCache (162)
[2018.12.10-21.36.01:403][907]LogDerivedDataCache: Shutdown
[2018.12.10-21.36.01:403][907]LogModuleManager: Shutting down and abandoning module XGEController (160)
[2018.12.10-21.36.01:403][907]LogXGEController: Cleaning working directory: C:/Users/Skoobie/AppData/Local/Temp/UnrealXGEWorkingDir/
[2018.12.10-21.36.01:415][907]LogModuleManager: Shutting down and abandoning module TargetPlatform (158)
[2018.12.10-21.36.01:415][907]LogModuleManager: Shutting down and abandoning module VulkanShaderFormat (157)
[2018.12.10-21.36.01:422][907]LogModuleManager: Shutting down and abandoning module ShaderFormatVectorVM (155)
[2018.12.10-21.36.01:431][907]LogModuleManager: Shutting down and abandoning module ShaderFormatOpenGL (153)
[2018.12.10-21.36.01:435][907]LogModuleManager: Shutting down and abandoning module ShaderFormatD3D (151)
[2018.12.10-21.36.01:435][907]LogModuleManager: Shutting down and abandoning module MetalShaderFormat (149)
[2018.12.10-21.36.01:458][907]LogModuleManager: Shutting down and abandoning module TextureFormatUncompressed (147)
[2018.12.10-21.36.01:458][907]LogModuleManager: Shutting down and abandoning module TextureFormatPVR (145)
[2018.12.10-21.36.01:458][907]LogModuleManager: Shutting down and abandoning module TextureFormatDXT (143)
[2018.12.10-21.36.01:465][907]LogModuleManager: Shutting down and abandoning module TextureFormatIntelISPCTexComp (141)
[2018.12.10-21.36.01:466][907]LogModuleManager: Shutting down and abandoning module TextureFormatASTC (139)
[2018.12.10-21.36.01:466][907]LogModuleManager: Shutting down and abandoning module ImageWrapper (138)
[2018.12.10-21.36.01:466][907]LogModuleManager: Shutting down and abandoning module TextureFormatAndroid (135)
[2018.12.10-21.36.01:466][907]LogModuleManager: Shutting down and abandoning module AudioFormatOpus (133)
[2018.12.10-21.36.01:466][907]LogModuleManager: Shutting down and abandoning module AudioFormatOgg (131)
[2018.12.10-21.36.01:466][907]LogModuleManager: Shutting down and abandoning module AudioFormatADPCM (129)
[2018.12.10-21.36.01:466][907]LogModuleManager: Shutting down and abandoning module LuminTargetPlatform (127)
[2018.12.10-21.36.01:466][907]LogModuleManager: Shutting down and abandoning module LinuxTargetPlatform (125)
[2018.12.10-21.36.01:466][907]LogModuleManager: Shutting down and abandoning module LinuxServerTargetPlatform (123)
[2018.12.10-21.36.01:466][907]LogModuleManager: Shutting down and abandoning module LinuxNoEditorTargetPlatform (121)
[2018.12.10-21.36.01:474][907]LogModuleManager: Shutting down and abandoning module LinuxClientTargetPlatform (119)
[2018.12.10-21.36.01:483][907]LogModuleManager: Shutting down and abandoning module TVOSTargetPlatform (117)
[2018.12.10-21.36.01:484][907]LogModuleManager: Shutting down and abandoning module Messaging (115)
[2018.12.10-21.36.01:484][907]LogModuleManager: Shutting down and abandoning module IOSTargetPlatform (113)
[2018.12.10-21.36.01:484][907]LogModuleManager: Shutting down and abandoning module HTML5TargetPlatform (111)
[2018.12.10-21.36.01:484][907]LogModuleManager: Shutting down and abandoning module AndroidTargetPlatform (109)
[2018.12.10-21.36.01:497][907]LogModuleManager: Shutting down and abandoning module WindowsTargetPlatform (107)
[2018.12.10-21.36.01:497][907]LogModuleManager: Shutting down and abandoning module WindowsServerTargetPlatform (105)
[2018.12.10-21.36.01:497][907]LogModuleManager: Shutting down and abandoning module WindowsNoEditorTargetPlatform (103)
[2018.12.10-21.36.01:497][907]LogModuleManager: Shutting down and abandoning module WindowsClientTargetPlatform (101)
[2018.12.10-21.36.01:497][907]LogModuleManager: Shutting down and abandoning module MacTargetPlatform (99)
[2018.12.10-21.36.01:497][907]LogModuleManager: Shutting down and abandoning module MacServerTargetPlatform (97)
[2018.12.10-21.36.01:497][907]LogModuleManager: Shutting down and abandoning module MacNoEditorTargetPlatform (95)
[2018.12.10-21.36.01:497][907]LogModuleManager: Shutting down and abandoning module MacClientTargetPlatform (93)
[2018.12.10-21.36.01:497][907]LogModuleManager: Shutting down and abandoning module AllDesktopTargetPlatform (91)
[2018.12.10-21.36.01:497][907]LogModuleManager: Shutting down and abandoning module InputCore (88)
[2018.12.10-21.36.01:497][907]LogModuleManager: Shutting down and abandoning module Settings (86)
[2018.12.10-21.36.01:497][907]LogModuleManager: Shutting down and abandoning module PhysXCooking (84)
[2018.12.10-21.36.01:497][907]LogModuleManager: Shutting down and abandoning module SteamVR (82)
[2018.12.10-21.36.01:497][907]LogModuleManager: Shutting down and abandoning module OculusHMD (80)
[2018.12.10-21.36.01:501][907]LogModuleManager: Shutting down and abandoning module ExampleDeviceProfileSelector (78)
[2018.12.10-21.36.01:501][907]LogModuleManager: Shutting down and abandoning module LauncherChunkInstaller (76)
[2018.12.10-21.36.01:501][907]LogModuleManager: Shutting down and abandoning module OnlineBlueprintSupport (74)
[2018.12.10-21.36.01:501][907]LogModuleManager: Shutting down and abandoning module OnlineSubsystem (70)
[2018.12.10-21.36.01:514][907]LogModuleManager: Shutting down and abandoning module XMPP (65)
[2018.12.10-21.36.01:528][907]LogModuleManager: Shutting down and abandoning module WebSockets (64)
[2018.12.10-21.36.01:544][907]LogModuleManager: Shutting down and abandoning module HTTP (61)
[2018.12.10-21.36.01:544][907]LogHttp: Display: Http module shutting down, but needs to wait on 1 outstanding Http requests:
[2018.12.10-21.36.01:544][907]LogHttp: Display: 	verb=[POST] url=[https://datarouter.ol.epicgames.com/datarouter/api/v1/public/data?SessionID=%7BA1E4EF2C-4B12-7EA2-FA79-EE92EEAC58B9%7D&AppID=UEEditor.Rocket.Release&AppVersion=4.20.3-4369336%2B%2B%2BUE4%2BRelease-4.20&UserID=4db13e4a4371b07bc7868b858d7132fd%7C895b38341a174d78b5f4d9dc0edba638%7Ccebb812d-5676-47d9-87f1-f95d3d6822ae&AppEnvironment=datacollector-binary&UploadType=eteventstream] status=Processing
[2018.12.10-21.36.01:573][907]LogModuleManager: Shutting down and abandoning module SSL (60)
[2018.12.10-21.36.01:593][907]LogModuleManager: Shutting down and abandoning module MagicLeapEmulator (56)
[2018.12.10-21.36.01:593][907]LogModuleManager: Shutting down and abandoning module MagicLeapPrivileges (54)
[2018.12.10-21.36.01:593][907]LogModuleManager: Shutting down and abandoning module MagicLeapIdentity (52)
[2018.12.10-21.36.01:593][907]LogModuleManager: Shutting down and abandoning module MagicLeapHelperVulkan (50)
[2018.12.10-21.36.01:593][907]LogModuleManager: Shutting down and abandoning module MagicLeapHelperOpenGL (48)
[2018.12.10-21.36.01:593][907]LogModuleManager: Shutting down and abandoning module MagicLeapSecureStorage (46)
[2018.12.10-21.36.01:593][907]LogModuleManager: Shutting down and abandoning module MagicLeapGestures (44)
[2018.12.10-21.36.01:593][907]LogModuleManager: Shutting down and abandoning module MagicLeapEyeTracker (42)
[2018.12.10-21.36.01:593][907]LogModuleManager: Shutting down and abandoning module MagicLeapController (40)
[2018.12.10-21.36.01:593][907]LogSlate: Slate User Destroyed.  User Index 0, Is Virtual User: 0
[2018.12.10-21.36.01:593][907]LogModuleManager: Shutting down and abandoning module MagicLeap (38)
[2018.12.10-21.36.01:593][907]LogModuleManager: Shutting down and abandoning module AnimationModifiers (36)
[2018.12.10-21.36.01:605][907]LogModuleManager: Shutting down and abandoning module PropertyEditor (35)
[2018.12.10-21.36.01:605][907]LogModuleManager: Shutting down and abandoning module AudioEditor (32)
[2018.12.10-21.36.01:618][907]LogModuleManager: Shutting down and abandoning module TextureCompressor (30)
[2018.12.10-21.36.01:626][907]LogModuleManager: Shutting down and abandoning module ShaderCore (28)
[2018.12.10-21.36.01:626][907]LogModuleManager: Shutting down and abandoning module Landscape (26)
[2018.12.10-21.36.01:626][907]LogModuleManager: Shutting down and abandoning module SlateRHIRenderer (24)
[2018.12.10-21.36.01:631][907]LogModuleManager: Shutting down and abandoning module OpenGLDrv (22)
[2018.12.10-21.36.01:649][907]LogModuleManager: Shutting down and abandoning module D3D11RHI (20)
[2018.12.10-21.36.01:649][907]LogModuleManager: Shutting down and abandoning module AnimGraphRuntime (18)
[2018.12.10-21.36.01:659][907]LogModuleManager: Shutting down and abandoning module Renderer (16)
[2018.12.10-21.36.01:659][907]LogModuleManager: Shutting down and abandoning module Engine (14)
[2018.12.10-21.36.01:659][907]LogModuleManager: Shutting down and abandoning module CoreUObject (12)
[2018.12.10-21.36.01:659][907]LogModuleManager: Shutting down and abandoning module NetworkFile (10)
[2018.12.10-21.36.01:670][907]LogModuleManager: Shutting down and abandoning module CookedIterativeFile (8)
[2018.12.10-21.36.01:670][907]LogModuleManager: Shutting down and abandoning module StreamingFile (6)
[2018.12.10-21.36.01:677][907]LogModuleManager: Shutting down and abandoning module SandboxFile (4)
[2018.12.10-21.36.01:677][907]LogModuleManager: Shutting down and abandoning module PakFile (2)
[2018.12.10-21.36.01:698][907]LogExit: Exiting.
[2018.12.10-21.36.01:709][907]Log file closed, 12/10/18 21:36:01
