Log file open, 11/26/18 14:29:57
LogWindows: Failed to load 'aqProf.dll' (GetLastError=126)
LogWindows: File 'aqProf.dll' does not exist
LogWindows: Failed to load 'VSPerf140.dll' (GetLastError=126)
LogWindows: File 'VSPerf140.dll' does not exist
LogWindows: Failed to load 'VtuneApi.dll' (GetLastError=126)
LogWindows: File 'VtuneApi.dll' does not exist
LogWindows: Failed to load 'VtuneApi32e.dll' (GetLastError=126)
LogWindows: File 'VtuneApi32e.dll' does not exist
LogInit: Display: Running engine for game: ITOSG
LogPlatformFile: Not using cached read wrapper
LogTaskGraph: Started task graph with 5 named threads and 23 total threads with 3 sets of task threads.
LogStats: Stats thread started at 0.262102
LogD3D11RHI: Loaded GFSDK_Aftermath_Lib.x64.dll
LogICUInternationalization: Display: ICU TimeZone Detection - Raw Offset: +0:00, Platform Override: ''
LogPluginManager: Mounting plugin Paper2D
LogPluginManager: Mounting plugin AISupport
LogPluginManager: Mounting plugin LightPropagationVolume
LogPluginManager: Mounting plugin CLionSourceCodeAccess
LogPluginManager: Mounting plugin CodeLiteSourceCodeAccess
LogPluginManager: Mounting plugin GitSourceControl
LogPluginManager: Mounting plugin KDevelopSourceCodeAccess
LogPluginManager: Mounting plugin NullSourceCodeAccess
LogPluginManager: Mounting plugin PerforceSourceControl
LogPluginManager: Mounting plugin SubversionSourceControl
LogPluginManager: Mounting plugin UObjectPlugin
LogPluginManager: Mounting plugin VisualStudioCodeSourceCodeAccess
LogPluginManager: Mounting plugin VisualStudioSourceCodeAccess
LogPluginManager: Mounting plugin XCodeSourceCodeAccess
LogPluginManager: Mounting plugin AssetManagerEditor
LogPluginManager: Mounting plugin CryptoKeys
LogPluginManager: Mounting plugin DataValidation
LogPluginManager: Mounting plugin FacialAnimation
LogPluginManager: Mounting plugin GameplayTagsEditor
LogPluginManager: Mounting plugin MacGraphicsSwitching
LogPluginManager: Mounting plugin MeshEditor
LogPluginManager: Mounting plugin MobileLauncherProfileWizard
LogPluginManager: Mounting plugin PluginBrowser
LogPluginManager: Mounting plugin SpeedTreeImporter
LogPluginManager: Mounting plugin DatasmithContent
LogPluginManager: Mounting plugin AlembicImporter
LogPluginManager: Mounting plugin AppleImageUtils
LogPluginManager: Mounting plugin AppleVision
LogPluginManager: Mounting plugin BackChannel
LogPluginManager: Mounting plugin CharacterAI
LogPluginManager: Mounting plugin GeometryCache
LogPluginManager: Mounting plugin HTML5Networking
LogPluginManager: Mounting plugin ProxyLODPlugin
LogPluginManager: Mounting plugin MagicLeap
LogPluginManager: Mounting plugin MagicLeapEmulator
LogPluginManager: Mounting plugin MagicLeapMedia
LogPluginManager: Mounting plugin AndroidMedia
LogPluginManager: Mounting plugin AvfMedia
LogPluginManager: Mounting plugin ImgMedia
LogPluginManager: Mounting plugin LinearTimecode
LogPluginManager: Mounting plugin MediaCompositing
LogPluginManager: Mounting plugin MediaPlayerEditor
LogPluginManager: Mounting plugin WmfMedia
LogPluginManager: Mounting plugin TcpMessaging
LogPluginManager: Mounting plugin UdpMessaging
LogPluginManager: Mounting plugin ActorSequence
LogPluginManager: Mounting plugin LevelSequenceEditor
LogPluginManager: Mounting plugin MatineeToLevelSequence
LogPluginManager: Mounting plugin NetcodeUnitTest
LogPluginManager: Mounting plugin NUTUnrealEngine4
LogPluginManager: Mounting plugin OnlineSubsystemGooglePlay
LogPluginManager: Mounting plugin OnlineSubsystemIOS
LogPluginManager: Mounting plugin OnlineSubsystem
LogPluginManager: Mounting plugin OnlineSubsystemNull
LogPluginManager: Mounting plugin OnlineSubsystemUtils
LogPluginManager: Mounting plugin LauncherChunkInstaller
LogPluginManager: Mounting plugin AndroidDeviceProfileSelector
LogPluginManager: Mounting plugin AndroidMoviePlayer
LogPluginManager: Mounting plugin AndroidPermission
LogPluginManager: Mounting plugin AppleMoviePlayer
LogPluginManager: Mounting plugin ArchVisCharacter
LogPluginManager: Mounting plugin AudioCapture
LogPluginManager: Mounting plugin CableComponent
LogPluginManager: Mounting plugin CustomMeshComponent
LogPluginManager: Mounting plugin EditableMesh
LogPluginManager: Mounting plugin ExampleDeviceProfileSelector
LogPluginManager: Mounting plugin GoogleCloudMessaging
LogPluginManager: Mounting plugin ImmediatePhysics
LogPluginManager: Mounting plugin IOSDeviceProfileSelector
LogPluginManager: Mounting plugin LinuxDeviceProfileSelector
LogPluginManager: Mounting plugin LocationServicesBPLibrary
LogPluginManager: Mounting plugin MobilePatchingUtils
LogPluginManager: Mounting plugin OculusVR
LogPluginManager: Plugin shader directory ../../../Engine/Plugins/Runtime/Oculus/OculusVR/Shaders found
LogPluginManager: Mapping shader source directory ../../../Engine/Plugins/Runtime/Oculus/OculusVR/Shaders to virtual directory /Plugin/OculusVR
LogPluginManager: Mounting plugin PhysXVehicles
LogPluginManager: Mounting plugin ProceduralMeshComponent
LogPluginManager: Mounting plugin RuntimePhysXCooking
LogPluginManager: Mounting plugin SteamVR
LogPluginManager: Mounting plugin WindowsMoviePlayer
LogStreaming: Display: Took  0.056s to configure plugins.
LogInit: Using libcurl 7.55.1-DEV
LogInit:  - built for x86_64-pc-win32
LogInit:  - supports SSL with OpenSSL/1.0.2h
LogInit:  - supports HTTP deflate (compression) using libz 1.2.8
LogInit:  - other features:
LogInit:      CURL_VERSION_SSL
LogInit:      CURL_VERSION_LIBZ
LogInit:      CURL_VERSION_IPV6
LogInit:      CURL_VERSION_ASYNCHDNS
LogInit:      CURL_VERSION_LARGEFILE
LogInit:      CURL_VERSION_IDN
LogInit:  CurlRequestOptions (configurable via config and command line):
LogInit:  - bVerifyPeer = false  - Libcurl will NOT verify peer certificate
LogInit:  - bUseHttpProxy = false  - Libcurl will NOT use HTTP proxy
LogInit:  - bDontReuseConnections = false  - Libcurl will reuse connections
LogInit:  - CertBundlePath = nullptr  - Libcurl will use whatever was configured at build time.
LogInit:  - MaxHostConnections = 16  - Libcurl will limit the number of connections to a host
LogInit:  - LocalHostAddr = Default
LogInit:  - BufferSize = 65536
LogInit: WinSock: version 1.1 (2.2), MaxSocks=32767, MaxUdp=65467
LogInit: Build: ++UE4+Release-4.20-CL-4369336
LogInit: Engine Version: 4.20.3-4369336+++UE4+Release-4.20
LogInit: Compatible Engine Version: 4.20.0-4212847+++UE4+Release-4.20
LogInit: Net CL: 4212847
LogInit: OS: Windows 10 (), CPU: Intel(R) Core(TM) i7-6700K CPU @ 4.00GHz, GPU: NVIDIA GeForce GTX 1060 6GB
LogInit: Compiled (64-bit): Sep 17 2018 12:26:19
LogInit: Compiled with Visual C++: 19.13.26129.00
LogInit: Build Configuration: Development
LogInit: Branch Name: ++UE4+Release-4.20
LogInit: Command Line:  
LogInit: Base Directory: D:/UE_4.20/Engine/Binaries/Win64/
LogInit: Installed Engine Build: 1
LogDevObjectVersion: Number of dev versions registered: 20
LogDevObjectVersion:   Dev-Blueprints (B0D832E4-1F89-4F0D-ACCF-7EB736FD4AA2): 10
LogDevObjectVersion:   Dev-Build (E1C64328-A22C-4D53-A36C-8E866417BD8C): 0
LogDevObjectVersion:   Dev-Core (375EC13C-06E4-48FB-B500-84F0262A717E): 2
LogDevObjectVersion:   Dev-Editor (E4B068ED-F494-42E9-A231-DA0B2E46BB41): 24
LogDevObjectVersion:   Dev-Framework (CFFC743F-43B0-4480-9391-14DF171D2073): 34
LogDevObjectVersion:   Dev-Mobile (B02B49B5-BB20-44E9-A304-32B752E40360): 2
LogDevObjectVersion:   Dev-Networking (A4E4105C-59A1-49B5-A7C5-40C4547EDFEE): 0
LogDevObjectVersion:   Dev-Online (39C831C9-5AE6-47DC-9A44-9C173E1C8E7C): 0
LogDevObjectVersion:   Dev-Physics (78F01B33-EBEA-4F98-B9B4-84EACCB95AA2): 0
LogDevObjectVersion:   Dev-Platform (6631380F-2D4D-43E0-8009-CF276956A95A): 0
LogDevObjectVersion:   Dev-Rendering (12F88B9F-8875-4AFC-A67C-D90C383ABD29): 26
LogDevObjectVersion:   Dev-Sequencer (7B5AE74C-D270-4C10-A958-57980B212A5A): 9
LogDevObjectVersion:   Dev-VR (D7296918-1DD6-4BDD-9DE2-64A83CC13884): 2
LogDevObjectVersion:   Dev-LoadTimes (C2A15278-BFE7-4AFE-6C17-90FF531DF755): 1
LogDevObjectVersion:   Private-Geometry (6EACA3D4-40EC-4CC1-B786-8BED09428FC5): 3
LogDevObjectVersion:   Dev-AnimPhys (29E575DD-E0A3-4627-9D10-D276232CDCEA): 17
LogDevObjectVersion:   Dev-ReflectionCapture (6B266CEC-1EC7-4B8F-A30B-E4D90942FC07): 1
LogDevObjectVersion:   Dev-Automation (0DF73D61-A23F-47EA-B727-89E90C41499A): 1
LogDevObjectVersion:   FortniteMain (601D1886-AC64-4F84-AA16-D3DE0DEAC7D6): 12
LogDevObjectVersion:   Dev-Enterprise (9DFFBCD6-494F-0158-E221-12823C92A888): 1
LogStreaming: Display: Took  0.001s to delete old logs.
LogInit: Presizing for max 8388607 objects, including 0 objects not considered by GC, pre-allocating 0 bytes for permanent pool.
LogInit: Object subsystem initialized
[2018.11.26-14.29.57:697][  0]LogInit: Selected Device Profile: [Windows]
[2018.11.26-14.29.57:697][  0]LogInit: Applying CVar settings loaded from the selected device profile: [Windows]
[2018.11.26-14.29.57:707][  0]LogHAL: Display: Platform has ~ 16 GB [17090912256 / 17179869184 / 16], which maps to Larger [LargestMinGB=32, LargerMinGB=12, DefaultMinGB=8, SmallerMinGB=6, SmallestMinGB=0)
[2018.11.26-14.29.57:707][  0]LogInit: Setting Device Profile CVar: [[r.Vulkan.UseRealUBs:1]]
[2018.11.26-14.29.57:707][  0]LogInit: Going up to parent DeviceProfile []
[2018.11.26-14.29.57:707][  0]LogInit: Computer: SKOOBIE
[2018.11.26-14.29.57:707][  0]LogInit: User: Skoobie
[2018.11.26-14.29.57:707][  0]LogInit: CPU Page size=4096, Cores=4
[2018.11.26-14.29.57:707][  0]LogInit: High frequency timer resolution =3.914067 MHz
[2018.11.26-14.29.57:707][  0]LogMemory: Memory total: Physical=15.9GB (16GB approx)
[2018.11.26-14.29.57:707][  0]LogMemory: Platform Memory Stats for Windows
[2018.11.26-14.29.57:707][  0]LogMemory: Process Physical Memory: 99.67 MB used, 99.67 MB peak
[2018.11.26-14.29.57:707][  0]LogMemory: Process Virtual Memory: 90.95 MB used, 90.95 MB peak
[2018.11.26-14.29.57:707][  0]LogMemory: Physical Memory: 5927.01 MB used,  10372.15 MB free, 16299.16 MB total
[2018.11.26-14.29.57:707][  0]LogMemory: Virtual Memory: 4644.85 MB used,  10372.15 MB free, 134217728.00 MB total
[2018.11.26-14.29.57:722][  0]LogInit: Using OS detected language (en-GB).
[2018.11.26-14.29.57:722][  0]LogInit: Using OS detected locale (en-GB).
[2018.11.26-14.29.57:722][  0]LogTextLocalizationManager: No specific localization for 'en-GB' exists, so the 'en' localization will be used.
[2018.11.26-14.29.58:008][  0]LogStreaming: Display: Took  0.287s to InitEngineTextLocalization.
[2018.11.26-14.29.58:008][  0]LogInit: Setting process to per monitor DPI aware
[2018.11.26-14.29.58:034][  0]LogSlate: New Slate User Created.  User Index 0, Is Virtual User: 0
[2018.11.26-14.29.58:035][  0]LogSlate: Slate User Registered.  User Index 0, Is Virtual User: 0
[2018.11.26-14.29.58:194][  0]LogHMD: Failed to initialize OpenVR with code 126
[2018.11.26-14.29.58:194][  0]LogD3D11RHI: D3D11 adapters:
[2018.11.26-14.29.58:252][  0]LogD3D11RHI:    0. 'NVIDIA GeForce GTX 1060 6GB' (Feature Level 11_0)
[2018.11.26-14.29.58:252][  0]LogD3D11RHI:       6052/0/8149 MB DedicatedVideo/DedicatedSystem/SharedSystem, Outputs:1, VendorId:0x10de
[2018.11.26-14.29.58:254][  0]LogD3D11RHI:    1. 'Microsoft Basic Render Driver' (Feature Level 11_0)
[2018.11.26-14.29.58:254][  0]LogD3D11RHI:       0/0/8149 MB DedicatedVideo/DedicatedSystem/SharedSystem, Outputs:0, VendorId:0x1414
[2018.11.26-14.29.58:254][  0]LogD3D11RHI: Chosen D3D11 Adapter: 0
[2018.11.26-14.29.58:260][  0]LogD3D11RHI: Creating new Direct3DDevice
[2018.11.26-14.29.58:260][  0]LogD3D11RHI:     GPU DeviceId: 0x1c03 (for the marketing name, search the web for "GPU Device Id")
[2018.11.26-14.29.58:260][  0]LogWindows: EnumDisplayDevices:
[2018.11.26-14.29.58:260][  0]LogWindows:    0. 'NVIDIA GeForce GTX 1060 6GB' (P:1 D:1)
[2018.11.26-14.29.58:260][  0]LogWindows:    1. 'NVIDIA GeForce GTX 1060 6GB' (P:0 D:0)
[2018.11.26-14.29.58:261][  0]LogWindows:    2. 'NVIDIA GeForce GTX 1060 6GB' (P:0 D:0)
[2018.11.26-14.29.58:261][  0]LogWindows:    3. 'NVIDIA GeForce GTX 1060 6GB' (P:0 D:0)
[2018.11.26-14.29.58:261][  0]LogWindows: DebugString: FoundDriverCount:4 
[2018.11.26-14.29.58:261][  0]LogD3D11RHI:     Adapter Name: NVIDIA GeForce GTX 1060 6GB
[2018.11.26-14.29.58:261][  0]LogD3D11RHI:   Driver Version: 416.94 (internal:25.21.14.1694, unified:416.94)
[2018.11.26-14.29.58:261][  0]LogD3D11RHI:      Driver Date: 11-12-2018
[2018.11.26-14.29.58:261][  0]LogRHI: Texture pool is 4236 MB (70% of 6052 MB)
[2018.11.26-14.29.58:292][  0]LogD3D11RHI: Async texture creation enabled
[2018.11.26-14.29.58:320][  0]LogD3D11RHI: GPU Timing Frequency: 1000.000000 (Debug: 2 2)
[2018.11.26-14.29.58:321][  0]LogShaderCompilers: Guid format shader working directory is 25 characters bigger than the processId version (../../../../WGT2/ITOSG/Intermediate/Shaders/WorkingDirectory/10980/).
[2018.11.26-14.29.58:321][  0]LogShaderCompilers: Cleaned the shader compiler working directory 'C:/Users/Skoobie/AppData/Local/Temp/UnrealShaderWorkingDir/58DA88A74A88DB07F1A2429E5F8A89F8/'.
[2018.11.26-14.29.58:554][  0]LogTemp: Display: Loaded TP AllDesktopTargetPlatform
[2018.11.26-14.29.58:564][  0]LogTemp: Display: Loaded TP MacClientTargetPlatform
[2018.11.26-14.29.58:577][  0]LogTemp: Display: Loaded TP MacNoEditorTargetPlatform
[2018.11.26-14.29.58:587][  0]LogTemp: Display: Loaded TP MacServerTargetPlatform
[2018.11.26-14.29.58:598][  0]LogTemp: Display: Loaded TP MacTargetPlatform
[2018.11.26-14.29.58:608][  0]LogTemp: Display: Loaded TP WindowsClientTargetPlatform
[2018.11.26-14.29.58:620][  0]LogTemp: Display: Loaded TP WindowsNoEditorTargetPlatform
[2018.11.26-14.29.58:631][  0]LogTemp: Display: Loaded TP WindowsServerTargetPlatform
[2018.11.26-14.29.58:636][  0]LogTemp: Display: Loaded TP WindowsTargetPlatform
[2018.11.26-14.29.58:711][  0]LogTemp: Display: Loaded TP AndroidTargetPlatform
[2018.11.26-14.29.58:711][  0]LogTemp: Display: Loaded TP AndroidTargetPlatform
[2018.11.26-14.29.58:711][  0]LogTemp: Display: Loaded TP AndroidTargetPlatform
[2018.11.26-14.29.58:711][  0]LogTemp: Display: Loaded TP AndroidTargetPlatform
[2018.11.26-14.29.58:711][  0]LogTemp: Display: Loaded TP AndroidTargetPlatform
[2018.11.26-14.29.58:711][  0]LogTemp: Display: Loaded TP AndroidTargetPlatform
[2018.11.26-14.29.58:711][  0]LogTemp: Display: Loaded TP AndroidTargetPlatform
[2018.11.26-14.29.58:711][  0]LogTemp: Display: Loaded TP AndroidTargetPlatform
[2018.11.26-14.29.58:711][  0]LogTemp: Display: Loaded TP AndroidTargetPlatform
[2018.11.26-14.29.58:711][  0]LogTemp: Display: Loaded TP AndroidTargetPlatform
[2018.11.26-14.29.58:711][  0]LogTemp: Display: Loaded TP AndroidTargetPlatform
[2018.11.26-14.29.58:711][  0]LogTemp: Display: Loaded TP AndroidTargetPlatform
[2018.11.26-14.29.58:711][  0]LogTemp: Display: Loaded TP AndroidTargetPlatform
[2018.11.26-14.29.58:711][  0]LogTemp: Display: Loaded TP AndroidTargetPlatform
[2018.11.26-14.29.58:711][  0]LogTemp: Display: Loaded TP AndroidTargetPlatform
[2018.11.26-14.29.58:711][  0]LogTemp: Display: Loaded TP AndroidTargetPlatform
[2018.11.26-14.29.58:711][  0]LogTemp: Display: Loaded TP AndroidTargetPlatform
[2018.11.26-14.29.58:711][  0]LogTemp: Display: Loaded TP AndroidTargetPlatform
[2018.11.26-14.29.58:712][  0]LogTemp: Display: Loaded TP HTML5TargetPlatform
[2018.11.26-14.29.58:772][  0]LogTemp: Display: Loaded TP IOSTargetPlatform
[2018.11.26-14.29.58:772][  0]LogTemp: Display: Loaded TP IOSTargetPlatform
[2018.11.26-14.29.58:791][  0]LogTemp: Display: Loaded TP TVOSTargetPlatform
[2018.11.26-14.29.58:791][  0]LogTemp: Display: Loaded TP TVOSTargetPlatform
[2018.11.26-14.29.58:801][  0]LogTemp: Display: Loaded TP LinuxClientTargetPlatform
[2018.11.26-14.29.58:813][  0]LogTemp: Display: Loaded TP LinuxNoEditorTargetPlatform
[2018.11.26-14.29.58:823][  0]LogTemp: Display: Loaded TP LinuxServerTargetPlatform
[2018.11.26-14.29.58:835][  0]LogTemp: Display: Loaded TP LinuxTargetPlatform
[2018.11.26-14.29.58:844][  0]LogTemp: Display: Loaded TP LuminTargetPlatform
[2018.11.26-14.29.58:844][  0]LogTargetPlatformManager: Display: Building Assets For Windows
[2018.11.26-14.29.58:891][  0]LogXGEController: Cleaning working directory: C:/Users/Skoobie/AppData/Local/Temp/UnrealXGEWorkingDir/
[2018.11.26-14.29.58:891][  0]LogXGEController: Cannot use XGE Controller as Incredibuild is not installed on this machine.
[2018.11.26-14.29.58:891][  0]LogShaderCompilers: Cannot use XGE Shader Compiler as Incredibuild is not installed on this machine.
[2018.11.26-14.29.58:891][  0]LogShaderCompilers: Display: Using Local Shader Compiler.
[2018.11.26-14.29.59:608][  0]LogDerivedDataCache: Display: Max Cache Size: 512 MB
[2018.11.26-14.29.59:663][  0]LogDerivedDataCache: Loaded boot cache 0.06s 73MB C:/Users/Skoobie/AppData/Local/UnrealEngine/4.20/DerivedDataCache/Boot.ddc.
[2018.11.26-14.29.59:664][  0]LogDerivedDataCache: Display: Loaded Boot cache: C:/Users/Skoobie/AppData/Local/UnrealEngine/4.20/DerivedDataCache/Boot.ddc
[2018.11.26-14.29.59:664][  0]LogDerivedDataCache: FDerivedDataBackendGraph:  Pak pak cache file ../../../../WGT2/ITOSG/DerivedDataCache/DDC.ddp not found, will not use a pak cache.
[2018.11.26-14.29.59:664][  0]LogDerivedDataCache: Unable to find inner node Pak for hierarchical cache Hierarchy.
[2018.11.26-14.29.59:664][  0]LogDerivedDataCache: FDerivedDataBackendGraph:  CompressedPak pak cache file ../../../../WGT2/ITOSG/DerivedDataCache/Compressed.ddp not found, will not use a pak cache.
[2018.11.26-14.29.59:664][  0]LogDerivedDataCache: Unable to find inner node CompressedPak for hierarchical cache Hierarchy.
[2018.11.26-14.29.59:676][  0]LogDerivedDataCache: Display: Pak cache opened for reading ../../../Engine/DerivedDataCache/Compressed.ddp.
[2018.11.26-14.29.59:688][  0]LogDerivedDataCache: Using Local data cache path C:/Users/Skoobie/AppData/Local/UnrealEngine/Common/DerivedDataCache: Writable
[2018.11.26-14.29.59:688][  0]LogDerivedDataCache: Shared data cache path not found in *engine.ini, will not use an Shared cache.
[2018.11.26-14.29.59:688][  0]LogDerivedDataCache: Unable to find inner node Shared for hierarchical cache Hierarchy.
[2018.11.26-14.29.59:703][  0]LogMaterial: Verifying Global Shaders for PCD3D_SM5
[2018.11.26-14.29.59:704][  0]LogSlate: Using FreeType 2.6.0
[2018.11.26-14.29.59:705][  0]LogSlate: SlateFontServices - WITH_FREETYPE: 1, WITH_HARFBUZZ: 1
[2018.11.26-14.29.59:767][  0]LogAssetRegistry: FAssetRegistry took 0.0255 seconds to start up
[2018.11.26-14.30.00:073][  0]LogInit: Selected Device Profile: [Windows]
[2018.11.26-14.30.00:187][  0]LogSimplygon: Simplygon DLL not present - disabling.
[2018.11.26-14.30.00:189][  0]LogMeshReduction: Using SimplygonSwarm for distributed automatic mesh merging
[2018.11.26-14.30.00:189][  0]LogMeshReduction: Using ProxyLODMeshReduction for automatic mesh merging
[2018.11.26-14.30.00:189][  0]LogMeshReduction: Using QuadricMeshReduction for automatic static mesh reduction
[2018.11.26-14.30.00:189][  0]LogMeshReduction: No automatic skeletal mesh reduction module available
[2018.11.26-14.30.00:201][  0]LogNetVersion: ITOSG 1.0.0, NetCL: 4212847, EngineNetVer: 5, GameNetVer: 0 (Checksum: 987612483)
[2018.11.26-14.30.00:670][  0]LogPackageLocalizationCache: Processed 11 localized package path(s) for 2 prioritized culture(s) in 0.093534 seconds
[2018.11.26-14.30.00:677][  0]LogUObjectArray: 38425 objects as part of root set at end of initial load.
[2018.11.26-14.30.00:677][  0]LogUObjectAllocator: 6690872 out of 0 bytes used by permanent object pool.
[2018.11.26-14.30.00:677][  0]LogUObjectArray: CloseDisregardForGC: 0/0 objects in disregard for GC pool
[2018.11.26-14.30.01:393][  0]LogTcpMessaging: Initializing TcpMessaging bridge
[2018.11.26-14.30.01:405][  0]LogUdpMessaging: Initializing bridge on interface 0.0.0.0:0 to multicast group 230.0.0.1:6666.
[2018.11.26-14.30.01:682][  0]SourceControl: Source control is disabled
[2018.11.26-14.30.01:682][  0]SourceControl: Source control is disabled
[2018.11.26-14.30.01:683][  0]SourceControl: Source control is disabled
[2018.11.26-14.30.01:684][  0]SourceControl: Source control is disabled
[2018.11.26-14.30.01:836][  0]LogAndroidPermission: UAndroidPermissionCallbackProxy::GetInstance
[2018.11.26-14.30.01:914][  0]LogOcInput: OculusInput pre-init called
[2018.11.26-14.30.01:966][  0]LogEngine: Initializing Engine...
[2018.11.26-14.30.01:989][  0]LogHMD: Failed to initialize OpenVR with code 126
[2018.11.26-14.30.01:990][  0]LogStats: UGameplayTagsManager::ConstructGameplayTagTree: ImportINI prefixes -  0.000 s
[2018.11.26-14.30.01:990][  0]LogStats: UGameplayTagsManager::ConstructGameplayTagTree: Construct from data asset -  0.000 s
[2018.11.26-14.30.01:990][  0]LogStats: UGameplayTagsManager::ConstructGameplayTagTree: ImportINI -  0.000 s
[2018.11.26-14.30.01:990][  0]LogStats: UGameplayTagsManager::ConstructGameplayTagTree: GameplayTagTreeChangedEvent.Broadcast -  0.000 s
[2018.11.26-14.30.02:169][  0]LogInit: Initializing FReadOnlyCVARCache
[2018.11.26-14.30.02:179][  0]LogAIModule: Creating AISystem for world Untitled
[2018.11.26-14.30.02:202][  0]LogInit: XAudio2 using 'Speakers (USB PnP Sound Device)' : 2 channels at 44.1 kHz using 16 bits per sample (channel mask 0x3)
[2018.11.26-14.30.02:215][  0]LogInit: FAudioDevice initialized.
[2018.11.26-14.30.02:215][  0]LogNetVersion: Set ProjectVersion to 1.0.0.0. Version Checksum will be recalculated on next use.
[2018.11.26-14.30.02:272][  0]LogDerivedDataCache: Saved boot cache 0.06s 73MB C:/Users/Skoobie/AppData/Local/UnrealEngine/4.20/DerivedDataCache/Boot.ddc.
[2018.11.26-14.30.02:283][  0]LogInit: Texture streaming: Enabled
[2018.11.26-14.30.02:299][  0]LogEngineSessionManager: EngineSessionManager initialized
[2018.11.26-14.30.02:310][  0]LogInit: Transaction tracking system initialized
[2018.11.26-14.30.02:324][  0]BlueprintLog: New page: Editor Load
[2018.11.26-14.30.02:413][  0]LocalizationService: Localization service is disabled
[2018.11.26-14.30.02:610][  0]LogCook: Display: Max memory allowance for cook 16384mb min free memory 0mb
[2018.11.26-14.30.02:610][  0]LogCook: Display: Mobile HDR setting 1
[2018.11.26-14.30.02:610][  0]LogGameplayTags: Display: UGameplayTagsManager::DoneAddingNativeTags. DelegateIsBound: 0
[2018.11.26-14.30.02:610][  0]LogStats: UGameplayTagsManager::ConstructGameplayTagTree: ImportINI prefixes -  0.000 s
[2018.11.26-14.30.02:610][  0]LogStats: UGameplayTagsManager::ConstructGameplayTagTree: Construct from data asset -  0.000 s
[2018.11.26-14.30.02:610][  0]LogStats: UGameplayTagsManager::ConstructGameplayTagTree: ImportINI -  0.000 s
[2018.11.26-14.30.02:610][  0]LogStats: UGameplayTagsManager::ConstructGameplayTagTree: GameplayTagTreeChangedEvent.Broadcast -  0.000 s
[2018.11.26-14.30.02:692][  0]LogFileCache: Scanning file cache for directory 'D:/WGT2/ITOSG/Content/' took 0.01s
[2018.11.26-14.30.02:692][  0]SourceControl: Source control is disabled
[2018.11.26-14.30.02:693][  0]Cmd: MAP LOAD FILE="../../../../WGT2/ITOSG/Content/TopDownCPP/Maps/TopDownExampleMap.umap" TEMPLATE=0 SHOWPROGRESS=1 FEATURELEVEL=3
[2018.11.26-14.30.02:693][  0]LightingResults: New page: Lighting Build
[2018.11.26-14.30.02:694][  0]MapCheck: New page: Map Check
[2018.11.26-14.30.02:694][  0]LightingResults: New page: Lighting Build
[2018.11.26-14.30.03:052][  0]LogAIModule: Creating AISystem for world TopDownExampleMap
[2018.11.26-14.30.03:059][  0]LogEditorServer: Finished looking for orphan Actors (0.000 secs)
[2018.11.26-14.30.03:081][  0]Cmd: MAP CHECKDEP NOCLEARLOG
[2018.11.26-14.30.03:131][  0]MapCheck: Map check complete: 0 Error(s), 0 Warning(s), took 50.263ms to complete.
[2018.11.26-14.30.03:131][  0]LogFileHelpers: Loading map 'TopDownExampleMap' took 0.439
[2018.11.26-14.30.03:218][  0]LogSlate: Updating window title bar state: overlay mode, drag disabled, window buttons hidden, title bar hidden
[2018.11.26-14.30.03:224][  0]LogSlate: Updating window title bar state: overlay mode, drag disabled, window buttons hidden, title bar hidden
[2018.11.26-14.30.03:231][  0]LogSlate: Updating window title bar state: overlay mode, drag disabled, window buttons hidden, title bar hidden
[2018.11.26-14.30.03:238][  0]LogSlate: Updating window title bar state: overlay mode, drag disabled, window buttons hidden, title bar hidden
[2018.11.26-14.30.03:242][  0]LogCollectionManager: Loaded 0 collections in 0.000802 seconds
[2018.11.26-14.30.03:280][  0]LogFileCache: Scanning file cache for directory 'D:/WGT2/ITOSG/Saved/Collections/' took 0.01s
[2018.11.26-14.30.03:280][  0]LogFileCache: Scanning file cache for directory 'D:/WGT2/ITOSG/Content/Developers/Skoobie/Collections/' took 0.01s
[2018.11.26-14.30.03:280][  0]LogFileCache: Scanning file cache for directory 'D:/WGT2/ITOSG/Content/Collections/' took 0.01s
[2018.11.26-14.30.03:280][  0]LogCollectionManager: Rebuilt the GUID cache for 0 collections in 0.000000 seconds
[2018.11.26-14.30.03:288][  0]LogContentBrowser: Native class hierarchy populated in 0.0076 seconds. Added 2579 classes and 605 folders.
[2018.11.26-14.30.03:292][  0]LogContentBrowser: Native class hierarchy updated for 'WidgetCarousel' in 0.0002 seconds. Added 0 classes and 0 folders.
[2018.11.26-14.30.03:327][  0]LogContentBrowser: Native class hierarchy updated for 'AddContentDialog' in 0.0003 seconds. Added 0 classes and 0 folders.
[2018.11.26-14.30.03:330][  0]LogContentBrowser: Native class hierarchy updated for 'SceneOutliner' in 0.0003 seconds. Added 1 classes and 2 folders.
[2018.11.26-14.30.03:391][  0]LogSlate: Took 0.000184 seconds to synchronously load lazily loaded font '../../../Engine/Content/Slate/Fonts/Roboto-Regular.ttf' (155K)
[2018.11.26-14.30.03:393][  0]LogSlate: Took 0.000194 seconds to synchronously load lazily loaded font '../../../Engine/Content/Slate/Fonts/Roboto-Bold.ttf' (160K)
[2018.11.26-14.30.03:399][  0]LogSlate: Took 0.000157 seconds to synchronously load lazily loaded font '../../../Engine/Content/Editor/Slate/Fonts/FontAwesome.ttf' (139K)
[2018.11.26-14.30.03:472][  0]LogRenderer: Reallocating scene render targets to support 1208x576 Format 10 NumSamples 1 (Frame:1).
[2018.11.26-14.30.03:506][  0]LogSlate: Took 0.000155 seconds to synchronously load lazily loaded font '../../../Engine/Content/Slate/Fonts/Roboto-Light.ttf' (167K)
[2018.11.26-14.30.03:580][  0]LogContentBrowser: Native class hierarchy updated for 'HierarchicalLODOutliner' in 0.0004 seconds. Added 0 classes and 0 folders.
[2018.11.26-14.30.03:580][  0]LogLoad: (Engine Initialization) Total time: 7.08 seconds
[2018.11.26-14.30.03:580][  0]LogLoad: (Engine Initialization) Total Blueprint compile time: 0.00 seconds
[2018.11.26-14.30.03:590][  0]LogWindowsTextInputMethodSystem: Display: IME system now deactivated.
[2018.11.26-14.30.03:611][  0]LogContentStreaming: Texture pool size now 1000 MB
[2018.11.26-14.30.03:646][  1]LogAssetRegistry: Asset discovery search completed in 3.9016 seconds
[2018.11.26-14.30.03:647][  1]LogCollectionManager: Rebuilt the object cache for 0 collections in 0.000001 seconds (found 0 objects)
[2018.11.26-14.30.03:647][  1]LogCollectionManager: Fixed up redirectors for 0 collections in 0.000046 seconds (updated 0 objects)
[2018.11.26-14.30.15:264][202]LogSlate: FSceneViewport::OnFocusLost() reason 0
[2018.11.26-14.30.15:457][202]LogTemp: Repeating last play command: Selected Viewport
[2018.11.26-14.30.15:470][202]LogBlueprintUserMessages: Early PlayInEditor Detection: Level '/Game/TopDownCPP/Maps/TopDownExampleMap.TopDownExampleMap:PersistentLevel' has LevelScriptBlueprint '/Game/TopDownCPP/Maps/TopDownExampleMap.TopDownExampleMap:PersistentLevel.TopDownExampleMap' with GeneratedClass '/Game/TopDownCPP/Maps/TopDownExampleMap.TopDownExampleMap_C' with ClassGeneratedBy '/Game/TopDownCPP/Maps/TopDownExampleMap.TopDownExampleMap:PersistentLevel.TopDownExampleMap'
[2018.11.26-14.30.15:470][202]LogPlayLevel: PlayLevel: No blueprints needed recompiling
[2018.11.26-14.30.15:482][202]PIE: New page: PIE session: TopDownExampleMap (26 Nov 2018 14:30:15)
[2018.11.26-14.30.15:482][202]LogPlayLevel: Creating play world package: /Game/TopDownCPP/Maps/UEDPIE_0_TopDownExampleMap
[2018.11.26-14.30.15:501][202]LogPlayLevel: PIE: StaticDuplicateObject took: (0.018568s)
[2018.11.26-14.30.15:501][202]LogAIModule: Creating AISystem for world TopDownExampleMap
[2018.11.26-14.30.15:502][202]LogPlayLevel: PIE: World Init took: (0.000664s)
[2018.11.26-14.30.15:502][202]LogPlayLevel: PIE: Created PIE world by copying editor world from /Game/TopDownCPP/Maps/TopDownExampleMap.TopDownExampleMap to /Game/TopDownCPP/Maps/UEDPIE_0_TopDownExampleMap.TopDownExampleMap (0.019375s)
[2018.11.26-14.30.15:537][202]LogInit: XAudio2 using 'Speakers (USB PnP Sound Device)' : 2 channels at 44.1 kHz using 16 bits per sample (channel mask 0x3)
[2018.11.26-14.30.15:546][202]LogInit: FAudioDevice initialized.
[2018.11.26-14.30.15:592][202]LogLoad: Game class is 'BP_GameplayGamemode_C'
[2018.11.26-14.30.15:595][202]LogWorld: Bringing World /Game/TopDownCPP/Maps/UEDPIE_0_TopDownExampleMap.TopDownExampleMap up for play (max tick rate 0) at 2018.11.26-14.30.15
[2018.11.26-14.30.15:595][202]LogWorld: Bringing up level for play took: 0.001872
[2018.11.26-14.30.15:611][202]LogContentBrowser: Native class hierarchy updated for 'MovieSceneCapture' in 0.0003 seconds. Added 10 classes and 0 folders.
[2018.11.26-14.30.15:611][202]LogGameMode: Display: Match State Changed from EnteringMap to WaitingToStart
[2018.11.26-14.30.15:611][202]LogGameState: Match State Changed from EnteringMap to WaitingToStart
[2018.11.26-14.30.15:611][202]LogGameMode: Display: Match State Changed from WaitingToStart to InProgress
[2018.11.26-14.30.15:612][202]LogGameState: Match State Changed from WaitingToStart to InProgress
[2018.11.26-14.30.15:612][202]PIE: Play in editor start time for /Game/TopDownCPP/Maps/UEDPIE_0_TopDownExampleMap -0.295
[2018.11.26-14.30.15:613][202]LogBlueprintUserMessages: Late PlayInEditor Detection: Level '/Game/TopDownCPP/Maps/TopDownExampleMap.TopDownExampleMap:PersistentLevel' has LevelScriptBlueprint '/Game/TopDownCPP/Maps/TopDownExampleMap.TopDownExampleMap:PersistentLevel.TopDownExampleMap' with GeneratedClass '/Game/TopDownCPP/Maps/TopDownExampleMap.TopDownExampleMap_C' with ClassGeneratedBy '/Game/TopDownCPP/Maps/TopDownExampleMap.TopDownExampleMap:PersistentLevel.TopDownExampleMap'
[2018.11.26-14.30.15:619][202]LogScript: Warning: Accessed None trying to read property CurrentInteractable
	WB_Ingame_C /Engine/Transient.UnrealEdEngine_0:GameInstance_0.WB_Ingame_C_0
	Function /Game/UI/WB_Ingame.WB_Ingame_C:GetPickupText:00A5
[2018.11.26-14.30.15:650][203]LogScript: Warning: Accessed None trying to read property CurrentInteractable
	WB_Ingame_C /Engine/Transient.UnrealEdEngine_0:GameInstance_0.WB_Ingame_C_0
	Function /Game/UI/WB_Ingame.WB_Ingame_C:GetPickupText:00A5
[2018.11.26-14.30.15:658][204]LogScript: Warning: Accessed None trying to read property CurrentInteractable
	WB_Ingame_C /Engine/Transient.UnrealEdEngine_0:GameInstance_0.WB_Ingame_C_0
	Function /Game/UI/WB_Ingame.WB_Ingame_C:GetPickupText:00A5
[2018.11.26-14.30.15:666][205]LogScript: Warning: Accessed None trying to read property CurrentInteractable
	WB_Ingame_C /Engine/Transient.UnrealEdEngine_0:GameInstance_0.WB_Ingame_C_0
	Function /Game/UI/WB_Ingame.WB_Ingame_C:GetPickupText:00A5
[2018.11.26-14.30.15:688][206]LogScript: Warning: Accessed None trying to read property CurrentInteractable
	WB_Ingame_C /Engine/Transient.UnrealEdEngine_0:GameInstance_0.WB_Ingame_C_0
	Function /Game/UI/WB_Ingame.WB_Ingame_C:GetPickupText:00A5
[2018.11.26-14.30.15:700][207]LogScript: Warning: Accessed None trying to read property CurrentInteractable
	WB_Ingame_C /Engine/Transient.UnrealEdEngine_0:GameInstance_0.WB_Ingame_C_0
	Function /Game/UI/WB_Ingame.WB_Ingame_C:GetPickupText:00A5
[2018.11.26-14.30.15:710][208]LogScript: Warning: Accessed None trying to read property CurrentInteractable
	WB_Ingame_C /Engine/Transient.UnrealEdEngine_0:GameInstance_0.WB_Ingame_C_0
	Function /Game/UI/WB_Ingame.WB_Ingame_C:GetPickupText:00A5
[2018.11.26-14.30.15:720][209]LogScript: Warning: Accessed None trying to read property CurrentInteractable
	WB_Ingame_C /Engine/Transient.UnrealEdEngine_0:GameInstance_0.WB_Ingame_C_0
	Function /Game/UI/WB_Ingame.WB_Ingame_C:GetPickupText:00A5
[2018.11.26-14.30.15:731][210]LogScript: Warning: Accessed None trying to read property CurrentInteractable
	WB_Ingame_C /Engine/Transient.UnrealEdEngine_0:GameInstance_0.WB_Ingame_C_0
	Function /Game/UI/WB_Ingame.WB_Ingame_C:GetPickupText:00A5
[2018.11.26-14.30.15:741][211]LogScript: Warning: Accessed None trying to read property CurrentInteractable
	WB_Ingame_C /Engine/Transient.UnrealEdEngine_0:GameInstance_0.WB_Ingame_C_0
	Function /Game/UI/WB_Ingame.WB_Ingame_C:GetPickupText:00A5
[2018.11.26-14.30.15:749][212]LogScript: Warning: Accessed None trying to read property CurrentInteractable
	WB_Ingame_C /Engine/Transient.UnrealEdEngine_0:GameInstance_0.WB_Ingame_C_0
	Function /Game/UI/WB_Ingame.WB_Ingame_C:GetPickupText:00A5
[2018.11.26-14.30.15:757][213]LogScript: Warning: Accessed None trying to read property CurrentInteractable
	WB_Ingame_C /Engine/Transient.UnrealEdEngine_0:GameInstance_0.WB_Ingame_C_0
	Function /Game/UI/WB_Ingame.WB_Ingame_C:GetPickupText:00A5
[2018.11.26-14.30.15:766][214]LogScript: Warning: Accessed None trying to read property CurrentInteractable
	WB_Ingame_C /Engine/Transient.UnrealEdEngine_0:GameInstance_0.WB_Ingame_C_0
	Function /Game/UI/WB_Ingame.WB_Ingame_C:GetPickupText:00A5
[2018.11.26-14.30.15:774][215]LogScript: Warning: Accessed None trying to read property CurrentInteractable
	WB_Ingame_C /Engine/Transient.UnrealEdEngine_0:GameInstance_0.WB_Ingame_C_0
	Function /Game/UI/WB_Ingame.WB_Ingame_C:GetPickupText:00A5
[2018.11.26-14.30.15:783][216]LogScript: Warning: Accessed None trying to read property CurrentInteractable
	WB_Ingame_C /Engine/Transient.UnrealEdEngine_0:GameInstance_0.WB_Ingame_C_0
	Function /Game/UI/WB_Ingame.WB_Ingame_C:GetPickupText:00A5
[2018.11.26-14.30.15:791][217]LogScript: Warning: Accessed None trying to read property CurrentInteractable
	WB_Ingame_C /Engine/Transient.UnrealEdEngine_0:GameInstance_0.WB_Ingame_C_0
	Function /Game/UI/WB_Ingame.WB_Ingame_C:GetPickupText:00A5
[2018.11.26-14.30.15:800][218]LogScript: Warning: Accessed None trying to read property CurrentInteractable
	WB_Ingame_C /Engine/Transient.UnrealEdEngine_0:GameInstance_0.WB_Ingame_C_0
	Function /Game/UI/WB_Ingame.WB_Ingame_C:GetPickupText:00A5
[2018.11.26-14.30.22:809][ 55]LogBlueprintUserMessages: Early EndPlayMap Detection: Level '/Game/TopDownCPP/Maps/TopDownExampleMap.TopDownExampleMap:PersistentLevel' has LevelScriptBlueprint '/Game/TopDownCPP/Maps/TopDownExampleMap.TopDownExampleMap:PersistentLevel.TopDownExampleMap' with GeneratedClass '/Game/TopDownCPP/Maps/TopDownExampleMap.TopDownExampleMap_C' with ClassGeneratedBy '/Game/TopDownCPP/Maps/TopDownExampleMap.TopDownExampleMap:PersistentLevel.TopDownExampleMap'
[2018.11.26-14.30.22:810][ 55]LogSlate: Updating window title bar state: overlay mode, drag disabled, window buttons hidden, title bar hidden
[2018.11.26-14.30.22:840][ 55]LogPlayLevel: Display: Shutting down PIE online subsystems
[2018.11.26-14.30.22:841][ 55]LogBlueprintUserMessages: Late EndPlayMap Detection: Level '/Game/TopDownCPP/Maps/TopDownExampleMap.TopDownExampleMap:PersistentLevel' has LevelScriptBlueprint '/Game/TopDownCPP/Maps/TopDownExampleMap.TopDownExampleMap:PersistentLevel.TopDownExampleMap' with GeneratedClass '/Game/TopDownCPP/Maps/TopDownExampleMap.TopDownExampleMap_C' with ClassGeneratedBy '/Game/TopDownCPP/Maps/TopDownExampleMap.TopDownExampleMap:PersistentLevel.TopDownExampleMap'
[2018.11.26-14.30.22:861][ 55]LogSlate: Updating window title bar state: overlay mode, drag disabled, window buttons hidden, title bar hidden
[2018.11.26-14.30.22:910][ 60]LogPlayLevel: Display: Destroying online subsystem :Context_1
[2018.11.26-15.02.12:268][670]LogSlate: FSceneViewport::OnFocusLost() reason 0
[2018.11.26-15.02.36:906][602]LogSlate: FSceneViewport::OnFocusLost() reason 0
[2018.11.26-15.02.37:005][614]LogTemp: Repeating last play command: Selected Viewport
[2018.11.26-15.02.37:018][614]LogBlueprintUserMessages: Early PlayInEditor Detection: Level '/Game/TopDownCPP/Maps/TopDownExampleMap.TopDownExampleMap:PersistentLevel' has LevelScriptBlueprint '/Game/TopDownCPP/Maps/TopDownExampleMap.TopDownExampleMap:PersistentLevel.TopDownExampleMap' with GeneratedClass '/Game/TopDownCPP/Maps/TopDownExampleMap.TopDownExampleMap_C' with ClassGeneratedBy '/Game/TopDownCPP/Maps/TopDownExampleMap.TopDownExampleMap:PersistentLevel.TopDownExampleMap'
[2018.11.26-15.02.37:018][614]LogPlayLevel: PlayLevel: No blueprints needed recompiling
[2018.11.26-15.02.37:018][614]PIE: New page: PIE session: TopDownExampleMap (26 Nov 2018 15:02:37)
[2018.11.26-15.02.37:018][614]LogPlayLevel: Creating play world package: /Game/TopDownCPP/Maps/UEDPIE_0_TopDownExampleMap
[2018.11.26-15.02.37:031][614]LogPlayLevel: PIE: StaticDuplicateObject took: (0.012915s)
[2018.11.26-15.02.37:031][614]LogAIModule: Creating AISystem for world TopDownExampleMap
[2018.11.26-15.02.37:032][614]LogPlayLevel: PIE: World Init took: (0.000724s)
[2018.11.26-15.02.37:032][614]LogPlayLevel: PIE: Created PIE world by copying editor world from /Game/TopDownCPP/Maps/TopDownExampleMap.TopDownExampleMap to /Game/TopDownCPP/Maps/UEDPIE_0_TopDownExampleMap.TopDownExampleMap (0.013777s)
[2018.11.26-15.02.37:091][614]LogInit: XAudio2 using 'Speakers (USB PnP Sound Device)' : 2 channels at 44.1 kHz using 16 bits per sample (channel mask 0x3)
[2018.11.26-15.02.37:099][614]LogInit: FAudioDevice initialized.
[2018.11.26-15.02.37:132][614]LogLoad: Game class is 'BP_GameplayGamemode_C'
[2018.11.26-15.02.37:134][614]LogWorld: Bringing World /Game/TopDownCPP/Maps/UEDPIE_0_TopDownExampleMap.TopDownExampleMap up for play (max tick rate 0) at 2018.11.26-15.02.37
[2018.11.26-15.02.37:135][614]LogWorld: Bringing up level for play took: 0.001841
[2018.11.26-15.02.37:146][614]LogGameMode: Display: Match State Changed from EnteringMap to WaitingToStart
[2018.11.26-15.02.37:146][614]LogGameState: Match State Changed from EnteringMap to WaitingToStart
[2018.11.26-15.02.37:146][614]LogGameMode: Display: Match State Changed from WaitingToStart to InProgress
[2018.11.26-15.02.37:147][614]LogGameState: Match State Changed from WaitingToStart to InProgress
[2018.11.26-15.02.37:147][614]PIE: Play in editor start time for /Game/TopDownCPP/Maps/UEDPIE_0_TopDownExampleMap -0.76
[2018.11.26-15.02.37:147][614]LogBlueprintUserMessages: Late PlayInEditor Detection: Level '/Game/TopDownCPP/Maps/TopDownExampleMap.TopDownExampleMap:PersistentLevel' has LevelScriptBlueprint '/Game/TopDownCPP/Maps/TopDownExampleMap.TopDownExampleMap:PersistentLevel.TopDownExampleMap' with GeneratedClass '/Game/TopDownCPP/Maps/TopDownExampleMap.TopDownExampleMap_C' with ClassGeneratedBy '/Game/TopDownCPP/Maps/TopDownExampleMap.TopDownExampleMap:PersistentLevel.TopDownExampleMap'
[2018.11.26-15.02.39:240][614]LogWindows: Error: === Critical error: ===
[2018.11.26-15.02.39:240][614]LogWindows: Error: 
[2018.11.26-15.02.39:240][614]LogWindows: Error: Fatal error!
[2018.11.26-15.02.39:240][614]LogWindows: Error: 
[2018.11.26-15.02.39:240][614]LogWindows: Error: Unhandled Exception: EXCEPTION_ACCESS_VIOLATION writing address 0x00000758
[2018.11.26-15.02.39:240][614]LogWindows: Error: 
[2018.11.26-15.02.39:240][614]LogWindows: Error: [Callstack] 0x00007ffc09173cea UE4Editor-ITOSG-3847.dll!AITOSGCharacter::Tick() [d:\wgt2\itosg\source\itosg\itosgcharacter.cpp:93]
[2018.11.26-15.02.39:240][614]LogWindows: Error: [Callstack] 0x00007ffc1da2730c UE4Editor-Engine.dll!UnknownFunction []
[2018.11.26-15.02.39:240][614]LogWindows: Error: [Callstack] 0x00007ffc1d9e5630 UE4Editor-Engine.dll!UnknownFunction []
[2018.11.26-15.02.39:240][614]LogWindows: Error: [Callstack] 0x00007ffc1ebe16bd UE4Editor-Engine.dll!UnknownFunction []
[2018.11.26-15.02.39:240][614]LogWindows: Error: [Callstack] 0x00007ffc20501f92 UE4Editor-Core.dll!UnknownFunction []
[2018.11.26-15.02.39:240][614]LogWindows: Error: [Callstack] 0x00007ffc20502456 UE4Editor-Core.dll!UnknownFunction []
[2018.11.26-15.02.39:240][614]LogWindows: Error: [Callstack] 0x00007ffc20516d25 UE4Editor-Core.dll!UnknownFunction []
[2018.11.26-15.02.39:240][614]LogWindows: Error: [Callstack] 0x00007ffc1ec35b04 UE4Editor-Engine.dll!UnknownFunction []
[2018.11.26-15.02.39:240][614]LogWindows: Error: [Callstack] 0x00007ffc1ec44d92 UE4Editor-Engine.dll!UnknownFunction []
[2018.11.26-15.02.39:240][614]LogWindows: Error: [Callstack] 0x00007ffc1e3487e4 UE4Editor-Engine.dll!UnknownFunction []
[2018.11.26-15.02.39:240][614]LogWindows: Error: [Callstack] 0x00007ffc1e354003 UE4Editor-Engine.dll!UnknownFunction []
[2018.11.26-15.02.39:240][614]LogWindows: Error: [Callstack] 0x00007ffc1b617335 UE4Editor-UnrealEd.dll!UnknownFunction []
[2018.11.26-15.02.39:240][614]LogWindows: Error: [Callstack] 0x00007ffc1bf0f666 UE4Editor-UnrealEd.dll!UnknownFunction []
[2018.11.26-15.02.39:240][614]LogWindows: Error: [Callstack] 0x00007ff6afab5cbd UE4Editor.exe!UnknownFunction []
[2018.11.26-15.02.39:240][614]LogWindows: Error: [Callstack] 0x00007ff6afac5b3c UE4Editor.exe!UnknownFunction []
[2018.11.26-15.02.39:240][614]LogWindows: Error: [Callstack] 0x00007ff6afac5bba UE4Editor.exe!UnknownFunction []
[2018.11.26-15.02.39:240][614]LogWindows: Error: [Callstack] 0x00007ff6afad3dac UE4Editor.exe!UnknownFunction []
[2018.11.26-15.02.39:240][614]LogWindows: Error: [Callstack] 0x00007ff6afad5aaa UE4Editor.exe!UnknownFunction []
[2018.11.26-15.02.39:240][614]LogWindows: Error: [Callstack] 0x00007ffc82f03034 KERNEL32.DLL!UnknownFunction []
[2018.11.26-15.02.39:240][614]LogWindows: Error: [Callstack] 0x00007ffc84b61471 ntdll.dll!UnknownFunction []
[2018.11.26-15.02.39:240][614]LogWindows: Error: 
[2018.11.26-15.02.39:251][614]LogExit: Executing StaticShutdownAfterError
[2018.11.26-15.02.39:254][614]LogWindows: FPlatformMisc::RequestExit(1)
[2018.11.26-15.02.39:263][614]Log file closed, 11/26/18 15:02:39
