Log file open, 11/20/18 13:47:20
LogWindows: Failed to load 'aqProf.dll' (GetLastError=126)
LogWindows: File 'aqProf.dll' does not exist
LogWindows: Failed to load 'VSPerf140.dll' (GetLastError=126)
LogWindows: File 'VSPerf140.dll' does not exist
LogWindows: Failed to load 'VtuneApi.dll' (GetLastError=126)
LogWindows: File 'VtuneApi.dll' does not exist
LogWindows: Failed to load 'VtuneApi32e.dll' (GetLastError=126)
LogWindows: File 'VtuneApi32e.dll' does not exist
LogInit: Display: Running engine for game: ITOSG
LogPlatformFile: Not using cached read wrapper
LogTaskGraph: Started task graph with 5 named threads and 14 total threads with 3 sets of task threads.
LogStats: Stats thread started at 0.238651
LogD3D11RHI: Loaded GFSDK_Aftermath_Lib.x64.dll
LogICUInternationalization: Display: ICU TimeZone Detection - Raw Offset: +0:00, Platform Override: ''
LogPluginManager: Mounting plugin Paper2D
LogPluginManager: Mounting plugin AISupport
LogPluginManager: Mounting plugin LightPropagationVolume
LogPluginManager: Mounting plugin CLionSourceCodeAccess
LogPluginManager: Mounting plugin CodeLiteSourceCodeAccess
LogPluginManager: Mounting plugin GitSourceControl
LogPluginManager: Mounting plugin KDevelopSourceCodeAccess
LogPluginManager: Mounting plugin NullSourceCodeAccess
LogPluginManager: Mounting plugin PerforceSourceControl
LogPluginManager: Mounting plugin SubversionSourceControl
LogPluginManager: Mounting plugin UObjectPlugin
LogPluginManager: Mounting plugin VisualStudioCodeSourceCodeAccess
LogPluginManager: Mounting plugin VisualStudioSourceCodeAccess
LogPluginManager: Mounting plugin XCodeSourceCodeAccess
LogPluginManager: Mounting plugin AssetManagerEditor
LogPluginManager: Mounting plugin CryptoKeys
LogPluginManager: Mounting plugin DataValidation
LogPluginManager: Mounting plugin FacialAnimation
LogPluginManager: Mounting plugin GameplayTagsEditor
LogPluginManager: Mounting plugin MacGraphicsSwitching
LogPluginManager: Mounting plugin MeshEditor
LogPluginManager: Mounting plugin MobileLauncherProfileWizard
LogPluginManager: Mounting plugin PluginBrowser
LogPluginManager: Mounting plugin SpeedTreeImporter
LogPluginManager: Mounting plugin DatasmithContent
LogPluginManager: Mounting plugin AlembicImporter
LogPluginManager: Mounting plugin AppleImageUtils
LogPluginManager: Mounting plugin AppleVision
LogPluginManager: Mounting plugin BackChannel
LogPluginManager: Mounting plugin CharacterAI
LogPluginManager: Mounting plugin GeometryCache
LogPluginManager: Mounting plugin HTML5Networking
LogPluginManager: Mounting plugin ProxyLODPlugin
LogPluginManager: Mounting plugin MagicLeap
LogPluginManager: Mounting plugin MagicLeapEmulator
LogPluginManager: Mounting plugin MagicLeapMedia
LogPluginManager: Mounting plugin AndroidMedia
LogPluginManager: Mounting plugin AvfMedia
LogPluginManager: Mounting plugin ImgMedia
LogPluginManager: Mounting plugin LinearTimecode
LogPluginManager: Mounting plugin MediaCompositing
LogPluginManager: Mounting plugin MediaPlayerEditor
LogPluginManager: Mounting plugin WmfMedia
LogPluginManager: Mounting plugin TcpMessaging
LogPluginManager: Mounting plugin UdpMessaging
LogPluginManager: Mounting plugin ActorSequence
LogPluginManager: Mounting plugin LevelSequenceEditor
LogPluginManager: Mounting plugin MatineeToLevelSequence
LogPluginManager: Mounting plugin NetcodeUnitTest
LogPluginManager: Mounting plugin NUTUnrealEngine4
LogPluginManager: Mounting plugin OnlineSubsystemGooglePlay
LogPluginManager: Mounting plugin OnlineSubsystemIOS
LogPluginManager: Mounting plugin OnlineSubsystem
LogPluginManager: Mounting plugin OnlineSubsystemNull
LogPluginManager: Mounting plugin OnlineSubsystemUtils
LogPluginManager: Mounting plugin LauncherChunkInstaller
LogPluginManager: Mounting plugin AndroidDeviceProfileSelector
LogPluginManager: Mounting plugin AndroidMoviePlayer
LogPluginManager: Mounting plugin AndroidPermission
LogPluginManager: Mounting plugin AppleMoviePlayer
LogPluginManager: Mounting plugin ArchVisCharacter
LogPluginManager: Mounting plugin AudioCapture
LogPluginManager: Mounting plugin CableComponent
LogPluginManager: Mounting plugin CustomMeshComponent
LogPluginManager: Mounting plugin EditableMesh
LogPluginManager: Mounting plugin ExampleDeviceProfileSelector
LogPluginManager: Mounting plugin GoogleCloudMessaging
LogPluginManager: Mounting plugin ImmediatePhysics
LogPluginManager: Mounting plugin IOSDeviceProfileSelector
LogPluginManager: Mounting plugin LinuxDeviceProfileSelector
LogPluginManager: Mounting plugin LocationServicesBPLibrary
LogPluginManager: Mounting plugin MobilePatchingUtils
LogPluginManager: Mounting plugin OculusVR
LogPluginManager: Plugin shader directory ../../../Engine/Plugins/Runtime/Oculus/OculusVR/Shaders found
LogPluginManager: Mapping shader source directory ../../../Engine/Plugins/Runtime/Oculus/OculusVR/Shaders to virtual directory /Plugin/OculusVR
LogPluginManager: Mounting plugin PhysXVehicles
LogPluginManager: Mounting plugin ProceduralMeshComponent
LogPluginManager: Mounting plugin RuntimePhysXCooking
LogPluginManager: Mounting plugin SteamVR
LogPluginManager: Mounting plugin WindowsMoviePlayer
LogStreaming: Display: Took  0.273s to configure plugins.
LogInit: Using libcurl 7.55.1-DEV
LogInit:  - built for x86_64-pc-win32
LogInit:  - supports SSL with OpenSSL/1.0.2h
LogInit:  - supports HTTP deflate (compression) using libz 1.2.8
LogInit:  - other features:
LogInit:      CURL_VERSION_SSL
LogInit:      CURL_VERSION_LIBZ
LogInit:      CURL_VERSION_IPV6
LogInit:      CURL_VERSION_ASYNCHDNS
LogInit:      CURL_VERSION_LARGEFILE
LogInit:      CURL_VERSION_IDN
LogInit:  CurlRequestOptions (configurable via config and command line):
LogInit:  - bVerifyPeer = false  - Libcurl will NOT verify peer certificate
LogInit:  - bUseHttpProxy = false  - Libcurl will NOT use HTTP proxy
LogInit:  - bDontReuseConnections = false  - Libcurl will reuse connections
LogInit:  - CertBundlePath = nullptr  - Libcurl will use whatever was configured at build time.
LogInit:  - MaxHostConnections = 16  - Libcurl will limit the number of connections to a host
LogInit:  - LocalHostAddr = Default
LogInit:  - BufferSize = 65536
LogInit: WinSock: version 1.1 (2.2), MaxSocks=32767, MaxUdp=65467
LogInit: Build: ++UE4+Release-4.20-CL-4369336
LogInit: Engine Version: 4.20.3-4369336+++UE4+Release-4.20
LogInit: Compatible Engine Version: 4.20.0-4212847+++UE4+Release-4.20
LogInit: Net CL: 4212847
LogInit: OS: Windows 10 (), CPU: Intel(R) Xeon(R) CPU E5-1607 v3 @ 3.10GHz, GPU: NVIDIA GeForce GTX 970
LogInit: Compiled (64-bit): Sep 17 2018 12:26:19
LogInit: Compiled with Visual C++: 19.13.26129.00
LogInit: Build Configuration: Development
LogInit: Branch Name: ++UE4+Release-4.20
LogInit: Command Line:  
LogInit: Base Directory: C:/Epic/UE4/UE_4.20/Engine/Binaries/Win64/
LogInit: Installed Engine Build: 1
LogDevObjectVersion: Number of dev versions registered: 20
LogDevObjectVersion:   Dev-Blueprints (B0D832E4-1F89-4F0D-ACCF-7EB736FD4AA2): 10
LogDevObjectVersion:   Dev-Build (E1C64328-A22C-4D53-A36C-8E866417BD8C): 0
LogDevObjectVersion:   Dev-Core (375EC13C-06E4-48FB-B500-84F0262A717E): 2
LogDevObjectVersion:   Dev-Editor (E4B068ED-F494-42E9-A231-DA0B2E46BB41): 24
LogDevObjectVersion:   Dev-Framework (CFFC743F-43B0-4480-9391-14DF171D2073): 34
LogDevObjectVersion:   Dev-Mobile (B02B49B5-BB20-44E9-A304-32B752E40360): 2
LogDevObjectVersion:   Dev-Networking (A4E4105C-59A1-49B5-A7C5-40C4547EDFEE): 0
LogDevObjectVersion:   Dev-Online (39C831C9-5AE6-47DC-9A44-9C173E1C8E7C): 0
LogDevObjectVersion:   Dev-Physics (78F01B33-EBEA-4F98-B9B4-84EACCB95AA2): 0
LogDevObjectVersion:   Dev-Platform (6631380F-2D4D-43E0-8009-CF276956A95A): 0
LogDevObjectVersion:   Dev-Rendering (12F88B9F-8875-4AFC-A67C-D90C383ABD29): 26
LogDevObjectVersion:   Dev-Sequencer (7B5AE74C-D270-4C10-A958-57980B212A5A): 9
LogDevObjectVersion:   Dev-VR (D7296918-1DD6-4BDD-9DE2-64A83CC13884): 2
LogDevObjectVersion:   Dev-LoadTimes (C2A15278-BFE7-4AFE-6C17-90FF531DF755): 1
LogDevObjectVersion:   Private-Geometry (6EACA3D4-40EC-4CC1-B786-8BED09428FC5): 3
LogDevObjectVersion:   Dev-AnimPhys (29E575DD-E0A3-4627-9D10-D276232CDCEA): 17
LogDevObjectVersion:   Dev-ReflectionCapture (6B266CEC-1EC7-4B8F-A30B-E4D90942FC07): 1
LogDevObjectVersion:   Dev-Automation (0DF73D61-A23F-47EA-B727-89E90C41499A): 1
LogDevObjectVersion:   FortniteMain (601D1886-AC64-4F84-AA16-D3DE0DEAC7D6): 12
LogDevObjectVersion:   Dev-Enterprise (9DFFBCD6-494F-0158-E221-12823C92A888): 1
LogStreaming: Display: Took  0.004s to delete old logs.
LogInit: Presizing for max 8388607 objects, including 0 objects not considered by GC, pre-allocating 0 bytes for permanent pool.
LogInit: Object subsystem initialized
[2018.11.20-13.47.20:783][  0]LogInit: Selected Device Profile: [Windows]
[2018.11.20-13.47.20:784][  0]LogInit: Applying CVar settings loaded from the selected device profile: [Windows]
[2018.11.20-13.47.20:824][  0]LogHAL: Display: Platform has ~ 16 GB [17092071424 / 17179869184 / 16], which maps to Larger [LargestMinGB=32, LargerMinGB=12, DefaultMinGB=8, SmallerMinGB=6, SmallestMinGB=0)
[2018.11.20-13.47.20:824][  0]LogInit: Setting Device Profile CVar: [[r.Vulkan.UseRealUBs:1]]
[2018.11.20-13.47.20:825][  0]LogInit: Going up to parent DeviceProfile []
[2018.11.20-13.47.20:826][  0]LogInit: Computer: S500-15
[2018.11.20-13.47.20:826][  0]LogInit: User: j016593e
[2018.11.20-13.47.20:826][  0]LogInit: CPU Page size=4096, Cores=4
[2018.11.20-13.47.20:826][  0]LogInit: High frequency timer resolution =3.020353 MHz
[2018.11.20-13.47.20:826][  0]LogMemory: Memory total: Physical=15.9GB (16GB approx)
[2018.11.20-13.47.20:826][  0]LogMemory: Platform Memory Stats for Windows
[2018.11.20-13.47.20:826][  0]LogMemory: Process Physical Memory: 100.25 MB used, 100.25 MB peak
[2018.11.20-13.47.20:826][  0]LogMemory: Process Virtual Memory: 84.20 MB used, 84.20 MB peak
[2018.11.20-13.47.20:827][  0]LogMemory: Physical Memory: 5463.93 MB used,  10836.34 MB free, 16300.27 MB total
[2018.11.20-13.47.20:827][  0]LogMemory: Virtual Memory: 4620.36 MB used,  10836.34 MB free, 134217728.00 MB total
[2018.11.20-13.47.20:897][  0]LogInit: Using OS detected language (en-US).
[2018.11.20-13.47.20:897][  0]LogInit: Using OS detected locale (en-GB).
[2018.11.20-13.47.20:899][  0]LogTextLocalizationManager: No specific localization for 'en-US' exists, so the 'en' localization will be used.
[2018.11.20-13.47.21:354][  0]LogStreaming: Display: Took  0.457s to InitEngineTextLocalization.
[2018.11.20-13.47.21:354][  0]LogInit: Setting process to per monitor DPI aware
[2018.11.20-13.47.21:389][  0]LogSlate: New Slate User Created.  User Index 0, Is Virtual User: 0
[2018.11.20-13.47.21:389][  0]LogSlate: Slate User Registered.  User Index 0, Is Virtual User: 0
[2018.11.20-13.47.21:741][  0]LogHMD: Failed to initialize OpenVR with code 110
[2018.11.20-13.47.21:741][  0]LogD3D11RHI: D3D11 adapters:
[2018.11.20-13.47.21:820][  0]LogD3D11RHI:    0. 'NVIDIA GeForce GTX 970' (Feature Level 11_0)
[2018.11.20-13.47.21:820][  0]LogD3D11RHI:       4043/0/8150 MB DedicatedVideo/DedicatedSystem/SharedSystem, Outputs:2, VendorId:0x10de
[2018.11.20-13.47.21:823][  0]LogD3D11RHI:    1. 'Microsoft Basic Render Driver' (Feature Level 11_0)
[2018.11.20-13.47.21:823][  0]LogD3D11RHI:       0/0/8150 MB DedicatedVideo/DedicatedSystem/SharedSystem, Outputs:0, VendorId:0x1414
[2018.11.20-13.47.21:823][  0]LogD3D11RHI: Chosen D3D11 Adapter: 0
[2018.11.20-13.47.21:831][  0]LogD3D11RHI: Creating new Direct3DDevice
[2018.11.20-13.47.21:831][  0]LogD3D11RHI:     GPU DeviceId: 0x13c2 (for the marketing name, search the web for "GPU Device Id")
[2018.11.20-13.47.21:831][  0]LogWindows: EnumDisplayDevices:
[2018.11.20-13.47.21:831][  0]LogWindows:    0. 'NVIDIA GeForce GTX 970' (P:0 D:1)
[2018.11.20-13.47.21:832][  0]LogWindows:    1. 'NVIDIA GeForce GTX 970' (P:1 D:1)
[2018.11.20-13.47.21:832][  0]LogWindows:    2. 'NVIDIA GeForce GTX 970' (P:0 D:0)
[2018.11.20-13.47.21:833][  0]LogWindows:    3. 'NVIDIA GeForce GTX 970' (P:0 D:0)
[2018.11.20-13.47.21:833][  0]LogWindows: DebugString: FoundDriverCount:4 
[2018.11.20-13.47.21:833][  0]LogD3D11RHI:     Adapter Name: NVIDIA GeForce GTX 970
[2018.11.20-13.47.21:833][  0]LogD3D11RHI:   Driver Version: 399.24 (internal:24.21.13.9924, unified:399.24)
[2018.11.20-13.47.21:833][  0]LogD3D11RHI:      Driver Date: 9-5-2018
[2018.11.20-13.47.21:833][  0]LogRHI: Texture pool is 2830 MB (70% of 4043 MB)
[2018.11.20-13.47.21:883][  0]LogD3D11RHI: Async texture creation enabled
[2018.11.20-13.47.21:902][  0]LogD3D11RHI: GPU Timing Frequency: 1000.000000 (Debug: 2 2)
[2018.11.20-13.47.21:991][  0]LogShaderCompilers: Guid format shader working directory is -13 characters bigger than the processId version (../../../../../../Users/j016593e/Documents/GitHub/WGTv2/ITOSG/Intermediate/Shaders/WorkingDirectory/12092/).
[2018.11.20-13.47.21:992][  0]LogShaderCompilers: Cleaned the shader compiler working directory 'C:/Users/j016593e/AppData/Local/Temp/UnrealShaderWorkingDir/0DEB20D841AF0D9BD02372BD31580EE0/'.
[2018.11.20-13.47.22:414][  0]LogTemp: Display: Loaded TP AllDesktopTargetPlatform
[2018.11.20-13.47.22:433][  0]LogTemp: Display: Loaded TP MacClientTargetPlatform
[2018.11.20-13.47.22:452][  0]LogTemp: Display: Loaded TP MacNoEditorTargetPlatform
[2018.11.20-13.47.22:471][  0]LogTemp: Display: Loaded TP MacServerTargetPlatform
[2018.11.20-13.47.22:491][  0]LogTemp: Display: Loaded TP MacTargetPlatform
[2018.11.20-13.47.22:509][  0]LogTemp: Display: Loaded TP WindowsClientTargetPlatform
[2018.11.20-13.47.22:528][  0]LogTemp: Display: Loaded TP WindowsNoEditorTargetPlatform
[2018.11.20-13.47.22:547][  0]LogTemp: Display: Loaded TP WindowsServerTargetPlatform
[2018.11.20-13.47.22:557][  0]LogTemp: Display: Loaded TP WindowsTargetPlatform
[2018.11.20-13.47.22:659][  0]LogTemp: Display: Loaded TP AndroidTargetPlatform
[2018.11.20-13.47.22:659][  0]LogTemp: Display: Loaded TP AndroidTargetPlatform
[2018.11.20-13.47.22:659][  0]LogTemp: Display: Loaded TP AndroidTargetPlatform
[2018.11.20-13.47.22:659][  0]LogTemp: Display: Loaded TP AndroidTargetPlatform
[2018.11.20-13.47.22:659][  0]LogTemp: Display: Loaded TP AndroidTargetPlatform
[2018.11.20-13.47.22:659][  0]LogTemp: Display: Loaded TP AndroidTargetPlatform
[2018.11.20-13.47.22:659][  0]LogTemp: Display: Loaded TP AndroidTargetPlatform
[2018.11.20-13.47.22:659][  0]LogTemp: Display: Loaded TP AndroidTargetPlatform
[2018.11.20-13.47.22:659][  0]LogTemp: Display: Loaded TP AndroidTargetPlatform
[2018.11.20-13.47.22:659][  0]LogTemp: Display: Loaded TP AndroidTargetPlatform
[2018.11.20-13.47.22:659][  0]LogTemp: Display: Loaded TP AndroidTargetPlatform
[2018.11.20-13.47.22:659][  0]LogTemp: Display: Loaded TP AndroidTargetPlatform
[2018.11.20-13.47.22:659][  0]LogTemp: Display: Loaded TP AndroidTargetPlatform
[2018.11.20-13.47.22:659][  0]LogTemp: Display: Loaded TP AndroidTargetPlatform
[2018.11.20-13.47.22:659][  0]LogTemp: Display: Loaded TP AndroidTargetPlatform
[2018.11.20-13.47.22:659][  0]LogTemp: Display: Loaded TP AndroidTargetPlatform
[2018.11.20-13.47.22:659][  0]LogTemp: Display: Loaded TP AndroidTargetPlatform
[2018.11.20-13.47.22:659][  0]LogTemp: Display: Loaded TP AndroidTargetPlatform
[2018.11.20-13.47.22:661][  0]LogTemp: Display: Loaded TP HTML5TargetPlatform
[2018.11.20-13.47.22:732][  0]LogTemp: Display: Loaded TP IOSTargetPlatform
[2018.11.20-13.47.22:732][  0]LogTemp: Display: Loaded TP IOSTargetPlatform
[2018.11.20-13.47.22:763][  0]LogTemp: Display: Loaded TP TVOSTargetPlatform
[2018.11.20-13.47.22:763][  0]LogTemp: Display: Loaded TP TVOSTargetPlatform
[2018.11.20-13.47.22:779][  0]LogTemp: Display: Loaded TP LinuxClientTargetPlatform
[2018.11.20-13.47.22:796][  0]LogTemp: Display: Loaded TP LinuxNoEditorTargetPlatform
[2018.11.20-13.47.22:813][  0]LogTemp: Display: Loaded TP LinuxServerTargetPlatform
[2018.11.20-13.47.22:831][  0]LogTemp: Display: Loaded TP LinuxTargetPlatform
[2018.11.20-13.47.22:843][  0]LogTemp: Display: Loaded TP LuminTargetPlatform
[2018.11.20-13.47.22:843][  0]LogTargetPlatformManager: Display: Building Assets For Windows
[2018.11.20-13.47.22:969][  0]LogXGEController: Cleaning working directory: C:/Users/j016593e/AppData/Local/Temp/UnrealXGEWorkingDir/
[2018.11.20-13.47.22:970][  0]LogXGEController: Cannot use XGE Controller as Incredibuild is not installed on this machine.
[2018.11.20-13.47.22:970][  0]LogShaderCompilers: Cannot use XGE Shader Compiler as Incredibuild is not installed on this machine.
[2018.11.20-13.47.22:970][  0]LogShaderCompilers: Display: Using Local Shader Compiler.
[2018.11.20-13.47.24:103][  0]LogDerivedDataCache: Display: Max Cache Size: 512 MB
[2018.11.20-13.47.24:212][  0]LogDerivedDataCache: Loaded boot cache 0.11s 73MB C:/Users/j016593e/AppData/Local/UnrealEngine/4.20/DerivedDataCache/Boot.ddc.
[2018.11.20-13.47.24:213][  0]LogDerivedDataCache: Display: Loaded Boot cache: C:/Users/j016593e/AppData/Local/UnrealEngine/4.20/DerivedDataCache/Boot.ddc
[2018.11.20-13.47.24:213][  0]LogDerivedDataCache: FDerivedDataBackendGraph:  Pak pak cache file ../../../../../../Users/j016593e/Documents/GitHub/WGTv2/ITOSG/DerivedDataCache/DDC.ddp not found, will not use a pak cache.
[2018.11.20-13.47.24:213][  0]LogDerivedDataCache: Unable to find inner node Pak for hierarchical cache Hierarchy.
[2018.11.20-13.47.24:213][  0]LogDerivedDataCache: FDerivedDataBackendGraph:  CompressedPak pak cache file ../../../../../../Users/j016593e/Documents/GitHub/WGTv2/ITOSG/DerivedDataCache/Compressed.ddp not found, will not use a pak cache.
[2018.11.20-13.47.24:213][  0]LogDerivedDataCache: Unable to find inner node CompressedPak for hierarchical cache Hierarchy.
[2018.11.20-13.47.24:228][  0]LogDerivedDataCache: Display: Pak cache opened for reading ../../../Engine/DerivedDataCache/Compressed.ddp.
[2018.11.20-13.47.24:241][  0]LogDerivedDataCache: Using Local data cache path C:/Users/j016593e/AppData/Local/UnrealEngine/Common/DerivedDataCache: Writable
[2018.11.20-13.47.24:241][  0]LogDerivedDataCache: Shared data cache path not found in *engine.ini, will not use an Shared cache.
[2018.11.20-13.47.24:241][  0]LogDerivedDataCache: Unable to find inner node Shared for hierarchical cache Hierarchy.
[2018.11.20-13.47.24:264][  0]LogMaterial: Verifying Global Shaders for PCD3D_SM5
[2018.11.20-13.47.24:265][  0]LogSlate: Using FreeType 2.6.0
[2018.11.20-13.47.24:266][  0]LogSlate: SlateFontServices - WITH_FREETYPE: 1, WITH_HARFBUZZ: 1
[2018.11.20-13.47.24:360][  0]LogAssetRegistry: FAssetRegistry took 0.0282 seconds to start up
[2018.11.20-13.47.24:779][  0]LogInit: Selected Device Profile: [Windows]
[2018.11.20-13.47.24:952][  0]LogSimplygon: Simplygon DLL not present - disabling.
[2018.11.20-13.47.24:959][  0]LogMeshReduction: Using SimplygonSwarm for distributed automatic mesh merging
[2018.11.20-13.47.24:959][  0]LogMeshReduction: Using ProxyLODMeshReduction for automatic mesh merging
[2018.11.20-13.47.24:959][  0]LogMeshReduction: Using QuadricMeshReduction for automatic static mesh reduction
[2018.11.20-13.47.24:959][  0]LogMeshReduction: No automatic skeletal mesh reduction module available
[2018.11.20-13.47.24:985][  0]LogNetVersion: ITOSG 1.0.0, NetCL: 4212847, EngineNetVer: 5, GameNetVer: 0 (Checksum: 987612483)
[2018.11.20-13.47.25:644][  0]LogPackageLocalizationCache: Processed 11 localized package path(s) for 2 prioritized culture(s) in 0.141668 seconds
[2018.11.20-13.47.25:651][  0]LogUObjectArray: 38425 objects as part of root set at end of initial load.
[2018.11.20-13.47.25:651][  0]LogUObjectAllocator: 6690864 out of 0 bytes used by permanent object pool.
[2018.11.20-13.47.25:651][  0]LogUObjectArray: CloseDisregardForGC: 0/0 objects in disregard for GC pool
[2018.11.20-13.47.26:797][  0]LogTcpMessaging: Initializing TcpMessaging bridge
[2018.11.20-13.47.26:810][  0]LogUdpMessaging: Initializing bridge on interface 0.0.0.0:0 to multicast group 230.0.0.1:6666.
[2018.11.20-13.47.27:249][  0]SourceControl: Source control is disabled
[2018.11.20-13.47.27:250][  0]SourceControl: Source control is disabled
[2018.11.20-13.47.27:252][  0]SourceControl: Source control is disabled
[2018.11.20-13.47.27:253][  0]SourceControl: Source control is disabled
[2018.11.20-13.47.27:471][  0]LogAndroidPermission: UAndroidPermissionCallbackProxy::GetInstance
[2018.11.20-13.47.27:541][  0]LogOcInput: OculusInput pre-init called
[2018.11.20-13.47.27:613][  0]LogEngine: Initializing Engine...
[2018.11.20-13.47.27:615][  0]LogHMD: Failed to initialize OpenVR with code 110
[2018.11.20-13.47.27:616][  0]LogStats: UGameplayTagsManager::ConstructGameplayTagTree: ImportINI prefixes -  0.000 s
[2018.11.20-13.47.27:616][  0]LogStats: UGameplayTagsManager::ConstructGameplayTagTree: Construct from data asset -  0.000 s
[2018.11.20-13.47.27:617][  0]LogStats: UGameplayTagsManager::ConstructGameplayTagTree: ImportINI -  0.000 s
[2018.11.20-13.47.27:617][  0]LogStats: UGameplayTagsManager::ConstructGameplayTagTree: GameplayTagTreeChangedEvent.Broadcast -  0.000 s
[2018.11.20-13.47.27:881][  0]LogInit: Initializing FReadOnlyCVARCache
[2018.11.20-13.47.27:906][  0]LogAIModule: Creating AISystem for world Untitled
[2018.11.20-13.47.27:918][  0]LogInit: XAudio2 using 'Speakers (Realtek High Definition Audio)' : 2 channels at 48 kHz using 32 bits per sample (channel mask 0x3)
[2018.11.20-13.47.27:958][  0]LogInit: FAudioDevice initialized.
[2018.11.20-13.47.27:959][  0]LogNetVersion: Set ProjectVersion to 1.0.0.0. Version Checksum will be recalculated on next use.
[2018.11.20-13.47.28:246][  0]LogDerivedDataCache: Saved boot cache 0.29s 73MB C:/Users/j016593e/AppData/Local/UnrealEngine/4.20/DerivedDataCache/Boot.ddc.
[2018.11.20-13.47.28:255][  0]LogInit: Texture streaming: Enabled
[2018.11.20-13.47.28:297][  0]LogEngineSessionManager: EngineSessionManager initialized
[2018.11.20-13.47.28:325][  0]LogInit: Transaction tracking system initialized
[2018.11.20-13.47.28:380][  0]BlueprintLog: New page: Editor Load
[2018.11.20-13.47.28:653][  0]LocalizationService: Localization service is disabled
[2018.11.20-13.47.29:005][  0]LogCook: Display: Max memory allowance for cook 16384mb min free memory 0mb
[2018.11.20-13.47.29:005][  0]LogCook: Display: Mobile HDR setting 1
[2018.11.20-13.47.29:005][  0]LogGameplayTags: Display: UGameplayTagsManager::DoneAddingNativeTags. DelegateIsBound: 0
[2018.11.20-13.47.29:005][  0]LogStats: UGameplayTagsManager::ConstructGameplayTagTree: ImportINI prefixes -  0.000 s
[2018.11.20-13.47.29:005][  0]LogStats: UGameplayTagsManager::ConstructGameplayTagTree: Construct from data asset -  0.000 s
[2018.11.20-13.47.29:005][  0]LogStats: UGameplayTagsManager::ConstructGameplayTagTree: ImportINI -  0.000 s
[2018.11.20-13.47.29:005][  0]LogStats: UGameplayTagsManager::ConstructGameplayTagTree: GameplayTagTreeChangedEvent.Broadcast -  0.000 s
[2018.11.20-13.47.29:191][  0]LogFileCache: Scanning file cache for directory 'C:/Users/j016593e/Documents/GitHub/WGTv2/ITOSG/Content/' took 0.03s
[2018.11.20-13.47.29:191][  0]SourceControl: Source control is disabled
[2018.11.20-13.47.29:191][  0]Cmd: MAP LOAD FILE="../../../../../../Users/j016593e/Documents/GitHub/WGTv2/ITOSG/Content/TopDownCPP/Maps/TopDownExampleMap.umap" TEMPLATE=0 SHOWPROGRESS=1 FEATURELEVEL=3
[2018.11.20-13.47.29:192][  0]LightingResults: New page: Lighting Build
[2018.11.20-13.47.29:198][  0]MapCheck: New page: Map Check
[2018.11.20-13.47.29:198][  0]LightingResults: New page: Lighting Build
[2018.11.20-13.47.29:400][  0]LogBlueprint: Warning: [Compiler Ue4ASP_Character] InputAction Event references unknown Action 'Crouch' for  InputAction Crouch
[2018.11.20-13.47.29:400][  0]LogBlueprint: Warning: [Compiler Ue4ASP_Character] InputAction Event references unknown Action 'Jump' for  InputAction Jump
[2018.11.20-13.47.29:400][  0]LogBlueprint: Warning: [Compiler Ue4ASP_Character] Input Axis Event references unknown Axis 'LookUp' for  InputAxis LookUp
[2018.11.20-13.47.29:400][  0]LogBlueprint: Warning: [Compiler Ue4ASP_Character] Input Axis Event references unknown Axis 'Turn' for  InputAxis Turn
[2018.11.20-13.47.29:410][  0]LogBlueprint: Warning: [Compiler Ue4ASP_Character] [0012.04] Compile of Ue4ASP_Character successful, but with 4 Warning(s) [in 39 ms] (/Game/AnimStarterPack/Ue4ASP_Character.Ue4ASP_Character)
[2018.11.20-13.47.29:803][  0]LogAIModule: Creating AISystem for world TopDownExampleMap
[2018.11.20-13.47.29:812][  0]LogEditorServer: Finished looking for orphan Actors (0.000 secs)
[2018.11.20-13.47.29:841][  0]Cmd: MAP CHECKDEP NOCLEARLOG
[2018.11.20-13.47.30:107][  0]MapCheck: Map check complete: 0 Error(s), 0 Warning(s), took 265.282ms to complete.
[2018.11.20-13.47.30:107][  0]LogFileHelpers: Loading map 'TopDownExampleMap' took 0.916
[2018.11.20-13.47.30:209][  0]LogSlate: Updating window title bar state: overlay mode, drag disabled, window buttons hidden, title bar hidden
[2018.11.20-13.47.30:218][  0]LogSlate: Updating window title bar state: overlay mode, drag disabled, window buttons hidden, title bar hidden
[2018.11.20-13.47.30:227][  0]LogSlate: Updating window title bar state: overlay mode, drag disabled, window buttons hidden, title bar hidden
[2018.11.20-13.47.30:235][  0]LogSlate: Updating window title bar state: overlay mode, drag disabled, window buttons hidden, title bar hidden
[2018.11.20-13.47.30:247][  0]LogCollectionManager: Loaded 0 collections in 0.004673 seconds
[2018.11.20-13.47.30:297][  0]LogFileCache: Scanning file cache for directory 'C:/Users/j016593e/Documents/GitHub/WGTv2/ITOSG/Saved/Collections/' took 0.01s
[2018.11.20-13.47.30:297][  0]LogFileCache: Scanning file cache for directory 'C:/Users/j016593e/Documents/GitHub/WGTv2/ITOSG/Content/Developers/j016593e/Collections/' took 0.01s
[2018.11.20-13.47.30:297][  0]LogFileCache: Scanning file cache for directory 'C:/Users/j016593e/Documents/GitHub/WGTv2/ITOSG/Content/Collections/' took 0.01s
[2018.11.20-13.47.30:297][  0]LogCollectionManager: Rebuilt the GUID cache for 0 collections in 0.000000 seconds
[2018.11.20-13.47.30:309][  0]LogContentBrowser: Native class hierarchy populated in 0.0113 seconds. Added 2577 classes and 605 folders.
[2018.11.20-13.47.30:321][  0]LogContentBrowser: Native class hierarchy updated for 'WidgetCarousel' in 0.0006 seconds. Added 0 classes and 0 folders.
[2018.11.20-13.47.30:428][  0]LogContentBrowser: Native class hierarchy updated for 'AddContentDialog' in 0.0006 seconds. Added 0 classes and 0 folders.
[2018.11.20-13.47.30:437][  0]LogContentBrowser: Native class hierarchy updated for 'SceneOutliner' in 0.0006 seconds. Added 1 classes and 2 folders.
[2018.11.20-13.47.30:454][  0]LogSlate: Took 0.000293 seconds to synchronously load lazily loaded font '../../../Engine/Content/Slate/Fonts/Roboto-Regular.ttf' (155K)
[2018.11.20-13.47.30:455][  0]LogSlate: Took 0.000249 seconds to synchronously load lazily loaded font '../../../Engine/Content/Slate/Fonts/Roboto-Bold.ttf' (160K)
[2018.11.20-13.47.30:461][  0]LogSlate: Took 0.000240 seconds to synchronously load lazily loaded font '../../../Engine/Content/Editor/Slate/Fonts/FontAwesome.ttf' (139K)
[2018.11.20-13.47.30:551][  0]LogRenderer: Reallocating scene render targets to support 1208x576 Format 10 NumSamples 1 (Frame:1).
[2018.11.20-13.47.30:614][  0]LogSlate: Took 0.000251 seconds to synchronously load lazily loaded font '../../../Engine/Content/Slate/Fonts/Roboto-Light.ttf' (167K)
[2018.11.20-13.47.30:740][  0]LogContentBrowser: Native class hierarchy updated for 'HierarchicalLODOutliner' in 0.0012 seconds. Added 0 classes and 0 folders.
[2018.11.20-13.47.30:740][  0]LogLoad: (Engine Initialization) Total time: 13.37 seconds
[2018.11.20-13.47.30:740][  0]LogLoad: (Engine Initialization) Total Blueprint compile time: 0.00 seconds
[2018.11.20-13.47.30:753][  0]LogWindowsTextInputMethodSystem: Display: IME system now deactivated.
[2018.11.20-13.47.30:780][  0]LogContentStreaming: Texture pool size now 1000 MB
[2018.11.20-13.47.30:832][  2]LogAssetRegistry: Asset discovery search completed in 6.4944 seconds
[2018.11.20-13.47.30:833][  2]LogCollectionManager: Rebuilt the object cache for 0 collections in 0.000000 seconds (found 0 objects)
[2018.11.20-13.47.30:833][  2]LogCollectionManager: Fixed up redirectors for 0 collections in 0.000047 seconds (updated 0 objects)
[2018.11.20-13.50.25:825][170]LogSlate: FSceneViewport::OnFocusLost() reason 2
[2018.11.20-13.50.30:617][741]LogSlate: Took 0.000306 seconds to synchronously load lazily loaded font '../../../Engine/Content/Slate/Fonts/Roboto-Light.ttf' (167K)
[2018.11.20-13.50.30:623][741]LogAssetEditorManager: Opening Asset editor for Class /Script/ITOSG.NonPlayerCharacter
[2018.11.20-13.52.55:389][423]LogSlate: FSceneViewport::OnFocusLost() reason 0
[2018.11.20-13.53.08:407][976]LogAssetEditorManager: Opening Asset editor for Blueprint /Game/NPCBlueprint.NPCBlueprint
[2018.11.20-13.53.08:889][976]LogClass: Warning: Enum '/Game/AdvancedMagicFX13/DemoRoomData/Blueprints/BP_DemoDisplay_Enum.BP_DemoDisplay_Enum' was upgraded to use FText to store its display name data. Please re-save this asset to avoid issues with localization and determinstic cooking.
[2018.11.20-13.53.08:913][976]LogContentBrowser: Native class hierarchy updated for 'BlueprintGraph' in 0.0011 seconds. Added 116 classes and 0 folders.
[2018.11.20-13.53.14:644][312]LogSlate: Window 'NPCBlueprint' being destroyed
[2018.11.20-13.53.14:741][312]LogSlate: FSceneViewport::OnFocusLost() reason 2
[2018.11.20-13.53.14:745][312]LogAssetEditorManager: Opening Asset editor for Blueprint /Game/NPCBlueprint.NPCBlueprint
[2018.11.20-13.53.15:084][312]LogSlate: Took 0.000308 seconds to synchronously load lazily loaded font '../../../Engine/Content/Slate/Fonts/Roboto-BoldCondensed.ttf' (158K)
[2018.11.20-13.53.20:450][802]LogSlate: Took 0.000340 seconds to synchronously load lazily loaded font '../../../Engine/Content/Slate/Fonts/Roboto-Italic.ttf' (157K)
[2018.11.20-13.53.31:488][ 97]LogSlate: FSceneViewport::OnFocusLost() reason 2
[2018.11.20-13.53.42:097][365]BlueprintLog: New page: Compile NPCBlueprint
[2018.11.20-13.54.08:264][189]LogAssetEditorManager: Opening Asset editor for Blueprint /Game/TopDownCPP/Blueprints/Interactable.Interactable
[2018.11.20-13.54.31:082][894]BlueprintLog: New page: Compile Interactable
[2018.11.20-13.54.31:671][955]Cmd: OBJ SAVEPACKAGE PACKAGE="/Game/TopDownCPP/Blueprints/Interactable" FILE="../../../../../../Users/j016593e/Documents/GitHub/WGTv2/ITOSG/Content/TopDownCPP/Blueprints/Interactable.uasset" SILENT=true
[2018.11.20-13.54.31:686][955]LogSavePackage: Moving '../../../../../../Users/j016593e/Documents/GitHub/WGTv2/ITOSG/Saved/Interactable840B89264A93B35A5C2BE2A3682D5E1B.tmp' to '../../../../../../Users/j016593e/Documents/GitHub/WGTv2/ITOSG/Content/TopDownCPP/Blueprints/Interactable.uasset'
[2018.11.20-13.54.41:442][123]BlueprintLog: New page: Compile Interactable
[2018.11.20-13.54.42:071][192]Cmd: OBJ SAVEPACKAGE PACKAGE="/Game/TopDownCPP/Blueprints/Interactable" FILE="../../../../../../Users/j016593e/Documents/GitHub/WGTv2/ITOSG/Content/TopDownCPP/Blueprints/Interactable.uasset" SILENT=true
[2018.11.20-13.54.42:090][192]LogSavePackage: Moving '../../../../../../Users/j016593e/Documents/GitHub/WGTv2/ITOSG/Saved/InteractableFB777185465CCC68A8EA1BBF7073374B.tmp' to '../../../../../../Users/j016593e/Documents/GitHub/WGTv2/ITOSG/Content/TopDownCPP/Blueprints/Interactable.uasset'
[2018.11.20-13.54.45:874][637]LogSlate: Prevented a slow task dialog from being summoned while a context menu was open
[2018.11.20-13.54.48:583][952]BlueprintLog: New page: Compile NPCBlueprint
[2018.11.20-13.54.49:229][  5]Cmd: OBJ SAVEPACKAGE PACKAGE="/Game/NPCBlueprint" FILE="../../../../../../Users/j016593e/Documents/GitHub/WGTv2/ITOSG/Content/NPCBlueprint.uasset" SILENT=true
[2018.11.20-13.54.49:283][  5]LogSavePackage: Moving '../../../../../../Users/j016593e/Documents/GitHub/WGTv2/ITOSG/Saved/NPCBlueprintAC3FBC9B4B05CD8F5F27CBAA6A56514A.tmp' to '../../../../../../Users/j016593e/Documents/GitHub/WGTv2/ITOSG/Content/NPCBlueprint.uasset'
[2018.11.20-13.54.53:183][387]LogSavePackage: Moving '../../../../../../Users/j016593e/Documents/GitHub/WGTv2/ITOSG/Saved/TopDownExampleMap4977ED6A40AD79AEBC371EAA3B81B630.tmp' to '../../../../../../Users/j016593e/Documents/GitHub/WGTv2/ITOSG/Content/TopDownCPP/Maps/TopDownExampleMap.umap'
[2018.11.20-13.54.53:224][387]LogFileHelpers: Saving map 'TopDownExampleMap' took 0.604
[2018.11.20-14.02.44:937][997]LogAssetEditorManager: Opening Asset editor for Blueprint /Game/TopDownCPP/Blueprints/TopDownCharacter.TopDownCharacter
[2018.11.20-14.03.01:051][737]Cmd: OBJ SAVEPACKAGE PACKAGE="/Game/TopDownCPP/Blueprints/Interactable" FILE="../../../../../../Users/j016593e/Documents/GitHub/WGTv2/ITOSG/Content/TopDownCPP/Blueprints/Interactable.uasset" SILENT=true
[2018.11.20-14.03.01:075][737]LogSavePackage: Moving '../../../../../../Users/j016593e/Documents/GitHub/WGTv2/ITOSG/Saved/Interactable76FDCC9F4D96BF7BA9B7C8AE9EE17EDC.tmp' to '../../../../../../Users/j016593e/Documents/GitHub/WGTv2/ITOSG/Content/TopDownCPP/Blueprints/Interactable.uasset'
[2018.11.20-14.04.52:707][880]LogFileHelpers: Editor autosave (incl. sublevels) for '/Game/TopDownCPP/Maps/TopDownExampleMap' took 0.030
[2018.11.20-14.04.52:709][880]OBJ SavePackage: Generating thumbnails for [1] asset(s) in package [/Game/NPCBlueprint] ([1] browsable assets)...
[2018.11.20-14.04.52:723][880]OBJ SavePackage:     Rendered thumbnail for [Blueprint /Game/NPCBlueprint.NPCBlueprint]
[2018.11.20-14.04.52:723][880]OBJ SavePackage: Finished generating thumbnails for package [/Game/NPCBlueprint]
[2018.11.20-14.04.52:723][880]Cmd: OBJ SAVEPACKAGE PACKAGE="/Game/NPCBlueprint" FILE="../../../../../../Users/j016593e/Documents/GitHub/WGTv2/ITOSG/Saved/Autosaves/Game/NPCBlueprint_Auto1.uasset" SILENT=false AUTOSAVING=true
[2018.11.20-14.04.52:762][880]LogSavePackage: Moving '../../../../../../Users/j016593e/Documents/GitHub/WGTv2/ITOSG/Saved/NPCBlueprint_Auto17913141140D4DF57AA62B2A1950F1617.tmp' to '../../../../../../Users/j016593e/Documents/GitHub/WGTv2/ITOSG/Saved/Autosaves/Game/NPCBlueprint_Auto1.uasset'
[2018.11.20-14.04.52:767][880]OBJ SavePackage: Generating thumbnails for [0] asset(s) in package [/Game/TopDownCPP/Blueprints/Interactable] ([1] browsable assets)...
[2018.11.20-14.04.52:767][880]OBJ SavePackage: Finished generating thumbnails for package [/Game/TopDownCPP/Blueprints/Interactable]
[2018.11.20-14.04.52:782][880]LogSavePackage: Moving '../../../../../../Users/j016593e/Documents/GitHub/WGTv2/ITOSG/Saved/Interactable_Auto18DA8D4694B3614C2BAA573AA7CB2A6A9.tmp' to '../../../../../../Users/j016593e/Documents/GitHub/WGTv2/ITOSG/Saved/Autosaves/Game/TopDownCPP/Blueprints/Interactable_Auto1.uasset'
[2018.11.20-14.04.52:785][880]LogFileHelpers: Auto-saving content packages took 0.078
[2018.11.20-14.05.02:692][ 57]LogSlate: Took 0.013274 seconds to synchronously load lazily loaded font '../../../Engine/Content/Slate/Fonts/Roboto-BoldCondensedItalic.ttf' (160K)
[2018.11.20-14.05.09:210][835]BlueprintLog: New page: Compile Interactable
[2018.11.20-14.05.09:887][894]Cmd: OBJ SAVEPACKAGE PACKAGE="/Game/TopDownCPP/Blueprints/Interactable" FILE="../../../../../../Users/j016593e/Documents/GitHub/WGTv2/ITOSG/Content/TopDownCPP/Blueprints/Interactable.uasset" SILENT=true
[2018.11.20-14.05.09:906][894]LogSavePackage: Moving '../../../../../../Users/j016593e/Documents/GitHub/WGTv2/ITOSG/Saved/InteractableB3402FA3401CA399F12068AA3741304D.tmp' to '../../../../../../Users/j016593e/Documents/GitHub/WGTv2/ITOSG/Content/TopDownCPP/Blueprints/Interactable.uasset'
[2018.11.20-14.09.16:916][397]BlueprintLog: New page: Compile NPCBlueprint
[2018.11.20-14.12.57:404][691]BlueprintLog: New page: Compile NPCBlueprint
[2018.11.20-14.13.21:549][499]BlueprintLog: New page: Compile NPCBlueprint
[2018.11.20-14.14.05:541][658]BlueprintLog: New page: Compile NPCBlueprint
[2018.11.20-14.14.06:645][765]LogTemp: Repeating last play command: Selected Viewport
[2018.11.20-14.14.06:673][765]LogBlueprintUserMessages: Early PlayInEditor Detection: Level '/Game/TopDownCPP/Maps/TopDownExampleMap.TopDownExampleMap:PersistentLevel' has LevelScriptBlueprint '/Game/TopDownCPP/Maps/TopDownExampleMap.TopDownExampleMap:PersistentLevel.TopDownExampleMap' with GeneratedClass '/Game/TopDownCPP/Maps/TopDownExampleMap.TopDownExampleMap_C' with ClassGeneratedBy '/Game/TopDownCPP/Maps/TopDownExampleMap.TopDownExampleMap:PersistentLevel.TopDownExampleMap'
[2018.11.20-14.14.06:673][765]LogPlayLevel: PlayLevel: No blueprints needed recompiling
[2018.11.20-14.14.06:686][765]PIE: New page: PIE session: TopDownExampleMap (20 Nov 2018 14:14:06)
[2018.11.20-14.14.06:686][765]LogPlayLevel: Creating play world package: /Game/TopDownCPP/Maps/UEDPIE_0_TopDownExampleMap
[2018.11.20-14.14.06:707][765]LogPlayLevel: PIE: StaticDuplicateObject took: (0.020629s)
[2018.11.20-14.14.06:708][765]LogAIModule: Creating AISystem for world TopDownExampleMap
[2018.11.20-14.14.06:708][765]LogPlayLevel: PIE: World Init took: (0.001070s)
[2018.11.20-14.14.06:708][765]LogPlayLevel: PIE: Created PIE world by copying editor world from /Game/TopDownCPP/Maps/TopDownExampleMap.TopDownExampleMap to /Game/TopDownCPP/Maps/UEDPIE_0_TopDownExampleMap.TopDownExampleMap (0.021903s)
[2018.11.20-14.14.06:747][765]LogInit: XAudio2 using 'Speakers (Realtek High Definition Audio)' : 2 channels at 48 kHz using 32 bits per sample (channel mask 0x3)
[2018.11.20-14.14.06:763][765]LogInit: FAudioDevice initialized.
[2018.11.20-14.14.06:812][765]LogLoad: Game class is 'ITOSGGameMode'
[2018.11.20-14.14.06:815][765]LogWorld: Bringing World /Game/TopDownCPP/Maps/UEDPIE_0_TopDownExampleMap.TopDownExampleMap up for play (max tick rate 0) at 2018.11.20-14.14.06
[2018.11.20-14.14.06:816][765]LogWorld: Bringing up level for play took: 0.002547
[2018.11.20-14.14.06:844][765]LogContentBrowser: Native class hierarchy updated for 'MovieSceneCapture' in 0.0007 seconds. Added 10 classes and 0 folders.
[2018.11.20-14.14.06:846][765]PIE: Play in editor start time for /Game/TopDownCPP/Maps/UEDPIE_0_TopDownExampleMap -0.566
[2018.11.20-14.14.06:846][765]LogBlueprintUserMessages: Late PlayInEditor Detection: Level '/Game/TopDownCPP/Maps/TopDownExampleMap.TopDownExampleMap:PersistentLevel' has LevelScriptBlueprint '/Game/TopDownCPP/Maps/TopDownExampleMap.TopDownExampleMap:PersistentLevel.TopDownExampleMap' with GeneratedClass '/Game/TopDownCPP/Maps/TopDownExampleMap.TopDownExampleMap_C' with ClassGeneratedBy '/Game/TopDownCPP/Maps/TopDownExampleMap.TopDownExampleMap:PersistentLevel.TopDownExampleMap'
[2018.11.20-14.14.09:971][122]LogSlate: Window 'Interactable' being destroyed
[2018.11.20-14.14.09:974][122]LogSlate: Window 'Interactable' being destroyed
[2018.11.20-14.14.09:975][122]LogActorComponent: UnregisterComponent: (/Engine/Transient.EditorFloorComp) Not registered. Aborting.
[2018.11.20-14.16.01:890][533]LogBlueprintUserMessages: Early EndPlayMap Detection: Level '/Game/TopDownCPP/Maps/TopDownExampleMap.TopDownExampleMap:PersistentLevel' has LevelScriptBlueprint '/Game/TopDownCPP/Maps/TopDownExampleMap.TopDownExampleMap:PersistentLevel.TopDownExampleMap' with GeneratedClass '/Game/TopDownCPP/Maps/TopDownExampleMap.TopDownExampleMap_C' with ClassGeneratedBy '/Game/TopDownCPP/Maps/TopDownExampleMap.TopDownExampleMap:PersistentLevel.TopDownExampleMap'
[2018.11.20-14.16.01:891][533]LogSlate: Updating window title bar state: overlay mode, drag disabled, window buttons hidden, title bar hidden
[2018.11.20-14.16.01:926][533]LogPlayLevel: Display: Shutting down PIE online subsystems
[2018.11.20-14.16.01:926][533]LogBlueprintUserMessages: Late EndPlayMap Detection: Level '/Game/TopDownCPP/Maps/TopDownExampleMap.TopDownExampleMap:PersistentLevel' has LevelScriptBlueprint '/Game/TopDownCPP/Maps/TopDownExampleMap.TopDownExampleMap:PersistentLevel.TopDownExampleMap' with GeneratedClass '/Game/TopDownCPP/Maps/TopDownExampleMap.TopDownExampleMap_C' with ClassGeneratedBy '/Game/TopDownCPP/Maps/TopDownExampleMap.TopDownExampleMap:PersistentLevel.TopDownExampleMap'
[2018.11.20-14.16.01:977][533]LogSlate: Updating window title bar state: overlay mode, drag disabled, window buttons hidden, title bar hidden
[2018.11.20-14.16.01:996][534]LogPlayLevel: Display: Destroying online subsystem :Context_10
[2018.11.20-14.16.03:217][680]LogEditorViewport: Clicking on Actor (LMB): NPCBlueprint_C (NPCBlueprint)
[2018.11.20-14.16.08:654][313]LogSlate: FSceneViewport::OnFocusLost() reason 0
[2018.11.20-14.16.08:737][323]LogTemp: Repeating last play command: Selected Viewport
[2018.11.20-14.16.08:763][323]LogBlueprintUserMessages: Early PlayInEditor Detection: Level '/Game/TopDownCPP/Maps/TopDownExampleMap.TopDownExampleMap:PersistentLevel' has LevelScriptBlueprint '/Game/TopDownCPP/Maps/TopDownExampleMap.TopDownExampleMap:PersistentLevel.TopDownExampleMap' with GeneratedClass '/Game/TopDownCPP/Maps/TopDownExampleMap.TopDownExampleMap_C' with ClassGeneratedBy '/Game/TopDownCPP/Maps/TopDownExampleMap.TopDownExampleMap:PersistentLevel.TopDownExampleMap'
[2018.11.20-14.16.08:763][323]LogPlayLevel: PlayLevel: No blueprints needed recompiling
[2018.11.20-14.16.08:764][323]PIE: New page: PIE session: TopDownExampleMap (20 Nov 2018 14:16:08)
[2018.11.20-14.16.08:764][323]LogPlayLevel: Creating play world package: /Game/TopDownCPP/Maps/UEDPIE_0_TopDownExampleMap
[2018.11.20-14.16.08:779][323]LogPlayLevel: PIE: StaticDuplicateObject took: (0.015364s)
[2018.11.20-14.16.08:780][323]LogAIModule: Creating AISystem for world TopDownExampleMap
[2018.11.20-14.16.08:780][323]LogPlayLevel: PIE: World Init took: (0.000871s)
[2018.11.20-14.16.08:780][323]LogPlayLevel: PIE: Created PIE world by copying editor world from /Game/TopDownCPP/Maps/TopDownExampleMap.TopDownExampleMap to /Game/TopDownCPP/Maps/UEDPIE_0_TopDownExampleMap.TopDownExampleMap (0.016380s)
[2018.11.20-14.16.08:814][323]LogInit: XAudio2 using 'Speakers (Realtek High Definition Audio)' : 2 channels at 48 kHz using 32 bits per sample (channel mask 0x3)
[2018.11.20-14.16.08:830][323]LogInit: FAudioDevice initialized.
[2018.11.20-14.16.08:861][323]LogLoad: Game class is 'ITOSGGameMode'
[2018.11.20-14.16.08:864][323]LogWorld: Bringing World /Game/TopDownCPP/Maps/UEDPIE_0_TopDownExampleMap.TopDownExampleMap up for play (max tick rate 0) at 2018.11.20-14.16.08
[2018.11.20-14.16.08:864][323]LogWorld: Bringing up level for play took: 0.002355
[2018.11.20-14.16.08:878][323]PIE: Play in editor start time for /Game/TopDownCPP/Maps/UEDPIE_0_TopDownExampleMap -0.534
[2018.11.20-14.16.08:878][323]LogBlueprintUserMessages: Late PlayInEditor Detection: Level '/Game/TopDownCPP/Maps/TopDownExampleMap.TopDownExampleMap:PersistentLevel' has LevelScriptBlueprint '/Game/TopDownCPP/Maps/TopDownExampleMap.TopDownExampleMap:PersistentLevel.TopDownExampleMap' with GeneratedClass '/Game/TopDownCPP/Maps/TopDownExampleMap.TopDownExampleMap_C' with ClassGeneratedBy '/Game/TopDownCPP/Maps/TopDownExampleMap.TopDownExampleMap:PersistentLevel.TopDownExampleMap'
[2018.11.20-14.16.10:130][470]LogBlueprintUserMessages: Early EndPlayMap Detection: Level '/Game/TopDownCPP/Maps/TopDownExampleMap.TopDownExampleMap:PersistentLevel' has LevelScriptBlueprint '/Game/TopDownCPP/Maps/TopDownExampleMap.TopDownExampleMap:PersistentLevel.TopDownExampleMap' with GeneratedClass '/Game/TopDownCPP/Maps/TopDownExampleMap.TopDownExampleMap_C' with ClassGeneratedBy '/Game/TopDownCPP/Maps/TopDownExampleMap.TopDownExampleMap:PersistentLevel.TopDownExampleMap'
[2018.11.20-14.16.10:131][470]LogSlate: Updating window title bar state: overlay mode, drag disabled, window buttons hidden, title bar hidden
[2018.11.20-14.16.10:166][470]LogPlayLevel: Display: Shutting down PIE online subsystems
[2018.11.20-14.16.10:166][470]LogBlueprintUserMessages: Late EndPlayMap Detection: Level '/Game/TopDownCPP/Maps/TopDownExampleMap.TopDownExampleMap:PersistentLevel' has LevelScriptBlueprint '/Game/TopDownCPP/Maps/TopDownExampleMap.TopDownExampleMap:PersistentLevel.TopDownExampleMap' with GeneratedClass '/Game/TopDownCPP/Maps/TopDownExampleMap.TopDownExampleMap_C' with ClassGeneratedBy '/Game/TopDownCPP/Maps/TopDownExampleMap.TopDownExampleMap:PersistentLevel.TopDownExampleMap'
[2018.11.20-14.16.10:216][470]LogSlate: Updating window title bar state: overlay mode, drag disabled, window buttons hidden, title bar hidden
[2018.11.20-14.16.10:235][471]LogPlayLevel: Display: Destroying online subsystem :Context_11
[2018.11.20-14.16.11:126][577]LogEditorViewport: Clicking on Actor (LMB): NPCBlueprint_C (NPCBlueprint)
[2018.11.20-14.16.13:157][806]LogSlate: FSceneViewport::OnFocusLost() reason 0
[2018.11.20-14.16.13:248][817]LogTemp: Repeating last play command: Selected Viewport
[2018.11.20-14.16.13:268][817]LogBlueprintUserMessages: Early PlayInEditor Detection: Level '/Game/TopDownCPP/Maps/TopDownExampleMap.TopDownExampleMap:PersistentLevel' has LevelScriptBlueprint '/Game/TopDownCPP/Maps/TopDownExampleMap.TopDownExampleMap:PersistentLevel.TopDownExampleMap' with GeneratedClass '/Game/TopDownCPP/Maps/TopDownExampleMap.TopDownExampleMap_C' with ClassGeneratedBy '/Game/TopDownCPP/Maps/TopDownExampleMap.TopDownExampleMap:PersistentLevel.TopDownExampleMap'
[2018.11.20-14.16.13:268][817]LogPlayLevel: PlayLevel: No blueprints needed recompiling
[2018.11.20-14.16.13:269][817]PIE: New page: PIE session: TopDownExampleMap (20 Nov 2018 14:16:13)
[2018.11.20-14.16.13:269][817]LogPlayLevel: Creating play world package: /Game/TopDownCPP/Maps/UEDPIE_0_TopDownExampleMap
[2018.11.20-14.16.13:281][817]LogPlayLevel: PIE: StaticDuplicateObject took: (0.012481s)
[2018.11.20-14.16.13:282][817]LogAIModule: Creating AISystem for world TopDownExampleMap
[2018.11.20-14.16.13:282][817]LogPlayLevel: PIE: World Init took: (0.001079s)
[2018.11.20-14.16.13:282][817]LogPlayLevel: PIE: Created PIE world by copying editor world from /Game/TopDownCPP/Maps/TopDownExampleMap.TopDownExampleMap to /Game/TopDownCPP/Maps/UEDPIE_0_TopDownExampleMap.TopDownExampleMap (0.013747s)
[2018.11.20-14.16.13:313][817]LogInit: XAudio2 using 'Speakers (Realtek High Definition Audio)' : 2 channels at 48 kHz using 32 bits per sample (channel mask 0x3)
[2018.11.20-14.16.13:328][817]LogInit: FAudioDevice initialized.
[2018.11.20-14.16.13:363][817]LogLoad: Game class is 'ITOSGGameMode'
[2018.11.20-14.16.13:365][817]LogWorld: Bringing World /Game/TopDownCPP/Maps/UEDPIE_0_TopDownExampleMap.TopDownExampleMap up for play (max tick rate 0) at 2018.11.20-14.16.13
[2018.11.20-14.16.13:366][817]LogWorld: Bringing up level for play took: 0.002211
[2018.11.20-14.16.13:380][817]PIE: Play in editor start time for /Game/TopDownCPP/Maps/UEDPIE_0_TopDownExampleMap -0.032
[2018.11.20-14.16.13:380][817]LogBlueprintUserMessages: Late PlayInEditor Detection: Level '/Game/TopDownCPP/Maps/TopDownExampleMap.TopDownExampleMap:PersistentLevel' has LevelScriptBlueprint '/Game/TopDownCPP/Maps/TopDownExampleMap.TopDownExampleMap:PersistentLevel.TopDownExampleMap' with GeneratedClass '/Game/TopDownCPP/Maps/TopDownExampleMap.TopDownExampleMap_C' with ClassGeneratedBy '/Game/TopDownCPP/Maps/TopDownExampleMap.TopDownExampleMap:PersistentLevel.TopDownExampleMap'
[2018.11.20-14.18.38:456][208]LogBlueprintUserMessages: Early EndPlayMap Detection: Level '/Game/TopDownCPP/Maps/TopDownExampleMap.TopDownExampleMap:PersistentLevel' has LevelScriptBlueprint '/Game/TopDownCPP/Maps/TopDownExampleMap.TopDownExampleMap:PersistentLevel.TopDownExampleMap' with GeneratedClass '/Game/TopDownCPP/Maps/TopDownExampleMap.TopDownExampleMap_C' with ClassGeneratedBy '/Game/TopDownCPP/Maps/TopDownExampleMap.TopDownExampleMap:PersistentLevel.TopDownExampleMap'
[2018.11.20-14.18.38:457][208]LogSlate: Updating window title bar state: overlay mode, drag disabled, window buttons hidden, title bar hidden
[2018.11.20-14.18.38:495][208]LogPlayLevel: Display: Shutting down PIE online subsystems
[2018.11.20-14.18.38:495][208]LogBlueprintUserMessages: Late EndPlayMap Detection: Level '/Game/TopDownCPP/Maps/TopDownExampleMap.TopDownExampleMap:PersistentLevel' has LevelScriptBlueprint '/Game/TopDownCPP/Maps/TopDownExampleMap.TopDownExampleMap:PersistentLevel.TopDownExampleMap' with GeneratedClass '/Game/TopDownCPP/Maps/TopDownExampleMap.TopDownExampleMap_C' with ClassGeneratedBy '/Game/TopDownCPP/Maps/TopDownExampleMap.TopDownExampleMap:PersistentLevel.TopDownExampleMap'
[2018.11.20-14.18.38:555][208]LogSlate: Updating window title bar state: overlay mode, drag disabled, window buttons hidden, title bar hidden
[2018.11.20-14.18.38:573][209]LogPlayLevel: Display: Destroying online subsystem :Context_12
[2018.11.20-14.18.45:442][ 31]LogEditorViewport: Clicking on Actor (LMB): BP_Sky_Sphere_C (SkySphereBlueprint)
[2018.11.20-14.18.46:073][ 97]LogEditorViewport: Clicking on Actor (LMB): BP_Sky_Sphere_C (SkySphereBlueprint)
[2018.11.20-14.18.46:353][126]LogEditorViewport: Clicking on Component (LMB): StaticMeshComponent (Sky Sphere mesh)
[2018.11.20-14.18.46:595][144]LogEditorViewport: Clicking on Component (LMB): StaticMeshComponent (Sky Sphere mesh)
[2018.11.20-14.19.06:627][527]LogSlate: FSceneViewport::OnFocusLost() reason 0
[2018.11.20-14.19.06:811][547]LogAssetEditorManager: Opening Asset editor for Blueprint /Game/TopDownCPP/Blueprints/TopDownCharacter.TopDownCharacter
[2018.11.20-14.19.11:959][964]LogSlate: Window 'TopDownCharacter' being destroyed
[2018.11.20-14.19.12:040][964]LogAssetEditorManager: Opening Asset editor for Blueprint /Game/TopDownCPP/Blueprints/TopDownCharacter.TopDownCharacter
[2018.11.20-14.19.56:586][ 42]LogSavePackage: Moving '../../../../../../Users/j016593e/Documents/GitHub/WGTv2/ITOSG/Saved/TopDownExampleMap_Auto22257BEE145478FB739EEDE874886DDA5.tmp' to '../../../../../../Users/j016593e/Documents/GitHub/WGTv2/ITOSG/Saved/Autosaves/Game/TopDownCPP/Maps/TopDownExampleMap_Auto2.umap'
[2018.11.20-14.19.56:595][ 42]LogFileHelpers: Editor autosave (incl. sublevels) for '/Game/TopDownCPP/Maps/TopDownExampleMap' took 0.283
[2018.11.20-14.19.56:595][ 42]LogFileHelpers: Editor autosave (incl. sublevels) for all levels took 0.283
[2018.11.20-14.19.56:597][ 42]OBJ SavePackage: Generating thumbnails for [1] asset(s) in package [/Game/NPCBlueprint] ([1] browsable assets)...
[2018.11.20-14.19.56:627][ 42]OBJ SavePackage:     Rendered thumbnail for [Blueprint /Game/NPCBlueprint.NPCBlueprint]
[2018.11.20-14.19.56:627][ 42]OBJ SavePackage: Finished generating thumbnails for package [/Game/NPCBlueprint]
[2018.11.20-14.19.56:627][ 42]Cmd: OBJ SAVEPACKAGE PACKAGE="/Game/NPCBlueprint" FILE="../../../../../../Users/j016593e/Documents/GitHub/WGTv2/ITOSG/Saved/Autosaves/Game/NPCBlueprint_Auto2.uasset" SILENT=false AUTOSAVING=true
[2018.11.20-14.19.56:672][ 42]LogSavePackage: Moving '../../../../../../Users/j016593e/Documents/GitHub/WGTv2/ITOSG/Saved/NPCBlueprint_Auto23A2E3E724229DEC4E62DF887B6D11E8F.tmp' to '../../../../../../Users/j016593e/Documents/GitHub/WGTv2/ITOSG/Saved/Autosaves/Game/NPCBlueprint_Auto2.uasset'
[2018.11.20-14.19.56:675][ 42]LogFileHelpers: Auto-saving content packages took 0.080
[2018.11.20-14.44.25:721][643]LogSlate: Only BGRA pngs, bmps or icos are supported in by External Image Picker
[2018.11.20-14.44.25:843][644]LogTemp: Executing iPhonePackager certificates Engine -bundlename com.YourCompany.ITOSG
[2018.11.20-14.44.25:843][644]LogTemp: CWD: C:\Epic\UE4\UE_4.20\Engine\Binaries\DotNET\IOS
[2018.11.20-14.44.25:843][644]LogTemp: Initial Dir: C:\Epic\UE4\UE_4.20
[2018.11.20-14.44.25:843][644]LogTemp: Env CWD: C:\Epic\UE4\UE_4.20\Engine\Binaries\DotNET\IOS
[2018.11.20-14.44.25:843][644]LogTemp: BranchPath = S500-15/C/Epic/UE4/UE_4.20/Engine/Binaries --- GameBranchPath = S500-15/C/Epic/UE4/UE_4.20/Engine/Binaries
[2018.11.20-14.44.25:843][644]LogTemp: IPP ERROR: Could not find provision directory 'C:\Users\j016593e\AppData\Local/Apple Computer/MobileDevice/Provisioning Profiles/'.
[2018.11.20-14.49.41:000][343]LogSlate: Window 'Project Settings' being destroyed
[2018.11.20-14.49.41:006][343]LogSlate: Window 'Project Settings' being destroyed
[2018.11.20-14.49.42:829][501]LogSlate: Window 'TopDownCharacter' being destroyed
[2018.11.20-14.49.42:833][501]LogSlate: Window 'TopDownCharacter' being destroyed
[2018.11.20-14.49.43:430][563]LogTemp: Repeating last play command: Selected Viewport
[2018.11.20-14.49.43:456][563]LogBlueprintUserMessages: Early PlayInEditor Detection: Level '/Game/TopDownCPP/Maps/TopDownExampleMap.TopDownExampleMap:PersistentLevel' has LevelScriptBlueprint '/Game/TopDownCPP/Maps/TopDownExampleMap.TopDownExampleMap:PersistentLevel.TopDownExampleMap' with GeneratedClass '/Game/TopDownCPP/Maps/TopDownExampleMap.TopDownExampleMap_C' with ClassGeneratedBy '/Game/TopDownCPP/Maps/TopDownExampleMap.TopDownExampleMap:PersistentLevel.TopDownExampleMap'
[2018.11.20-14.49.43:457][563]LogPlayLevel: PlayLevel: No blueprints needed recompiling
[2018.11.20-14.49.43:457][563]PIE: New page: PIE session: TopDownExampleMap (20 Nov 2018 14:49:43)
[2018.11.20-14.49.43:457][563]LogPlayLevel: Creating play world package: /Game/TopDownCPP/Maps/UEDPIE_0_TopDownExampleMap
[2018.11.20-14.49.43:473][563]LogPlayLevel: PIE: StaticDuplicateObject took: (0.015833s)
[2018.11.20-14.49.43:473][563]LogAIModule: Creating AISystem for world TopDownExampleMap
[2018.11.20-14.49.43:474][563]LogPlayLevel: PIE: World Init took: (0.000910s)
[2018.11.20-14.49.43:474][563]LogPlayLevel: PIE: Created PIE world by copying editor world from /Game/TopDownCPP/Maps/TopDownExampleMap.TopDownExampleMap to /Game/TopDownCPP/Maps/UEDPIE_0_TopDownExampleMap.TopDownExampleMap (0.016910s)
[2018.11.20-14.49.43:515][563]LogInit: XAudio2 using 'Speakers (Realtek High Definition Audio)' : 2 channels at 48 kHz using 32 bits per sample (channel mask 0x3)
[2018.11.20-14.49.43:533][563]LogInit: FAudioDevice initialized.
[2018.11.20-14.49.43:566][563]LogLoad: Game class is 'ITOSGGameMode'
[2018.11.20-14.49.43:568][563]LogWorld: Bringing World /Game/TopDownCPP/Maps/UEDPIE_0_TopDownExampleMap.TopDownExampleMap up for play (max tick rate 0) at 2018.11.20-14.49.43
[2018.11.20-14.49.43:569][563]LogWorld: Bringing up level for play took: 0.002232
[2018.11.20-14.49.43:583][563]PIE: Play in editor start time for /Game/TopDownCPP/Maps/UEDPIE_0_TopDownExampleMap 0.188
[2018.11.20-14.49.43:583][563]LogBlueprintUserMessages: Late PlayInEditor Detection: Level '/Game/TopDownCPP/Maps/TopDownExampleMap.TopDownExampleMap:PersistentLevel' has LevelScriptBlueprint '/Game/TopDownCPP/Maps/TopDownExampleMap.TopDownExampleMap:PersistentLevel.TopDownExampleMap' with GeneratedClass '/Game/TopDownCPP/Maps/TopDownExampleMap.TopDownExampleMap_C' with ClassGeneratedBy '/Game/TopDownCPP/Maps/TopDownExampleMap.TopDownExampleMap:PersistentLevel.TopDownExampleMap'
[2018.11.20-14.49.47:321][  8]LogSlate: FSceneViewport::OnFocusLost() reason 0
[2018.11.20-14.49.47:397][ 17]LogBlueprintUserMessages: Early EndPlayMap Detection: Level '/Game/TopDownCPP/Maps/TopDownExampleMap.TopDownExampleMap:PersistentLevel' has LevelScriptBlueprint '/Game/TopDownCPP/Maps/TopDownExampleMap.TopDownExampleMap:PersistentLevel.TopDownExampleMap' with GeneratedClass '/Game/TopDownCPP/Maps/TopDownExampleMap.TopDownExampleMap_C' with ClassGeneratedBy '/Game/TopDownCPP/Maps/TopDownExampleMap.TopDownExampleMap:PersistentLevel.TopDownExampleMap'
[2018.11.20-14.49.47:397][ 17]LogSlate: Updating window title bar state: overlay mode, drag disabled, window buttons hidden, title bar hidden
[2018.11.20-14.49.47:431][ 17]LogPlayLevel: Display: Shutting down PIE online subsystems
[2018.11.20-14.49.47:431][ 17]LogBlueprintUserMessages: Late EndPlayMap Detection: Level '/Game/TopDownCPP/Maps/TopDownExampleMap.TopDownExampleMap:PersistentLevel' has LevelScriptBlueprint '/Game/TopDownCPP/Maps/TopDownExampleMap.TopDownExampleMap:PersistentLevel.TopDownExampleMap' with GeneratedClass '/Game/TopDownCPP/Maps/TopDownExampleMap.TopDownExampleMap_C' with ClassGeneratedBy '/Game/TopDownCPP/Maps/TopDownExampleMap.TopDownExampleMap:PersistentLevel.TopDownExampleMap'
[2018.11.20-14.49.47:463][ 17]LogSlate: Updating window title bar state: overlay mode, drag disabled, window buttons hidden, title bar hidden
[2018.11.20-14.49.47:499][ 20]LogPlayLevel: Display: Destroying online subsystem :Context_15
[2018.11.20-14.50.11:049][700]LogSavePackage: Moving '../../../../../../Users/j016593e/Documents/GitHub/WGTv2/ITOSG/Saved/TopDownExampleMapFB921614400AC654B123E38E97E74357.tmp' to '../../../../../../Users/j016593e/Documents/GitHub/WGTv2/ITOSG/Content/TopDownCPP/Maps/TopDownExampleMap.umap'
[2018.11.20-14.50.11:109][700]LogFileHelpers: Saving map 'TopDownExampleMap' took 0.626
[2018.11.20-14.50.11:111][700]Cmd: OBJ SAVEPACKAGE PACKAGE="/Game/NPCBlueprint" FILE="../../../../../../Users/j016593e/Documents/GitHub/WGTv2/ITOSG/Content/NPCBlueprint.uasset" SILENT=true
[2018.11.20-14.50.11:150][700]LogSavePackage: Moving '../../../../../../Users/j016593e/Documents/GitHub/WGTv2/ITOSG/Saved/NPCBlueprintA763FED14B7DDF8E799115884AB5F5DC.tmp' to '../../../../../../Users/j016593e/Documents/GitHub/WGTv2/ITOSG/Content/NPCBlueprint.uasset'
[2018.11.20-14.50.53:571][936]LogEditorViewport: Clicking on Actor (LMB): StaticMeshActor (Floor)
[2018.11.20-15.06.55:508][534]LogSlate: FSceneViewport::OnFocusLost() reason 2
[2018.11.20-15.06.58:107][814]LogSlate: FSceneViewport::OnFocusLost() reason 0
[2018.11.20-15.06.58:295][835]LogAssetEditorManager: Opening Asset editor for Blueprint /Game/TopDownCPP/Blueprints/TopDownCharacter.TopDownCharacter
[2018.11.20-15.07.54:448][849]LogFileHelpers: Editor autosave (incl. sublevels) for '/Game/TopDownCPP/Maps/TopDownExampleMap' took 0.044
[2018.11.20-15.07.54:450][849]OBJ SavePackage: Generating thumbnails for [1] asset(s) in package [/Game/TopDownCPP/Blueprints/TopDownCharacter] ([1] browsable assets)...
[2018.11.20-15.07.54:482][849]OBJ SavePackage:     Rendered thumbnail for [Blueprint /Game/TopDownCPP/Blueprints/TopDownCharacter.TopDownCharacter]
[2018.11.20-15.07.54:482][849]OBJ SavePackage: Finished generating thumbnails for package [/Game/TopDownCPP/Blueprints/TopDownCharacter]
[2018.11.20-15.07.54:674][849]LogSavePackage: Moving '../../../../../../Users/j016593e/Documents/GitHub/WGTv2/ITOSG/Saved/TopDownCharacter_Auto38090FF6847FECB0729A8768BE41FBC17.tmp' to '../../../../../../Users/j016593e/Documents/GitHub/WGTv2/ITOSG/Saved/Autosaves/Game/TopDownCPP/Blueprints/TopDownCharacter_Auto3.uasset'
[2018.11.20-15.07.54:681][849]LogFileHelpers: Auto-saving content packages took 0.233
[2018.11.20-15.28.37:012][525]LogHotReload: New module detected: UE4Editor-ITOSG-2611.dll
[2018.11.20-15.36.17:733][894]LogHotReload: New module detected: UE4Editor-ITOSG-1968.dll
[2018.11.20-15.37.21:358][193]BlueprintLog: New page: Compile TopDownCharacter
[2018.11.20-15.37.25:589][574]LogSavePackage: Moving '../../../../../../Users/j016593e/Documents/GitHub/WGTv2/ITOSG/Saved/TopDownCharacter2B0C4C81468F7934982991B10413D4F2.tmp' to '../../../../../../Users/j016593e/Documents/GitHub/WGTv2/ITOSG/Content/TopDownCPP/Blueprints/TopDownCharacter.uasset'
[2018.11.20-15.37.26:860][685]LogSlate: Window 'TopDownCharacter' being destroyed
[2018.11.20-15.37.26:923][685]LogSlate: Window 'ITOSG - Unreal Editor' being destroyed
[2018.11.20-15.37.26:924][685]LogWindowsTextInputMethodSystem: Display: IME system now deactivated.
[2018.11.20-15.37.27:188][686]Cmd: QUIT_EDITOR
[2018.11.20-15.37.28:096][686]LogExit: Preparing to exit.
[2018.11.20-15.37.29:076][686]LogExit: Editor shut down
[2018.11.20-15.37.29:078][686]LogExit: Transaction tracking system shut down
[2018.11.20-15.37.29:876][686]LogExit: Object subsystem successfully closed.
[2018.11.20-15.37.29:923][686]LogShaderCompilers: Display: Shaders left to compile 0
[2018.11.20-15.37.29:932][686]LogD3D11RHI: Shutdown
[2018.11.20-15.37.29:933][686]LogD3D11RHI: CleanupD3DDevice
[2018.11.20-15.37.29:939][686]LogD3D11RHI: ~FD3D11DynamicRHI
[2018.11.20-15.37.30:033][686]LogModuleManager: Shutting down and abandoning module ExternalImagePicker (620)
[2018.11.20-15.37.30:033][686]LogModuleManager: Shutting down and abandoning module MovieSceneCapture (618)
[2018.11.20-15.37.30:033][686]LogModuleManager: Shutting down and abandoning module Voice (616)
[2018.11.20-15.37.30:033][686]LogModuleManager: Shutting down and abandoning module BlueprintGraph (614)
[2018.11.20-15.37.30:033][686]LogModuleManager: Shutting down and abandoning module HierarchicalLODOutliner (612)
[2018.11.20-15.37.30:033][686]LogModuleManager: Shutting down and abandoning module SceneOutliner (610)
[2018.11.20-15.37.30:033][686]LogModuleManager: Shutting down and abandoning module AddContentDialog (608)
[2018.11.20-15.37.30:039][686]LogModuleManager: Shutting down and abandoning module WidgetCarousel (607)
[2018.11.20-15.37.30:039][686]LogModuleManager: Shutting down and abandoning module EditorWidgets (604)
[2018.11.20-15.37.30:039][686]LogModuleManager: Shutting down and abandoning module CollectionManager (602)
[2018.11.20-15.37.30:039][686]LogModuleManager: Shutting down and abandoning module StatsViewer (600)
[2018.11.20-15.37.30:039][686]LogModuleManager: Shutting down and abandoning module FoliageEdit (598)
[2018.11.20-15.37.30:039][686]LogModuleManager: Shutting down and abandoning module LandscapeEditor (596)
[2018.11.20-15.37.30:040][686]LogModuleManager: Shutting down and abandoning module MeshPaintMode (594)
[2018.11.20-15.37.30:040][686]LogModuleManager: Shutting down and abandoning module SceneDepthPickerMode (592)
[2018.11.20-15.37.30:040][686]LogModuleManager: Shutting down and abandoning module ActorPickerMode (590)
[2018.11.20-15.37.30:040][686]LogModuleManager: Shutting down and abandoning module GeometryMode (588)
[2018.11.20-15.37.30:040][686]LogModuleManager: Shutting down and abandoning module TextureAlignMode (586)
[2018.11.20-15.37.30:040][686]LogModuleManager: Shutting down and abandoning module BspMode (584)
[2018.11.20-15.37.30:040][686]LogModuleManager: Shutting down and abandoning module PIEPreviewDeviceProfileSelector (582)
[2018.11.20-15.37.30:040][686]LogModuleManager: Shutting down and abandoning module SequenceRecorderSections (580)
[2018.11.20-15.37.30:040][686]LogModuleManager: Shutting down and abandoning module AutomationWorker (578)
[2018.11.20-15.37.30:040][686]LogModuleManager: Shutting down and abandoning module AudioCaptureEditor (576)
[2018.11.20-15.37.30:040][686]LogModuleManager: Shutting down and abandoning module SequenceRecorder (575)
[2018.11.20-15.37.30:040][686]LogModuleManager: Shutting down and abandoning module MatineeToLevelSequence (572)
[2018.11.20-15.37.30:040][686]LogModuleManager: Shutting down and abandoning module LevelSequenceEditor (570)
[2018.11.20-15.37.30:040][686]LogModuleManager: Shutting down and abandoning module PlacementMode (569)
[2018.11.20-15.37.30:040][686]LogModuleManager: Shutting down and abandoning module MaterialEditor (568)
[2018.11.20-15.37.30:040][686]LogModuleManager: Shutting down and abandoning module WmfMediaFactory (564)
[2018.11.20-15.37.30:040][686]LogModuleManager: Shutting down and abandoning module WmfMediaEditor (562)
[2018.11.20-15.37.30:040][686]LogModuleManager: Shutting down and abandoning module MediaPlayerEditor (560)
[2018.11.20-15.37.30:040][686]LogModuleManager: Shutting down and abandoning module OpenExrWrapper (558)
[2018.11.20-15.37.30:040][686]LogModuleManager: Shutting down and abandoning module ImgMediaFactory (556)
[2018.11.20-15.37.30:040][686]LogModuleManager: Shutting down and abandoning module ImgMediaEditor (554)
[2018.11.20-15.37.30:041][686]LogModuleManager: Shutting down and abandoning module AvfMediaFactory (552)
[2018.11.20-15.37.30:041][686]LogModuleManager: Shutting down and abandoning module AvfMediaEditor (550)
[2018.11.20-15.37.30:041][686]LogModuleManager: Shutting down and abandoning module AndroidMediaFactory (548)
[2018.11.20-15.37.30:041][686]LogModuleManager: Shutting down and abandoning module AndroidMediaEditor (546)
[2018.11.20-15.37.30:041][686]LogModuleManager: Shutting down and abandoning module MagicLeapCameraPreviewFactory (544)
[2018.11.20-15.37.30:041][686]LogModuleManager: Shutting down and abandoning module MagicLeapMediaFactory (542)
[2018.11.20-15.37.30:041][686]LogModuleManager: Shutting down and abandoning module MagicLeapMediaEditor (540)
[2018.11.20-15.37.30:041][686]LogModuleManager: Shutting down and abandoning module CharacterAI (538)
[2018.11.20-15.37.30:041][686]LogModuleManager: Shutting down and abandoning module SmartSnapping (536)
[2018.11.20-15.37.30:041][686]LogModuleManager: Shutting down and abandoning module SessionServices (534)
[2018.11.20-15.37.30:041][686]LogModuleManager: Shutting down and abandoning module ViewportSnapping (532)
[2018.11.20-15.37.30:041][686]LogModuleManager: Shutting down and abandoning module ViewportInteraction (530)
[2018.11.20-15.37.30:041][686]LogModuleManager: Shutting down and abandoning module ClothPainter (528)
[2018.11.20-15.37.30:041][686]LogModuleManager: Shutting down and abandoning module SkeletalMeshEditor (527)
[2018.11.20-15.37.30:041][686]LogModuleManager: Shutting down and abandoning module LogVisualizer (524)
[2018.11.20-15.37.30:041][686]LogModuleManager: Shutting down and abandoning module IntroTutorials (522)
[2018.11.20-15.37.30:041][686]LogModuleManager: Shutting down and abandoning module GameProjectGeneration (521)
[2018.11.20-15.37.30:041][686]LogModuleManager: Shutting down and abandoning module LuminPlatformEditor (518)
[2018.11.20-15.37.30:041][686]LogModuleManager: Shutting down and abandoning module IOSPlatformEditor (516)
[2018.11.20-15.37.30:041][686]LogModuleManager: Shutting down and abandoning module HTML5PlatformEditor (514)
[2018.11.20-15.37.30:041][686]LogModuleManager: Shutting down and abandoning module AndroidPlatformEditor (512)
[2018.11.20-15.37.30:041][686]LogModuleManager: Shutting down and abandoning module AndroidDeviceDetection (511)
[2018.11.20-15.37.30:768][686]LogModuleManager: Shutting down and abandoning module WindowsPlatformEditor (508)
[2018.11.20-15.37.30:768][686]LogModuleManager: Shutting down and abandoning module LuminRuntimeSettings (506)
[2018.11.20-15.37.30:768][686]LogModuleManager: Shutting down and abandoning module IOSRuntimeSettings (504)
[2018.11.20-15.37.30:768][686]LogModuleManager: Shutting down and abandoning module AndroidRuntimeSettings (502)
[2018.11.20-15.37.30:769][686]LogModuleManager: Shutting down and abandoning module InputBindingEditor (500)
[2018.11.20-15.37.30:769][686]LogModuleManager: Shutting down and abandoning module MergeActors (498)
[2018.11.20-15.37.30:769][686]LogModuleManager: Shutting down and abandoning module LocalizationDashboard (496)
[2018.11.20-15.37.30:769][686]LogModuleManager: Shutting down and abandoning module LocalizationService (495)
[2018.11.20-15.37.30:769][686]LogModuleManager: Shutting down and abandoning module HardwareTargeting (492)
[2018.11.20-15.37.30:769][686]LogModuleManager: Shutting down and abandoning module DeviceProfileEditor (490)
[2018.11.20-15.37.30:769][686]LogModuleManager: Shutting down and abandoning module UndoHistory (488)
[2018.11.20-15.37.30:769][686]LogModuleManager: Shutting down and abandoning module XmlParser (486)
[2018.11.20-15.37.30:769][686]LogModuleManager: Shutting down and abandoning module Blutility (484)
[2018.11.20-15.37.30:769][686]LogModuleManager: Shutting down and abandoning module ProjectSettingsViewer (482)
[2018.11.20-15.37.30:769][686]LogModuleManager: Shutting down and abandoning module ProjectTargetPlatformEditor (481)
[2018.11.20-15.37.30:769][686]LogModuleManager: Shutting down and abandoning module EditorSettingsViewer (478)
[2018.11.20-15.37.30:770][686]LogModuleManager: Shutting down and abandoning module SettingsEditor (476)
[2018.11.20-15.37.30:770][686]LogModuleManager: Shutting down and abandoning module ProjectLauncher (474)
[2018.11.20-15.37.30:770][686]LogModuleManager: Shutting down and abandoning module SessionFrontend (472)
[2018.11.20-15.37.30:770][686]LogModuleManager: Shutting down and abandoning module ProfilerClient (470)
[2018.11.20-15.37.30:770][686]LogModuleManager: Shutting down and abandoning module DeviceManager (468)
[2018.11.20-15.37.30:770][686]LogModuleManager: Shutting down and abandoning module TargetDeviceServices (467)
[2018.11.20-15.37.30:836][686]LogModuleManager: Shutting down and abandoning module AutomationController (464)
[2018.11.20-15.37.30:836][686]LogModuleManager: Shutting down and abandoning module AutomationWindow (462)
[2018.11.20-15.37.30:836][686]LogModuleManager: Shutting down and abandoning module Layers (460)
[2018.11.20-15.37.30:836][686]LogModuleManager: Shutting down and abandoning module ComponentVisualizers (458)
[2018.11.20-15.37.30:836][686]LogModuleManager: Shutting down and abandoning module DetailCustomizations (456)
[2018.11.20-15.37.30:836][686]LogModuleManager: Shutting down and abandoning module PackagesDialog (454)
[2018.11.20-15.37.30:836][686]LogModuleManager: Shutting down and abandoning module Persona (452)
[2018.11.20-15.37.30:836][686]LogModuleManager: Shutting down and abandoning module AdvancedPreviewScene (451)
[2018.11.20-15.37.30:836][686]LogModuleManager: Shutting down and abandoning module AnimGraph (449)
[2018.11.20-15.37.30:836][686]LogModuleManager: Shutting down and abandoning module Kismet (446)
[2018.11.20-15.37.30:852][686]LogModuleManager: Shutting down and abandoning module GraphEditor (444)
[2018.11.20-15.37.30:852][686]LogModuleManager: Shutting down and abandoning module ClassViewer (442)
[2018.11.20-15.37.30:856][686]LogModuleManager: Shutting down and abandoning module Toolbox (440)
[2018.11.20-15.37.30:856][686]LogModuleManager: Shutting down and abandoning module DesktopPlatform (439)
[2018.11.20-15.37.30:856][686]LogModuleManager: Shutting down and abandoning module ModuleUI (436)
[2018.11.20-15.37.30:856][686]LogModuleManager: Shutting down and abandoning module MovieSceneTools (434)
[2018.11.20-15.37.30:856][686]LogModuleManager: Shutting down and abandoning module OutputLog (432)
[2018.11.20-15.37.30:856][686]LogModuleManager: Shutting down and abandoning module GammaUI (430)
[2018.11.20-15.37.30:856][686]LogModuleManager: Shutting down and abandoning module Documentation (428)
[2018.11.20-15.37.30:858][686]LogModuleManager: Shutting down and abandoning module MovieSceneTracks (426)
[2018.11.20-15.37.30:858][686]LogModuleManager: Shutting down and abandoning module MovieScene (424)
[2018.11.20-15.37.30:858][686]LogModuleManager: Shutting down and abandoning module StreamingPauseRendering (422)
[2018.11.20-15.37.30:858][686]LogModuleManager: Shutting down and abandoning module LauncherPlatform (420)
[2018.11.20-15.37.30:859][686]LogModuleManager: Shutting down and abandoning module AnalyticsET (418)
[2018.11.20-15.37.30:859][686]LogModuleManager: Shutting down and abandoning module PortalServices (416)
[2018.11.20-15.37.30:859][686]LogModuleManager: Shutting down and abandoning module PortalRpc (414)
[2018.11.20-15.37.30:859][686]LogModuleManager: Shutting down and abandoning module MessagingRpc (412)
[2018.11.20-15.37.30:859][686]LogModuleManager: Shutting down and abandoning module AIModule (410)
[2018.11.20-15.37.30:859][686]LogModuleManager: Shutting down and abandoning module GameplayDebugger (409)
[2018.11.20-15.37.30:859][686]LogModuleManager: Shutting down and abandoning module AITestSuite (407)
[2018.11.20-15.37.30:859][686]LogModuleManager: Shutting down and abandoning module NavigationSystem (405)
[2018.11.20-15.37.30:859][686]LogModuleManager: Shutting down and abandoning module ProfilerService (402)
[2018.11.20-15.37.30:921][686]LogModuleManager: Shutting down and abandoning module TaskGraph (400)
[2018.11.20-15.37.30:921][686]LogModuleManager: Shutting down and abandoning module SteamVRController (398)
[2018.11.20-15.37.30:921][686]LogModuleManager: Shutting down and abandoning module ProceduralMeshComponentEditor (396)
[2018.11.20-15.37.30:921][686]LogModuleManager: Shutting down and abandoning module ProceduralMeshComponent (394)
[2018.11.20-15.37.30:921][686]LogModuleManager: Shutting down and abandoning module OculusInput (392)
[2018.11.20-15.37.30:921][686]LogModuleManager: Shutting down and abandoning module MobilePatchingUtils (390)
[2018.11.20-15.37.30:921][686]LogModuleManager: Shutting down and abandoning module EditableMesh (388)
[2018.11.20-15.37.30:921][686]LogModuleManager: Shutting down and abandoning module CustomMeshComponent (386)
[2018.11.20-15.37.30:921][686]LogModuleManager: Shutting down and abandoning module CableComponent (384)
[2018.11.20-15.37.30:921][686]LogModuleManager: Shutting down and abandoning module AudioCapture (382)
[2018.11.20-15.37.30:921][686]LogModuleManager: Shutting down and abandoning module ArchVisCharacter (380)
[2018.11.20-15.37.30:921][686]LogModuleManager: Shutting down and abandoning module AndroidPermission (378)
[2018.11.20-15.37.30:921][686]LogModuleManager: Shutting down and abandoning module NUTUnrealEngine4 (376)
[2018.11.20-15.37.30:921][686]LogModuleManager: Shutting down and abandoning module NetcodeUnitTest (374)
[2018.11.20-15.37.30:922][686]LogModuleManager: Shutting down and abandoning module MediaCompositingEditor (372)
[2018.11.20-15.37.30:922][686]LogModuleManager: Shutting down and abandoning module MediaCompositing (370)
[2018.11.20-15.37.30:922][686]LogModuleManager: Shutting down and abandoning module LinearTimecode (368)
[2018.11.20-15.37.30:922][686]LogModuleManager: Shutting down and abandoning module ImgMedia (366)
[2018.11.20-15.37.30:927][686]LogModuleManager: Shutting down and abandoning module HTML5Networking (364)
[2018.11.20-15.37.30:927][686]LogModuleManager: Shutting down and abandoning module GeometryCacheTracks (362)
[2018.11.20-15.37.30:927][686]LogModuleManager: Shutting down and abandoning module GeometryCacheSequencer (360)
[2018.11.20-15.37.30:927][686]LogModuleManager: Shutting down and abandoning module BackChannel (358)
[2018.11.20-15.37.30:927][686]LogModuleManager: Shutting down and abandoning module AppleVision (356)
[2018.11.20-15.37.30:927][686]LogModuleManager: Shutting down and abandoning module AppleImageUtils (354)
[2018.11.20-15.37.30:927][686]LogModuleManager: Shutting down and abandoning module AlembicImporter (352)
[2018.11.20-15.37.30:927][686]LogModuleManager: Shutting down and abandoning module AlembicLibrary (351)
[2018.11.20-15.37.30:927][686]LogModuleManager: Shutting down and abandoning module GeometryCache (350)
[2018.11.20-15.37.30:927][686]LogModuleManager: Shutting down and abandoning module GeometryCacheEd (349)
[2018.11.20-15.37.30:927][686]LogModuleManager: Shutting down and abandoning module DatasmithContentEditor (344)
[2018.11.20-15.37.30:927][686]LogModuleManager: Shutting down and abandoning module DatasmithContent (342)
[2018.11.20-15.37.30:932][686]LogModuleManager: Shutting down and abandoning module SpeedTreeImporter (340)
[2018.11.20-15.37.30:932][686]LogModuleManager: Shutting down and abandoning module PluginBrowser (338)
[2018.11.20-15.37.30:932][686]LogModuleManager: Shutting down and abandoning module MobileLauncherProfileWizard (336)
[2018.11.20-15.37.30:932][686]LogModuleManager: Shutting down and abandoning module PolygonModeling (334)
[2018.11.20-15.37.30:932][686]LogModuleManager: Shutting down and abandoning module MeshEditor (332)
[2018.11.20-15.37.30:932][686]LogModuleManager: Shutting down and abandoning module CryptoKeysOpenSSL (330)
[2018.11.20-15.37.30:932][686]LogModuleManager: Shutting down and abandoning module CryptoKeys (328)
[2018.11.20-15.37.30:932][686]LogModuleManager: Shutting down and abandoning module VisualStudioSourceCodeAccess (326)
[2018.11.20-15.37.30:932][686]LogModuleManager: Shutting down and abandoning module VisualStudioCodeSourceCodeAccess (324)
[2018.11.20-15.37.30:933][686]LogModuleManager: Shutting down and abandoning module UObjectPlugin (322)
[2018.11.20-15.37.30:933][686]LogModuleManager: Shutting down and abandoning module SubversionSourceControl (320)
[2018.11.20-15.37.30:933][686]LogModuleManager: Shutting down and abandoning module PerforceSourceControl (318)
[2018.11.20-15.37.30:933][686]LogModuleManager: Shutting down and abandoning module GitSourceControl (316)
[2018.11.20-15.37.30:933][686]LogModuleManager: Shutting down and abandoning module SourceControl (315)
[2018.11.20-15.37.30:935][686]LogModuleManager: Shutting down and abandoning module CLionSourceCodeAccess (312)
[2018.11.20-15.37.30:935][686]LogModuleManager: Shutting down and abandoning module LightPropagationVolumeEditor (310)
[2018.11.20-15.37.30:935][686]LogModuleManager: Shutting down and abandoning module PaperTiledImporter (308)
[2018.11.20-15.37.30:935][686]LogModuleManager: Shutting down and abandoning module PaperSpriteSheetImporter (306)
[2018.11.20-15.37.30:935][686]LogModuleManager: Shutting down and abandoning module Paper2DEditor (304)
[2018.11.20-15.37.30:935][686]LogModuleManager: Shutting down and abandoning module MeshPaint (303)
[2018.11.20-15.37.30:935][686]LogModuleManager: Shutting down and abandoning module ITOSG (300)
[2018.11.20-15.37.30:935][686]LogModuleManager: Shutting down and abandoning module RuntimePhysXCooking (298)
[2018.11.20-15.37.30:935][686]LogModuleManager: Shutting down and abandoning module PhysXVehiclesEditor (296)
[2018.11.20-15.37.30:936][686]LogModuleManager: Shutting down and abandoning module PhysXVehicles (294)
[2018.11.20-15.37.30:936][686]LogModuleManager: Shutting down and abandoning module OculusEditor (292)
[2018.11.20-15.37.30:936][686]LogModuleManager: Shutting down and abandoning module LocationServicesBPLibrary (290)
[2018.11.20-15.37.30:936][686]LogModuleManager: Shutting down and abandoning module ImmediatePhysicsEditor (288)
[2018.11.20-15.37.30:936][686]LogModuleManager: Shutting down and abandoning module ImmediatePhysics (286)
[2018.11.20-15.37.30:936][686]LogModuleManager: Shutting down and abandoning module ActorSequence (284)
[2018.11.20-15.37.30:936][686]LogModuleManager: Shutting down and abandoning module UdpMessaging (282)
[2018.11.20-15.37.31:037][686]LogModuleManager: Shutting down and abandoning module TcpMessaging (280)
[2018.11.20-15.37.31:151][686]LogModuleManager: Shutting down and abandoning module MagicLeapAudio (278)
[2018.11.20-15.37.31:151][686]LogModuleManager: Shutting down and abandoning module GameplayTagsEditor (276)
[2018.11.20-15.37.31:151][686]LogModuleManager: Shutting down and abandoning module FacialAnimationEditor (274)
[2018.11.20-15.37.31:151][686]LogModuleManager: Shutting down and abandoning module FacialAnimation (272)
[2018.11.20-15.37.31:151][686]LogModuleManager: Shutting down and abandoning module DataValidation (270)
[2018.11.20-15.37.31:152][686]LogModuleManager: Shutting down and abandoning module AssetManagerEditor (268)
[2018.11.20-15.37.31:152][686]LogModuleManager: Shutting down and abandoning module LevelEditor (267)
[2018.11.20-15.37.31:154][686]LogModuleManager: Shutting down and abandoning module PixelInspectorModule (266)
[2018.11.20-15.37.31:154][686]LogModuleManager: Shutting down and abandoning module CommonMenuExtensions (264)
[2018.11.20-15.37.31:154][686]LogModuleManager: Shutting down and abandoning module MainFrame (262)
[2018.11.20-15.37.31:154][686]LogModuleManager: Shutting down and abandoning module HotReload (261)
[2018.11.20-15.37.31:155][686]LogModuleManager: Shutting down and abandoning module ContentBrowser (257)
[2018.11.20-15.37.31:168][686]LogModuleManager: Shutting down and abandoning module TreeMap (255)
[2018.11.20-15.37.31:168][686]LogModuleManager: Shutting down and abandoning module LightPropagationVolumeRuntime (252)
[2018.11.20-15.37.31:168][686]LogModuleManager: Shutting down and abandoning module AISupportModule (250)
[2018.11.20-15.37.31:168][686]LogModuleManager: Shutting down and abandoning module Paper2D (248)
[2018.11.20-15.37.31:168][686]LogModuleManager: Shutting down and abandoning module WindowsMoviePlayer (246)
[2018.11.20-15.37.31:169][686]LogModuleManager: Shutting down and abandoning module WmfMedia (244)
[2018.11.20-15.37.31:190][686]LogModuleManager: Shutting down and abandoning module Media (243)
[2018.11.20-15.37.31:234][686]LogModuleManager: Shutting down and abandoning module PacketHandler (240)
[2018.11.20-15.37.31:234][686]LogModuleManager: Shutting down and abandoning module ClothingSystemEditor (238)
[2018.11.20-15.37.31:234][686]LogModuleManager: Shutting down and abandoning module ClothingSystemRuntime (236)
[2018.11.20-15.37.31:234][686]LogModuleManager: Shutting down and abandoning module MediaAssets (234)
[2018.11.20-15.37.31:234][686]LogModuleManager: Shutting down and abandoning module Overlay (232)
[2018.11.20-15.37.31:234][686]LogModuleManager: Shutting down and abandoning module OverlayEditor (231)
[2018.11.20-15.37.31:234][686]LogModuleManager: Shutting down and abandoning module VREditor (228)
[2018.11.20-15.37.31:234][686]LogModuleManager: Shutting down and abandoning module StringTableEditor (226)
[2018.11.20-15.37.31:235][686]LogModuleManager: Shutting down and abandoning module GameplayTasksEditor (224)
[2018.11.20-15.37.31:235][686]LogModuleManager: Shutting down and abandoning module BehaviorTreeEditor (222)
[2018.11.20-15.37.31:235][686]LogModuleManager: Shutting down and abandoning module FunctionalTesting (220)
[2018.11.20-15.37.31:235][686]LogModuleManager: Shutting down and abandoning module CollisionAnalyzer (218)
[2018.11.20-15.37.31:235][686]LogModuleManager: Shutting down and abandoning module WorkspaceMenuStructure (217)
[2018.11.20-15.37.31:235][686]LogModuleManager: Shutting down and abandoning module UMG (214)
[2018.11.20-15.37.31:235][686]LogModuleManager: Shutting down and abandoning module UMGEditor (213)
[2018.11.20-15.37.31:235][686]LogModuleManager: Shutting down and abandoning module Sequencer (212)
[2018.11.20-15.37.31:235][686]LogModuleManager: Shutting down and abandoning module MessageLog (209)
[2018.11.20-15.37.31:237][686]LogModuleManager: Shutting down and abandoning module SlateReflector (204)
[2018.11.20-15.37.31:237][686]LogModuleManager: Shutting down and abandoning module Slate (202)
[2018.11.20-15.37.31:237][686]LogModuleManager: Shutting down and abandoning module EditorStyle (200)
[2018.11.20-15.37.31:241][686]LogModuleManager: Shutting down and abandoning module MRMesh (198)
[2018.11.20-15.37.31:241][686]LogModuleManager: Shutting down and abandoning module SourceCodeAccess (196)
[2018.11.20-15.37.31:242][686]LogModuleManager: Shutting down and abandoning module HeadMountedDisplay (194)
[2018.11.20-15.37.31:242][686]LogModuleManager: Shutting down and abandoning module XAudio2 (192)
[2018.11.20-15.37.31:242][686]LogModuleManager: Shutting down and abandoning module Networking (190)
[2018.11.20-15.37.31:242][686]LogModuleManager: Shutting down and abandoning module Core (188)
[2018.11.20-15.37.31:242][686]LogModuleManager: Shutting down and abandoning module LevelSequence (186)
[2018.11.20-15.37.31:242][686]LogModuleManager: Shutting down and abandoning module KismetCompiler (184)
[2018.11.20-15.37.31:242][686]LogModuleManager: Shutting down and abandoning module MeshUtilities (182)
[2018.11.20-15.37.31:242][686]LogModuleManager: Shutting down and abandoning module MeshMergeUtilities (181)
[2018.11.20-15.37.31:242][686]LogModuleManager: Shutting down and abandoning module MeshReductionInterface (180)
[2018.11.20-15.37.31:242][686]LogModuleManager: Shutting down and abandoning module SimplygonSwarm (179)
[2018.11.20-15.37.31:242][686]LogModuleManager: Shutting down and abandoning module ProxyLODMeshReduction (177)
[2018.11.20-15.37.31:242][686]LogModuleManager: Shutting down and abandoning module SimplygonMeshReduction (175)
[2018.11.20-15.37.31:242][686]LogModuleManager: Shutting down and abandoning module QuadricMeshReduction (173)
[2018.11.20-15.37.31:242][686]LogModuleManager: Shutting down and abandoning module MaterialBaking (169)
[2018.11.20-15.37.31:242][686]LogModuleManager: Shutting down and abandoning module DirectoryWatcher (165)
[2018.11.20-15.37.31:243][686]LogModuleManager: Shutting down and abandoning module DerivedDataCache (162)
[2018.11.20-15.37.31:332][686]LogDerivedDataCache: Shutdown
[2018.11.20-15.37.31:332][686]LogModuleManager: Shutting down and abandoning module XGEController (160)
[2018.11.20-15.37.31:333][686]LogXGEController: Cleaning working directory: C:/Users/j016593e/AppData/Local/Temp/UnrealXGEWorkingDir/
[2018.11.20-15.37.31:333][686]LogModuleManager: Shutting down and abandoning module TargetPlatform (158)
[2018.11.20-15.37.31:333][686]LogModuleManager: Shutting down and abandoning module VulkanShaderFormat (157)
[2018.11.20-15.37.31:333][686]LogModuleManager: Shutting down and abandoning module ShaderFormatVectorVM (155)
[2018.11.20-15.37.31:333][686]LogModuleManager: Shutting down and abandoning module ShaderFormatOpenGL (153)
[2018.11.20-15.37.31:333][686]LogModuleManager: Shutting down and abandoning module ShaderFormatD3D (151)
[2018.11.20-15.37.31:333][686]LogModuleManager: Shutting down and abandoning module MetalShaderFormat (149)
[2018.11.20-15.37.31:334][686]LogModuleManager: Shutting down and abandoning module TextureFormatUncompressed (147)
[2018.11.20-15.37.31:334][686]LogModuleManager: Shutting down and abandoning module TextureFormatPVR (145)
[2018.11.20-15.37.31:334][686]LogModuleManager: Shutting down and abandoning module TextureFormatDXT (143)
[2018.11.20-15.37.31:334][686]LogModuleManager: Shutting down and abandoning module TextureFormatIntelISPCTexComp (141)
[2018.11.20-15.37.31:334][686]LogModuleManager: Shutting down and abandoning module TextureFormatASTC (139)
[2018.11.20-15.37.31:334][686]LogModuleManager: Shutting down and abandoning module ImageWrapper (138)
[2018.11.20-15.37.31:334][686]LogModuleManager: Shutting down and abandoning module TextureFormatAndroid (135)
[2018.11.20-15.37.31:334][686]LogModuleManager: Shutting down and abandoning module AudioFormatOpus (133)
[2018.11.20-15.37.31:334][686]LogModuleManager: Shutting down and abandoning module AudioFormatOgg (131)
[2018.11.20-15.37.31:334][686]LogModuleManager: Shutting down and abandoning module AudioFormatADPCM (129)
[2018.11.20-15.37.31:334][686]LogModuleManager: Shutting down and abandoning module LuminTargetPlatform (127)
[2018.11.20-15.37.31:334][686]LogModuleManager: Shutting down and abandoning module LinuxTargetPlatform (125)
[2018.11.20-15.37.31:334][686]LogModuleManager: Shutting down and abandoning module LinuxServerTargetPlatform (123)
[2018.11.20-15.37.31:334][686]LogModuleManager: Shutting down and abandoning module LinuxNoEditorTargetPlatform (121)
[2018.11.20-15.37.31:335][686]LogModuleManager: Shutting down and abandoning module LinuxClientTargetPlatform (119)
[2018.11.20-15.37.31:335][686]LogModuleManager: Shutting down and abandoning module TVOSTargetPlatform (117)
[2018.11.20-15.37.31:337][686]LogModuleManager: Shutting down and abandoning module Messaging (115)
[2018.11.20-15.37.31:337][686]LogModuleManager: Shutting down and abandoning module IOSTargetPlatform (113)
[2018.11.20-15.37.31:345][686]LogModuleManager: Shutting down and abandoning module HTML5TargetPlatform (111)
[2018.11.20-15.37.31:345][686]LogModuleManager: Shutting down and abandoning module AndroidTargetPlatform (109)
[2018.11.20-15.37.31:419][686]LogModuleManager: Shutting down and abandoning module WindowsTargetPlatform (107)
[2018.11.20-15.37.31:419][686]LogModuleManager: Shutting down and abandoning module WindowsServerTargetPlatform (105)
[2018.11.20-15.37.31:419][686]LogModuleManager: Shutting down and abandoning module WindowsNoEditorTargetPlatform (103)
[2018.11.20-15.37.31:420][686]LogModuleManager: Shutting down and abandoning module WindowsClientTargetPlatform (101)
[2018.11.20-15.37.31:420][686]LogModuleManager: Shutting down and abandoning module MacTargetPlatform (99)
[2018.11.20-15.37.31:420][686]LogModuleManager: Shutting down and abandoning module MacServerTargetPlatform (97)
[2018.11.20-15.37.31:420][686]LogModuleManager: Shutting down and abandoning module MacNoEditorTargetPlatform (95)
[2018.11.20-15.37.31:420][686]LogModuleManager: Shutting down and abandoning module MacClientTargetPlatform (93)
[2018.11.20-15.37.31:420][686]LogModuleManager: Shutting down and abandoning module AllDesktopTargetPlatform (91)
[2018.11.20-15.37.31:420][686]LogModuleManager: Shutting down and abandoning module InputCore (88)
[2018.11.20-15.37.31:420][686]LogModuleManager: Shutting down and abandoning module Settings (86)
[2018.11.20-15.37.31:420][686]LogModuleManager: Shutting down and abandoning module PhysXCooking (84)
[2018.11.20-15.37.31:420][686]LogModuleManager: Shutting down and abandoning module SteamVR (82)
[2018.11.20-15.37.31:420][686]LogModuleManager: Shutting down and abandoning module OculusHMD (80)
[2018.11.20-15.37.31:420][686]LogModuleManager: Shutting down and abandoning module ExampleDeviceProfileSelector (78)
[2018.11.20-15.37.31:420][686]LogModuleManager: Shutting down and abandoning module LauncherChunkInstaller (76)
[2018.11.20-15.37.31:420][686]LogModuleManager: Shutting down and abandoning module OnlineBlueprintSupport (74)
[2018.11.20-15.37.31:420][686]LogModuleManager: Shutting down and abandoning module OnlineSubsystem (70)
[2018.11.20-15.37.31:422][686]LogModuleManager: Shutting down and abandoning module XMPP (65)
[2018.11.20-15.37.31:422][686]LogModuleManager: Shutting down and abandoning module WebSockets (64)
[2018.11.20-15.37.31:441][686]LogModuleManager: Shutting down and abandoning module HTTP (61)
[2018.11.20-15.37.31:441][686]LogHttp: Display: Http module shutting down, but needs to wait on 1 outstanding Http requests:
[2018.11.20-15.37.31:441][686]LogHttp: Display: 	verb=[POST] url=[https://datarouter.ol.epicgames.com/datarouter/api/v1/public/data?SessionID=%7B2CA5BF80-428F-F7FC-2C09-7FA555D11883%7D&AppID=UEEditor.Rocket.Release&AppVersion=4.20.3-4369336%2B%2B%2BUE4%2BRelease-4.20&UserID=a2c596994b72a14401422fb6ff56dfb7%7C9ac0ef4d16f342e49f890105fbf91c75%7C6859e6fe-a307-4c78-9b87-ec2884ab9362&AppEnvironment=datacollector-binary&UploadType=eteventstream] status=Processing
[2018.11.20-15.37.31:461][686]LogModuleManager: Shutting down and abandoning module SSL (60)
[2018.11.20-15.37.31:464][686]LogModuleManager: Shutting down and abandoning module MagicLeapEmulator (56)
[2018.11.20-15.37.31:464][686]LogModuleManager: Shutting down and abandoning module MagicLeapPrivileges (54)
[2018.11.20-15.37.31:464][686]LogModuleManager: Shutting down and abandoning module MagicLeapIdentity (52)
[2018.11.20-15.37.31:464][686]LogModuleManager: Shutting down and abandoning module MagicLeapHelperVulkan (50)
[2018.11.20-15.37.31:464][686]LogModuleManager: Shutting down and abandoning module MagicLeapHelperOpenGL (48)
[2018.11.20-15.37.31:464][686]LogModuleManager: Shutting down and abandoning module MagicLeapSecureStorage (46)
[2018.11.20-15.37.31:464][686]LogModuleManager: Shutting down and abandoning module MagicLeapGestures (44)
[2018.11.20-15.37.31:464][686]LogModuleManager: Shutting down and abandoning module MagicLeapEyeTracker (42)
[2018.11.20-15.37.31:464][686]LogModuleManager: Shutting down and abandoning module MagicLeapController (40)
[2018.11.20-15.37.31:465][686]LogSlate: Slate User Destroyed.  User Index 0, Is Virtual User: 0
[2018.11.20-15.37.31:465][686]LogModuleManager: Shutting down and abandoning module MagicLeap (38)
[2018.11.20-15.37.31:465][686]LogModuleManager: Shutting down and abandoning module AnimationModifiers (36)
[2018.11.20-15.37.31:465][686]LogModuleManager: Shutting down and abandoning module PropertyEditor (35)
[2018.11.20-15.37.31:465][686]LogModuleManager: Shutting down and abandoning module AudioEditor (32)
[2018.11.20-15.37.31:465][686]LogModuleManager: Shutting down and abandoning module TextureCompressor (30)
[2018.11.20-15.37.31:466][686]LogModuleManager: Shutting down and abandoning module ShaderCore (28)
[2018.11.20-15.37.31:466][686]LogModuleManager: Shutting down and abandoning module Landscape (26)
[2018.11.20-15.37.31:466][686]LogModuleManager: Shutting down and abandoning module SlateRHIRenderer (24)
[2018.11.20-15.37.31:469][686]LogModuleManager: Shutting down and abandoning module OpenGLDrv (22)
[2018.11.20-15.37.31:469][686]LogModuleManager: Shutting down and abandoning module D3D11RHI (20)
[2018.11.20-15.37.31:469][686]LogModuleManager: Shutting down and abandoning module AnimGraphRuntime (18)
[2018.11.20-15.37.31:469][686]LogModuleManager: Shutting down and abandoning module Renderer (16)
[2018.11.20-15.37.31:469][686]LogModuleManager: Shutting down and abandoning module Engine (14)
[2018.11.20-15.37.31:469][686]LogModuleManager: Shutting down and abandoning module CoreUObject (12)
[2018.11.20-15.37.31:469][686]LogModuleManager: Shutting down and abandoning module NetworkFile (10)
[2018.11.20-15.37.31:469][686]LogModuleManager: Shutting down and abandoning module CookedIterativeFile (8)
[2018.11.20-15.37.31:469][686]LogModuleManager: Shutting down and abandoning module StreamingFile (6)
[2018.11.20-15.37.31:470][686]LogModuleManager: Shutting down and abandoning module SandboxFile (4)
[2018.11.20-15.37.31:470][686]LogModuleManager: Shutting down and abandoning module PakFile (2)
[2018.11.20-15.37.31:474][686]LogExit: Exiting.
[2018.11.20-15.37.31:502][686]Log file closed, 11/20/18 15:37:31
