Log file open, 11/26/18 14:03:32
LogWindows: Failed to load 'aqProf.dll' (GetLastError=126)
LogWindows: File 'aqProf.dll' does not exist
LogWindows: Failed to load 'VSPerf140.dll' (GetLastError=126)
LogWindows: File 'VSPerf140.dll' does not exist
LogWindows: Failed to load 'VtuneApi.dll' (GetLastError=126)
LogWindows: File 'VtuneApi.dll' does not exist
LogWindows: Failed to load 'VtuneApi32e.dll' (GetLastError=126)
LogWindows: File 'VtuneApi32e.dll' does not exist
LogInit: Display: Running engine for game: ITOSG
LogPlatformFile: Not using cached read wrapper
LogTaskGraph: Started task graph with 5 named threads and 23 total threads with 3 sets of task threads.
LogStats: Stats thread started at 0.314647
LogD3D11RHI: Loaded GFSDK_Aftermath_Lib.x64.dll
LogICUInternationalization: Display: ICU TimeZone Detection - Raw Offset: +0:00, Platform Override: ''
LogPluginManager: Mounting plugin Paper2D
LogPluginManager: Mounting plugin AISupport
LogPluginManager: Mounting plugin LightPropagationVolume
LogPluginManager: Mounting plugin CLionSourceCodeAccess
LogPluginManager: Mounting plugin CodeLiteSourceCodeAccess
LogPluginManager: Mounting plugin GitSourceControl
LogPluginManager: Mounting plugin KDevelopSourceCodeAccess
LogPluginManager: Mounting plugin NullSourceCodeAccess
LogPluginManager: Mounting plugin PerforceSourceControl
LogPluginManager: Mounting plugin SubversionSourceControl
LogPluginManager: Mounting plugin UObjectPlugin
LogPluginManager: Mounting plugin VisualStudioCodeSourceCodeAccess
LogPluginManager: Mounting plugin VisualStudioSourceCodeAccess
LogPluginManager: Mounting plugin XCodeSourceCodeAccess
LogPluginManager: Mounting plugin AssetManagerEditor
LogPluginManager: Mounting plugin CryptoKeys
LogPluginManager: Mounting plugin DataValidation
LogPluginManager: Mounting plugin FacialAnimation
LogPluginManager: Mounting plugin GameplayTagsEditor
LogPluginManager: Mounting plugin MacGraphicsSwitching
LogPluginManager: Mounting plugin MeshEditor
LogPluginManager: Mounting plugin MobileLauncherProfileWizard
LogPluginManager: Mounting plugin PluginBrowser
LogPluginManager: Mounting plugin SpeedTreeImporter
LogPluginManager: Mounting plugin DatasmithContent
LogPluginManager: Mounting plugin AlembicImporter
LogPluginManager: Mounting plugin AppleImageUtils
LogPluginManager: Mounting plugin AppleVision
LogPluginManager: Mounting plugin BackChannel
LogPluginManager: Mounting plugin CharacterAI
LogPluginManager: Mounting plugin GeometryCache
LogPluginManager: Mounting plugin HTML5Networking
LogPluginManager: Mounting plugin ProxyLODPlugin
LogPluginManager: Mounting plugin MagicLeap
LogPluginManager: Mounting plugin MagicLeapEmulator
LogPluginManager: Mounting plugin MagicLeapMedia
LogPluginManager: Mounting plugin AndroidMedia
LogPluginManager: Mounting plugin AvfMedia
LogPluginManager: Mounting plugin ImgMedia
LogPluginManager: Mounting plugin LinearTimecode
LogPluginManager: Mounting plugin MediaCompositing
LogPluginManager: Mounting plugin MediaPlayerEditor
LogPluginManager: Mounting plugin WmfMedia
LogPluginManager: Mounting plugin TcpMessaging
LogPluginManager: Mounting plugin UdpMessaging
LogPluginManager: Mounting plugin ActorSequence
LogPluginManager: Mounting plugin LevelSequenceEditor
LogPluginManager: Mounting plugin MatineeToLevelSequence
LogPluginManager: Mounting plugin NetcodeUnitTest
LogPluginManager: Mounting plugin NUTUnrealEngine4
LogPluginManager: Mounting plugin OnlineSubsystemGooglePlay
LogPluginManager: Mounting plugin OnlineSubsystemIOS
LogPluginManager: Mounting plugin OnlineSubsystem
LogPluginManager: Mounting plugin OnlineSubsystemNull
LogPluginManager: Mounting plugin OnlineSubsystemUtils
LogPluginManager: Mounting plugin LauncherChunkInstaller
LogPluginManager: Mounting plugin AndroidDeviceProfileSelector
LogPluginManager: Mounting plugin AndroidMoviePlayer
LogPluginManager: Mounting plugin AndroidPermission
LogPluginManager: Mounting plugin AppleMoviePlayer
LogPluginManager: Mounting plugin ArchVisCharacter
LogPluginManager: Mounting plugin AudioCapture
LogPluginManager: Mounting plugin CableComponent
LogPluginManager: Mounting plugin CustomMeshComponent
LogPluginManager: Mounting plugin EditableMesh
LogPluginManager: Mounting plugin ExampleDeviceProfileSelector
LogPluginManager: Mounting plugin GoogleCloudMessaging
LogPluginManager: Mounting plugin ImmediatePhysics
LogPluginManager: Mounting plugin IOSDeviceProfileSelector
LogPluginManager: Mounting plugin LinuxDeviceProfileSelector
LogPluginManager: Mounting plugin LocationServicesBPLibrary
LogPluginManager: Mounting plugin MobilePatchingUtils
LogPluginManager: Mounting plugin OculusVR
LogPluginManager: Plugin shader directory ../../../Engine/Plugins/Runtime/Oculus/OculusVR/Shaders found
LogPluginManager: Mapping shader source directory ../../../Engine/Plugins/Runtime/Oculus/OculusVR/Shaders to virtual directory /Plugin/OculusVR
LogPluginManager: Mounting plugin PhysXVehicles
LogPluginManager: Mounting plugin ProceduralMeshComponent
LogPluginManager: Mounting plugin RuntimePhysXCooking
LogPluginManager: Mounting plugin SteamVR
LogPluginManager: Mounting plugin WindowsMoviePlayer
LogStreaming: Display: Took  0.069s to configure plugins.
LogInit: Using libcurl 7.55.1-DEV
LogInit:  - built for x86_64-pc-win32
LogInit:  - supports SSL with OpenSSL/1.0.2h
LogInit:  - supports HTTP deflate (compression) using libz 1.2.8
LogInit:  - other features:
LogInit:      CURL_VERSION_SSL
LogInit:      CURL_VERSION_LIBZ
LogInit:      CURL_VERSION_IPV6
LogInit:      CURL_VERSION_ASYNCHDNS
LogInit:      CURL_VERSION_LARGEFILE
LogInit:      CURL_VERSION_IDN
LogInit:  CurlRequestOptions (configurable via config and command line):
LogInit:  - bVerifyPeer = false  - Libcurl will NOT verify peer certificate
LogInit:  - bUseHttpProxy = false  - Libcurl will NOT use HTTP proxy
LogInit:  - bDontReuseConnections = false  - Libcurl will reuse connections
LogInit:  - CertBundlePath = nullptr  - Libcurl will use whatever was configured at build time.
LogInit:  - MaxHostConnections = 16  - Libcurl will limit the number of connections to a host
LogInit:  - LocalHostAddr = Default
LogInit:  - BufferSize = 65536
LogInit: WinSock: version 1.1 (2.2), MaxSocks=32767, MaxUdp=65467
LogInit: Build: ++UE4+Release-4.20-CL-4369336
LogInit: Engine Version: 4.20.3-4369336+++UE4+Release-4.20
LogInit: Compatible Engine Version: 4.20.0-4212847+++UE4+Release-4.20
LogInit: Net CL: 4212847
LogInit: OS: Windows 10 (), CPU: Intel(R) Core(TM) i7-6700K CPU @ 4.00GHz, GPU: NVIDIA GeForce GTX 1060 6GB
LogInit: Compiled (64-bit): Sep 17 2018 12:26:19
LogInit: Compiled with Visual C++: 19.13.26129.00
LogInit: Build Configuration: Development
LogInit: Branch Name: ++UE4+Release-4.20
LogInit: Command Line:  
LogInit: Base Directory: D:/UE_4.20/Engine/Binaries/Win64/
LogInit: Installed Engine Build: 1
LogDevObjectVersion: Number of dev versions registered: 20
LogDevObjectVersion:   Dev-Blueprints (B0D832E4-1F89-4F0D-ACCF-7EB736FD4AA2): 10
LogDevObjectVersion:   Dev-Build (E1C64328-A22C-4D53-A36C-8E866417BD8C): 0
LogDevObjectVersion:   Dev-Core (375EC13C-06E4-48FB-B500-84F0262A717E): 2
LogDevObjectVersion:   Dev-Editor (E4B068ED-F494-42E9-A231-DA0B2E46BB41): 24
LogDevObjectVersion:   Dev-Framework (CFFC743F-43B0-4480-9391-14DF171D2073): 34
LogDevObjectVersion:   Dev-Mobile (B02B49B5-BB20-44E9-A304-32B752E40360): 2
LogDevObjectVersion:   Dev-Networking (A4E4105C-59A1-49B5-A7C5-40C4547EDFEE): 0
LogDevObjectVersion:   Dev-Online (39C831C9-5AE6-47DC-9A44-9C173E1C8E7C): 0
LogDevObjectVersion:   Dev-Physics (78F01B33-EBEA-4F98-B9B4-84EACCB95AA2): 0
LogDevObjectVersion:   Dev-Platform (6631380F-2D4D-43E0-8009-CF276956A95A): 0
LogDevObjectVersion:   Dev-Rendering (12F88B9F-8875-4AFC-A67C-D90C383ABD29): 26
LogDevObjectVersion:   Dev-Sequencer (7B5AE74C-D270-4C10-A958-57980B212A5A): 9
LogDevObjectVersion:   Dev-VR (D7296918-1DD6-4BDD-9DE2-64A83CC13884): 2
LogDevObjectVersion:   Dev-LoadTimes (C2A15278-BFE7-4AFE-6C17-90FF531DF755): 1
LogDevObjectVersion:   Private-Geometry (6EACA3D4-40EC-4CC1-B786-8BED09428FC5): 3
LogDevObjectVersion:   Dev-AnimPhys (29E575DD-E0A3-4627-9D10-D276232CDCEA): 17
LogDevObjectVersion:   Dev-ReflectionCapture (6B266CEC-1EC7-4B8F-A30B-E4D90942FC07): 1
LogDevObjectVersion:   Dev-Automation (0DF73D61-A23F-47EA-B727-89E90C41499A): 1
LogDevObjectVersion:   FortniteMain (601D1886-AC64-4F84-AA16-D3DE0DEAC7D6): 12
LogDevObjectVersion:   Dev-Enterprise (9DFFBCD6-494F-0158-E221-12823C92A888): 1
LogStreaming: Display: Took  0.001s to delete old logs.
LogInit: Presizing for max 8388607 objects, including 0 objects not considered by GC, pre-allocating 0 bytes for permanent pool.
LogInit: Object subsystem initialized
[2018.11.26-14.03.32:804][  0]LogInit: Selected Device Profile: [Windows]
[2018.11.26-14.03.32:804][  0]LogInit: Applying CVar settings loaded from the selected device profile: [Windows]
[2018.11.26-14.03.32:814][  0]LogHAL: Display: Platform has ~ 16 GB [17090912256 / 17179869184 / 16], which maps to Larger [LargestMinGB=32, LargerMinGB=12, DefaultMinGB=8, SmallerMinGB=6, SmallestMinGB=0)
[2018.11.26-14.03.32:814][  0]LogInit: Setting Device Profile CVar: [[r.Vulkan.UseRealUBs:1]]
[2018.11.26-14.03.32:814][  0]LogInit: Going up to parent DeviceProfile []
[2018.11.26-14.03.32:814][  0]LogInit: Computer: SKOOBIE
[2018.11.26-14.03.32:814][  0]LogInit: User: Skoobie
[2018.11.26-14.03.32:814][  0]LogInit: CPU Page size=4096, Cores=4
[2018.11.26-14.03.32:814][  0]LogInit: High frequency timer resolution =3.914067 MHz
[2018.11.26-14.03.32:814][  0]LogMemory: Memory total: Physical=15.9GB (16GB approx)
[2018.11.26-14.03.32:814][  0]LogMemory: Platform Memory Stats for Windows
[2018.11.26-14.03.32:814][  0]LogMemory: Process Physical Memory: 99.61 MB used, 99.61 MB peak
[2018.11.26-14.03.32:814][  0]LogMemory: Process Virtual Memory: 90.84 MB used, 90.84 MB peak
[2018.11.26-14.03.32:814][  0]LogMemory: Physical Memory: 7120.30 MB used,  9178.86 MB free, 16299.16 MB total
[2018.11.26-14.03.32:815][  0]LogMemory: Virtual Memory: 4644.85 MB used,  9178.86 MB free, 134217728.00 MB total
[2018.11.26-14.03.32:832][  0]LogInit: Using OS detected language (en-GB).
[2018.11.26-14.03.32:832][  0]LogInit: Using OS detected locale (en-GB).
[2018.11.26-14.03.32:832][  0]LogTextLocalizationManager: No specific localization for 'en-GB' exists, so the 'en' localization will be used.
[2018.11.26-14.03.33:130][  0]LogStreaming: Display: Took  0.299s to InitEngineTextLocalization.
[2018.11.26-14.03.33:130][  0]LogInit: Setting process to per monitor DPI aware
[2018.11.26-14.03.33:163][  0]LogSlate: New Slate User Created.  User Index 0, Is Virtual User: 0
[2018.11.26-14.03.33:163][  0]LogSlate: Slate User Registered.  User Index 0, Is Virtual User: 0
[2018.11.26-14.03.33:325][  0]LogHMD: Failed to initialize OpenVR with code 126
[2018.11.26-14.03.33:325][  0]LogD3D11RHI: D3D11 adapters:
[2018.11.26-14.03.33:395][  0]LogD3D11RHI:    0. 'NVIDIA GeForce GTX 1060 6GB' (Feature Level 11_0)
[2018.11.26-14.03.33:395][  0]LogD3D11RHI:       6052/0/8149 MB DedicatedVideo/DedicatedSystem/SharedSystem, Outputs:1, VendorId:0x10de
[2018.11.26-14.03.33:396][  0]LogD3D11RHI:    1. 'Microsoft Basic Render Driver' (Feature Level 11_0)
[2018.11.26-14.03.33:396][  0]LogD3D11RHI:       0/0/8149 MB DedicatedVideo/DedicatedSystem/SharedSystem, Outputs:0, VendorId:0x1414
[2018.11.26-14.03.33:396][  0]LogD3D11RHI: Chosen D3D11 Adapter: 0
[2018.11.26-14.03.33:403][  0]LogD3D11RHI: Creating new Direct3DDevice
[2018.11.26-14.03.33:404][  0]LogD3D11RHI:     GPU DeviceId: 0x1c03 (for the marketing name, search the web for "GPU Device Id")
[2018.11.26-14.03.33:404][  0]LogWindows: EnumDisplayDevices:
[2018.11.26-14.03.33:404][  0]LogWindows:    0. 'NVIDIA GeForce GTX 1060 6GB' (P:1 D:1)
[2018.11.26-14.03.33:404][  0]LogWindows:    1. 'NVIDIA GeForce GTX 1060 6GB' (P:0 D:0)
[2018.11.26-14.03.33:404][  0]LogWindows:    2. 'NVIDIA GeForce GTX 1060 6GB' (P:0 D:0)
[2018.11.26-14.03.33:404][  0]LogWindows:    3. 'NVIDIA GeForce GTX 1060 6GB' (P:0 D:0)
[2018.11.26-14.03.33:404][  0]LogWindows: DebugString: FoundDriverCount:4 
[2018.11.26-14.03.33:404][  0]LogD3D11RHI:     Adapter Name: NVIDIA GeForce GTX 1060 6GB
[2018.11.26-14.03.33:404][  0]LogD3D11RHI:   Driver Version: 416.94 (internal:25.21.14.1694, unified:416.94)
[2018.11.26-14.03.33:404][  0]LogD3D11RHI:      Driver Date: 11-12-2018
[2018.11.26-14.03.33:404][  0]LogRHI: Texture pool is 4236 MB (70% of 6052 MB)
[2018.11.26-14.03.33:442][  0]LogD3D11RHI: Async texture creation enabled
[2018.11.26-14.03.33:473][  0]LogD3D11RHI: GPU Timing Frequency: 1000.000000 (Debug: 2 2)
[2018.11.26-14.03.33:475][  0]LogShaderCompilers: Guid format shader working directory is 27 characters bigger than the processId version (../../../../WGT2/ITOSG/Intermediate/Shaders/WorkingDirectory/928/).
[2018.11.26-14.03.33:476][  0]LogShaderCompilers: Cleaned the shader compiler working directory 'C:/Users/Skoobie/AppData/Local/Temp/UnrealShaderWorkingDir/C3573109401CB2211190F98ABBD1A8C0/'.
[2018.11.26-14.03.33:737][  0]LogTemp: Display: Loaded TP AllDesktopTargetPlatform
[2018.11.26-14.03.33:746][  0]LogTemp: Display: Loaded TP MacClientTargetPlatform
[2018.11.26-14.03.33:756][  0]LogTemp: Display: Loaded TP MacNoEditorTargetPlatform
[2018.11.26-14.03.33:768][  0]LogTemp: Display: Loaded TP MacServerTargetPlatform
[2018.11.26-14.03.33:778][  0]LogTemp: Display: Loaded TP MacTargetPlatform
[2018.11.26-14.03.33:788][  0]LogTemp: Display: Loaded TP WindowsClientTargetPlatform
[2018.11.26-14.03.33:797][  0]LogTemp: Display: Loaded TP WindowsNoEditorTargetPlatform
[2018.11.26-14.03.33:809][  0]LogTemp: Display: Loaded TP WindowsServerTargetPlatform
[2018.11.26-14.03.33:813][  0]LogTemp: Display: Loaded TP WindowsTargetPlatform
[2018.11.26-14.03.33:880][  0]LogTemp: Display: Loaded TP AndroidTargetPlatform
[2018.11.26-14.03.33:880][  0]LogTemp: Display: Loaded TP AndroidTargetPlatform
[2018.11.26-14.03.33:880][  0]LogTemp: Display: Loaded TP AndroidTargetPlatform
[2018.11.26-14.03.33:880][  0]LogTemp: Display: Loaded TP AndroidTargetPlatform
[2018.11.26-14.03.33:880][  0]LogTemp: Display: Loaded TP AndroidTargetPlatform
[2018.11.26-14.03.33:880][  0]LogTemp: Display: Loaded TP AndroidTargetPlatform
[2018.11.26-14.03.33:880][  0]LogTemp: Display: Loaded TP AndroidTargetPlatform
[2018.11.26-14.03.33:880][  0]LogTemp: Display: Loaded TP AndroidTargetPlatform
[2018.11.26-14.03.33:880][  0]LogTemp: Display: Loaded TP AndroidTargetPlatform
[2018.11.26-14.03.33:880][  0]LogTemp: Display: Loaded TP AndroidTargetPlatform
[2018.11.26-14.03.33:880][  0]LogTemp: Display: Loaded TP AndroidTargetPlatform
[2018.11.26-14.03.33:880][  0]LogTemp: Display: Loaded TP AndroidTargetPlatform
[2018.11.26-14.03.33:880][  0]LogTemp: Display: Loaded TP AndroidTargetPlatform
[2018.11.26-14.03.33:880][  0]LogTemp: Display: Loaded TP AndroidTargetPlatform
[2018.11.26-14.03.33:880][  0]LogTemp: Display: Loaded TP AndroidTargetPlatform
[2018.11.26-14.03.33:880][  0]LogTemp: Display: Loaded TP AndroidTargetPlatform
[2018.11.26-14.03.33:880][  0]LogTemp: Display: Loaded TP AndroidTargetPlatform
[2018.11.26-14.03.33:880][  0]LogTemp: Display: Loaded TP AndroidTargetPlatform
[2018.11.26-14.03.33:881][  0]LogTemp: Display: Loaded TP HTML5TargetPlatform
[2018.11.26-14.03.33:943][  0]LogTemp: Display: Loaded TP IOSTargetPlatform
[2018.11.26-14.03.33:943][  0]LogTemp: Display: Loaded TP IOSTargetPlatform
[2018.11.26-14.03.33:961][  0]LogTemp: Display: Loaded TP TVOSTargetPlatform
[2018.11.26-14.03.33:961][  0]LogTemp: Display: Loaded TP TVOSTargetPlatform
[2018.11.26-14.03.33:971][  0]LogTemp: Display: Loaded TP LinuxClientTargetPlatform
[2018.11.26-14.03.33:981][  0]LogTemp: Display: Loaded TP LinuxNoEditorTargetPlatform
[2018.11.26-14.03.33:991][  0]LogTemp: Display: Loaded TP LinuxServerTargetPlatform
[2018.11.26-14.03.34:001][  0]LogTemp: Display: Loaded TP LinuxTargetPlatform
[2018.11.26-14.03.34:008][  0]LogTemp: Display: Loaded TP LuminTargetPlatform
[2018.11.26-14.03.34:008][  0]LogTargetPlatformManager: Display: Building Assets For Windows
[2018.11.26-14.03.34:045][  0]LogXGEController: Cleaning working directory: C:/Users/Skoobie/AppData/Local/Temp/UnrealXGEWorkingDir/
[2018.11.26-14.03.34:045][  0]LogXGEController: Cannot use XGE Controller as Incredibuild is not installed on this machine.
[2018.11.26-14.03.34:045][  0]LogShaderCompilers: Cannot use XGE Shader Compiler as Incredibuild is not installed on this machine.
[2018.11.26-14.03.34:045][  0]LogShaderCompilers: Display: Using Local Shader Compiler.
[2018.11.26-14.03.34:657][  0]LogDerivedDataCache: Display: Max Cache Size: 512 MB
[2018.11.26-14.03.34:707][  0]LogDerivedDataCache: Loaded boot cache 0.05s 73MB C:/Users/Skoobie/AppData/Local/UnrealEngine/4.20/DerivedDataCache/Boot.ddc.
[2018.11.26-14.03.34:707][  0]LogDerivedDataCache: Display: Loaded Boot cache: C:/Users/Skoobie/AppData/Local/UnrealEngine/4.20/DerivedDataCache/Boot.ddc
[2018.11.26-14.03.34:707][  0]LogDerivedDataCache: FDerivedDataBackendGraph:  Pak pak cache file ../../../../WGT2/ITOSG/DerivedDataCache/DDC.ddp not found, will not use a pak cache.
[2018.11.26-14.03.34:707][  0]LogDerivedDataCache: Unable to find inner node Pak for hierarchical cache Hierarchy.
[2018.11.26-14.03.34:707][  0]LogDerivedDataCache: FDerivedDataBackendGraph:  CompressedPak pak cache file ../../../../WGT2/ITOSG/DerivedDataCache/Compressed.ddp not found, will not use a pak cache.
[2018.11.26-14.03.34:707][  0]LogDerivedDataCache: Unable to find inner node CompressedPak for hierarchical cache Hierarchy.
[2018.11.26-14.03.34:718][  0]LogDerivedDataCache: Display: Pak cache opened for reading ../../../Engine/DerivedDataCache/Compressed.ddp.
[2018.11.26-14.03.34:730][  0]LogDerivedDataCache: Using Local data cache path C:/Users/Skoobie/AppData/Local/UnrealEngine/Common/DerivedDataCache: Writable
[2018.11.26-14.03.34:730][  0]LogDerivedDataCache: Shared data cache path not found in *engine.ini, will not use an Shared cache.
[2018.11.26-14.03.34:730][  0]LogDerivedDataCache: Unable to find inner node Shared for hierarchical cache Hierarchy.
[2018.11.26-14.03.34:746][  0]LogMaterial: Verifying Global Shaders for PCD3D_SM5
[2018.11.26-14.03.34:747][  0]LogSlate: Using FreeType 2.6.0
[2018.11.26-14.03.34:748][  0]LogSlate: SlateFontServices - WITH_FREETYPE: 1, WITH_HARFBUZZ: 1
[2018.11.26-14.03.34:811][  0]LogAssetRegistry: FAssetRegistry took 0.0255 seconds to start up
[2018.11.26-14.03.35:074][  0]LogInit: Selected Device Profile: [Windows]
[2018.11.26-14.03.35:175][  0]LogSimplygon: Simplygon DLL not present - disabling.
[2018.11.26-14.03.35:177][  0]LogMeshReduction: Using SimplygonSwarm for distributed automatic mesh merging
[2018.11.26-14.03.35:177][  0]LogMeshReduction: Using ProxyLODMeshReduction for automatic mesh merging
[2018.11.26-14.03.35:177][  0]LogMeshReduction: Using QuadricMeshReduction for automatic static mesh reduction
[2018.11.26-14.03.35:177][  0]LogMeshReduction: No automatic skeletal mesh reduction module available
[2018.11.26-14.03.35:190][  0]LogNetVersion: ITOSG 1.0.0, NetCL: 4212847, EngineNetVer: 5, GameNetVer: 0 (Checksum: 987612483)
[2018.11.26-14.03.35:608][  0]LogPackageLocalizationCache: Processed 11 localized package path(s) for 2 prioritized culture(s) in 0.077994 seconds
[2018.11.26-14.03.35:613][  0]LogUObjectArray: 38425 objects as part of root set at end of initial load.
[2018.11.26-14.03.35:613][  0]LogUObjectAllocator: 6690872 out of 0 bytes used by permanent object pool.
[2018.11.26-14.03.35:613][  0]LogUObjectArray: CloseDisregardForGC: 0/0 objects in disregard for GC pool
[2018.11.26-14.03.36:300][  0]LogTcpMessaging: Initializing TcpMessaging bridge
[2018.11.26-14.03.36:312][  0]LogUdpMessaging: Initializing bridge on interface 0.0.0.0:0 to multicast group 230.0.0.1:6666.
[2018.11.26-14.03.36:558][  0]SourceControl: Source control is disabled
[2018.11.26-14.03.36:558][  0]SourceControl: Source control is disabled
[2018.11.26-14.03.36:559][  0]SourceControl: Source control is disabled
[2018.11.26-14.03.36:560][  0]SourceControl: Source control is disabled
[2018.11.26-14.03.36:710][  0]LogAndroidPermission: UAndroidPermissionCallbackProxy::GetInstance
[2018.11.26-14.03.36:777][  0]LogOcInput: OculusInput pre-init called
[2018.11.26-14.03.36:821][  0]LogEngine: Initializing Engine...
[2018.11.26-14.03.36:839][  0]LogHMD: Failed to initialize OpenVR with code 126
[2018.11.26-14.03.36:840][  0]LogStats: UGameplayTagsManager::ConstructGameplayTagTree: ImportINI prefixes -  0.000 s
[2018.11.26-14.03.36:840][  0]LogStats: UGameplayTagsManager::ConstructGameplayTagTree: Construct from data asset -  0.000 s
[2018.11.26-14.03.36:840][  0]LogStats: UGameplayTagsManager::ConstructGameplayTagTree: ImportINI -  0.000 s
[2018.11.26-14.03.36:840][  0]LogStats: UGameplayTagsManager::ConstructGameplayTagTree: GameplayTagTreeChangedEvent.Broadcast -  0.000 s
[2018.11.26-14.03.36:997][  0]LogInit: Initializing FReadOnlyCVARCache
[2018.11.26-14.03.37:007][  0]LogAIModule: Creating AISystem for world Untitled
[2018.11.26-14.03.37:085][  0]LogInit: XAudio2 using 'Speakers (USB PnP Sound Device)' : 2 channels at 44.1 kHz using 16 bits per sample (channel mask 0x3)
[2018.11.26-14.03.37:097][  0]LogInit: FAudioDevice initialized.
[2018.11.26-14.03.37:097][  0]LogNetVersion: Set ProjectVersion to 1.0.0.0. Version Checksum will be recalculated on next use.
[2018.11.26-14.03.37:235][  0]LogDerivedDataCache: Saved boot cache 0.14s 73MB C:/Users/Skoobie/AppData/Local/UnrealEngine/4.20/DerivedDataCache/Boot.ddc.
[2018.11.26-14.03.37:241][  0]LogInit: Texture streaming: Enabled
[2018.11.26-14.03.37:250][  0]LogEngineSessionManager: EngineSessionManager initialized
[2018.11.26-14.03.37:259][  0]LogInit: Transaction tracking system initialized
[2018.11.26-14.03.37:271][  0]BlueprintLog: New page: Editor Load
[2018.11.26-14.03.37:343][  0]LocalizationService: Localization service is disabled
[2018.11.26-14.03.37:527][  0]LogCook: Display: Max memory allowance for cook 16384mb min free memory 0mb
[2018.11.26-14.03.37:527][  0]LogCook: Display: Mobile HDR setting 1
[2018.11.26-14.03.37:527][  0]LogGameplayTags: Display: UGameplayTagsManager::DoneAddingNativeTags. DelegateIsBound: 0
[2018.11.26-14.03.37:527][  0]LogStats: UGameplayTagsManager::ConstructGameplayTagTree: ImportINI prefixes -  0.000 s
[2018.11.26-14.03.37:527][  0]LogStats: UGameplayTagsManager::ConstructGameplayTagTree: Construct from data asset -  0.000 s
[2018.11.26-14.03.37:527][  0]LogStats: UGameplayTagsManager::ConstructGameplayTagTree: ImportINI -  0.000 s
[2018.11.26-14.03.37:527][  0]LogStats: UGameplayTagsManager::ConstructGameplayTagTree: GameplayTagTreeChangedEvent.Broadcast -  0.000 s
[2018.11.26-14.03.37:607][  0]LogFileCache: Scanning file cache for directory 'D:/WGT2/ITOSG/Content/' took 0.01s
[2018.11.26-14.03.37:607][  0]SourceControl: Source control is disabled
[2018.11.26-14.03.37:607][  0]Cmd: MAP LOAD FILE="../../../../WGT2/ITOSG/Content/TopDownCPP/Maps/TopDownExampleMap.umap" TEMPLATE=0 SHOWPROGRESS=1 FEATURELEVEL=3
[2018.11.26-14.03.37:608][  0]LightingResults: New page: Lighting Build
[2018.11.26-14.03.37:609][  0]MapCheck: New page: Map Check
[2018.11.26-14.03.37:609][  0]LightingResults: New page: Lighting Build
[2018.11.26-14.03.37:938][  0]LogAIModule: Creating AISystem for world TopDownExampleMap
[2018.11.26-14.03.37:945][  0]LogEditorServer: Finished looking for orphan Actors (0.000 secs)
[2018.11.26-14.03.37:964][  0]Cmd: MAP CHECKDEP NOCLEARLOG
[2018.11.26-14.03.38:013][  0]MapCheck: Map check complete: 0 Error(s), 0 Warning(s), took 48.617ms to complete.
[2018.11.26-14.03.38:013][  0]LogFileHelpers: Loading map 'TopDownExampleMap' took 0.406
[2018.11.26-14.03.38:098][  0]LogSlate: Updating window title bar state: overlay mode, drag disabled, window buttons hidden, title bar hidden
[2018.11.26-14.03.38:104][  0]LogSlate: Updating window title bar state: overlay mode, drag disabled, window buttons hidden, title bar hidden
[2018.11.26-14.03.38:110][  0]LogSlate: Updating window title bar state: overlay mode, drag disabled, window buttons hidden, title bar hidden
[2018.11.26-14.03.38:116][  0]LogSlate: Updating window title bar state: overlay mode, drag disabled, window buttons hidden, title bar hidden
[2018.11.26-14.03.38:121][  0]LogCollectionManager: Loaded 0 collections in 0.001167 seconds
[2018.11.26-14.03.38:159][  0]LogFileCache: Scanning file cache for directory 'D:/WGT2/ITOSG/Saved/Collections/' took 0.01s
[2018.11.26-14.03.38:159][  0]LogFileCache: Scanning file cache for directory 'D:/WGT2/ITOSG/Content/Developers/Skoobie/Collections/' took 0.01s
[2018.11.26-14.03.38:159][  0]LogFileCache: Scanning file cache for directory 'D:/WGT2/ITOSG/Content/Collections/' took 0.01s
[2018.11.26-14.03.38:159][  0]LogCollectionManager: Rebuilt the GUID cache for 0 collections in 0.000001 seconds
[2018.11.26-14.03.38:166][  0]LogContentBrowser: Native class hierarchy populated in 0.0073 seconds. Added 2579 classes and 605 folders.
[2018.11.26-14.03.38:170][  0]LogContentBrowser: Native class hierarchy updated for 'WidgetCarousel' in 0.0002 seconds. Added 0 classes and 0 folders.
[2018.11.26-14.03.38:199][  0]LogContentBrowser: Native class hierarchy updated for 'AddContentDialog' in 0.0002 seconds. Added 0 classes and 0 folders.
[2018.11.26-14.03.38:202][  0]LogContentBrowser: Native class hierarchy updated for 'SceneOutliner' in 0.0002 seconds. Added 1 classes and 2 folders.
[2018.11.26-14.03.38:249][  0]LogSlate: Took 0.000155 seconds to synchronously load lazily loaded font '../../../Engine/Content/Slate/Fonts/Roboto-Regular.ttf' (155K)
[2018.11.26-14.03.38:251][  0]LogSlate: Took 0.000187 seconds to synchronously load lazily loaded font '../../../Engine/Content/Slate/Fonts/Roboto-Bold.ttf' (160K)
[2018.11.26-14.03.38:258][  0]LogSlate: Took 0.000249 seconds to synchronously load lazily loaded font '../../../Engine/Content/Editor/Slate/Fonts/FontAwesome.ttf' (139K)
[2018.11.26-14.03.38:320][  0]LogRenderer: Reallocating scene render targets to support 1208x576 Format 10 NumSamples 1 (Frame:1).
[2018.11.26-14.03.38:356][  0]LogSlate: Took 0.000156 seconds to synchronously load lazily loaded font '../../../Engine/Content/Slate/Fonts/Roboto-Light.ttf' (167K)
[2018.11.26-14.03.38:465][  0]LogContentBrowser: Native class hierarchy updated for 'HierarchicalLODOutliner' in 0.0003 seconds. Added 0 classes and 0 folders.
[2018.11.26-14.03.38:465][  0]LogLoad: (Engine Initialization) Total time: 6.99 seconds
[2018.11.26-14.03.38:465][  0]LogLoad: (Engine Initialization) Total Blueprint compile time: 0.00 seconds
[2018.11.26-14.03.38:475][  0]LogWindowsTextInputMethodSystem: Display: IME system now deactivated.
[2018.11.26-14.03.38:495][  0]LogContentStreaming: Texture pool size now 1000 MB
[2018.11.26-14.03.38:527][  1]LogAssetRegistry: Asset discovery search completed in 3.7376 seconds
[2018.11.26-14.03.38:528][  1]LogCollectionManager: Rebuilt the object cache for 0 collections in 0.000001 seconds (found 0 objects)
[2018.11.26-14.03.38:528][  1]LogCollectionManager: Fixed up redirectors for 0 collections in 0.000056 seconds (updated 0 objects)
[2018.11.26-14.03.41:181][304]LogSlate: FSceneViewport::OnFocusLost() reason 0
[2018.11.26-14.03.41:281][316]LogTemp: Repeating last play command: Selected Viewport
[2018.11.26-14.03.41:294][316]LogBlueprintUserMessages: Early PlayInEditor Detection: Level '/Game/TopDownCPP/Maps/TopDownExampleMap.TopDownExampleMap:PersistentLevel' has LevelScriptBlueprint '/Game/TopDownCPP/Maps/TopDownExampleMap.TopDownExampleMap:PersistentLevel.TopDownExampleMap' with GeneratedClass '/Game/TopDownCPP/Maps/TopDownExampleMap.TopDownExampleMap_C' with ClassGeneratedBy '/Game/TopDownCPP/Maps/TopDownExampleMap.TopDownExampleMap:PersistentLevel.TopDownExampleMap'
[2018.11.26-14.03.41:294][316]LogPlayLevel: PlayLevel: No blueprints needed recompiling
[2018.11.26-14.03.41:306][316]PIE: New page: PIE session: TopDownExampleMap (26 Nov 2018 14:03:41)
[2018.11.26-14.03.41:306][316]LogPlayLevel: Creating play world package: /Game/TopDownCPP/Maps/UEDPIE_0_TopDownExampleMap
[2018.11.26-14.03.41:322][316]LogPlayLevel: PIE: StaticDuplicateObject took: (0.016158s)
[2018.11.26-14.03.41:323][316]LogAIModule: Creating AISystem for world TopDownExampleMap
[2018.11.26-14.03.41:323][316]LogPlayLevel: PIE: World Init took: (0.000686s)
[2018.11.26-14.03.41:323][316]LogPlayLevel: PIE: Created PIE world by copying editor world from /Game/TopDownCPP/Maps/TopDownExampleMap.TopDownExampleMap to /Game/TopDownCPP/Maps/UEDPIE_0_TopDownExampleMap.TopDownExampleMap (0.016997s)
[2018.11.26-14.03.41:356][316]LogInit: XAudio2 using 'Speakers (USB PnP Sound Device)' : 2 channels at 44.1 kHz using 16 bits per sample (channel mask 0x3)
[2018.11.26-14.03.41:365][316]LogInit: FAudioDevice initialized.
[2018.11.26-14.03.41:412][316]LogLoad: Game class is 'BP_GameplayGamemode_C'
[2018.11.26-14.03.41:414][316]LogWorld: Bringing World /Game/TopDownCPP/Maps/UEDPIE_0_TopDownExampleMap.TopDownExampleMap up for play (max tick rate 0) at 2018.11.26-14.03.41
[2018.11.26-14.03.41:414][316]LogWorld: Bringing up level for play took: 0.001172
[2018.11.26-14.03.41:429][316]LogContentBrowser: Native class hierarchy updated for 'MovieSceneCapture' in 0.0003 seconds. Added 10 classes and 0 folders.
[2018.11.26-14.03.41:429][316]LogGameMode: Display: Match State Changed from EnteringMap to WaitingToStart
[2018.11.26-14.03.41:429][316]LogGameState: Match State Changed from EnteringMap to WaitingToStart
[2018.11.26-14.03.41:429][316]LogGameMode: Display: Match State Changed from WaitingToStart to InProgress
[2018.11.26-14.03.41:430][316]LogGameState: Match State Changed from WaitingToStart to InProgress
[2018.11.26-14.03.41:430][316]PIE: Play in editor start time for /Game/TopDownCPP/Maps/UEDPIE_0_TopDownExampleMap -0.477
[2018.11.26-14.03.41:430][316]LogBlueprintUserMessages: Late PlayInEditor Detection: Level '/Game/TopDownCPP/Maps/TopDownExampleMap.TopDownExampleMap:PersistentLevel' has LevelScriptBlueprint '/Game/TopDownCPP/Maps/TopDownExampleMap.TopDownExampleMap:PersistentLevel.TopDownExampleMap' with GeneratedClass '/Game/TopDownCPP/Maps/TopDownExampleMap.TopDownExampleMap_C' with ClassGeneratedBy '/Game/TopDownCPP/Maps/TopDownExampleMap.TopDownExampleMap:PersistentLevel.TopDownExampleMap'
[2018.11.26-14.03.41:451][316]LogScript: Warning: Accessed None trying to read property CurrentInteractable
	WB_Ingame_C /Engine/Transient.UnrealEdEngine_0:GameInstance_0.WB_Ingame_C_0
	Function /Game/UI/WB_Ingame.WB_Ingame_C:GetPickupText:00A5
[2018.11.26-14.03.41:468][317]LogScript: Warning: Accessed None trying to read property CurrentInteractable
	WB_Ingame_C /Engine/Transient.UnrealEdEngine_0:GameInstance_0.WB_Ingame_C_0
	Function /Game/UI/WB_Ingame.WB_Ingame_C:GetPickupText:00A5
[2018.11.26-14.03.41:476][318]LogScript: Warning: Accessed None trying to read property CurrentInteractable
	WB_Ingame_C /Engine/Transient.UnrealEdEngine_0:GameInstance_0.WB_Ingame_C_0
	Function /Game/UI/WB_Ingame.WB_Ingame_C:GetPickupText:00A5
[2018.11.26-14.03.41:483][319]LogScript: Warning: Accessed None trying to read property CurrentInteractable
	WB_Ingame_C /Engine/Transient.UnrealEdEngine_0:GameInstance_0.WB_Ingame_C_0
	Function /Game/UI/WB_Ingame.WB_Ingame_C:GetPickupText:00A5
[2018.11.26-14.03.41:492][320]LogScript: Warning: Accessed None trying to read property CurrentInteractable
	WB_Ingame_C /Engine/Transient.UnrealEdEngine_0:GameInstance_0.WB_Ingame_C_0
	Function /Game/UI/WB_Ingame.WB_Ingame_C:GetPickupText:00A5
[2018.11.26-14.03.41:500][321]LogScript: Warning: Accessed None trying to read property CurrentInteractable
	WB_Ingame_C /Engine/Transient.UnrealEdEngine_0:GameInstance_0.WB_Ingame_C_0
	Function /Game/UI/WB_Ingame.WB_Ingame_C:GetPickupText:00A5
[2018.11.26-14.03.41:509][322]LogScript: Warning: Accessed None trying to read property CurrentInteractable
	WB_Ingame_C /Engine/Transient.UnrealEdEngine_0:GameInstance_0.WB_Ingame_C_0
	Function /Game/UI/WB_Ingame.WB_Ingame_C:GetPickupText:00A5
[2018.11.26-14.03.41:517][323]LogScript: Warning: Accessed None trying to read property CurrentInteractable
	WB_Ingame_C /Engine/Transient.UnrealEdEngine_0:GameInstance_0.WB_Ingame_C_0
	Function /Game/UI/WB_Ingame.WB_Ingame_C:GetPickupText:00A5
[2018.11.26-14.03.41:525][324]LogScript: Warning: Accessed None trying to read property CurrentInteractable
	WB_Ingame_C /Engine/Transient.UnrealEdEngine_0:GameInstance_0.WB_Ingame_C_0
	Function /Game/UI/WB_Ingame.WB_Ingame_C:GetPickupText:00A5
[2018.11.26-14.03.41:533][325]LogScript: Warning: Accessed None trying to read property CurrentInteractable
	WB_Ingame_C /Engine/Transient.UnrealEdEngine_0:GameInstance_0.WB_Ingame_C_0
	Function /Game/UI/WB_Ingame.WB_Ingame_C:GetPickupText:00A5
[2018.11.26-14.03.41:542][326]LogScript: Warning: Accessed None trying to read property CurrentInteractable
	WB_Ingame_C /Engine/Transient.UnrealEdEngine_0:GameInstance_0.WB_Ingame_C_0
	Function /Game/UI/WB_Ingame.WB_Ingame_C:GetPickupText:00A5
[2018.11.26-14.03.41:551][327]LogScript: Warning: Accessed None trying to read property CurrentInteractable
	WB_Ingame_C /Engine/Transient.UnrealEdEngine_0:GameInstance_0.WB_Ingame_C_0
	Function /Game/UI/WB_Ingame.WB_Ingame_C:GetPickupText:00A5
[2018.11.26-14.03.41:558][328]LogScript: Warning: Accessed None trying to read property CurrentInteractable
	WB_Ingame_C /Engine/Transient.UnrealEdEngine_0:GameInstance_0.WB_Ingame_C_0
	Function /Game/UI/WB_Ingame.WB_Ingame_C:GetPickupText:00A5
[2018.11.26-14.03.41:567][329]LogScript: Warning: Accessed None trying to read property CurrentInteractable
	WB_Ingame_C /Engine/Transient.UnrealEdEngine_0:GameInstance_0.WB_Ingame_C_0
	Function /Game/UI/WB_Ingame.WB_Ingame_C:GetPickupText:00A5
[2018.11.26-14.03.41:575][330]LogScript: Warning: Accessed None trying to read property CurrentInteractable
	WB_Ingame_C /Engine/Transient.UnrealEdEngine_0:GameInstance_0.WB_Ingame_C_0
	Function /Game/UI/WB_Ingame.WB_Ingame_C:GetPickupText:00A5
[2018.11.26-14.03.41:583][331]LogScript: Warning: Accessed None trying to read property CurrentInteractable
	WB_Ingame_C /Engine/Transient.UnrealEdEngine_0:GameInstance_0.WB_Ingame_C_0
	Function /Game/UI/WB_Ingame.WB_Ingame_C:GetPickupText:00A5
[2018.11.26-14.03.41:591][332]LogScript: Warning: Accessed None trying to read property CurrentInteractable
	WB_Ingame_C /Engine/Transient.UnrealEdEngine_0:GameInstance_0.WB_Ingame_C_0
	Function /Game/UI/WB_Ingame.WB_Ingame_C:GetPickupText:00A5
[2018.11.26-14.03.53:142][718]LogBlueprintUserMessages: Early EndPlayMap Detection: Level '/Game/TopDownCPP/Maps/TopDownExampleMap.TopDownExampleMap:PersistentLevel' has LevelScriptBlueprint '/Game/TopDownCPP/Maps/TopDownExampleMap.TopDownExampleMap:PersistentLevel.TopDownExampleMap' with GeneratedClass '/Game/TopDownCPP/Maps/TopDownExampleMap.TopDownExampleMap_C' with ClassGeneratedBy '/Game/TopDownCPP/Maps/TopDownExampleMap.TopDownExampleMap:PersistentLevel.TopDownExampleMap'
[2018.11.26-14.03.53:142][718]LogSlate: Updating window title bar state: overlay mode, drag disabled, window buttons hidden, title bar hidden
[2018.11.26-14.03.53:171][718]LogPlayLevel: Display: Shutting down PIE online subsystems
[2018.11.26-14.03.53:171][718]LogBlueprintUserMessages: Late EndPlayMap Detection: Level '/Game/TopDownCPP/Maps/TopDownExampleMap.TopDownExampleMap:PersistentLevel' has LevelScriptBlueprint '/Game/TopDownCPP/Maps/TopDownExampleMap.TopDownExampleMap:PersistentLevel.TopDownExampleMap' with GeneratedClass '/Game/TopDownCPP/Maps/TopDownExampleMap.TopDownExampleMap_C' with ClassGeneratedBy '/Game/TopDownCPP/Maps/TopDownExampleMap.TopDownExampleMap:PersistentLevel.TopDownExampleMap'
[2018.11.26-14.03.53:190][718]LogSlate: Updating window title bar state: overlay mode, drag disabled, window buttons hidden, title bar hidden
[2018.11.26-14.03.53:246][724]LogPlayLevel: Display: Destroying online subsystem :Context_1
[2018.11.26-14.03.55:206][959]LogEditorViewport: Clicking on Actor (LMB): PlayerStart (NetworkPlayerStart)
[2018.11.26-14.04.03:917][  1]LogSlate: FSceneViewport::OnFocusLost() reason 2
[2018.11.26-14.04.05:116][145]MapCheck: New page: Map Check
[2018.11.26-14.04.05:123][145]LogSlate: FSceneViewport::OnFocusLost() reason 2
[2018.11.26-14.04.05:126][145]LightingResults: New page: Lighting Build - 26 Nov 2018 14:04:05
[2018.11.26-14.04.05:234][145]LogSwarmInterface: [OpenConnection] Registering TCP channel ...
[2018.11.26-14.04.05:358][145]LogSwarmInterface: [OpenConnection] Connecting to agent ...
[2018.11.26-14.04.05:369][145]LogSwarmInterface: [TryOpenConnection] Testing the Agent
[2018.11.26-14.04.05:886][145]LogSwarmInterface: [TryOpenConnection] Opening Connection to Agent
[2018.11.26-14.04.05:886][145]LogSwarmInterface: [TryOpenConnection] Local Process ID is 928
[2018.11.26-14.04.10:456][145]LogStaticLightingSystem: Running Lightmass w/ ImmediateImport mode ENABLED
[2018.11.26-14.04.10:456][145]LogStaticLightingSystem: Running Lightmass w/ ImmediateProcess mode ENABLED
[2018.11.26-14.04.10:456][145]LogStaticLightingSystem: Running Lightmass w/ Sorting mode ENABLED
[2018.11.26-14.04.10:456][145]LogStaticLightingSystem: Running Lightmass w/ Mapping paddings ENABLED
[2018.11.26-14.04.10:456][145]LogStaticLightingSystem: Running Lightmass w/ Mapping debug paddings DISABLED
[2018.11.26-14.04.10:606][145]LogEditorBuildUtils: Build time 0:05
[2018.11.26-14.04.14:069][266]Job is a success!
[2018.11.26-14.04.14:415][267]LogSlate: Took 0.000170 seconds to synchronously load lazily loaded font '../../../Engine/Content/Slate/Fonts/Roboto-Light.ttf' (167K)
[2018.11.26-14.04.14:448][267]LogVolumetricLightmapImport: Imported Volumetric Lightmap in 0.013s
[2018.11.26-14.04.14:448][267]LogVolumetricLightmapImport:      Indirection Texture 16x16x16 = 0.0Mb
[2018.11.26-14.04.14:448][267]LogVolumetricLightmapImport:      BrickData 175x5x5 = 0.2Mb
[2018.11.26-14.04.14:448][267]LogVolumetricLightmapImport:      Bricks at Level
[2018.11.26-14.04.14:448][267]LogVolumetricLightmapImport:          0: 2.9% covering 100.0% of volume
[2018.11.26-14.04.14:448][267]LogVolumetricLightmapImport:          1: 11.4% covering 6.3% of volume
[2018.11.26-14.04.14:448][267]LogVolumetricLightmapImport:          2: 85.7% covering 0.7% of volume
[2018.11.26-14.04.14:808][267]LogTexture: Display: Building textures: SkyOcclusion0_1 (AutoDXT, 1024X512)
[2018.11.26-14.04.14:808][267]LogTexture: Display: Building textures: HQ_Lightmap0_1 (AutoDXT, 1024X1024)
[2018.11.26-14.04.14:808][267]LogTexture: Display: Building textures: LQ_Lightmap_0_1 (DXT1, 1024X1024)
[2018.11.26-14.04.14:808][267]LogTexture: Display: Building textures: SkyOcclusion0_2 (AutoDXT, 512X256)
[2018.11.26-14.04.14:808][267]LogTexture: Display: Building textures: HQ_Lightmap0_2 (AutoDXT, 512X512)
[2018.11.26-14.04.14:808][267]LogTexture: Display: Building textures: LQ_Lightmap_0_2 (DXT1, 512X512)
[2018.11.26-14.04.14:808][267]LogTexture: Display: Building textures: SkyOcclusion0_3 (AutoDXT, 64X32)
[2018.11.26-14.04.14:808][267]LogTexture: Display: Building textures: HQ_Lightmap0_3 (AutoDXT, 64X64)
[2018.11.26-14.04.14:808][267]LogTexture: Display: Building textures: LQ_Lightmap_0_3 (DXT1, 64X64)
[2018.11.26-14.04.15:011][267]LogTexture: Display: Building textures: ShadowMapTexture2D_1 (G8, 32X32)
[2018.11.26-14.04.15:012][267]LogTexture: Display: Building textures: ShadowMapTexture2D_0 (G8, 1024X1024)
[2018.11.26-14.04.15:034][267]Lightmass on SKOOBIE: 3.80 sec total, 133 ms importing, 22 ms setup, 959 ms photons, 2.64 sec processing, 0 ms extra exporting [25/25 mappings]. Threads: 18.3 sec total, 5.90 sec processing.
[2018.11.26-14.04.15:061][267]LogStaticLightingSystem: Illumination: 9.59 sec (320 ms encoding lightmaps, 200 ms encoding shadowmaps)
[2018.11.26-14.04.15:061][267]LogStaticLightingSystem: Lightmap texture memory:  3.3 MB (3.3 MB streaming, 0.0 MB non-streaming), 6 textures
[2018.11.26-14.04.15:061][267]LogStaticLightingSystem: Shadowmap texture memory: 1.3 MB (1.3 MB streaming, 0.0 MB non-streaming), 2 textures
[2018.11.26-14.04.15:462][267]DumpUnbuiltLightIteractions
[2018.11.26-14.04.15:462][267]Lights with unbuilt interactions: 0
[2018.11.26-14.04.15:462][267]
[2018.11.26-14.04.15:462][267]Primitives with unbuilt interactions: 0
[2018.11.26-14.04.15:593][268]Cmd: MAP CHECK NOTIFYRESULTS
[2018.11.26-14.04.15:593][268]MapCheck: New page: TopDownExampleMap - 26 Nov 2018 14:04:15
[2018.11.26-14.04.15:641][268]MapCheck: Map check complete: 0 Error(s), 0 Warning(s), took 47.514ms to complete.
[2018.11.26-14.04.26:952][252]LogEditorViewport: Clicking on Actor (LMB): TextRenderActor (TemplateLabel)
[2018.11.26-14.13.52:166][823]LogSavePackage: Moving '../../../../WGT2/ITOSG/Saved/TopDownExampleMap_Auto1E9921C504D28BEA73B4068B12924D819.tmp' to '../../../../WGT2/ITOSG/Saved/Autosaves/Game/TopDownCPP/Maps/TopDownExampleMap_Auto1.umap'
[2018.11.26-14.13.52:171][823]LogFileHelpers: Editor autosave (incl. sublevels) for '/Game/TopDownCPP/Maps/TopDownExampleMap' took 0.194
[2018.11.26-14.13.52:171][823]LogFileHelpers: Editor autosave (incl. sublevels) for all levels took 0.194
[2018.11.26-14.13.52:192][823]OBJ SavePackage: Generating thumbnails for [0] asset(s) in package [/Game/TopDownCPP/Maps/TopDownExampleMap_BuiltData] ([1] browsable assets)...
[2018.11.26-14.13.52:192][823]OBJ SavePackage: Finished generating thumbnails for package [/Game/TopDownCPP/Maps/TopDownExampleMap_BuiltData]
[2018.11.26-14.13.52:221][823]LogSavePackage: Moving '../../../../WGT2/ITOSG/Saved/TopDownExampleMap_BuiltData_Auto04608BA645283B0351FB3E8AE25E7415.tmp' to '../../../../WGT2/ITOSG/Saved/Autosaves/Game/TopDownCPP/Maps/TopDownExampleMap_BuiltData_Auto1.uasset'
[2018.11.26-14.13.52:232][823]LogFileHelpers: Auto-saving content packages took 0.061
[2018.11.26-14.21.24:883][346]LogHotReload: New module detected: UE4Editor-ITOSG-4354.dll
[2018.11.26-14.21.25:562][349]LogHotReload: Starting Hot-Reload from IDE
[2018.11.26-14.21.25:611][349]LogClass: InventoryItem HotReload.
[2018.11.26-14.21.25:612][349]LogClass: CraftingInfo HotReload.
[2018.11.26-14.21.25:615][349]LogContentBrowser: Native class hierarchy updated for 'ITOSG' in 0.0003 seconds. Added 7 classes and 2 folders.
[2018.11.26-14.21.25:617][349]Display: HotReload successful (1 functions remapped  2 scriptstructs remapped)
[2018.11.26-14.21.25:726][349]LogContentBrowser: Native class hierarchy populated in 0.0071 seconds. Added 2580 classes and 607 folders.
[2018.11.26-14.21.25:730][349]Display: HotReload took  0.2s.
[2018.11.26-14.21.29:863][472]LogSlate: FSceneViewport::OnFocusLost() reason 0
[2018.11.26-14.21.29:980][486]LogTemp: Repeating last play command: Selected Viewport
[2018.11.26-14.21.29:991][486]LogBlueprintUserMessages: Early PlayInEditor Detection: Level '/Game/TopDownCPP/Maps/TopDownExampleMap.TopDownExampleMap:PersistentLevel' has LevelScriptBlueprint '/Game/TopDownCPP/Maps/TopDownExampleMap.TopDownExampleMap:PersistentLevel.TopDownExampleMap' with GeneratedClass '/Game/TopDownCPP/Maps/TopDownExampleMap.TopDownExampleMap_C' with ClassGeneratedBy '/Game/TopDownCPP/Maps/TopDownExampleMap.TopDownExampleMap:PersistentLevel.TopDownExampleMap'
[2018.11.26-14.21.29:991][486]LogPlayLevel: PlayLevel: No blueprints needed recompiling
[2018.11.26-14.21.29:992][486]PIE: New page: PIE session: TopDownExampleMap (26 Nov 2018 14:21:29)
[2018.11.26-14.21.29:992][486]LogPlayLevel: Creating play world package: /Game/TopDownCPP/Maps/UEDPIE_0_TopDownExampleMap
[2018.11.26-14.21.30:004][486]LogPlayLevel: PIE: StaticDuplicateObject took: (0.012328s)
[2018.11.26-14.21.30:005][486]LogAIModule: Creating AISystem for world TopDownExampleMap
[2018.11.26-14.21.30:005][486]LogPlayLevel: PIE: World Init took: (0.001099s)
[2018.11.26-14.21.30:005][486]LogPlayLevel: PIE: Created PIE world by copying editor world from /Game/TopDownCPP/Maps/TopDownExampleMap.TopDownExampleMap to /Game/TopDownCPP/Maps/UEDPIE_0_TopDownExampleMap.TopDownExampleMap (0.013609s)
[2018.11.26-14.21.30:039][486]LogInit: XAudio2 using 'Speakers (USB PnP Sound Device)' : 2 channels at 44.1 kHz using 16 bits per sample (channel mask 0x3)
[2018.11.26-14.21.30:047][486]LogInit: FAudioDevice initialized.
[2018.11.26-14.21.30:078][486]LogLoad: Game class is 'BP_GameplayGamemode_C'
[2018.11.26-14.21.30:080][486]LogWorld: Bringing World /Game/TopDownCPP/Maps/UEDPIE_0_TopDownExampleMap.TopDownExampleMap up for play (max tick rate 0) at 2018.11.26-14.21.30
[2018.11.26-14.21.30:080][486]LogWorld: Bringing up level for play took: 0.001196
[2018.11.26-14.21.30:092][486]LogGameMode: Display: Match State Changed from EnteringMap to WaitingToStart
[2018.11.26-14.21.30:092][486]LogGameState: Match State Changed from EnteringMap to WaitingToStart
[2018.11.26-14.21.30:092][486]LogGameMode: Display: Match State Changed from WaitingToStart to InProgress
[2018.11.26-14.21.30:093][486]LogGameState: Match State Changed from WaitingToStart to InProgress
[2018.11.26-14.21.30:093][486]PIE: Play in editor start time for /Game/TopDownCPP/Maps/UEDPIE_0_TopDownExampleMap 0.186
[2018.11.26-14.21.30:093][486]LogBlueprintUserMessages: Late PlayInEditor Detection: Level '/Game/TopDownCPP/Maps/TopDownExampleMap.TopDownExampleMap:PersistentLevel' has LevelScriptBlueprint '/Game/TopDownCPP/Maps/TopDownExampleMap.TopDownExampleMap:PersistentLevel.TopDownExampleMap' with GeneratedClass '/Game/TopDownCPP/Maps/TopDownExampleMap.TopDownExampleMap_C' with ClassGeneratedBy '/Game/TopDownCPP/Maps/TopDownExampleMap.TopDownExampleMap:PersistentLevel.TopDownExampleMap'
[2018.11.26-14.21.34:120][967]LogBlueprintUserMessages: Early EndPlayMap Detection: Level '/Game/TopDownCPP/Maps/TopDownExampleMap.TopDownExampleMap:PersistentLevel' has LevelScriptBlueprint '/Game/TopDownCPP/Maps/TopDownExampleMap.TopDownExampleMap:PersistentLevel.TopDownExampleMap' with GeneratedClass '/Game/TopDownCPP/Maps/TopDownExampleMap.TopDownExampleMap_C' with ClassGeneratedBy '/Game/TopDownCPP/Maps/TopDownExampleMap.TopDownExampleMap:PersistentLevel.TopDownExampleMap'
[2018.11.26-14.21.34:120][967]LogSlate: Updating window title bar state: overlay mode, drag disabled, window buttons hidden, title bar hidden
[2018.11.26-14.21.34:154][967]LogPlayLevel: Display: Shutting down PIE online subsystems
[2018.11.26-14.21.34:154][967]LogBlueprintUserMessages: Late EndPlayMap Detection: Level '/Game/TopDownCPP/Maps/TopDownExampleMap.TopDownExampleMap:PersistentLevel' has LevelScriptBlueprint '/Game/TopDownCPP/Maps/TopDownExampleMap.TopDownExampleMap:PersistentLevel.TopDownExampleMap' with GeneratedClass '/Game/TopDownCPP/Maps/TopDownExampleMap.TopDownExampleMap_C' with ClassGeneratedBy '/Game/TopDownCPP/Maps/TopDownExampleMap.TopDownExampleMap:PersistentLevel.TopDownExampleMap'
[2018.11.26-14.21.34:173][967]LogSlate: Updating window title bar state: overlay mode, drag disabled, window buttons hidden, title bar hidden
[2018.11.26-14.21.34:223][972]LogPlayLevel: Display: Destroying online subsystem :Context_2
[2018.11.26-14.21.37:342][346]LogSlate: FSceneViewport::OnFocusLost() reason 0
[2018.11.26-14.21.37:508][365]LogAssetEditorManager: Opening Asset editor for Class /Script/ITOSG.ITOSGCharacter
[2018.11.26-14.24.45:613][237]LogHotReload: New module detected: UE4Editor-ITOSG-2036.dll
[2018.11.26-14.24.46:298][240]LogHotReload: Starting Hot-Reload from IDE
[2018.11.26-14.24.46:357][240]LogClass: InventoryItem HotReload.
[2018.11.26-14.24.46:357][240]LogClass: CraftingInfo HotReload.
[2018.11.26-14.24.46:360][240]LogContentBrowser: Native class hierarchy updated for 'ITOSG' in 0.0003 seconds. Added 7 classes and 2 folders.
[2018.11.26-14.24.46:363][240]Display: HotReload successful (1 functions remapped  2 scriptstructs remapped)
[2018.11.26-14.24.46:414][240]LogContentBrowser: Native class hierarchy populated in 0.0078 seconds. Added 2580 classes and 607 folders.
[2018.11.26-14.24.46:418][240]Display: HotReload took  0.1s.
[2018.11.26-14.24.48:705][325]LogSlate: FSceneViewport::OnFocusLost() reason 0
[2018.11.26-14.24.48:780][334]LogTemp: Repeating last play command: Selected Viewport
[2018.11.26-14.24.48:792][334]LogBlueprintUserMessages: Early PlayInEditor Detection: Level '/Game/TopDownCPP/Maps/TopDownExampleMap.TopDownExampleMap:PersistentLevel' has LevelScriptBlueprint '/Game/TopDownCPP/Maps/TopDownExampleMap.TopDownExampleMap:PersistentLevel.TopDownExampleMap' with GeneratedClass '/Game/TopDownCPP/Maps/TopDownExampleMap.TopDownExampleMap_C' with ClassGeneratedBy '/Game/TopDownCPP/Maps/TopDownExampleMap.TopDownExampleMap:PersistentLevel.TopDownExampleMap'
[2018.11.26-14.24.48:792][334]LogPlayLevel: PlayLevel: No blueprints needed recompiling
[2018.11.26-14.24.48:792][334]PIE: New page: PIE session: TopDownExampleMap (26 Nov 2018 14:24:48)
[2018.11.26-14.24.48:792][334]LogPlayLevel: Creating play world package: /Game/TopDownCPP/Maps/UEDPIE_0_TopDownExampleMap
[2018.11.26-14.24.48:806][334]LogPlayLevel: PIE: StaticDuplicateObject took: (0.013189s)
[2018.11.26-14.24.48:807][334]LogAIModule: Creating AISystem for world TopDownExampleMap
[2018.11.26-14.24.48:807][334]LogPlayLevel: PIE: World Init took: (0.000909s)
[2018.11.26-14.24.48:807][334]LogPlayLevel: PIE: Created PIE world by copying editor world from /Game/TopDownCPP/Maps/TopDownExampleMap.TopDownExampleMap to /Game/TopDownCPP/Maps/UEDPIE_0_TopDownExampleMap.TopDownExampleMap (0.014270s)
[2018.11.26-14.24.48:842][334]LogInit: XAudio2 using 'Speakers (USB PnP Sound Device)' : 2 channels at 44.1 kHz using 16 bits per sample (channel mask 0x3)
[2018.11.26-14.24.48:850][334]LogInit: FAudioDevice initialized.
[2018.11.26-14.24.48:881][334]LogLoad: Game class is 'BP_GameplayGamemode_C'
[2018.11.26-14.24.48:883][334]LogWorld: Bringing World /Game/TopDownCPP/Maps/UEDPIE_0_TopDownExampleMap.TopDownExampleMap up for play (max tick rate 0) at 2018.11.26-14.24.48
[2018.11.26-14.24.48:884][334]LogWorld: Bringing up level for play took: 0.001457
[2018.11.26-14.24.48:895][334]LogGameMode: Display: Match State Changed from EnteringMap to WaitingToStart
[2018.11.26-14.24.48:895][334]LogGameState: Match State Changed from EnteringMap to WaitingToStart
[2018.11.26-14.24.48:895][334]LogGameMode: Display: Match State Changed from WaitingToStart to InProgress
[2018.11.26-14.24.48:896][334]LogGameState: Match State Changed from WaitingToStart to InProgress
[2018.11.26-14.24.48:896][334]PIE: Play in editor start time for /Game/TopDownCPP/Maps/UEDPIE_0_TopDownExampleMap 0.99
[2018.11.26-14.24.48:896][334]LogBlueprintUserMessages: Late PlayInEditor Detection: Level '/Game/TopDownCPP/Maps/TopDownExampleMap.TopDownExampleMap:PersistentLevel' has LevelScriptBlueprint '/Game/TopDownCPP/Maps/TopDownExampleMap.TopDownExampleMap:PersistentLevel.TopDownExampleMap' with GeneratedClass '/Game/TopDownCPP/Maps/TopDownExampleMap.TopDownExampleMap_C' with ClassGeneratedBy '/Game/TopDownCPP/Maps/TopDownExampleMap.TopDownExampleMap:PersistentLevel.TopDownExampleMap'
[2018.11.26-14.24.51:931][696]LogBlueprintUserMessages: Early EndPlayMap Detection: Level '/Game/TopDownCPP/Maps/TopDownExampleMap.TopDownExampleMap:PersistentLevel' has LevelScriptBlueprint '/Game/TopDownCPP/Maps/TopDownExampleMap.TopDownExampleMap:PersistentLevel.TopDownExampleMap' with GeneratedClass '/Game/TopDownCPP/Maps/TopDownExampleMap.TopDownExampleMap_C' with ClassGeneratedBy '/Game/TopDownCPP/Maps/TopDownExampleMap.TopDownExampleMap:PersistentLevel.TopDownExampleMap'
[2018.11.26-14.24.51:931][696]LogSlate: Updating window title bar state: overlay mode, drag disabled, window buttons hidden, title bar hidden
[2018.11.26-14.24.51:961][696]LogPlayLevel: Display: Shutting down PIE online subsystems
[2018.11.26-14.24.51:961][696]LogBlueprintUserMessages: Late EndPlayMap Detection: Level '/Game/TopDownCPP/Maps/TopDownExampleMap.TopDownExampleMap:PersistentLevel' has LevelScriptBlueprint '/Game/TopDownCPP/Maps/TopDownExampleMap.TopDownExampleMap:PersistentLevel.TopDownExampleMap' with GeneratedClass '/Game/TopDownCPP/Maps/TopDownExampleMap.TopDownExampleMap_C' with ClassGeneratedBy '/Game/TopDownCPP/Maps/TopDownExampleMap.TopDownExampleMap:PersistentLevel.TopDownExampleMap'
[2018.11.26-14.24.51:980][696]LogSlate: Updating window title bar state: overlay mode, drag disabled, window buttons hidden, title bar hidden
[2018.11.26-14.24.52:038][702]LogPlayLevel: Display: Destroying online subsystem :Context_3
[2018.11.26-14.24.59:560][858]LogHotReload: New module detected: UE4Editor-ITOSG-3847.dll
[2018.11.26-14.25.00:247][861]LogHotReload: Starting Hot-Reload from IDE
[2018.11.26-14.25.00:293][861]LogClass: InventoryItem HotReload.
[2018.11.26-14.25.00:293][861]LogClass: CraftingInfo HotReload.
[2018.11.26-14.25.00:297][861]LogContentBrowser: Native class hierarchy updated for 'ITOSG' in 0.0003 seconds. Added 7 classes and 2 folders.
[2018.11.26-14.25.00:299][861]Display: HotReload successful (1 functions remapped  2 scriptstructs remapped)
[2018.11.26-14.25.00:347][861]LogContentBrowser: Native class hierarchy populated in 0.0088 seconds. Added 2580 classes and 607 folders.
[2018.11.26-14.25.00:351][861]Display: HotReload took  0.1s.
[2018.11.26-14.25.05:387][998]LogSlate: FSceneViewport::OnFocusLost() reason 0
[2018.11.26-14.25.05:461][  7]LogTemp: Repeating last play command: Selected Viewport
[2018.11.26-14.25.05:473][  7]LogBlueprintUserMessages: Early PlayInEditor Detection: Level '/Game/TopDownCPP/Maps/TopDownExampleMap.TopDownExampleMap:PersistentLevel' has LevelScriptBlueprint '/Game/TopDownCPP/Maps/TopDownExampleMap.TopDownExampleMap:PersistentLevel.TopDownExampleMap' with GeneratedClass '/Game/TopDownCPP/Maps/TopDownExampleMap.TopDownExampleMap_C' with ClassGeneratedBy '/Game/TopDownCPP/Maps/TopDownExampleMap.TopDownExampleMap:PersistentLevel.TopDownExampleMap'
[2018.11.26-14.25.05:473][  7]LogPlayLevel: PlayLevel: No blueprints needed recompiling
[2018.11.26-14.25.05:473][  7]PIE: New page: PIE session: TopDownExampleMap (26 Nov 2018 14:25:05)
[2018.11.26-14.25.05:473][  7]LogPlayLevel: Creating play world package: /Game/TopDownCPP/Maps/UEDPIE_0_TopDownExampleMap
[2018.11.26-14.25.05:483][  7]LogPlayLevel: PIE: StaticDuplicateObject took: (0.009777s)
[2018.11.26-14.25.05:484][  7]LogAIModule: Creating AISystem for world TopDownExampleMap
[2018.11.26-14.25.05:484][  7]LogPlayLevel: PIE: World Init took: (0.000736s)
[2018.11.26-14.25.05:484][  7]LogPlayLevel: PIE: Created PIE world by copying editor world from /Game/TopDownCPP/Maps/TopDownExampleMap.TopDownExampleMap to /Game/TopDownCPP/Maps/UEDPIE_0_TopDownExampleMap.TopDownExampleMap (0.010739s)
[2018.11.26-14.25.05:518][  7]LogInit: XAudio2 using 'Speakers (USB PnP Sound Device)' : 2 channels at 44.1 kHz using 16 bits per sample (channel mask 0x3)
[2018.11.26-14.25.05:526][  7]LogInit: FAudioDevice initialized.
[2018.11.26-14.25.05:557][  7]LogLoad: Game class is 'BP_GameplayGamemode_C'
[2018.11.26-14.25.05:558][  7]LogWorld: Bringing World /Game/TopDownCPP/Maps/UEDPIE_0_TopDownExampleMap.TopDownExampleMap up for play (max tick rate 0) at 2018.11.26-14.25.05
[2018.11.26-14.25.05:559][  7]LogWorld: Bringing up level for play took: 0.001043
[2018.11.26-14.25.05:570][  7]LogGameMode: Display: Match State Changed from EnteringMap to WaitingToStart
[2018.11.26-14.25.05:570][  7]LogGameState: Match State Changed from EnteringMap to WaitingToStart
[2018.11.26-14.25.05:570][  7]LogGameMode: Display: Match State Changed from WaitingToStart to InProgress
[2018.11.26-14.25.05:571][  7]LogGameState: Match State Changed from WaitingToStart to InProgress
[2018.11.26-14.25.05:571][  7]PIE: Play in editor start time for /Game/TopDownCPP/Maps/UEDPIE_0_TopDownExampleMap -0.336
[2018.11.26-14.25.05:571][  7]LogBlueprintUserMessages: Late PlayInEditor Detection: Level '/Game/TopDownCPP/Maps/TopDownExampleMap.TopDownExampleMap:PersistentLevel' has LevelScriptBlueprint '/Game/TopDownCPP/Maps/TopDownExampleMap.TopDownExampleMap:PersistentLevel.TopDownExampleMap' with GeneratedClass '/Game/TopDownCPP/Maps/TopDownExampleMap.TopDownExampleMap_C' with ClassGeneratedBy '/Game/TopDownCPP/Maps/TopDownExampleMap.TopDownExampleMap:PersistentLevel.TopDownExampleMap'
[2018.11.26-14.25.09:245][446]LogBlueprintUserMessages: Early EndPlayMap Detection: Level '/Game/TopDownCPP/Maps/TopDownExampleMap.TopDownExampleMap:PersistentLevel' has LevelScriptBlueprint '/Game/TopDownCPP/Maps/TopDownExampleMap.TopDownExampleMap:PersistentLevel.TopDownExampleMap' with GeneratedClass '/Game/TopDownCPP/Maps/TopDownExampleMap.TopDownExampleMap_C' with ClassGeneratedBy '/Game/TopDownCPP/Maps/TopDownExampleMap.TopDownExampleMap:PersistentLevel.TopDownExampleMap'
[2018.11.26-14.25.09:245][446]LogSlate: Updating window title bar state: overlay mode, drag disabled, window buttons hidden, title bar hidden
[2018.11.26-14.25.09:276][446]LogPlayLevel: Display: Shutting down PIE online subsystems
[2018.11.26-14.25.09:276][446]LogBlueprintUserMessages: Late EndPlayMap Detection: Level '/Game/TopDownCPP/Maps/TopDownExampleMap.TopDownExampleMap:PersistentLevel' has LevelScriptBlueprint '/Game/TopDownCPP/Maps/TopDownExampleMap.TopDownExampleMap:PersistentLevel.TopDownExampleMap' with GeneratedClass '/Game/TopDownCPP/Maps/TopDownExampleMap.TopDownExampleMap_C' with ClassGeneratedBy '/Game/TopDownCPP/Maps/TopDownExampleMap.TopDownExampleMap:PersistentLevel.TopDownExampleMap'
[2018.11.26-14.25.09:295][446]LogSlate: Updating window title bar state: overlay mode, drag disabled, window buttons hidden, title bar hidden
[2018.11.26-14.25.09:348][452]LogPlayLevel: Display: Destroying online subsystem :Context_4
[2018.11.26-14.27.51:053][243]LogSlate: FSceneViewport::OnFocusLost() reason 0
[2018.11.26-14.27.53:941][253]LogSlate: Window 'Save Content' being destroyed
[2018.11.26-14.27.53:949][253]LogSlate: FSceneViewport::OnFocusLost() reason 2
[2018.11.26-14.27.54:002][253]Cmd: OBJ SAVEPACKAGE PACKAGE="/Game/TopDownCPP/Maps/TopDownExampleMap" FILE="../../../../WGT2/ITOSG/Content/TopDownCPP/Maps/TopDownExampleMap.umap" SILENT=true AUTOSAVING=false KEEPDIRTY=false
[2018.11.26-14.27.54:129][253]LogSavePackage: Moving '../../../../WGT2/ITOSG/Saved/TopDownExampleMap230AC8C94488DA69B9727894A5C3085A.tmp' to '../../../../WGT2/ITOSG/Content/TopDownCPP/Maps/TopDownExampleMap.umap'
[2018.11.26-14.27.54:154][253]LogFileHelpers: Saving map 'TopDownExampleMap' took 0.202
[2018.11.26-14.27.54:156][253]Cmd: OBJ SAVEPACKAGE PACKAGE="/Game/TopDownCPP/Maps/TopDownExampleMap_BuiltData" FILE="../../../../WGT2/ITOSG/Content/TopDownCPP/Maps/TopDownExampleMap_BuiltData.uasset" SILENT=true
[2018.11.26-14.27.54:246][253]LogSavePackage: Moving '../../../../WGT2/ITOSG/Saved/TopDownExampleMap_BuiltData53EC14F64B70A0EE8CB705835F92B27D.tmp' to '../../../../WGT2/ITOSG/Content/TopDownCPP/Maps/TopDownExampleMap_BuiltData.uasset'
[2018.11.26-14.27.57:086][593]LogSlate: FSceneViewport::OnFocusLost() reason 0
[2018.11.26-14.27.57:206][600]LogSlate: Window 'ITOSG - Unreal Editor' being destroyed
[2018.11.26-14.27.57:373][601]Cmd: QUIT_EDITOR
[2018.11.26-14.27.57:874][601]LogWindowsTextInputMethodSystem: Display: IME system now deactivated.
[2018.11.26-14.27.57:882][601]LogExit: Preparing to exit.
[2018.11.26-14.27.58:060][601]LogExit: Editor shut down
[2018.11.26-14.27.58:060][601]LogExit: Transaction tracking system shut down
[2018.11.26-14.27.58:693][601]LogExit: Object subsystem successfully closed.
[2018.11.26-14.27.58:707][601]LogShaderCompilers: Display: Shaders left to compile 0
[2018.11.26-14.27.58:710][601]LogD3D11RHI: Shutdown
[2018.11.26-14.27.58:710][601]LogD3D11RHI: CleanupD3DDevice
[2018.11.26-14.27.58:712][601]LogD3D11RHI: ~FD3D11DynamicRHI
[2018.11.26-14.27.58:720][601]LogModuleManager: Shutting down and abandoning module ITOSG (619)
[2018.11.26-14.27.58:720][601]LogModuleManager: Shutting down and abandoning module MovieSceneCapture (616)
[2018.11.26-14.27.58:720][601]LogModuleManager: Shutting down and abandoning module Voice (614)
[2018.11.26-14.27.58:720][601]LogModuleManager: Shutting down and abandoning module HierarchicalLODOutliner (612)
[2018.11.26-14.27.58:720][601]LogModuleManager: Shutting down and abandoning module SceneOutliner (610)
[2018.11.26-14.27.58:720][601]LogModuleManager: Shutting down and abandoning module AddContentDialog (608)
[2018.11.26-14.27.58:720][601]LogModuleManager: Shutting down and abandoning module WidgetCarousel (607)
[2018.11.26-14.27.58:720][601]LogModuleManager: Shutting down and abandoning module EditorWidgets (604)
[2018.11.26-14.27.58:720][601]LogModuleManager: Shutting down and abandoning module CollectionManager (602)
[2018.11.26-14.27.58:721][601]LogModuleManager: Shutting down and abandoning module StatsViewer (600)
[2018.11.26-14.27.58:721][601]LogModuleManager: Shutting down and abandoning module FoliageEdit (598)
[2018.11.26-14.27.58:721][601]LogModuleManager: Shutting down and abandoning module LandscapeEditor (596)
[2018.11.26-14.27.58:721][601]LogModuleManager: Shutting down and abandoning module MeshPaintMode (594)
[2018.11.26-14.27.58:721][601]LogModuleManager: Shutting down and abandoning module SceneDepthPickerMode (592)
[2018.11.26-14.27.58:721][601]LogModuleManager: Shutting down and abandoning module ActorPickerMode (590)
[2018.11.26-14.27.58:721][601]LogModuleManager: Shutting down and abandoning module GeometryMode (588)
[2018.11.26-14.27.58:721][601]LogModuleManager: Shutting down and abandoning module TextureAlignMode (586)
[2018.11.26-14.27.58:721][601]LogModuleManager: Shutting down and abandoning module BspMode (584)
[2018.11.26-14.27.58:721][601]LogModuleManager: Shutting down and abandoning module PIEPreviewDeviceProfileSelector (582)
[2018.11.26-14.27.58:721][601]LogModuleManager: Shutting down and abandoning module SequenceRecorderSections (580)
[2018.11.26-14.27.58:721][601]LogModuleManager: Shutting down and abandoning module AutomationWorker (578)
[2018.11.26-14.27.58:721][601]LogModuleManager: Shutting down and abandoning module AudioCaptureEditor (576)
[2018.11.26-14.27.58:721][601]LogModuleManager: Shutting down and abandoning module SequenceRecorder (575)
[2018.11.26-14.27.58:721][601]LogModuleManager: Shutting down and abandoning module MatineeToLevelSequence (572)
[2018.11.26-14.27.58:721][601]LogModuleManager: Shutting down and abandoning module LevelSequenceEditor (570)
[2018.11.26-14.27.58:721][601]LogModuleManager: Shutting down and abandoning module PlacementMode (569)
[2018.11.26-14.27.58:721][601]LogModuleManager: Shutting down and abandoning module MaterialEditor (568)
[2018.11.26-14.27.58:721][601]LogModuleManager: Shutting down and abandoning module WmfMediaFactory (564)
[2018.11.26-14.27.58:721][601]LogModuleManager: Shutting down and abandoning module WmfMediaEditor (562)
[2018.11.26-14.27.58:721][601]LogModuleManager: Shutting down and abandoning module MediaPlayerEditor (560)
[2018.11.26-14.27.58:721][601]LogModuleManager: Shutting down and abandoning module OpenExrWrapper (558)
[2018.11.26-14.27.58:721][601]LogModuleManager: Shutting down and abandoning module ImgMediaFactory (556)
[2018.11.26-14.27.58:721][601]LogModuleManager: Shutting down and abandoning module ImgMediaEditor (554)
[2018.11.26-14.27.58:721][601]LogModuleManager: Shutting down and abandoning module AvfMediaFactory (552)
[2018.11.26-14.27.58:721][601]LogModuleManager: Shutting down and abandoning module AvfMediaEditor (550)
[2018.11.26-14.27.58:721][601]LogModuleManager: Shutting down and abandoning module AndroidMediaFactory (548)
[2018.11.26-14.27.58:721][601]LogModuleManager: Shutting down and abandoning module AndroidMediaEditor (546)
[2018.11.26-14.27.58:721][601]LogModuleManager: Shutting down and abandoning module MagicLeapCameraPreviewFactory (544)
[2018.11.26-14.27.58:721][601]LogModuleManager: Shutting down and abandoning module MagicLeapMediaFactory (542)
[2018.11.26-14.27.58:721][601]LogModuleManager: Shutting down and abandoning module MagicLeapMediaEditor (540)
[2018.11.26-14.27.58:721][601]LogModuleManager: Shutting down and abandoning module CharacterAI (538)
[2018.11.26-14.27.58:721][601]LogModuleManager: Shutting down and abandoning module SmartSnapping (536)
[2018.11.26-14.27.58:721][601]LogModuleManager: Shutting down and abandoning module SessionServices (534)
[2018.11.26-14.27.58:721][601]LogModuleManager: Shutting down and abandoning module ViewportSnapping (532)
[2018.11.26-14.27.58:721][601]LogModuleManager: Shutting down and abandoning module ViewportInteraction (530)
[2018.11.26-14.27.58:721][601]LogModuleManager: Shutting down and abandoning module ClothPainter (528)
[2018.11.26-14.27.58:721][601]LogModuleManager: Shutting down and abandoning module SkeletalMeshEditor (527)
[2018.11.26-14.27.58:722][601]LogModuleManager: Shutting down and abandoning module LogVisualizer (524)
[2018.11.26-14.27.58:722][601]LogModuleManager: Shutting down and abandoning module IntroTutorials (522)
[2018.11.26-14.27.58:722][601]LogModuleManager: Shutting down and abandoning module GameProjectGeneration (521)
[2018.11.26-14.27.58:722][601]LogModuleManager: Shutting down and abandoning module LuminPlatformEditor (518)
[2018.11.26-14.27.58:722][601]LogModuleManager: Shutting down and abandoning module IOSPlatformEditor (516)
[2018.11.26-14.27.58:722][601]LogModuleManager: Shutting down and abandoning module HTML5PlatformEditor (514)
[2018.11.26-14.27.58:722][601]LogModuleManager: Shutting down and abandoning module AndroidPlatformEditor (512)
[2018.11.26-14.27.58:722][601]LogModuleManager: Shutting down and abandoning module AndroidDeviceDetection (511)
[2018.11.26-14.27.59:091][601]LogModuleManager: Shutting down and abandoning module WindowsPlatformEditor (508)
[2018.11.26-14.27.59:091][601]LogModuleManager: Shutting down and abandoning module LuminRuntimeSettings (506)
[2018.11.26-14.27.59:091][601]LogModuleManager: Shutting down and abandoning module IOSRuntimeSettings (504)
[2018.11.26-14.27.59:091][601]LogModuleManager: Shutting down and abandoning module AndroidRuntimeSettings (502)
[2018.11.26-14.27.59:091][601]LogModuleManager: Shutting down and abandoning module InputBindingEditor (500)
[2018.11.26-14.27.59:091][601]LogModuleManager: Shutting down and abandoning module MergeActors (498)
[2018.11.26-14.27.59:091][601]LogModuleManager: Shutting down and abandoning module LocalizationDashboard (496)
[2018.11.26-14.27.59:091][601]LogModuleManager: Shutting down and abandoning module LocalizationService (495)
[2018.11.26-14.27.59:091][601]LogModuleManager: Shutting down and abandoning module HardwareTargeting (492)
[2018.11.26-14.27.59:091][601]LogModuleManager: Shutting down and abandoning module DeviceProfileEditor (490)
[2018.11.26-14.27.59:091][601]LogModuleManager: Shutting down and abandoning module UndoHistory (488)
[2018.11.26-14.27.59:091][601]LogModuleManager: Shutting down and abandoning module XmlParser (486)
[2018.11.26-14.27.59:091][601]LogModuleManager: Shutting down and abandoning module Blutility (484)
[2018.11.26-14.27.59:091][601]LogModuleManager: Shutting down and abandoning module ProjectSettingsViewer (482)
[2018.11.26-14.27.59:091][601]LogModuleManager: Shutting down and abandoning module ProjectTargetPlatformEditor (481)
[2018.11.26-14.27.59:091][601]LogModuleManager: Shutting down and abandoning module EditorSettingsViewer (478)
[2018.11.26-14.27.59:091][601]LogModuleManager: Shutting down and abandoning module SettingsEditor (476)
[2018.11.26-14.27.59:091][601]LogModuleManager: Shutting down and abandoning module ProjectLauncher (474)
[2018.11.26-14.27.59:091][601]LogModuleManager: Shutting down and abandoning module SessionFrontend (472)
[2018.11.26-14.27.59:091][601]LogModuleManager: Shutting down and abandoning module ProfilerClient (470)
[2018.11.26-14.27.59:091][601]LogModuleManager: Shutting down and abandoning module DeviceManager (468)
[2018.11.26-14.27.59:091][601]LogModuleManager: Shutting down and abandoning module TargetDeviceServices (467)
[2018.11.26-14.27.59:147][601]LogModuleManager: Shutting down and abandoning module AutomationController (464)
[2018.11.26-14.27.59:147][601]LogModuleManager: Shutting down and abandoning module AutomationWindow (462)
[2018.11.26-14.27.59:147][601]LogModuleManager: Shutting down and abandoning module Layers (460)
[2018.11.26-14.27.59:147][601]LogModuleManager: Shutting down and abandoning module ComponentVisualizers (458)
[2018.11.26-14.27.59:147][601]LogModuleManager: Shutting down and abandoning module DetailCustomizations (456)
[2018.11.26-14.27.59:147][601]LogModuleManager: Shutting down and abandoning module PackagesDialog (454)
[2018.11.26-14.27.59:147][601]LogModuleManager: Shutting down and abandoning module Persona (452)
[2018.11.26-14.27.59:147][601]LogModuleManager: Shutting down and abandoning module AdvancedPreviewScene (451)
[2018.11.26-14.27.59:147][601]LogModuleManager: Shutting down and abandoning module AnimGraph (449)
[2018.11.26-14.27.59:147][601]LogModuleManager: Shutting down and abandoning module Kismet (446)
[2018.11.26-14.27.59:147][601]LogModuleManager: Shutting down and abandoning module GraphEditor (444)
[2018.11.26-14.27.59:147][601]LogModuleManager: Shutting down and abandoning module ClassViewer (442)
[2018.11.26-14.27.59:147][601]LogModuleManager: Shutting down and abandoning module Toolbox (440)
[2018.11.26-14.27.59:147][601]LogModuleManager: Shutting down and abandoning module DesktopPlatform (439)
[2018.11.26-14.27.59:147][601]LogModuleManager: Shutting down and abandoning module ModuleUI (436)
[2018.11.26-14.27.59:147][601]LogModuleManager: Shutting down and abandoning module MovieSceneTools (434)
[2018.11.26-14.27.59:147][601]LogModuleManager: Shutting down and abandoning module OutputLog (432)
[2018.11.26-14.27.59:147][601]LogModuleManager: Shutting down and abandoning module GammaUI (430)
[2018.11.26-14.27.59:147][601]LogModuleManager: Shutting down and abandoning module Documentation (428)
[2018.11.26-14.27.59:147][601]LogModuleManager: Shutting down and abandoning module MovieSceneTracks (426)
[2018.11.26-14.27.59:147][601]LogModuleManager: Shutting down and abandoning module MovieScene (424)
[2018.11.26-14.27.59:147][601]LogModuleManager: Shutting down and abandoning module StreamingPauseRendering (422)
[2018.11.26-14.27.59:147][601]LogModuleManager: Shutting down and abandoning module LauncherPlatform (420)
[2018.11.26-14.27.59:147][601]LogModuleManager: Shutting down and abandoning module AnalyticsET (418)
[2018.11.26-14.27.59:147][601]LogModuleManager: Shutting down and abandoning module PortalServices (416)
[2018.11.26-14.27.59:147][601]LogModuleManager: Shutting down and abandoning module PortalRpc (414)
[2018.11.26-14.27.59:147][601]LogModuleManager: Shutting down and abandoning module MessagingRpc (412)
[2018.11.26-14.27.59:147][601]LogModuleManager: Shutting down and abandoning module AIModule (410)
[2018.11.26-14.27.59:148][601]LogModuleManager: Shutting down and abandoning module GameplayDebugger (409)
[2018.11.26-14.27.59:148][601]LogModuleManager: Shutting down and abandoning module AITestSuite (407)
[2018.11.26-14.27.59:148][601]LogModuleManager: Shutting down and abandoning module NavigationSystem (405)
[2018.11.26-14.27.59:148][601]LogModuleManager: Shutting down and abandoning module ProfilerService (402)
[2018.11.26-14.27.59:197][601]LogModuleManager: Shutting down and abandoning module TaskGraph (400)
[2018.11.26-14.27.59:197][601]LogModuleManager: Shutting down and abandoning module SteamVRController (398)
[2018.11.26-14.27.59:197][601]LogModuleManager: Shutting down and abandoning module ProceduralMeshComponentEditor (396)
[2018.11.26-14.27.59:197][601]LogModuleManager: Shutting down and abandoning module ProceduralMeshComponent (394)
[2018.11.26-14.27.59:197][601]LogModuleManager: Shutting down and abandoning module OculusInput (392)
[2018.11.26-14.27.59:197][601]LogModuleManager: Shutting down and abandoning module MobilePatchingUtils (390)
[2018.11.26-14.27.59:197][601]LogModuleManager: Shutting down and abandoning module EditableMesh (388)
[2018.11.26-14.27.59:197][601]LogModuleManager: Shutting down and abandoning module CustomMeshComponent (386)
[2018.11.26-14.27.59:197][601]LogModuleManager: Shutting down and abandoning module CableComponent (384)
[2018.11.26-14.27.59:197][601]LogModuleManager: Shutting down and abandoning module AudioCapture (382)
[2018.11.26-14.27.59:197][601]LogModuleManager: Shutting down and abandoning module ArchVisCharacter (380)
[2018.11.26-14.27.59:197][601]LogModuleManager: Shutting down and abandoning module AndroidPermission (378)
[2018.11.26-14.27.59:197][601]LogModuleManager: Shutting down and abandoning module NUTUnrealEngine4 (376)
[2018.11.26-14.27.59:197][601]LogModuleManager: Shutting down and abandoning module NetcodeUnitTest (374)
[2018.11.26-14.27.59:197][601]LogModuleManager: Shutting down and abandoning module MediaCompositingEditor (372)
[2018.11.26-14.27.59:197][601]LogModuleManager: Shutting down and abandoning module MediaCompositing (370)
[2018.11.26-14.27.59:197][601]LogModuleManager: Shutting down and abandoning module LinearTimecode (368)
[2018.11.26-14.27.59:197][601]LogModuleManager: Shutting down and abandoning module ImgMedia (366)
[2018.11.26-14.27.59:199][601]LogModuleManager: Shutting down and abandoning module HTML5Networking (364)
[2018.11.26-14.27.59:199][601]LogModuleManager: Shutting down and abandoning module GeometryCacheTracks (362)
[2018.11.26-14.27.59:199][601]LogModuleManager: Shutting down and abandoning module GeometryCacheSequencer (360)
[2018.11.26-14.27.59:199][601]LogModuleManager: Shutting down and abandoning module BackChannel (358)
[2018.11.26-14.27.59:199][601]LogModuleManager: Shutting down and abandoning module AppleVision (356)
[2018.11.26-14.27.59:199][601]LogModuleManager: Shutting down and abandoning module AppleImageUtils (354)
[2018.11.26-14.27.59:199][601]LogModuleManager: Shutting down and abandoning module AlembicImporter (352)
[2018.11.26-14.27.59:199][601]LogModuleManager: Shutting down and abandoning module AlembicLibrary (351)
[2018.11.26-14.27.59:200][601]LogModuleManager: Shutting down and abandoning module GeometryCache (350)
[2018.11.26-14.27.59:200][601]LogModuleManager: Shutting down and abandoning module GeometryCacheEd (349)
[2018.11.26-14.27.59:200][601]LogModuleManager: Shutting down and abandoning module DatasmithContentEditor (344)
[2018.11.26-14.27.59:200][601]LogModuleManager: Shutting down and abandoning module DatasmithContent (342)
[2018.11.26-14.27.59:200][601]LogModuleManager: Shutting down and abandoning module SpeedTreeImporter (340)
[2018.11.26-14.27.59:200][601]LogModuleManager: Shutting down and abandoning module PluginBrowser (338)
[2018.11.26-14.27.59:200][601]LogModuleManager: Shutting down and abandoning module MobileLauncherProfileWizard (336)
[2018.11.26-14.27.59:200][601]LogModuleManager: Shutting down and abandoning module PolygonModeling (334)
[2018.11.26-14.27.59:200][601]LogModuleManager: Shutting down and abandoning module MeshEditor (332)
[2018.11.26-14.27.59:200][601]LogModuleManager: Shutting down and abandoning module CryptoKeysOpenSSL (330)
[2018.11.26-14.27.59:200][601]LogModuleManager: Shutting down and abandoning module CryptoKeys (328)
[2018.11.26-14.27.59:200][601]LogModuleManager: Shutting down and abandoning module VisualStudioSourceCodeAccess (326)
[2018.11.26-14.27.59:200][601]LogModuleManager: Shutting down and abandoning module VisualStudioCodeSourceCodeAccess (324)
[2018.11.26-14.27.59:200][601]LogModuleManager: Shutting down and abandoning module UObjectPlugin (322)
[2018.11.26-14.27.59:200][601]LogModuleManager: Shutting down and abandoning module SubversionSourceControl (320)
[2018.11.26-14.27.59:200][601]LogModuleManager: Shutting down and abandoning module PerforceSourceControl (318)
[2018.11.26-14.27.59:200][601]LogModuleManager: Shutting down and abandoning module GitSourceControl (316)
[2018.11.26-14.27.59:200][601]LogModuleManager: Shutting down and abandoning module SourceControl (315)
[2018.11.26-14.27.59:200][601]LogModuleManager: Shutting down and abandoning module CLionSourceCodeAccess (312)
[2018.11.26-14.27.59:200][601]LogModuleManager: Shutting down and abandoning module LightPropagationVolumeEditor (310)
[2018.11.26-14.27.59:200][601]LogModuleManager: Shutting down and abandoning module PaperTiledImporter (308)
[2018.11.26-14.27.59:200][601]LogModuleManager: Shutting down and abandoning module PaperSpriteSheetImporter (306)
[2018.11.26-14.27.59:200][601]LogModuleManager: Shutting down and abandoning module Paper2DEditor (304)
[2018.11.26-14.27.59:201][601]LogModuleManager: Shutting down and abandoning module MeshPaint (303)
[2018.11.26-14.27.59:201][601]LogModuleManager: Shutting down and abandoning module RuntimePhysXCooking (298)
[2018.11.26-14.27.59:201][601]LogModuleManager: Shutting down and abandoning module PhysXVehiclesEditor (296)
[2018.11.26-14.27.59:201][601]LogModuleManager: Shutting down and abandoning module PhysXVehicles (294)
[2018.11.26-14.27.59:201][601]LogModuleManager: Shutting down and abandoning module OculusEditor (292)
[2018.11.26-14.27.59:201][601]LogModuleManager: Shutting down and abandoning module LocationServicesBPLibrary (290)
[2018.11.26-14.27.59:201][601]LogModuleManager: Shutting down and abandoning module ImmediatePhysicsEditor (288)
[2018.11.26-14.27.59:201][601]LogModuleManager: Shutting down and abandoning module ImmediatePhysics (286)
[2018.11.26-14.27.59:201][601]LogModuleManager: Shutting down and abandoning module ActorSequence (284)
[2018.11.26-14.27.59:201][601]LogModuleManager: Shutting down and abandoning module UdpMessaging (282)
[2018.11.26-14.27.59:302][601]LogModuleManager: Shutting down and abandoning module TcpMessaging (280)
[2018.11.26-14.27.59:402][601]LogModuleManager: Shutting down and abandoning module MagicLeapAudio (278)
[2018.11.26-14.27.59:402][601]LogModuleManager: Shutting down and abandoning module GameplayTagsEditor (276)
[2018.11.26-14.27.59:402][601]LogModuleManager: Shutting down and abandoning module FacialAnimationEditor (274)
[2018.11.26-14.27.59:402][601]LogModuleManager: Shutting down and abandoning module FacialAnimation (272)
[2018.11.26-14.27.59:402][601]LogModuleManager: Shutting down and abandoning module DataValidation (270)
[2018.11.26-14.27.59:402][601]LogModuleManager: Shutting down and abandoning module AssetManagerEditor (268)
[2018.11.26-14.27.59:402][601]LogModuleManager: Shutting down and abandoning module LevelEditor (267)
[2018.11.26-14.27.59:402][601]LogModuleManager: Shutting down and abandoning module PixelInspectorModule (266)
[2018.11.26-14.27.59:402][601]LogModuleManager: Shutting down and abandoning module CommonMenuExtensions (264)
[2018.11.26-14.27.59:402][601]LogModuleManager: Shutting down and abandoning module MainFrame (262)
[2018.11.26-14.27.59:402][601]LogModuleManager: Shutting down and abandoning module HotReload (261)
[2018.11.26-14.27.59:403][601]LogModuleManager: Shutting down and abandoning module ContentBrowser (257)
[2018.11.26-14.27.59:403][601]LogModuleManager: Shutting down and abandoning module TreeMap (255)
[2018.11.26-14.27.59:403][601]LogModuleManager: Shutting down and abandoning module LightPropagationVolumeRuntime (252)
[2018.11.26-14.27.59:403][601]LogModuleManager: Shutting down and abandoning module AISupportModule (250)
[2018.11.26-14.27.59:403][601]LogModuleManager: Shutting down and abandoning module Paper2D (248)
[2018.11.26-14.27.59:403][601]LogModuleManager: Shutting down and abandoning module WindowsMoviePlayer (246)
[2018.11.26-14.27.59:403][601]LogModuleManager: Shutting down and abandoning module WmfMedia (244)
[2018.11.26-14.27.59:404][601]LogModuleManager: Shutting down and abandoning module Media (243)
[2018.11.26-14.27.59:411][601]LogModuleManager: Shutting down and abandoning module PacketHandler (240)
[2018.11.26-14.27.59:411][601]LogModuleManager: Shutting down and abandoning module ClothingSystemEditor (238)
[2018.11.26-14.27.59:411][601]LogModuleManager: Shutting down and abandoning module ClothingSystemRuntime (236)
[2018.11.26-14.27.59:411][601]LogModuleManager: Shutting down and abandoning module MediaAssets (234)
[2018.11.26-14.27.59:411][601]LogModuleManager: Shutting down and abandoning module Overlay (232)
[2018.11.26-14.27.59:411][601]LogModuleManager: Shutting down and abandoning module OverlayEditor (231)
[2018.11.26-14.27.59:411][601]LogModuleManager: Shutting down and abandoning module VREditor (228)
[2018.11.26-14.27.59:411][601]LogModuleManager: Shutting down and abandoning module StringTableEditor (226)
[2018.11.26-14.27.59:411][601]LogModuleManager: Shutting down and abandoning module GameplayTasksEditor (224)
[2018.11.26-14.27.59:411][601]LogModuleManager: Shutting down and abandoning module BehaviorTreeEditor (222)
[2018.11.26-14.27.59:411][601]LogModuleManager: Shutting down and abandoning module FunctionalTesting (220)
[2018.11.26-14.27.59:411][601]LogModuleManager: Shutting down and abandoning module CollisionAnalyzer (218)
[2018.11.26-14.27.59:411][601]LogModuleManager: Shutting down and abandoning module WorkspaceMenuStructure (217)
[2018.11.26-14.27.59:411][601]LogModuleManager: Shutting down and abandoning module UMG (214)
[2018.11.26-14.27.59:411][601]LogModuleManager: Shutting down and abandoning module UMGEditor (213)
[2018.11.26-14.27.59:411][601]LogModuleManager: Shutting down and abandoning module Sequencer (212)
[2018.11.26-14.27.59:411][601]LogModuleManager: Shutting down and abandoning module MessageLog (209)
[2018.11.26-14.27.59:411][601]LogModuleManager: Shutting down and abandoning module SlateReflector (204)
[2018.11.26-14.27.59:411][601]LogModuleManager: Shutting down and abandoning module Slate (202)
[2018.11.26-14.27.59:411][601]LogModuleManager: Shutting down and abandoning module EditorStyle (200)
[2018.11.26-14.27.59:413][601]LogModuleManager: Shutting down and abandoning module MRMesh (198)
[2018.11.26-14.27.59:413][601]LogModuleManager: Shutting down and abandoning module SourceCodeAccess (196)
[2018.11.26-14.27.59:413][601]LogModuleManager: Shutting down and abandoning module HeadMountedDisplay (194)
[2018.11.26-14.27.59:413][601]LogModuleManager: Shutting down and abandoning module XAudio2 (192)
[2018.11.26-14.27.59:413][601]LogModuleManager: Shutting down and abandoning module Networking (190)
[2018.11.26-14.27.59:413][601]LogModuleManager: Shutting down and abandoning module Core (188)
[2018.11.26-14.27.59:413][601]LogModuleManager: Shutting down and abandoning module LevelSequence (186)
[2018.11.26-14.27.59:413][601]LogModuleManager: Shutting down and abandoning module KismetCompiler (184)
[2018.11.26-14.27.59:413][601]LogModuleManager: Shutting down and abandoning module MeshUtilities (182)
[2018.11.26-14.27.59:413][601]LogModuleManager: Shutting down and abandoning module MeshMergeUtilities (181)
[2018.11.26-14.27.59:413][601]LogModuleManager: Shutting down and abandoning module MeshReductionInterface (180)
[2018.11.26-14.27.59:413][601]LogModuleManager: Shutting down and abandoning module SimplygonSwarm (179)
[2018.11.26-14.27.59:413][601]LogModuleManager: Shutting down and abandoning module ProxyLODMeshReduction (177)
[2018.11.26-14.27.59:413][601]LogModuleManager: Shutting down and abandoning module SimplygonMeshReduction (175)
[2018.11.26-14.27.59:413][601]LogModuleManager: Shutting down and abandoning module QuadricMeshReduction (173)
[2018.11.26-14.27.59:413][601]LogModuleManager: Shutting down and abandoning module MaterialBaking (169)
[2018.11.26-14.27.59:413][601]LogModuleManager: Shutting down and abandoning module DirectoryWatcher (165)
[2018.11.26-14.27.59:413][601]LogModuleManager: Shutting down and abandoning module DerivedDataCache (162)
[2018.11.26-14.27.59:491][601]LogDerivedDataCache: Shutdown
[2018.11.26-14.27.59:491][601]LogModuleManager: Shutting down and abandoning module XGEController (160)
[2018.11.26-14.27.59:491][601]LogXGEController: Cleaning working directory: C:/Users/Skoobie/AppData/Local/Temp/UnrealXGEWorkingDir/
[2018.11.26-14.27.59:491][601]LogModuleManager: Shutting down and abandoning module TargetPlatform (158)
[2018.11.26-14.27.59:491][601]LogModuleManager: Shutting down and abandoning module VulkanShaderFormat (157)
[2018.11.26-14.27.59:491][601]LogModuleManager: Shutting down and abandoning module ShaderFormatVectorVM (155)
[2018.11.26-14.27.59:491][601]LogModuleManager: Shutting down and abandoning module ShaderFormatOpenGL (153)
[2018.11.26-14.27.59:491][601]LogModuleManager: Shutting down and abandoning module ShaderFormatD3D (151)
[2018.11.26-14.27.59:491][601]LogModuleManager: Shutting down and abandoning module MetalShaderFormat (149)
[2018.11.26-14.27.59:491][601]LogModuleManager: Shutting down and abandoning module TextureFormatUncompressed (147)
[2018.11.26-14.27.59:491][601]LogModuleManager: Shutting down and abandoning module TextureFormatPVR (145)
[2018.11.26-14.27.59:491][601]LogModuleManager: Shutting down and abandoning module TextureFormatDXT (143)
[2018.11.26-14.27.59:491][601]LogModuleManager: Shutting down and abandoning module TextureFormatIntelISPCTexComp (141)
[2018.11.26-14.27.59:491][601]LogModuleManager: Shutting down and abandoning module TextureFormatASTC (139)
[2018.11.26-14.27.59:491][601]LogModuleManager: Shutting down and abandoning module ImageWrapper (138)
[2018.11.26-14.27.59:491][601]LogModuleManager: Shutting down and abandoning module TextureFormatAndroid (135)
[2018.11.26-14.27.59:491][601]LogModuleManager: Shutting down and abandoning module AudioFormatOpus (133)
[2018.11.26-14.27.59:491][601]LogModuleManager: Shutting down and abandoning module AudioFormatOgg (131)
[2018.11.26-14.27.59:492][601]LogModuleManager: Shutting down and abandoning module AudioFormatADPCM (129)
[2018.11.26-14.27.59:492][601]LogModuleManager: Shutting down and abandoning module LuminTargetPlatform (127)
[2018.11.26-14.27.59:492][601]LogModuleManager: Shutting down and abandoning module LinuxTargetPlatform (125)
[2018.11.26-14.27.59:492][601]LogModuleManager: Shutting down and abandoning module LinuxServerTargetPlatform (123)
[2018.11.26-14.27.59:492][601]LogModuleManager: Shutting down and abandoning module LinuxNoEditorTargetPlatform (121)
[2018.11.26-14.27.59:492][601]LogModuleManager: Shutting down and abandoning module LinuxClientTargetPlatform (119)
[2018.11.26-14.27.59:492][601]LogModuleManager: Shutting down and abandoning module TVOSTargetPlatform (117)
[2018.11.26-14.27.59:492][601]LogModuleManager: Shutting down and abandoning module Messaging (115)
[2018.11.26-14.27.59:492][601]LogModuleManager: Shutting down and abandoning module IOSTargetPlatform (113)
[2018.11.26-14.27.59:493][601]LogModuleManager: Shutting down and abandoning module HTML5TargetPlatform (111)
[2018.11.26-14.27.59:493][601]LogModuleManager: Shutting down and abandoning module AndroidTargetPlatform (109)
[2018.11.26-14.27.59:498][601]LogModuleManager: Shutting down and abandoning module WindowsTargetPlatform (107)
[2018.11.26-14.27.59:498][601]LogModuleManager: Shutting down and abandoning module WindowsServerTargetPlatform (105)
[2018.11.26-14.27.59:498][601]LogModuleManager: Shutting down and abandoning module WindowsNoEditorTargetPlatform (103)
[2018.11.26-14.27.59:498][601]LogModuleManager: Shutting down and abandoning module WindowsClientTargetPlatform (101)
[2018.11.26-14.27.59:498][601]LogModuleManager: Shutting down and abandoning module MacTargetPlatform (99)
[2018.11.26-14.27.59:498][601]LogModuleManager: Shutting down and abandoning module MacServerTargetPlatform (97)
[2018.11.26-14.27.59:498][601]LogModuleManager: Shutting down and abandoning module MacNoEditorTargetPlatform (95)
[2018.11.26-14.27.59:498][601]LogModuleManager: Shutting down and abandoning module MacClientTargetPlatform (93)
[2018.11.26-14.27.59:498][601]LogModuleManager: Shutting down and abandoning module AllDesktopTargetPlatform (91)
[2018.11.26-14.27.59:498][601]LogModuleManager: Shutting down and abandoning module InputCore (88)
[2018.11.26-14.27.59:498][601]LogModuleManager: Shutting down and abandoning module Settings (86)
[2018.11.26-14.27.59:498][601]LogModuleManager: Shutting down and abandoning module PhysXCooking (84)
[2018.11.26-14.27.59:498][601]LogModuleManager: Shutting down and abandoning module SteamVR (82)
[2018.11.26-14.27.59:498][601]LogModuleManager: Shutting down and abandoning module OculusHMD (80)
[2018.11.26-14.27.59:498][601]LogModuleManager: Shutting down and abandoning module ExampleDeviceProfileSelector (78)
[2018.11.26-14.27.59:498][601]LogModuleManager: Shutting down and abandoning module LauncherChunkInstaller (76)
[2018.11.26-14.27.59:498][601]LogModuleManager: Shutting down and abandoning module OnlineBlueprintSupport (74)
[2018.11.26-14.27.59:498][601]LogModuleManager: Shutting down and abandoning module OnlineSubsystem (70)
[2018.11.26-14.27.59:498][601]LogModuleManager: Shutting down and abandoning module XMPP (65)
[2018.11.26-14.27.59:499][601]LogModuleManager: Shutting down and abandoning module WebSockets (64)
[2018.11.26-14.27.59:529][601]LogModuleManager: Shutting down and abandoning module HTTP (61)
[2018.11.26-14.27.59:529][601]LogHttp: Display: Http module shutting down, but needs to wait on 1 outstanding Http requests:
[2018.11.26-14.27.59:529][601]LogHttp: Display: 	verb=[POST] url=[https://datarouter.ol.epicgames.com/datarouter/api/v1/public/data?SessionID=%7B15D3E967-48A0-B59C-F117-20BD6AD3AAB0%7D&AppID=UEEditor.Rocket.Release&AppVersion=4.20.3-4369336%2B%2B%2BUE4%2BRelease-4.20&UserID=4db13e4a4371b07bc7868b858d7132fd%7C895b38341a174d78b5f4d9dc0edba638%7Ccebb812d-5676-47d9-87f1-f95d3d6822ae&AppEnvironment=datacollector-binary&UploadType=eteventstream] status=Processing
[2018.11.26-14.27.59:547][601]LogModuleManager: Shutting down and abandoning module SSL (60)
[2018.11.26-14.27.59:548][601]LogModuleManager: Shutting down and abandoning module MagicLeapEmulator (56)
[2018.11.26-14.27.59:548][601]LogModuleManager: Shutting down and abandoning module MagicLeapPrivileges (54)
[2018.11.26-14.27.59:548][601]LogModuleManager: Shutting down and abandoning module MagicLeapIdentity (52)
[2018.11.26-14.27.59:548][601]LogModuleManager: Shutting down and abandoning module MagicLeapHelperVulkan (50)
[2018.11.26-14.27.59:548][601]LogModuleManager: Shutting down and abandoning module MagicLeapHelperOpenGL (48)
[2018.11.26-14.27.59:548][601]LogModuleManager: Shutting down and abandoning module MagicLeapSecureStorage (46)
[2018.11.26-14.27.59:548][601]LogModuleManager: Shutting down and abandoning module MagicLeapGestures (44)
[2018.11.26-14.27.59:548][601]LogModuleManager: Shutting down and abandoning module MagicLeapEyeTracker (42)
[2018.11.26-14.27.59:548][601]LogModuleManager: Shutting down and abandoning module MagicLeapController (40)
[2018.11.26-14.27.59:548][601]LogSlate: Slate User Destroyed.  User Index 0, Is Virtual User: 0
[2018.11.26-14.27.59:548][601]LogModuleManager: Shutting down and abandoning module MagicLeap (38)
[2018.11.26-14.27.59:548][601]LogModuleManager: Shutting down and abandoning module AnimationModifiers (36)
[2018.11.26-14.27.59:548][601]LogModuleManager: Shutting down and abandoning module PropertyEditor (35)
[2018.11.26-14.27.59:548][601]LogModuleManager: Shutting down and abandoning module AudioEditor (32)
[2018.11.26-14.27.59:548][601]LogModuleManager: Shutting down and abandoning module TextureCompressor (30)
[2018.11.26-14.27.59:548][601]LogModuleManager: Shutting down and abandoning module ShaderCore (28)
[2018.11.26-14.27.59:548][601]LogModuleManager: Shutting down and abandoning module Landscape (26)
[2018.11.26-14.27.59:549][601]LogModuleManager: Shutting down and abandoning module SlateRHIRenderer (24)
[2018.11.26-14.27.59:549][601]LogModuleManager: Shutting down and abandoning module OpenGLDrv (22)
[2018.11.26-14.27.59:549][601]LogModuleManager: Shutting down and abandoning module D3D11RHI (20)
[2018.11.26-14.27.59:549][601]LogModuleManager: Shutting down and abandoning module AnimGraphRuntime (18)
[2018.11.26-14.27.59:549][601]LogModuleManager: Shutting down and abandoning module Renderer (16)
[2018.11.26-14.27.59:549][601]LogModuleManager: Shutting down and abandoning module Engine (14)
[2018.11.26-14.27.59:549][601]LogModuleManager: Shutting down and abandoning module CoreUObject (12)
[2018.11.26-14.27.59:549][601]LogModuleManager: Shutting down and abandoning module NetworkFile (10)
[2018.11.26-14.27.59:549][601]LogModuleManager: Shutting down and abandoning module CookedIterativeFile (8)
[2018.11.26-14.27.59:549][601]LogModuleManager: Shutting down and abandoning module StreamingFile (6)
[2018.11.26-14.27.59:549][601]LogModuleManager: Shutting down and abandoning module SandboxFile (4)
[2018.11.26-14.27.59:549][601]LogModuleManager: Shutting down and abandoning module PakFile (2)
[2018.11.26-14.27.59:553][601]LogExit: Exiting.
[2018.11.26-14.27.59:558][601]Log file closed, 11/26/18 14:27:59
