Log file open, 12/07/18 16:21:15
LogWindows: Failed to load 'aqProf.dll' (GetLastError=126)
LogWindows: File 'aqProf.dll' does not exist
LogWindows: Failed to load 'VSPerf140.dll' (GetLastError=126)
LogWindows: File 'VSPerf140.dll' does not exist
LogWindows: Failed to load 'VtuneApi.dll' (GetLastError=126)
LogWindows: File 'VtuneApi.dll' does not exist
LogWindows: Failed to load 'VtuneApi32e.dll' (GetLastError=126)
LogWindows: File 'VtuneApi32e.dll' does not exist
LogInit: Display: Running engine for game: ITOSG
LogPlatformFile: Not using cached read wrapper
LogTaskGraph: Started task graph with 5 named threads and 14 total threads with 3 sets of task threads.
LogStats: Stats thread started at 0.267496
LogD3D11RHI: Loaded GFSDK_Aftermath_Lib.x64.dll
LogICUInternationalization: Display: ICU TimeZone Detection - Raw Offset: +0:00, Platform Override: ''
LogPluginManager: Mounting plugin Paper2D
LogPluginManager: Mounting plugin AISupport
LogPluginManager: Mounting plugin LightPropagationVolume
LogPluginManager: Mounting plugin CLionSourceCodeAccess
LogPluginManager: Mounting plugin CodeLiteSourceCodeAccess
LogPluginManager: Mounting plugin GitSourceControl
LogPluginManager: Mounting plugin KDevelopSourceCodeAccess
LogPluginManager: Mounting plugin NullSourceCodeAccess
LogPluginManager: Mounting plugin PerforceSourceControl
LogPluginManager: Mounting plugin SubversionSourceControl
LogPluginManager: Mounting plugin UObjectPlugin
LogPluginManager: Mounting plugin VisualStudioCodeSourceCodeAccess
LogPluginManager: Mounting plugin VisualStudioSourceCodeAccess
LogPluginManager: Mounting plugin XCodeSourceCodeAccess
LogPluginManager: Mounting plugin AssetManagerEditor
LogPluginManager: Mounting plugin CryptoKeys
LogPluginManager: Mounting plugin DataValidation
LogPluginManager: Mounting plugin FacialAnimation
LogPluginManager: Mounting plugin GameplayTagsEditor
LogPluginManager: Mounting plugin MacGraphicsSwitching
LogPluginManager: Mounting plugin MeshEditor
LogPluginManager: Mounting plugin MobileLauncherProfileWizard
LogPluginManager: Mounting plugin PluginBrowser
LogPluginManager: Mounting plugin SpeedTreeImporter
LogPluginManager: Mounting plugin DatasmithContent
LogPluginManager: Mounting plugin AlembicImporter
LogPluginManager: Mounting plugin AppleImageUtils
LogPluginManager: Mounting plugin AppleVision
LogPluginManager: Mounting plugin BackChannel
LogPluginManager: Mounting plugin CharacterAI
LogPluginManager: Mounting plugin GeometryCache
LogPluginManager: Mounting plugin HTML5Networking
LogPluginManager: Mounting plugin ProxyLODPlugin
LogPluginManager: Mounting plugin MagicLeap
LogPluginManager: Mounting plugin MagicLeapEmulator
LogPluginManager: Mounting plugin MagicLeapMedia
LogPluginManager: Mounting plugin AndroidMedia
LogPluginManager: Mounting plugin AvfMedia
LogPluginManager: Mounting plugin ImgMedia
LogPluginManager: Mounting plugin LinearTimecode
LogPluginManager: Mounting plugin MediaCompositing
LogPluginManager: Mounting plugin MediaPlayerEditor
LogPluginManager: Mounting plugin WmfMedia
LogPluginManager: Mounting plugin TcpMessaging
LogPluginManager: Mounting plugin UdpMessaging
LogPluginManager: Mounting plugin ActorSequence
LogPluginManager: Mounting plugin LevelSequenceEditor
LogPluginManager: Mounting plugin MatineeToLevelSequence
LogPluginManager: Mounting plugin NetcodeUnitTest
LogPluginManager: Mounting plugin NUTUnrealEngine4
LogPluginManager: Mounting plugin OnlineSubsystemGooglePlay
LogPluginManager: Mounting plugin OnlineSubsystemIOS
LogPluginManager: Mounting plugin OnlineSubsystem
LogPluginManager: Mounting plugin OnlineSubsystemNull
LogPluginManager: Mounting plugin OnlineSubsystemUtils
LogPluginManager: Mounting plugin LauncherChunkInstaller
LogPluginManager: Mounting plugin AndroidDeviceProfileSelector
LogPluginManager: Mounting plugin AndroidMoviePlayer
LogPluginManager: Mounting plugin AndroidPermission
LogPluginManager: Mounting plugin AppleMoviePlayer
LogPluginManager: Mounting plugin ArchVisCharacter
LogPluginManager: Mounting plugin AudioCapture
LogPluginManager: Mounting plugin CableComponent
LogPluginManager: Mounting plugin CustomMeshComponent
LogPluginManager: Mounting plugin EditableMesh
LogPluginManager: Mounting plugin ExampleDeviceProfileSelector
LogPluginManager: Mounting plugin GoogleCloudMessaging
LogPluginManager: Mounting plugin ImmediatePhysics
LogPluginManager: Mounting plugin IOSDeviceProfileSelector
LogPluginManager: Mounting plugin LinuxDeviceProfileSelector
LogPluginManager: Mounting plugin LocationServicesBPLibrary
LogPluginManager: Mounting plugin MobilePatchingUtils
LogPluginManager: Mounting plugin OculusVR
LogPluginManager: Plugin shader directory ../../../Engine/Plugins/Runtime/Oculus/OculusVR/Shaders found
LogPluginManager: Mapping shader source directory ../../../Engine/Plugins/Runtime/Oculus/OculusVR/Shaders to virtual directory /Plugin/OculusVR
LogPluginManager: Mounting plugin PhysXVehicles
LogPluginManager: Mounting plugin ProceduralMeshComponent
LogPluginManager: Mounting plugin RuntimePhysXCooking
LogPluginManager: Mounting plugin SteamVR
LogPluginManager: Mounting plugin WindowsMoviePlayer
LogStreaming: Display: Took  0.289s to configure plugins.
LogInit: Using libcurl 7.55.1-DEV
LogInit:  - built for x86_64-pc-win32
LogInit:  - supports SSL with OpenSSL/1.0.2h
LogInit:  - supports HTTP deflate (compression) using libz 1.2.8
LogInit:  - other features:
LogInit:      CURL_VERSION_SSL
LogInit:      CURL_VERSION_LIBZ
LogInit:      CURL_VERSION_IPV6
LogInit:      CURL_VERSION_ASYNCHDNS
LogInit:      CURL_VERSION_LARGEFILE
LogInit:      CURL_VERSION_IDN
LogInit:  CurlRequestOptions (configurable via config and command line):
LogInit:  - bVerifyPeer = false  - Libcurl will NOT verify peer certificate
LogInit:  - bUseHttpProxy = false  - Libcurl will NOT use HTTP proxy
LogInit:  - bDontReuseConnections = false  - Libcurl will reuse connections
LogInit:  - CertBundlePath = nullptr  - Libcurl will use whatever was configured at build time.
LogInit:  - MaxHostConnections = 16  - Libcurl will limit the number of connections to a host
LogInit:  - LocalHostAddr = Default
LogInit:  - BufferSize = 65536
LogInit: WinSock: version 1.1 (2.2), MaxSocks=32767, MaxUdp=65467
LogInit: Build: ++UE4+Release-4.20-CL-4369336
LogInit: Engine Version: 4.20.3-4369336+++UE4+Release-4.20
LogInit: Compatible Engine Version: 4.20.0-4212847+++UE4+Release-4.20
LogInit: Net CL: 4212847
LogInit: OS: Windows 10 (), CPU: Intel(R) Xeon(R) CPU E5-1607 v3 @ 3.10GHz, GPU: NVIDIA GeForce GTX 970
LogInit: Compiled (64-bit): Sep 17 2018 12:26:19
LogInit: Compiled with Visual C++: 19.13.26129.00
LogInit: Build Configuration: Development
LogInit: Branch Name: ++UE4+Release-4.20
LogInit: Command Line:  
LogInit: Base Directory: C:/Epic/UE4/UE_4.20/Engine/Binaries/Win64/
LogInit: Installed Engine Build: 1
LogDevObjectVersion: Number of dev versions registered: 20
LogDevObjectVersion:   Dev-Blueprints (B0D832E4-1F89-4F0D-ACCF-7EB736FD4AA2): 10
LogDevObjectVersion:   Dev-Build (E1C64328-A22C-4D53-A36C-8E866417BD8C): 0
LogDevObjectVersion:   Dev-Core (375EC13C-06E4-48FB-B500-84F0262A717E): 2
LogDevObjectVersion:   Dev-Editor (E4B068ED-F494-42E9-A231-DA0B2E46BB41): 24
LogDevObjectVersion:   Dev-Framework (CFFC743F-43B0-4480-9391-14DF171D2073): 34
LogDevObjectVersion:   Dev-Mobile (B02B49B5-BB20-44E9-A304-32B752E40360): 2
LogDevObjectVersion:   Dev-Networking (A4E4105C-59A1-49B5-A7C5-40C4547EDFEE): 0
LogDevObjectVersion:   Dev-Online (39C831C9-5AE6-47DC-9A44-9C173E1C8E7C): 0
LogDevObjectVersion:   Dev-Physics (78F01B33-EBEA-4F98-B9B4-84EACCB95AA2): 0
LogDevObjectVersion:   Dev-Platform (6631380F-2D4D-43E0-8009-CF276956A95A): 0
LogDevObjectVersion:   Dev-Rendering (12F88B9F-8875-4AFC-A67C-D90C383ABD29): 26
LogDevObjectVersion:   Dev-Sequencer (7B5AE74C-D270-4C10-A958-57980B212A5A): 9
LogDevObjectVersion:   Dev-VR (D7296918-1DD6-4BDD-9DE2-64A83CC13884): 2
LogDevObjectVersion:   Dev-LoadTimes (C2A15278-BFE7-4AFE-6C17-90FF531DF755): 1
LogDevObjectVersion:   Private-Geometry (6EACA3D4-40EC-4CC1-B786-8BED09428FC5): 3
LogDevObjectVersion:   Dev-AnimPhys (29E575DD-E0A3-4627-9D10-D276232CDCEA): 17
LogDevObjectVersion:   Dev-ReflectionCapture (6B266CEC-1EC7-4B8F-A30B-E4D90942FC07): 1
LogDevObjectVersion:   Dev-Automation (0DF73D61-A23F-47EA-B727-89E90C41499A): 1
LogDevObjectVersion:   FortniteMain (601D1886-AC64-4F84-AA16-D3DE0DEAC7D6): 12
LogDevObjectVersion:   Dev-Enterprise (9DFFBCD6-494F-0158-E221-12823C92A888): 1
LogStreaming: Display: Took  0.007s to delete old logs.
LogInit: Presizing for max 8388607 objects, including 0 objects not considered by GC, pre-allocating 0 bytes for permanent pool.
LogInit: Object subsystem initialized
[2018.12.07-16.21.16:508][  0]LogInit: Selected Device Profile: [Windows]
[2018.12.07-16.21.16:508][  0]LogInit: Applying CVar settings loaded from the selected device profile: [Windows]
[2018.12.07-16.21.16:531][  0]LogHAL: Display: Platform has ~ 16 GB [17083682816 / 17179869184 / 16], which maps to Larger [LargestMinGB=32, LargerMinGB=12, DefaultMinGB=8, SmallerMinGB=6, SmallestMinGB=0)
[2018.12.07-16.21.16:531][  0]LogInit: Setting Device Profile CVar: [[r.Vulkan.UseRealUBs:1]]
[2018.12.07-16.21.16:531][  0]LogInit: Going up to parent DeviceProfile []
[2018.12.07-16.21.16:532][  0]LogInit: Computer: S500-26
[2018.12.07-16.21.16:532][  0]LogInit: User: l012265h
[2018.12.07-16.21.16:532][  0]LogInit: CPU Page size=4096, Cores=4
[2018.12.07-16.21.16:532][  0]LogInit: High frequency timer resolution =3.020355 MHz
[2018.12.07-16.21.16:532][  0]LogMemory: Memory total: Physical=15.9GB (16GB approx)
[2018.12.07-16.21.16:532][  0]LogMemory: Platform Memory Stats for Windows
[2018.12.07-16.21.16:532][  0]LogMemory: Process Physical Memory: 100.50 MB used, 100.50 MB peak
[2018.12.07-16.21.16:532][  0]LogMemory: Process Virtual Memory: 84.37 MB used, 84.37 MB peak
[2018.12.07-16.21.16:532][  0]LogMemory: Physical Memory: 6534.46 MB used,  9757.81 MB free, 16292.27 MB total
[2018.12.07-16.21.16:532][  0]LogMemory: Virtual Memory: 4620.35 MB used,  9757.81 MB free, 134217728.00 MB total
[2018.12.07-16.21.16:572][  0]LogInit: Using OS detected language (en-US).
[2018.12.07-16.21.16:572][  0]LogInit: Using OS detected locale (en-GB).
[2018.12.07-16.21.16:574][  0]LogTextLocalizationManager: No specific localization for 'en-US' exists, so the 'en' localization will be used.
[2018.12.07-16.21.17:023][  0]LogStreaming: Display: Took  0.453s to InitEngineTextLocalization.
[2018.12.07-16.21.17:024][  0]LogInit: Setting process to per monitor DPI aware
[2018.12.07-16.21.17:080][  0]LogSlate: New Slate User Created.  User Index 0, Is Virtual User: 0
[2018.12.07-16.21.17:080][  0]LogSlate: Slate User Registered.  User Index 0, Is Virtual User: 0
[2018.12.07-16.21.19:254][  0]LogHMD: Failed to initialize OpenVR with code 110
[2018.12.07-16.21.19:254][  0]LogD3D11RHI: D3D11 adapters:
[2018.12.07-16.21.19:325][  0]LogD3D11RHI:    0. 'NVIDIA GeForce GTX 970' (Feature Level 11_0)
[2018.12.07-16.21.19:325][  0]LogD3D11RHI:       4043/0/8146 MB DedicatedVideo/DedicatedSystem/SharedSystem, Outputs:2, VendorId:0x10de
[2018.12.07-16.21.19:328][  0]LogD3D11RHI:    1. 'Microsoft Basic Render Driver' (Feature Level 11_0)
[2018.12.07-16.21.19:328][  0]LogD3D11RHI:       0/0/8146 MB DedicatedVideo/DedicatedSystem/SharedSystem, Outputs:0, VendorId:0x1414
[2018.12.07-16.21.19:328][  0]LogD3D11RHI: Chosen D3D11 Adapter: 0
[2018.12.07-16.21.19:337][  0]LogD3D11RHI: Creating new Direct3DDevice
[2018.12.07-16.21.19:337][  0]LogD3D11RHI:     GPU DeviceId: 0x13c2 (for the marketing name, search the web for "GPU Device Id")
[2018.12.07-16.21.19:337][  0]LogWindows: EnumDisplayDevices:
[2018.12.07-16.21.19:337][  0]LogWindows:    0. 'NVIDIA GeForce GTX 970' (P:1 D:1)
[2018.12.07-16.21.19:338][  0]LogWindows:    1. 'NVIDIA GeForce GTX 970' (P:0 D:1)
[2018.12.07-16.21.19:338][  0]LogWindows:    2. 'NVIDIA GeForce GTX 970' (P:0 D:0)
[2018.12.07-16.21.19:339][  0]LogWindows:    3. 'NVIDIA GeForce GTX 970' (P:0 D:0)
[2018.12.07-16.21.19:339][  0]LogWindows: DebugString: FoundDriverCount:4 
[2018.12.07-16.21.19:339][  0]LogD3D11RHI:     Adapter Name: NVIDIA GeForce GTX 970
[2018.12.07-16.21.19:339][  0]LogD3D11RHI:   Driver Version: 399.24 (internal:24.21.13.9924, unified:399.24)
[2018.12.07-16.21.19:339][  0]LogD3D11RHI:      Driver Date: 9-5-2018
[2018.12.07-16.21.19:339][  0]LogRHI: Texture pool is 2830 MB (70% of 4043 MB)
[2018.12.07-16.21.19:401][  0]LogD3D11RHI: Async texture creation enabled
[2018.12.07-16.21.19:420][  0]LogD3D11RHI: GPU Timing Frequency: 1000.000000 (Debug: 2 2)
[2018.12.07-16.21.19:509][  0]LogShaderCompilers: Guid format shader working directory is -11 characters bigger than the processId version (../../../../../../Users/l012265h/Documents/GitHub/WGT/ITOSG/Intermediate/Shaders/WorkingDirectory/13072/).
[2018.12.07-16.21.19:510][  0]LogShaderCompilers: Cleaned the shader compiler working directory 'C:/Users/l012265h/AppData/Local/Temp/UnrealShaderWorkingDir/39FC67BB47DC176C8ABDF29C6F607652/'.
[2018.12.07-16.21.19:992][  0]LogTemp: Display: Loaded TP AllDesktopTargetPlatform
[2018.12.07-16.21.20:011][  0]LogTemp: Display: Loaded TP MacClientTargetPlatform
[2018.12.07-16.21.20:029][  0]LogTemp: Display: Loaded TP MacNoEditorTargetPlatform
[2018.12.07-16.21.20:049][  0]LogTemp: Display: Loaded TP MacServerTargetPlatform
[2018.12.07-16.21.20:074][  0]LogTemp: Display: Loaded TP MacTargetPlatform
[2018.12.07-16.21.20:093][  0]LogTemp: Display: Loaded TP WindowsClientTargetPlatform
[2018.12.07-16.21.20:112][  0]LogTemp: Display: Loaded TP WindowsNoEditorTargetPlatform
[2018.12.07-16.21.20:131][  0]LogTemp: Display: Loaded TP WindowsServerTargetPlatform
[2018.12.07-16.21.20:142][  0]LogTemp: Display: Loaded TP WindowsTargetPlatform
[2018.12.07-16.21.20:254][  0]LogTemp: Display: Loaded TP AndroidTargetPlatform
[2018.12.07-16.21.20:254][  0]LogTemp: Display: Loaded TP AndroidTargetPlatform
[2018.12.07-16.21.20:254][  0]LogTemp: Display: Loaded TP AndroidTargetPlatform
[2018.12.07-16.21.20:254][  0]LogTemp: Display: Loaded TP AndroidTargetPlatform
[2018.12.07-16.21.20:254][  0]LogTemp: Display: Loaded TP AndroidTargetPlatform
[2018.12.07-16.21.20:254][  0]LogTemp: Display: Loaded TP AndroidTargetPlatform
[2018.12.07-16.21.20:254][  0]LogTemp: Display: Loaded TP AndroidTargetPlatform
[2018.12.07-16.21.20:254][  0]LogTemp: Display: Loaded TP AndroidTargetPlatform
[2018.12.07-16.21.20:254][  0]LogTemp: Display: Loaded TP AndroidTargetPlatform
[2018.12.07-16.21.20:254][  0]LogTemp: Display: Loaded TP AndroidTargetPlatform
[2018.12.07-16.21.20:254][  0]LogTemp: Display: Loaded TP AndroidTargetPlatform
[2018.12.07-16.21.20:254][  0]LogTemp: Display: Loaded TP AndroidTargetPlatform
[2018.12.07-16.21.20:254][  0]LogTemp: Display: Loaded TP AndroidTargetPlatform
[2018.12.07-16.21.20:254][  0]LogTemp: Display: Loaded TP AndroidTargetPlatform
[2018.12.07-16.21.20:254][  0]LogTemp: Display: Loaded TP AndroidTargetPlatform
[2018.12.07-16.21.20:254][  0]LogTemp: Display: Loaded TP AndroidTargetPlatform
[2018.12.07-16.21.20:254][  0]LogTemp: Display: Loaded TP AndroidTargetPlatform
[2018.12.07-16.21.20:254][  0]LogTemp: Display: Loaded TP AndroidTargetPlatform
[2018.12.07-16.21.20:257][  0]LogTemp: Display: Loaded TP HTML5TargetPlatform
[2018.12.07-16.21.20:335][  0]LogTemp: Display: Loaded TP IOSTargetPlatform
[2018.12.07-16.21.20:335][  0]LogTemp: Display: Loaded TP IOSTargetPlatform
[2018.12.07-16.21.20:365][  0]LogTemp: Display: Loaded TP TVOSTargetPlatform
[2018.12.07-16.21.20:366][  0]LogTemp: Display: Loaded TP TVOSTargetPlatform
[2018.12.07-16.21.20:382][  0]LogTemp: Display: Loaded TP LinuxClientTargetPlatform
[2018.12.07-16.21.20:398][  0]LogTemp: Display: Loaded TP LinuxNoEditorTargetPlatform
[2018.12.07-16.21.20:415][  0]LogTemp: Display: Loaded TP LinuxServerTargetPlatform
[2018.12.07-16.21.20:442][  0]LogTemp: Display: Loaded TP LinuxTargetPlatform
[2018.12.07-16.21.20:454][  0]LogTemp: Display: Loaded TP LuminTargetPlatform
[2018.12.07-16.21.20:454][  0]LogTargetPlatformManager: Display: Building Assets For Windows
[2018.12.07-16.21.20:582][  0]LogXGEController: Cleaning working directory: C:/Users/l012265h/AppData/Local/Temp/UnrealXGEWorkingDir/
[2018.12.07-16.21.20:583][  0]LogXGEController: Cannot use XGE Controller as Incredibuild is not installed on this machine.
[2018.12.07-16.21.20:583][  0]LogShaderCompilers: Cannot use XGE Shader Compiler as Incredibuild is not installed on this machine.
[2018.12.07-16.21.20:583][  0]LogShaderCompilers: Display: Using Local Shader Compiler.
[2018.12.07-16.21.22:617][  0]LogDerivedDataCache: Display: Max Cache Size: 512 MB
[2018.12.07-16.21.22:767][  0]LogDerivedDataCache: Loaded boot cache 0.15s 73MB C:/Users/l012265h/AppData/Local/UnrealEngine/4.20/DerivedDataCache/Boot.ddc.
[2018.12.07-16.21.22:768][  0]LogDerivedDataCache: Display: Loaded Boot cache: C:/Users/l012265h/AppData/Local/UnrealEngine/4.20/DerivedDataCache/Boot.ddc
[2018.12.07-16.21.22:768][  0]LogDerivedDataCache: FDerivedDataBackendGraph:  Pak pak cache file ../../../../../../Users/l012265h/Documents/GitHub/WGT/ITOSG/DerivedDataCache/DDC.ddp not found, will not use a pak cache.
[2018.12.07-16.21.22:768][  0]LogDerivedDataCache: Unable to find inner node Pak for hierarchical cache Hierarchy.
[2018.12.07-16.21.22:769][  0]LogDerivedDataCache: FDerivedDataBackendGraph:  CompressedPak pak cache file ../../../../../../Users/l012265h/Documents/GitHub/WGT/ITOSG/DerivedDataCache/Compressed.ddp not found, will not use a pak cache.
[2018.12.07-16.21.22:769][  0]LogDerivedDataCache: Unable to find inner node CompressedPak for hierarchical cache Hierarchy.
[2018.12.07-16.21.22:783][  0]LogDerivedDataCache: Display: Pak cache opened for reading ../../../Engine/DerivedDataCache/Compressed.ddp.
[2018.12.07-16.21.22:796][  0]LogDerivedDataCache: Using Local data cache path C:/Users/l012265h/AppData/Local/UnrealEngine/Common/DerivedDataCache: Writable
[2018.12.07-16.21.22:796][  0]LogDerivedDataCache: Shared data cache path not found in *engine.ini, will not use an Shared cache.
[2018.12.07-16.21.22:796][  0]LogDerivedDataCache: Unable to find inner node Shared for hierarchical cache Hierarchy.
[2018.12.07-16.21.22:819][  0]LogMaterial: Verifying Global Shaders for PCD3D_SM5
[2018.12.07-16.21.22:820][  0]LogSlate: Using FreeType 2.6.0
[2018.12.07-16.21.22:821][  0]LogSlate: SlateFontServices - WITH_FREETYPE: 1, WITH_HARFBUZZ: 1
[2018.12.07-16.21.22:921][  0]LogAssetRegistry: FAssetRegistry took 0.0289 seconds to start up
[2018.12.07-16.21.23:342][  0]LogInit: Selected Device Profile: [Windows]
[2018.12.07-16.21.23:425][  0]LogSimplygon: Simplygon DLL not present - disabling.
[2018.12.07-16.21.23:432][  0]LogMeshReduction: Using SimplygonSwarm for distributed automatic mesh merging
[2018.12.07-16.21.23:432][  0]LogMeshReduction: Using ProxyLODMeshReduction for automatic mesh merging
[2018.12.07-16.21.23:432][  0]LogMeshReduction: Using QuadricMeshReduction for automatic static mesh reduction
[2018.12.07-16.21.23:432][  0]LogMeshReduction: No automatic skeletal mesh reduction module available
[2018.12.07-16.21.23:548][  0]LogNetVersion: ITOSG 1.0.0, NetCL: 4212847, EngineNetVer: 5, GameNetVer: 0 (Checksum: 987612483)
[2018.12.07-16.21.24:211][  0]LogPackageLocalizationCache: Processed 11 localized package path(s) for 2 prioritized culture(s) in 0.152651 seconds
[2018.12.07-16.21.24:217][  0]LogUObjectArray: 38425 objects as part of root set at end of initial load.
[2018.12.07-16.21.24:217][  0]LogUObjectAllocator: 6690864 out of 0 bytes used by permanent object pool.
[2018.12.07-16.21.24:217][  0]LogUObjectArray: CloseDisregardForGC: 0/0 objects in disregard for GC pool
[2018.12.07-16.21.27:892][  0]LogTcpMessaging: Initializing TcpMessaging bridge
[2018.12.07-16.21.27:906][  0]LogUdpMessaging: Initializing bridge on interface 0.0.0.0:0 to multicast group 230.0.0.1:6666.
[2018.12.07-16.21.28:429][  0]SourceControl: Source control is disabled
[2018.12.07-16.21.28:429][  0]SourceControl: Source control is disabled
[2018.12.07-16.21.28:431][  0]SourceControl: Source control is disabled
[2018.12.07-16.21.28:433][  0]SourceControl: Source control is disabled
[2018.12.07-16.21.28:704][  0]LogAndroidPermission: UAndroidPermissionCallbackProxy::GetInstance
[2018.12.07-16.21.28:797][  0]LogOcInput: OculusInput pre-init called
[2018.12.07-16.21.28:883][  0]LogEngine: Initializing Engine...
[2018.12.07-16.21.28:885][  0]LogHMD: Failed to initialize OpenVR with code 110
[2018.12.07-16.21.28:887][  0]LogStats: UGameplayTagsManager::ConstructGameplayTagTree: ImportINI prefixes -  0.000 s
[2018.12.07-16.21.28:887][  0]LogStats: UGameplayTagsManager::ConstructGameplayTagTree: Construct from data asset -  0.000 s
[2018.12.07-16.21.28:887][  0]LogStats: UGameplayTagsManager::ConstructGameplayTagTree: ImportINI -  0.000 s
[2018.12.07-16.21.28:887][  0]LogStats: UGameplayTagsManager::ConstructGameplayTagTree: GameplayTagTreeChangedEvent.Broadcast -  0.000 s
[2018.12.07-16.21.29:159][  0]LogInit: Initializing FReadOnlyCVARCache
[2018.12.07-16.21.29:184][  0]LogAIModule: Creating AISystem for world Untitled
[2018.12.07-16.21.29:199][  0]LogInit: XAudio2 using 'Speakers (Realtek High Definition Audio)' : 2 channels at 48 kHz using 32 bits per sample (channel mask 0x3)
[2018.12.07-16.21.29:258][  0]LogInit: FAudioDevice initialized.
[2018.12.07-16.21.29:258][  0]LogNetVersion: Set ProjectVersion to 1.0.0.0. Version Checksum will be recalculated on next use.
[2018.12.07-16.21.29:484][  0]LogDerivedDataCache: Saved boot cache 0.23s 73MB C:/Users/l012265h/AppData/Local/UnrealEngine/4.20/DerivedDataCache/Boot.ddc.
[2018.12.07-16.21.29:491][  0]LogInit: Texture streaming: Enabled
[2018.12.07-16.21.29:536][  0]LogEngineSessionManager: EngineSessionManager initialized
[2018.12.07-16.21.29:537][  0]LogEngineSessionManager: EngineSessionManager sent abnormal shutdown report. Type=Crashed, SessionId={C0DB0609-4D86-CBE4-9C2B-1B99971FE15E}
[2018.12.07-16.21.29:576][  0]LogWindowsTextInputMethodSystem: Display: IME system now deactivated.
[2018.12.07-16.21.29:635][  0]LogInit: Transaction tracking system initialized
[2018.12.07-16.21.29:690][  0]BlueprintLog: New page: Editor Load
[2018.12.07-16.21.29:918][  0]LocalizationService: Localization service is disabled
[2018.12.07-16.21.30:298][  0]LogCook: Display: Max memory allowance for cook 16384mb min free memory 0mb
[2018.12.07-16.21.30:298][  0]LogCook: Display: Mobile HDR setting 1
[2018.12.07-16.21.30:298][  0]LogGameplayTags: Display: UGameplayTagsManager::DoneAddingNativeTags. DelegateIsBound: 0
[2018.12.07-16.21.30:298][  0]LogStats: UGameplayTagsManager::ConstructGameplayTagTree: ImportINI prefixes -  0.000 s
[2018.12.07-16.21.30:298][  0]LogStats: UGameplayTagsManager::ConstructGameplayTagTree: Construct from data asset -  0.000 s
[2018.12.07-16.21.30:298][  0]LogStats: UGameplayTagsManager::ConstructGameplayTagTree: ImportINI -  0.000 s
[2018.12.07-16.21.30:299][  0]LogStats: UGameplayTagsManager::ConstructGameplayTagTree: GameplayTagTreeChangedEvent.Broadcast -  0.000 s
[2018.12.07-16.21.30:545][  0]LogFileCache: Scanning file cache for directory 'C:/Users/l012265h/Documents/GitHub/WGT/ITOSG/Content/' took 0.03s
[2018.12.07-16.21.30:545][  0]SourceControl: Source control is disabled
[2018.12.07-16.21.30:545][  0]Cmd: MAP LOAD FILE="../../../../../../Users/l012265h/Documents/GitHub/WGT/ITOSG/Content/TopDownCPP/Maps/TopDownExampleMap.umap" TEMPLATE=0 SHOWPROGRESS=1 FEATURELEVEL=3
[2018.12.07-16.21.30:546][  0]LightingResults: New page: Lighting Build
[2018.12.07-16.21.30:551][  0]MapCheck: New page: Map Check
[2018.12.07-16.21.30:551][  0]LightingResults: New page: Lighting Build
[2018.12.07-16.21.30:670][  0]LogLinker: Warning: Can't find file '/Game/TopDownCPP/Maps/TopDownExampleMap_BuiltData'
[2018.12.07-16.21.30:670][  0]LogLinker: Warning: Can't find file for asset '/Game/TopDownCPP/Maps/TopDownExampleMap_BuiltData' while loading ../../../../../../Users/l012265h/Documents/GitHub/WGT/ITOSG/Content/TopDownCPP/Maps/TopDownExampleMap.umap.
[2018.12.07-16.21.30:670][  0]LoadErrors: Error: /Game/TopDownCPP/Maps/TopDownExampleMap : Can't find file for asset. /Game/TopDownCPP/Maps/TopDownExampleMap_BuiltData
[2018.12.07-16.21.30:862][  0]LogLinker: Warning: Can't find file '/Game/TopDownCPP/Maps/TopDownExampleMap_BuiltData'
[2018.12.07-16.21.30:862][  0]LogLinker: Warning: Can't find file for asset '/Game/TopDownCPP/Maps/TopDownExampleMap_BuiltData' while loading ../../../../../../Users/l012265h/Documents/GitHub/WGT/ITOSG/Content/TopDownCPP/Maps/TopDownExampleMap.umap.
[2018.12.07-16.21.30:862][  0]LoadErrors: Error: /Game/TopDownCPP/Maps/TopDownExampleMap : Can't find file for asset. /Game/TopDownCPP/Maps/TopDownExampleMap_BuiltData
[2018.12.07-16.21.30:877][  0]LogLinker: Warning: Can't find file '/Game/TopDownCPP/Maps/TopDownExampleMap_BuiltData'
[2018.12.07-16.21.30:877][  0]LogLinker: Warning: Can't find file for asset '/Game/TopDownCPP/Maps/TopDownExampleMap_BuiltData' while loading NULL.
[2018.12.07-16.21.30:878][  0]LogLinker: Warning: Can't find file '/Game/TopDownCPP/Maps/TopDownExampleMap_BuiltData'
[2018.12.07-16.21.30:878][  0]LogLinker: Warning: Can't find file for asset '/Game/TopDownCPP/Maps/TopDownExampleMap_BuiltData' while loading NULL.
[2018.12.07-16.21.30:916][  0]LogLinker: Warning: Can't find file '/Game/TopDownCPP/Maps/TopDownExampleMap_BuiltData'
[2018.12.07-16.21.30:916][  0]LoadErrors: Failed to load /Game/TopDownCPP/Maps/TopDownExampleMap_BuiltData.TopDownExampleMap_BuiltData Referenced by PersistentLevel
[2018.12.07-16.21.30:916][  0]LogLinker: Warning: Can't find file for asset '/Game/TopDownCPP/Maps/TopDownExampleMap_BuiltData' while loading NULL.
[2018.12.07-16.21.30:917][  0]LoadErrors: Failed to load /Game/TopDownCPP/Maps/TopDownExampleMap_BuiltData.TopDownExampleMap_BuiltData Referenced by PersistentLevel
[2018.12.07-16.21.31:120][  0]LogAIModule: Creating AISystem for world TopDownExampleMap
[2018.12.07-16.21.31:128][  0]LogEditorServer: Finished looking for orphan Actors (0.000 secs)
[2018.12.07-16.21.31:155][  0]Cmd: MAP CHECKDEP NOCLEARLOG
[2018.12.07-16.21.31:425][  0]MapCheck: Map check complete: 0 Error(s), 0 Warning(s), took 270.526ms to complete.
[2018.12.07-16.21.31:425][  0]LogFileHelpers: Loading map 'TopDownExampleMap' took 0.881
[2018.12.07-16.21.31:586][  0]LogSlate: Updating window title bar state: overlay mode, drag disabled, window buttons hidden, title bar hidden
[2018.12.07-16.21.31:595][  0]LogSlate: Updating window title bar state: overlay mode, drag disabled, window buttons hidden, title bar hidden
[2018.12.07-16.21.31:606][  0]LogSlate: Updating window title bar state: overlay mode, drag disabled, window buttons hidden, title bar hidden
[2018.12.07-16.21.31:618][  0]LogSlate: Updating window title bar state: overlay mode, drag disabled, window buttons hidden, title bar hidden
[2018.12.07-16.21.31:637][  0]LogCollectionManager: Loaded 0 collections in 0.004918 seconds
[2018.12.07-16.21.31:686][  0]LogFileCache: Scanning file cache for directory 'C:/Users/l012265h/Documents/GitHub/WGT/ITOSG/Saved/Collections/' took 0.01s
[2018.12.07-16.21.31:686][  0]LogFileCache: Scanning file cache for directory 'C:/Users/l012265h/Documents/GitHub/WGT/ITOSG/Content/Developers/l012265h/Collections/' took 0.01s
[2018.12.07-16.21.31:686][  0]LogFileCache: Scanning file cache for directory 'C:/Users/l012265h/Documents/GitHub/WGT/ITOSG/Content/Collections/' took 0.01s
[2018.12.07-16.21.31:686][  0]LogCollectionManager: Rebuilt the GUID cache for 0 collections in 0.000000 seconds
[2018.12.07-16.21.31:698][  0]LogContentBrowser: Native class hierarchy populated in 0.0116 seconds. Added 2579 classes and 605 folders.
[2018.12.07-16.21.31:711][  0]LogContentBrowser: Native class hierarchy updated for 'WidgetCarousel' in 0.0006 seconds. Added 0 classes and 0 folders.
[2018.12.07-16.21.31:976][  0]LogContentBrowser: Native class hierarchy updated for 'AddContentDialog' in 0.0006 seconds. Added 0 classes and 0 folders.
[2018.12.07-16.21.31:984][  0]LogContentBrowser: Native class hierarchy updated for 'SceneOutliner' in 0.0006 seconds. Added 1 classes and 2 folders.
[2018.12.07-16.21.32:005][  0]LogSlate: Took 0.000406 seconds to synchronously load lazily loaded font '../../../Engine/Content/Slate/Fonts/Roboto-Regular.ttf' (155K)
[2018.12.07-16.21.32:007][  0]LogSlate: Took 0.000240 seconds to synchronously load lazily loaded font '../../../Engine/Content/Slate/Fonts/Roboto-Bold.ttf' (160K)
[2018.12.07-16.21.32:019][  0]LogSlate: Took 0.006493 seconds to synchronously load lazily loaded font '../../../Engine/Content/Editor/Slate/Fonts/FontAwesome.ttf' (139K)
[2018.12.07-16.21.32:140][  0]LogRenderer: Reallocating scene render targets to support 1208x576 Format 10 NumSamples 1 (Frame:1).
[2018.12.07-16.21.32:264][  0]LogSlate: FSceneViewport::OnFocusLost() reason 2
[2018.12.07-16.21.32:282][  0]LogSlate: Window 'Tutorials' being destroyed
[2018.12.07-16.21.32:316][  0]LogContentBrowser: Native class hierarchy updated for 'HierarchicalLODOutliner' in 0.0006 seconds. Added 0 classes and 0 folders.
[2018.12.07-16.21.32:316][  0]LogLoad: (Engine Initialization) Total time: 20.09 seconds
[2018.12.07-16.21.32:316][  0]LogLoad: (Engine Initialization) Total Blueprint compile time: 0.00 seconds
[2018.12.07-16.21.32:347][  0]LogContentStreaming: Texture pool size now 1000 MB
[2018.12.07-16.21.32:356][  0]LogSlate: FSceneViewport::OnFocusLost() reason 2
[2018.12.07-16.21.32:394][  0]LogSlate: Took 0.000237 seconds to synchronously load lazily loaded font '../../../Engine/Content/Slate/Fonts/Roboto-Light.ttf' (167K)
[2018.12.07-16.21.32:421][  1]LogAssetRegistry: Asset discovery search completed in 9.5225 seconds
[2018.12.07-16.21.32:423][  1]LogCollectionManager: Rebuilt the object cache for 0 collections in 0.000000 seconds (found 0 objects)
[2018.12.07-16.21.32:423][  1]LogCollectionManager: Fixed up redirectors for 0 collections in 0.000055 seconds (updated 0 objects)
[2018.12.07-16.21.48:166][873]LogSlate: Window 'Message Log' being destroyed
[2018.12.07-16.21.48:169][873]LogSlate: Window 'Message Log' being destroyed
[2018.12.07-16.21.57:715][ 15]LogSlate: FSceneViewport::OnFocusLost() reason 0
[2018.12.07-16.21.57:857][ 31]LogSlate: Took 0.000262 seconds to synchronously load lazily loaded font '../../../Engine/Content/Slate/Fonts/Roboto-Light.ttf' (167K)
[2018.12.07-16.21.57:865][ 31]LogAssetEditorManager: Opening Asset editor for WidgetBlueprint /Game/UI/WB_Ingame.WB_Ingame
[2018.12.07-16.21.58:351][ 31]LogClass: Warning: Enum '/Game/AdvancedMagicFX13/DemoRoomData/Blueprints/BP_DemoDisplay_Enum.BP_DemoDisplay_Enum' was upgraded to use FText to store its display name data. Please re-save this asset to avoid issues with localization and determinstic cooking.
[2018.12.07-16.21.58:374][ 31]LogContentBrowser: Native class hierarchy updated for 'BlueprintGraph' in 0.0009 seconds. Added 116 classes and 0 folders.
[2018.12.07-16.21.59:250][ 31]LogSlate: Took 0.000253 seconds to synchronously load lazily loaded font '../../../Engine/Content/Slate/Fonts/Roboto-BoldCondensed.ttf' (158K)
[2018.12.07-16.22.00:430][ 94]LogSlate: Took 0.000259 seconds to synchronously load lazily loaded font '../../../Engine/Content/Slate/Fonts/Roboto-Italic.ttf' (157K)
[2018.12.07-16.22.02:640][312]LogSlate: Window 'WB_Ingame' being destroyed
[2018.12.07-16.22.02:643][312]LogSlate: Window 'WB_Ingame' being destroyed
[2018.12.07-16.23.43:027][331]LogSlate: FSceneViewport::OnFocusLost() reason 0
[2018.12.07-16.23.55:438][550]LogSlate: Only BGRA pngs, bmps or icos are supported in by External Image Picker
[2018.12.07-16.23.55:547][551]LogTemp: Executing iPhonePackager certificates Engine -bundlename com.YourCompany.ITOSG
[2018.12.07-16.23.55:547][551]LogTemp: CWD: C:\Epic\UE4\UE_4.20\Engine\Binaries\DotNET\IOS
[2018.12.07-16.23.55:547][551]LogTemp: Initial Dir: C:\Epic\UE4\UE_4.20
[2018.12.07-16.23.55:547][551]LogTemp: Env CWD: C:\Epic\UE4\UE_4.20\Engine\Binaries\DotNET\IOS
[2018.12.07-16.23.55:547][551]LogTemp: BranchPath = S500-26/C/Epic/UE4/UE_4.20/Engine/Binaries --- GameBranchPath = S500-26/C/Epic/UE4/UE_4.20/Engine/Binaries
[2018.12.07-16.23.55:574][552]LogTemp: IPP ERROR: Could not find provision directory 'C:\Users\l012265h\AppData\Local/Apple Computer/MobileDevice/Provisioning Profiles/'.
[2018.12.07-16.24.28:525][439]LogSlate: Window 'Project Settings' being destroyed
[2018.12.07-16.24.28:528][439]LogSlate: Window 'Project Settings' being destroyed
[2018.12.07-16.24.30:861][716]LogTemp: Repeating last play command: Selected Viewport
[2018.12.07-16.24.30:880][716]LogBlueprintUserMessages: Early PlayInEditor Detection: Level '/Game/TopDownCPP/Maps/TopDownExampleMap.TopDownExampleMap:PersistentLevel' has LevelScriptBlueprint '/Game/TopDownCPP/Maps/TopDownExampleMap.TopDownExampleMap:PersistentLevel.TopDownExampleMap' with GeneratedClass '/Game/TopDownCPP/Maps/TopDownExampleMap.TopDownExampleMap_C' with ClassGeneratedBy '/Game/TopDownCPP/Maps/TopDownExampleMap.TopDownExampleMap:PersistentLevel.TopDownExampleMap'
[2018.12.07-16.24.30:880][716]LogPlayLevel: PlayLevel: No blueprints needed recompiling
[2018.12.07-16.24.30:892][716]PIE: New page: PIE session: TopDownExampleMap (7 Dec 2018 16:24:30)
[2018.12.07-16.24.30:892][716]LogPlayLevel: Creating play world package: /Game/TopDownCPP/Maps/UEDPIE_0_TopDownExampleMap
[2018.12.07-16.24.30:922][716]LogPlayLevel: PIE: StaticDuplicateObject took: (0.029821s)
[2018.12.07-16.24.30:923][716]LogAIModule: Creating AISystem for world TopDownExampleMap
[2018.12.07-16.24.30:923][716]LogPlayLevel: PIE: World Init took: (0.001009s)
[2018.12.07-16.24.30:923][716]LogPlayLevel: PIE: Created PIE world by copying editor world from /Game/TopDownCPP/Maps/TopDownExampleMap.TopDownExampleMap to /Game/TopDownCPP/Maps/UEDPIE_0_TopDownExampleMap.TopDownExampleMap (0.031012s)
[2018.12.07-16.24.30:960][716]LogInit: XAudio2 using 'Speakers (Realtek High Definition Audio)' : 2 channels at 48 kHz using 32 bits per sample (channel mask 0x3)
[2018.12.07-16.24.30:978][716]LogInit: FAudioDevice initialized.
[2018.12.07-16.24.31:020][716]LogLoad: Game class is 'ITOSGGameMode'
[2018.12.07-16.24.31:022][716]LogWorld: Bringing World /Game/TopDownCPP/Maps/UEDPIE_0_TopDownExampleMap.TopDownExampleMap up for play (max tick rate 0) at 2018.12.07-16.24.31
[2018.12.07-16.24.31:022][716]LogWorld: Bringing up level for play took: 0.001544
[2018.12.07-16.24.31:045][716]LogContentBrowser: Native class hierarchy updated for 'MovieSceneCapture' in 0.0006 seconds. Added 10 classes and 0 folders.
[2018.12.07-16.24.31:048][716]PIE: Play in editor start time for /Game/TopDownCPP/Maps/UEDPIE_0_TopDownExampleMap 0.415
[2018.12.07-16.24.31:049][716]LogBlueprintUserMessages: Late PlayInEditor Detection: Level '/Game/TopDownCPP/Maps/TopDownExampleMap.TopDownExampleMap:PersistentLevel' has LevelScriptBlueprint '/Game/TopDownCPP/Maps/TopDownExampleMap.TopDownExampleMap:PersistentLevel.TopDownExampleMap' with GeneratedClass '/Game/TopDownCPP/Maps/TopDownExampleMap.TopDownExampleMap_C' with ClassGeneratedBy '/Game/TopDownCPP/Maps/TopDownExampleMap.TopDownExampleMap:PersistentLevel.TopDownExampleMap'
[2018.12.07-16.24.33:486][716]LogWindows: Error: === Critical error: ===
[2018.12.07-16.24.33:486][716]LogWindows: Error: 
[2018.12.07-16.24.33:486][716]LogWindows: Error: Fatal error!
[2018.12.07-16.24.33:486][716]LogWindows: Error: 
[2018.12.07-16.24.33:486][716]LogWindows: Error: Unhandled Exception: EXCEPTION_ACCESS_VIOLATION writing address 0x00000758
[2018.12.07-16.24.33:486][716]LogWindows: Error: 
[2018.12.07-16.24.33:486][716]LogWindows: Error: [Callstack] 0x00007fffc860512a UE4Editor-ITOSG.dll!AITOSGCharacter::Tick() [c:\users\l012265h\documents\github\wgt\itosg\source\itosg\itosgcharacter.cpp:93]
[2018.12.07-16.24.33:486][716]LogWindows: Error: [Callstack] 0x00007fffd9ca730c UE4Editor-Engine.dll!UnknownFunction []
[2018.12.07-16.24.33:486][716]LogWindows: Error: [Callstack] 0x00007fffd9c65630 UE4Editor-Engine.dll!UnknownFunction []
[2018.12.07-16.24.33:486][716]LogWindows: Error: [Callstack] 0x00007fffdae616bd UE4Editor-Engine.dll!UnknownFunction []
[2018.12.07-16.24.33:486][716]LogWindows: Error: [Callstack] 0x00007fffdc781f92 UE4Editor-Core.dll!UnknownFunction []
[2018.12.07-16.24.33:486][716]LogWindows: Error: [Callstack] 0x00007fffdc782456 UE4Editor-Core.dll!UnknownFunction []
[2018.12.07-16.24.33:486][716]LogWindows: Error: [Callstack] 0x00007fffdc796d25 UE4Editor-Core.dll!UnknownFunction []
[2018.12.07-16.24.33:486][716]LogWindows: Error: [Callstack] 0x00007fffdaeb5b04 UE4Editor-Engine.dll!UnknownFunction []
[2018.12.07-16.24.33:486][716]LogWindows: Error: [Callstack] 0x00007fffdaec4d92 UE4Editor-Engine.dll!UnknownFunction []
[2018.12.07-16.24.33:486][716]LogWindows: Error: [Callstack] 0x00007fffda5c87e4 UE4Editor-Engine.dll!UnknownFunction []
[2018.12.07-16.24.33:486][716]LogWindows: Error: [Callstack] 0x00007fffda5d4003 UE4Editor-Engine.dll!UnknownFunction []
[2018.12.07-16.24.33:486][716]LogWindows: Error: [Callstack] 0x00007fffd8447335 UE4Editor-UnrealEd.dll!UnknownFunction []
[2018.12.07-16.24.33:486][716]LogWindows: Error: [Callstack] 0x00007fffd8d3f666 UE4Editor-UnrealEd.dll!UnknownFunction []
[2018.12.07-16.24.33:486][716]LogWindows: Error: [Callstack] 0x00007ff7ffa05cbd UE4Editor.exe!UnknownFunction []
[2018.12.07-16.24.33:486][716]LogWindows: Error: [Callstack] 0x00007ff7ffa15b3c UE4Editor.exe!UnknownFunction []
[2018.12.07-16.24.33:486][716]LogWindows: Error: [Callstack] 0x00007ff7ffa15bba UE4Editor.exe!UnknownFunction []
[2018.12.07-16.24.33:486][716]LogWindows: Error: [Callstack] 0x00007ff7ffa23dac UE4Editor.exe!UnknownFunction []
[2018.12.07-16.24.33:486][716]LogWindows: Error: [Callstack] 0x00007ff7ffa25aaa UE4Editor.exe!UnknownFunction []
[2018.12.07-16.24.33:486][716]LogWindows: Error: [Callstack] 0x00007ff837463034 KERNEL32.DLL!UnknownFunction []
[2018.12.07-16.24.33:486][716]LogWindows: Error: [Callstack] 0x00007ff838a71471 ntdll.dll!UnknownFunction []
[2018.12.07-16.24.33:486][716]LogWindows: Error: 
[2018.12.07-16.24.33:502][716]LogExit: Executing StaticShutdownAfterError
[2018.12.07-16.24.33:508][716]LogWindows: FPlatformMisc::RequestExit(1)
[2018.12.07-16.24.33:512][716]Log file closed, 12/07/18 16:24:33
