Log file open, 12/07/18 20:42:58
LogWindows: Failed to load 'aqProf.dll' (GetLastError=126)
LogWindows: File 'aqProf.dll' does not exist
LogWindows: Failed to load 'VSPerf140.dll' (GetLastError=126)
LogWindows: File 'VSPerf140.dll' does not exist
LogWindows: Failed to load 'VtuneApi.dll' (GetLastError=126)
LogWindows: File 'VtuneApi.dll' does not exist
LogWindows: Failed to load 'VtuneApi32e.dll' (GetLastError=126)
LogWindows: File 'VtuneApi32e.dll' does not exist
LogInit: Display: Running engine for game: ITOSG
LogPlatformFile: Not using cached read wrapper
LogTaskGraph: Started task graph with 5 named threads and 23 total threads with 3 sets of task threads.
LogStats: Stats thread started at 0.267485
LogD3D11RHI: Loaded GFSDK_Aftermath_Lib.x64.dll
LogICUInternationalization: Display: ICU TimeZone Detection - Raw Offset: +0:00, Platform Override: ''
LogPluginManager: Mounting plugin Paper2D
LogPluginManager: Mounting plugin AISupport
LogPluginManager: Mounting plugin LightPropagationVolume
LogPluginManager: Mounting plugin CLionSourceCodeAccess
LogPluginManager: Mounting plugin CodeLiteSourceCodeAccess
LogPluginManager: Mounting plugin GitSourceControl
LogPluginManager: Mounting plugin KDevelopSourceCodeAccess
LogPluginManager: Mounting plugin NullSourceCodeAccess
LogPluginManager: Mounting plugin PerforceSourceControl
LogPluginManager: Mounting plugin SubversionSourceControl
LogPluginManager: Mounting plugin UObjectPlugin
LogPluginManager: Mounting plugin VisualStudioCodeSourceCodeAccess
LogPluginManager: Mounting plugin VisualStudioSourceCodeAccess
LogPluginManager: Mounting plugin XCodeSourceCodeAccess
LogPluginManager: Mounting plugin AssetManagerEditor
LogPluginManager: Mounting plugin CryptoKeys
LogPluginManager: Mounting plugin DataValidation
LogPluginManager: Mounting plugin FacialAnimation
LogPluginManager: Mounting plugin GameplayTagsEditor
LogPluginManager: Mounting plugin MacGraphicsSwitching
LogPluginManager: Mounting plugin MeshEditor
LogPluginManager: Mounting plugin MobileLauncherProfileWizard
LogPluginManager: Mounting plugin PluginBrowser
LogPluginManager: Mounting plugin SpeedTreeImporter
LogPluginManager: Mounting plugin DatasmithContent
LogPluginManager: Mounting plugin AlembicImporter
LogPluginManager: Mounting plugin AppleImageUtils
LogPluginManager: Mounting plugin AppleVision
LogPluginManager: Mounting plugin BackChannel
LogPluginManager: Mounting plugin CharacterAI
LogPluginManager: Mounting plugin GeometryCache
LogPluginManager: Mounting plugin HTML5Networking
LogPluginManager: Mounting plugin ProxyLODPlugin
LogPluginManager: Mounting plugin MagicLeap
LogPluginManager: Mounting plugin MagicLeapEmulator
LogPluginManager: Mounting plugin MagicLeapMedia
LogPluginManager: Mounting plugin AndroidMedia
LogPluginManager: Mounting plugin AvfMedia
LogPluginManager: Mounting plugin ImgMedia
LogPluginManager: Mounting plugin LinearTimecode
LogPluginManager: Mounting plugin MediaCompositing
LogPluginManager: Mounting plugin MediaPlayerEditor
LogPluginManager: Mounting plugin WmfMedia
LogPluginManager: Mounting plugin TcpMessaging
LogPluginManager: Mounting plugin UdpMessaging
LogPluginManager: Mounting plugin ActorSequence
LogPluginManager: Mounting plugin LevelSequenceEditor
LogPluginManager: Mounting plugin MatineeToLevelSequence
LogPluginManager: Mounting plugin NetcodeUnitTest
LogPluginManager: Mounting plugin NUTUnrealEngine4
LogPluginManager: Mounting plugin OnlineSubsystemGooglePlay
LogPluginManager: Mounting plugin OnlineSubsystemIOS
LogPluginManager: Mounting plugin OnlineSubsystem
LogPluginManager: Mounting plugin OnlineSubsystemNull
LogPluginManager: Mounting plugin OnlineSubsystemUtils
LogPluginManager: Mounting plugin LauncherChunkInstaller
LogPluginManager: Mounting plugin AndroidDeviceProfileSelector
LogPluginManager: Mounting plugin AndroidMoviePlayer
LogPluginManager: Mounting plugin AndroidPermission
LogPluginManager: Mounting plugin AppleMoviePlayer
LogPluginManager: Mounting plugin ArchVisCharacter
LogPluginManager: Mounting plugin AudioCapture
LogPluginManager: Mounting plugin CableComponent
LogPluginManager: Mounting plugin CustomMeshComponent
LogPluginManager: Mounting plugin EditableMesh
LogPluginManager: Mounting plugin ExampleDeviceProfileSelector
LogPluginManager: Mounting plugin GoogleCloudMessaging
LogPluginManager: Mounting plugin ImmediatePhysics
LogPluginManager: Mounting plugin IOSDeviceProfileSelector
LogPluginManager: Mounting plugin LinuxDeviceProfileSelector
LogPluginManager: Mounting plugin LocationServicesBPLibrary
LogPluginManager: Mounting plugin MobilePatchingUtils
LogPluginManager: Mounting plugin OculusVR
LogPluginManager: Plugin shader directory ../../../Engine/Plugins/Runtime/Oculus/OculusVR/Shaders found
LogPluginManager: Mapping shader source directory ../../../Engine/Plugins/Runtime/Oculus/OculusVR/Shaders to virtual directory /Plugin/OculusVR
LogPluginManager: Mounting plugin PhysXVehicles
LogPluginManager: Mounting plugin ProceduralMeshComponent
LogPluginManager: Mounting plugin RuntimePhysXCooking
LogPluginManager: Mounting plugin SteamVR
LogPluginManager: Mounting plugin WindowsMoviePlayer
LogStreaming: Display: Took  0.064s to configure plugins.
LogInit: Using libcurl 7.55.1-DEV
LogInit:  - built for x86_64-pc-win32
LogInit:  - supports SSL with OpenSSL/1.0.2h
LogInit:  - supports HTTP deflate (compression) using libz 1.2.8
LogInit:  - other features:
LogInit:      CURL_VERSION_SSL
LogInit:      CURL_VERSION_LIBZ
LogInit:      CURL_VERSION_IPV6
LogInit:      CURL_VERSION_ASYNCHDNS
LogInit:      CURL_VERSION_LARGEFILE
LogInit:      CURL_VERSION_IDN
LogInit:  CurlRequestOptions (configurable via config and command line):
LogInit:  - bVerifyPeer = false  - Libcurl will NOT verify peer certificate
LogInit:  - bUseHttpProxy = false  - Libcurl will NOT use HTTP proxy
LogInit:  - bDontReuseConnections = false  - Libcurl will reuse connections
LogInit:  - CertBundlePath = nullptr  - Libcurl will use whatever was configured at build time.
LogInit:  - MaxHostConnections = 16  - Libcurl will limit the number of connections to a host
LogInit:  - LocalHostAddr = Default
LogInit:  - BufferSize = 65536
LogInit: WinSock: version 1.1 (2.2), MaxSocks=32767, MaxUdp=65467
LogInit: Build: ++UE4+Release-4.20-CL-4369336
LogInit: Engine Version: 4.20.3-4369336+++UE4+Release-4.20
LogInit: Compatible Engine Version: 4.20.0-4212847+++UE4+Release-4.20
LogInit: Net CL: 4212847
LogInit: OS: Windows 10 (), CPU: Intel(R) Core(TM) i7-6700K CPU @ 4.00GHz, GPU: NVIDIA GeForce GTX 1060 6GB
LogInit: Compiled (64-bit): Sep 17 2018 12:26:19
LogInit: Compiled with Visual C++: 19.13.26129.00
LogInit: Build Configuration: Development
LogInit: Branch Name: ++UE4+Release-4.20
LogInit: Command Line:  
LogInit: Base Directory: D:/UE_4.20/Engine/Binaries/Win64/
LogInit: Installed Engine Build: 1
LogDevObjectVersion: Number of dev versions registered: 20
LogDevObjectVersion:   Dev-Blueprints (B0D832E4-1F89-4F0D-ACCF-7EB736FD4AA2): 10
LogDevObjectVersion:   Dev-Build (E1C64328-A22C-4D53-A36C-8E866417BD8C): 0
LogDevObjectVersion:   Dev-Core (375EC13C-06E4-48FB-B500-84F0262A717E): 2
LogDevObjectVersion:   Dev-Editor (E4B068ED-F494-42E9-A231-DA0B2E46BB41): 24
LogDevObjectVersion:   Dev-Framework (CFFC743F-43B0-4480-9391-14DF171D2073): 34
LogDevObjectVersion:   Dev-Mobile (B02B49B5-BB20-44E9-A304-32B752E40360): 2
LogDevObjectVersion:   Dev-Networking (A4E4105C-59A1-49B5-A7C5-40C4547EDFEE): 0
LogDevObjectVersion:   Dev-Online (39C831C9-5AE6-47DC-9A44-9C173E1C8E7C): 0
LogDevObjectVersion:   Dev-Physics (78F01B33-EBEA-4F98-B9B4-84EACCB95AA2): 0
LogDevObjectVersion:   Dev-Platform (6631380F-2D4D-43E0-8009-CF276956A95A): 0
LogDevObjectVersion:   Dev-Rendering (12F88B9F-8875-4AFC-A67C-D90C383ABD29): 26
LogDevObjectVersion:   Dev-Sequencer (7B5AE74C-D270-4C10-A958-57980B212A5A): 9
LogDevObjectVersion:   Dev-VR (D7296918-1DD6-4BDD-9DE2-64A83CC13884): 2
LogDevObjectVersion:   Dev-LoadTimes (C2A15278-BFE7-4AFE-6C17-90FF531DF755): 1
LogDevObjectVersion:   Private-Geometry (6EACA3D4-40EC-4CC1-B786-8BED09428FC5): 3
LogDevObjectVersion:   Dev-AnimPhys (29E575DD-E0A3-4627-9D10-D276232CDCEA): 17
LogDevObjectVersion:   Dev-ReflectionCapture (6B266CEC-1EC7-4B8F-A30B-E4D90942FC07): 1
LogDevObjectVersion:   Dev-Automation (0DF73D61-A23F-47EA-B727-89E90C41499A): 1
LogDevObjectVersion:   FortniteMain (601D1886-AC64-4F84-AA16-D3DE0DEAC7D6): 12
LogDevObjectVersion:   Dev-Enterprise (9DFFBCD6-494F-0158-E221-12823C92A888): 1
LogStreaming: Display: Took  0.001s to delete old logs.
LogInit: Presizing for max 8388607 objects, including 0 objects not considered by GC, pre-allocating 0 bytes for permanent pool.
LogInit: Object subsystem initialized
[2018.12.07-20.42.59:105][  0]LogInit: Selected Device Profile: [Windows]
[2018.12.07-20.42.59:105][  0]LogInit: Applying CVar settings loaded from the selected device profile: [Windows]
[2018.12.07-20.42.59:114][  0]LogHAL: Display: Platform has ~ 16 GB [17090912256 / 17179869184 / 16], which maps to Larger [LargestMinGB=32, LargerMinGB=12, DefaultMinGB=8, SmallerMinGB=6, SmallestMinGB=0)
[2018.12.07-20.42.59:114][  0]LogInit: Setting Device Profile CVar: [[r.Vulkan.UseRealUBs:1]]
[2018.12.07-20.42.59:114][  0]LogInit: Going up to parent DeviceProfile []
[2018.12.07-20.42.59:115][  0]LogInit: Computer: SKOOBIE
[2018.12.07-20.42.59:115][  0]LogInit: User: Skoobie
[2018.12.07-20.42.59:115][  0]LogInit: CPU Page size=4096, Cores=4
[2018.12.07-20.42.59:115][  0]LogInit: High frequency timer resolution =3.914063 MHz
[2018.12.07-20.42.59:115][  0]LogMemory: Memory total: Physical=15.9GB (16GB approx)
[2018.12.07-20.42.59:115][  0]LogMemory: Platform Memory Stats for Windows
[2018.12.07-20.42.59:115][  0]LogMemory: Process Physical Memory: 100.21 MB used, 100.21 MB peak
[2018.12.07-20.42.59:115][  0]LogMemory: Process Virtual Memory: 90.98 MB used, 90.98 MB peak
[2018.12.07-20.42.59:115][  0]LogMemory: Physical Memory: 8743.43 MB used,  7555.73 MB free, 16299.16 MB total
[2018.12.07-20.42.59:115][  0]LogMemory: Virtual Memory: 4644.85 MB used,  7555.73 MB free, 134217728.00 MB total
[2018.12.07-20.42.59:129][  0]LogInit: Using OS detected language (en-GB).
[2018.12.07-20.42.59:129][  0]LogInit: Using OS detected locale (en-GB).
[2018.12.07-20.42.59:130][  0]LogTextLocalizationManager: No specific localization for 'en-GB' exists, so the 'en' localization will be used.
[2018.12.07-20.42.59:423][  0]LogStreaming: Display: Took  0.295s to InitEngineTextLocalization.
[2018.12.07-20.42.59:423][  0]LogInit: Setting process to per monitor DPI aware
[2018.12.07-20.42.59:464][  0]LogSlate: New Slate User Created.  User Index 0, Is Virtual User: 0
[2018.12.07-20.42.59:464][  0]LogSlate: Slate User Registered.  User Index 0, Is Virtual User: 0
[2018.12.07-20.42.59:627][  0]LogHMD: Failed to initialize OpenVR with code 126
[2018.12.07-20.42.59:627][  0]LogD3D11RHI: D3D11 adapters:
[2018.12.07-20.42.59:679][  0]LogD3D11RHI:    0. 'NVIDIA GeForce GTX 1060 6GB' (Feature Level 11_0)
[2018.12.07-20.42.59:679][  0]LogD3D11RHI:       6052/0/8149 MB DedicatedVideo/DedicatedSystem/SharedSystem, Outputs:1, VendorId:0x10de
[2018.12.07-20.42.59:681][  0]LogD3D11RHI:    1. 'Microsoft Basic Render Driver' (Feature Level 11_0)
[2018.12.07-20.42.59:681][  0]LogD3D11RHI:       0/0/8149 MB DedicatedVideo/DedicatedSystem/SharedSystem, Outputs:0, VendorId:0x1414
[2018.12.07-20.42.59:681][  0]LogD3D11RHI: Chosen D3D11 Adapter: 0
[2018.12.07-20.42.59:687][  0]LogD3D11RHI: Creating new Direct3DDevice
[2018.12.07-20.42.59:687][  0]LogD3D11RHI:     GPU DeviceId: 0x1c03 (for the marketing name, search the web for "GPU Device Id")
[2018.12.07-20.42.59:687][  0]LogWindows: EnumDisplayDevices:
[2018.12.07-20.42.59:687][  0]LogWindows:    0. 'NVIDIA GeForce GTX 1060 6GB' (P:1 D:1)
[2018.12.07-20.42.59:688][  0]LogWindows:    1. 'NVIDIA GeForce GTX 1060 6GB' (P:0 D:0)
[2018.12.07-20.42.59:688][  0]LogWindows:    2. 'NVIDIA GeForce GTX 1060 6GB' (P:0 D:0)
[2018.12.07-20.42.59:688][  0]LogWindows:    3. 'NVIDIA GeForce GTX 1060 6GB' (P:0 D:0)
[2018.12.07-20.42.59:688][  0]LogWindows: DebugString: FoundDriverCount:4 
[2018.12.07-20.42.59:688][  0]LogD3D11RHI:     Adapter Name: NVIDIA GeForce GTX 1060 6GB
[2018.12.07-20.42.59:688][  0]LogD3D11RHI:   Driver Version: 417.22 (internal:25.21.14.1722, unified:417.22)
[2018.12.07-20.42.59:688][  0]LogD3D11RHI:      Driver Date: 11-29-2018
[2018.12.07-20.42.59:688][  0]LogRHI: Texture pool is 4236 MB (70% of 6052 MB)
[2018.12.07-20.42.59:727][  0]LogD3D11RHI: Async texture creation enabled
[2018.12.07-20.42.59:756][  0]LogD3D11RHI: GPU Timing Frequency: 1000.000000 (Debug: 2 2)
[2018.12.07-20.42.59:757][  0]LogShaderCompilers: Guid format shader working directory is 25 characters bigger than the processId version (../../../../WGT2/ITOSG/Intermediate/Shaders/WorkingDirectory/13916/).
[2018.12.07-20.42.59:757][  0]LogShaderCompilers: Cleaned the shader compiler working directory 'C:/Users/Skoobie/AppData/Local/Temp/UnrealShaderWorkingDir/E2C6B0A847332292927ECFBCFCCD4982/'.
[2018.12.07-20.43.00:017][  0]LogTemp: Display: Loaded TP AllDesktopTargetPlatform
[2018.12.07-20.43.00:032][  0]LogTemp: Display: Loaded TP MacClientTargetPlatform
[2018.12.07-20.43.00:046][  0]LogTemp: Display: Loaded TP MacNoEditorTargetPlatform
[2018.12.07-20.43.00:060][  0]LogTemp: Display: Loaded TP MacServerTargetPlatform
[2018.12.07-20.43.00:073][  0]LogTemp: Display: Loaded TP MacTargetPlatform
[2018.12.07-20.43.00:087][  0]LogTemp: Display: Loaded TP WindowsClientTargetPlatform
[2018.12.07-20.43.00:099][  0]LogTemp: Display: Loaded TP WindowsNoEditorTargetPlatform
[2018.12.07-20.43.00:118][  0]LogTemp: Display: Loaded TP WindowsServerTargetPlatform
[2018.12.07-20.43.00:126][  0]LogTemp: Display: Loaded TP WindowsTargetPlatform
[2018.12.07-20.43.00:221][  0]LogTemp: Display: Loaded TP AndroidTargetPlatform
[2018.12.07-20.43.00:221][  0]LogTemp: Display: Loaded TP AndroidTargetPlatform
[2018.12.07-20.43.00:221][  0]LogTemp: Display: Loaded TP AndroidTargetPlatform
[2018.12.07-20.43.00:221][  0]LogTemp: Display: Loaded TP AndroidTargetPlatform
[2018.12.07-20.43.00:221][  0]LogTemp: Display: Loaded TP AndroidTargetPlatform
[2018.12.07-20.43.00:221][  0]LogTemp: Display: Loaded TP AndroidTargetPlatform
[2018.12.07-20.43.00:221][  0]LogTemp: Display: Loaded TP AndroidTargetPlatform
[2018.12.07-20.43.00:221][  0]LogTemp: Display: Loaded TP AndroidTargetPlatform
[2018.12.07-20.43.00:221][  0]LogTemp: Display: Loaded TP AndroidTargetPlatform
[2018.12.07-20.43.00:221][  0]LogTemp: Display: Loaded TP AndroidTargetPlatform
[2018.12.07-20.43.00:221][  0]LogTemp: Display: Loaded TP AndroidTargetPlatform
[2018.12.07-20.43.00:221][  0]LogTemp: Display: Loaded TP AndroidTargetPlatform
[2018.12.07-20.43.00:221][  0]LogTemp: Display: Loaded TP AndroidTargetPlatform
[2018.12.07-20.43.00:221][  0]LogTemp: Display: Loaded TP AndroidTargetPlatform
[2018.12.07-20.43.00:221][  0]LogTemp: Display: Loaded TP AndroidTargetPlatform
[2018.12.07-20.43.00:221][  0]LogTemp: Display: Loaded TP AndroidTargetPlatform
[2018.12.07-20.43.00:221][  0]LogTemp: Display: Loaded TP AndroidTargetPlatform
[2018.12.07-20.43.00:221][  0]LogTemp: Display: Loaded TP AndroidTargetPlatform
[2018.12.07-20.43.00:222][  0]LogTemp: Display: Loaded TP HTML5TargetPlatform
[2018.12.07-20.43.00:278][  0]LogTemp: Display: Loaded TP IOSTargetPlatform
[2018.12.07-20.43.00:278][  0]LogTemp: Display: Loaded TP IOSTargetPlatform
[2018.12.07-20.43.00:306][  0]LogTemp: Display: Loaded TP TVOSTargetPlatform
[2018.12.07-20.43.00:306][  0]LogTemp: Display: Loaded TP TVOSTargetPlatform
[2018.12.07-20.43.00:321][  0]LogTemp: Display: Loaded TP LinuxClientTargetPlatform
[2018.12.07-20.43.00:334][  0]LogTemp: Display: Loaded TP LinuxNoEditorTargetPlatform
[2018.12.07-20.43.00:349][  0]LogTemp: Display: Loaded TP LinuxServerTargetPlatform
[2018.12.07-20.43.00:362][  0]LogTemp: Display: Loaded TP LinuxTargetPlatform
[2018.12.07-20.43.00:371][  0]LogTemp: Display: Loaded TP LuminTargetPlatform
[2018.12.07-20.43.00:371][  0]LogTargetPlatformManager: Display: Building Assets For Windows
[2018.12.07-20.43.00:411][  0]LogXGEController: Cleaning working directory: C:/Users/Skoobie/AppData/Local/Temp/UnrealXGEWorkingDir/
[2018.12.07-20.43.00:411][  0]LogXGEController: Cannot use XGE Controller as Incredibuild is not installed on this machine.
[2018.12.07-20.43.00:411][  0]LogShaderCompilers: Cannot use XGE Shader Compiler as Incredibuild is not installed on this machine.
[2018.12.07-20.43.00:411][  0]LogShaderCompilers: Display: Using Local Shader Compiler.
[2018.12.07-20.43.01:008][  0]LogDerivedDataCache: Display: Max Cache Size: 512 MB
[2018.12.07-20.43.01:067][  0]LogDerivedDataCache: Loaded boot cache 0.06s 73MB C:/Users/Skoobie/AppData/Local/UnrealEngine/4.20/DerivedDataCache/Boot.ddc.
[2018.12.07-20.43.01:068][  0]LogDerivedDataCache: Display: Loaded Boot cache: C:/Users/Skoobie/AppData/Local/UnrealEngine/4.20/DerivedDataCache/Boot.ddc
[2018.12.07-20.43.01:068][  0]LogDerivedDataCache: FDerivedDataBackendGraph:  Pak pak cache file ../../../../WGT2/ITOSG/DerivedDataCache/DDC.ddp not found, will not use a pak cache.
[2018.12.07-20.43.01:068][  0]LogDerivedDataCache: Unable to find inner node Pak for hierarchical cache Hierarchy.
[2018.12.07-20.43.01:068][  0]LogDerivedDataCache: FDerivedDataBackendGraph:  CompressedPak pak cache file ../../../../WGT2/ITOSG/DerivedDataCache/Compressed.ddp not found, will not use a pak cache.
[2018.12.07-20.43.01:068][  0]LogDerivedDataCache: Unable to find inner node CompressedPak for hierarchical cache Hierarchy.
[2018.12.07-20.43.01:078][  0]LogDerivedDataCache: Display: Pak cache opened for reading ../../../Engine/DerivedDataCache/Compressed.ddp.
[2018.12.07-20.43.01:091][  0]LogDerivedDataCache: Using Local data cache path C:/Users/Skoobie/AppData/Local/UnrealEngine/Common/DerivedDataCache: Writable
[2018.12.07-20.43.01:091][  0]LogDerivedDataCache: Shared data cache path not found in *engine.ini, will not use an Shared cache.
[2018.12.07-20.43.01:091][  0]LogDerivedDataCache: Unable to find inner node Shared for hierarchical cache Hierarchy.
[2018.12.07-20.43.01:105][  0]LogMaterial: Verifying Global Shaders for PCD3D_SM5
[2018.12.07-20.43.01:107][  0]LogSlate: Using FreeType 2.6.0
[2018.12.07-20.43.01:107][  0]LogSlate: SlateFontServices - WITH_FREETYPE: 1, WITH_HARFBUZZ: 1
[2018.12.07-20.43.01:170][  0]LogAssetRegistry: FAssetRegistry took 0.0251 seconds to start up
[2018.12.07-20.43.01:430][  0]LogInit: Selected Device Profile: [Windows]
[2018.12.07-20.43.01:525][  0]LogSimplygon: Simplygon DLL not present - disabling.
[2018.12.07-20.43.01:527][  0]LogMeshReduction: Using SimplygonSwarm for distributed automatic mesh merging
[2018.12.07-20.43.01:527][  0]LogMeshReduction: Using ProxyLODMeshReduction for automatic mesh merging
[2018.12.07-20.43.01:527][  0]LogMeshReduction: Using QuadricMeshReduction for automatic static mesh reduction
[2018.12.07-20.43.01:527][  0]LogMeshReduction: No automatic skeletal mesh reduction module available
[2018.12.07-20.43.01:540][  0]LogNetVersion: ITOSG 1.0.0, NetCL: 4212847, EngineNetVer: 5, GameNetVer: 0 (Checksum: 987612483)
[2018.12.07-20.43.01:948][  0]LogPackageLocalizationCache: Processed 11 localized package path(s) for 2 prioritized culture(s) in 0.077514 seconds
[2018.12.07-20.43.01:954][  0]LogUObjectArray: 38425 objects as part of root set at end of initial load.
[2018.12.07-20.43.01:954][  0]LogUObjectAllocator: 6690872 out of 0 bytes used by permanent object pool.
[2018.12.07-20.43.01:954][  0]LogUObjectArray: CloseDisregardForGC: 0/0 objects in disregard for GC pool
[2018.12.07-20.43.02:582][  0]LogTcpMessaging: Initializing TcpMessaging bridge
[2018.12.07-20.43.02:594][  0]LogUdpMessaging: Initializing bridge on interface 0.0.0.0:0 to multicast group 230.0.0.1:6666.
[2018.12.07-20.43.02:834][  0]SourceControl: Source control is disabled
[2018.12.07-20.43.02:834][  0]SourceControl: Source control is disabled
[2018.12.07-20.43.02:835][  0]SourceControl: Source control is disabled
[2018.12.07-20.43.02:835][  0]SourceControl: Source control is disabled
[2018.12.07-20.43.02:982][  0]LogAndroidPermission: UAndroidPermissionCallbackProxy::GetInstance
[2018.12.07-20.43.03:050][  0]LogOcInput: OculusInput pre-init called
[2018.12.07-20.43.03:094][  0]LogEngine: Initializing Engine...
[2018.12.07-20.43.03:114][  0]LogHMD: Failed to initialize OpenVR with code 126
[2018.12.07-20.43.03:115][  0]LogStats: UGameplayTagsManager::ConstructGameplayTagTree: ImportINI prefixes -  0.000 s
[2018.12.07-20.43.03:115][  0]LogStats: UGameplayTagsManager::ConstructGameplayTagTree: Construct from data asset -  0.000 s
[2018.12.07-20.43.03:115][  0]LogStats: UGameplayTagsManager::ConstructGameplayTagTree: ImportINI -  0.000 s
[2018.12.07-20.43.03:115][  0]LogStats: UGameplayTagsManager::ConstructGameplayTagTree: GameplayTagTreeChangedEvent.Broadcast -  0.000 s
[2018.12.07-20.43.03:270][  0]LogInit: Initializing FReadOnlyCVARCache
[2018.12.07-20.43.03:280][  0]LogAIModule: Creating AISystem for world Untitled
[2018.12.07-20.43.03:343][  0]LogInit: XAudio2 using 'Speakers (USB PnP Sound Device)' : 2 channels at 44.1 kHz using 16 bits per sample (channel mask 0x3)
[2018.12.07-20.43.03:356][  0]LogInit: FAudioDevice initialized.
[2018.12.07-20.43.03:357][  0]LogNetVersion: Set ProjectVersion to 1.0.0.0. Version Checksum will be recalculated on next use.
[2018.12.07-20.43.03:420][  0]LogDerivedDataCache: Saved boot cache 0.06s 73MB C:/Users/Skoobie/AppData/Local/UnrealEngine/4.20/DerivedDataCache/Boot.ddc.
[2018.12.07-20.43.03:425][  0]LogInit: Texture streaming: Enabled
[2018.12.07-20.43.03:436][  0]LogEngineSessionManager: EngineSessionManager initialized
[2018.12.07-20.43.03:445][  0]LogInit: Transaction tracking system initialized
[2018.12.07-20.43.03:459][  0]BlueprintLog: New page: Editor Load
[2018.12.07-20.43.03:539][  0]LocalizationService: Localization service is disabled
[2018.12.07-20.43.03:751][  0]LogCook: Display: Max memory allowance for cook 16384mb min free memory 0mb
[2018.12.07-20.43.03:751][  0]LogCook: Display: Mobile HDR setting 1
[2018.12.07-20.43.03:751][  0]LogGameplayTags: Display: UGameplayTagsManager::DoneAddingNativeTags. DelegateIsBound: 0
[2018.12.07-20.43.03:751][  0]LogStats: UGameplayTagsManager::ConstructGameplayTagTree: ImportINI prefixes -  0.000 s
[2018.12.07-20.43.03:751][  0]LogStats: UGameplayTagsManager::ConstructGameplayTagTree: Construct from data asset -  0.000 s
[2018.12.07-20.43.03:751][  0]LogStats: UGameplayTagsManager::ConstructGameplayTagTree: ImportINI -  0.000 s
[2018.12.07-20.43.03:751][  0]LogStats: UGameplayTagsManager::ConstructGameplayTagTree: GameplayTagTreeChangedEvent.Broadcast -  0.000 s
[2018.12.07-20.43.03:827][  0]LogFileCache: Scanning file cache for directory 'D:/WGT2/ITOSG/Content/' took 0.01s
[2018.12.07-20.43.03:828][  0]SourceControl: Source control is disabled
[2018.12.07-20.43.03:828][  0]Cmd: MAP LOAD FILE="../../../../WGT2/ITOSG/Content/TopDownCPP/Maps/TopDownExampleMap.umap" TEMPLATE=0 SHOWPROGRESS=1 FEATURELEVEL=3
[2018.12.07-20.43.03:828][  0]LightingResults: New page: Lighting Build
[2018.12.07-20.43.03:829][  0]MapCheck: New page: Map Check
[2018.12.07-20.43.03:829][  0]LightingResults: New page: Lighting Build
[2018.12.07-20.43.04:159][  0]LogAIModule: Creating AISystem for world TopDownExampleMap
[2018.12.07-20.43.04:165][  0]LogEditorServer: Finished looking for orphan Actors (0.000 secs)
[2018.12.07-20.43.04:185][  0]Cmd: MAP CHECKDEP NOCLEARLOG
[2018.12.07-20.43.04:233][  0]MapCheck: Map check complete: 0 Error(s), 0 Warning(s), took 47.529ms to complete.
[2018.12.07-20.43.04:233][  0]LogFileHelpers: Loading map 'TopDownExampleMap' took 0.404
[2018.12.07-20.43.04:311][  0]LogSlate: Updating window title bar state: overlay mode, drag disabled, window buttons hidden, title bar hidden
[2018.12.07-20.43.04:317][  0]LogSlate: Updating window title bar state: overlay mode, drag disabled, window buttons hidden, title bar hidden
[2018.12.07-20.43.04:323][  0]LogSlate: Updating window title bar state: overlay mode, drag disabled, window buttons hidden, title bar hidden
[2018.12.07-20.43.04:329][  0]LogSlate: Updating window title bar state: overlay mode, drag disabled, window buttons hidden, title bar hidden
[2018.12.07-20.43.04:332][  0]LogCollectionManager: Loaded 0 collections in 0.000814 seconds
[2018.12.07-20.43.04:370][  0]LogFileCache: Scanning file cache for directory 'D:/WGT2/ITOSG/Saved/Collections/' took 0.01s
[2018.12.07-20.43.04:370][  0]LogFileCache: Scanning file cache for directory 'D:/WGT2/ITOSG/Content/Developers/Skoobie/Collections/' took 0.01s
[2018.12.07-20.43.04:370][  0]LogFileCache: Scanning file cache for directory 'D:/WGT2/ITOSG/Content/Collections/' took 0.01s
[2018.12.07-20.43.04:370][  0]LogCollectionManager: Rebuilt the GUID cache for 0 collections in 0.000001 seconds
[2018.12.07-20.43.04:378][  0]LogContentBrowser: Native class hierarchy populated in 0.0074 seconds. Added 2579 classes and 605 folders.
[2018.12.07-20.43.04:381][  0]LogContentBrowser: Native class hierarchy updated for 'WidgetCarousel' in 0.0002 seconds. Added 0 classes and 0 folders.
[2018.12.07-20.43.04:412][  0]LogContentBrowser: Native class hierarchy updated for 'AddContentDialog' in 0.0002 seconds. Added 0 classes and 0 folders.
[2018.12.07-20.43.04:416][  0]LogContentBrowser: Native class hierarchy updated for 'SceneOutliner' in 0.0003 seconds. Added 1 classes and 2 folders.
[2018.12.07-20.43.04:475][  0]LogSlate: Took 0.000205 seconds to synchronously load lazily loaded font '../../../Engine/Content/Slate/Fonts/Roboto-Regular.ttf' (155K)
[2018.12.07-20.43.04:477][  0]LogSlate: Took 0.000185 seconds to synchronously load lazily loaded font '../../../Engine/Content/Slate/Fonts/Roboto-Bold.ttf' (160K)
[2018.12.07-20.43.04:483][  0]LogSlate: Took 0.000357 seconds to synchronously load lazily loaded font '../../../Engine/Content/Editor/Slate/Fonts/FontAwesome.ttf' (139K)
[2018.12.07-20.43.04:554][  0]LogRenderer: Reallocating scene render targets to support 1208x576 Format 10 NumSamples 1 (Frame:1).
[2018.12.07-20.43.04:699][  0]LogContentBrowser: Native class hierarchy updated for 'HierarchicalLODOutliner' in 0.0002 seconds. Added 0 classes and 0 folders.
[2018.12.07-20.43.04:699][  0]LogLoad: (Engine Initialization) Total time: 6.85 seconds
[2018.12.07-20.43.04:699][  0]LogLoad: (Engine Initialization) Total Blueprint compile time: 0.00 seconds
[2018.12.07-20.43.04:709][  0]LogSlate: FSceneViewport::OnFocusLost() reason 0
[2018.12.07-20.43.04:709][  0]LogWindowsTextInputMethodSystem: Display: IME system now deactivated.
[2018.12.07-20.43.04:729][  0]LogContentStreaming: Texture pool size now 1000 MB
[2018.12.07-20.43.04:755][  0]LogSlate: Took 0.000107 seconds to synchronously load lazily loaded font '../../../Engine/Content/Slate/Fonts/Roboto-Light.ttf' (167K)
[2018.12.07-20.43.04:781][  1]LogActor: Warning: MyPickup_C /Engine/Transient.World_0:PersistentLevel.MyPickup_C_0 has natively added scene component(s), but none of them were set as the actor's RootComponent - picking one arbitrarily
[2018.12.07-20.43.04:791][  1]LogAssetRegistry: Asset discovery search completed in 3.6432 seconds
[2018.12.07-20.43.04:793][  1]LogCollectionManager: Rebuilt the object cache for 0 collections in 0.000000 seconds (found 0 objects)
[2018.12.07-20.43.04:793][  1]LogCollectionManager: Fixed up redirectors for 0 collections in 0.000063 seconds (updated 0 objects)
[2018.12.07-20.43.04:827][  2]LogActor: Warning: BP_Pickup_Cube_C /Engine/Transient.World_1:PersistentLevel.BP_Pickup_Cube_C_0 has natively added scene component(s), but none of them were set as the actor's RootComponent - picking one arbitrarily
[2018.12.07-20.43.08:699][150]LogTemp: Repeating last play command: Selected Viewport
[2018.12.07-20.43.08:713][150]LogBlueprintUserMessages: Early PlayInEditor Detection: Level '/Game/TopDownCPP/Maps/TopDownExampleMap.TopDownExampleMap:PersistentLevel' has LevelScriptBlueprint '/Game/TopDownCPP/Maps/TopDownExampleMap.TopDownExampleMap:PersistentLevel.TopDownExampleMap' with GeneratedClass '/Game/TopDownCPP/Maps/TopDownExampleMap.TopDownExampleMap_C' with ClassGeneratedBy '/Game/TopDownCPP/Maps/TopDownExampleMap.TopDownExampleMap:PersistentLevel.TopDownExampleMap'
[2018.12.07-20.43.08:713][150]LogPlayLevel: PlayLevel: No blueprints needed recompiling
[2018.12.07-20.43.08:725][150]PIE: New page: PIE session: TopDownExampleMap (7 Dec 2018 20:43:08)
[2018.12.07-20.43.08:725][150]LogPlayLevel: Creating play world package: /Game/TopDownCPP/Maps/UEDPIE_0_TopDownExampleMap
[2018.12.07-20.43.08:744][150]LogPlayLevel: PIE: StaticDuplicateObject took: (0.018640s)
[2018.12.07-20.43.08:745][150]LogAIModule: Creating AISystem for world TopDownExampleMap
[2018.12.07-20.43.08:745][150]LogPlayLevel: PIE: World Init took: (0.000921s)
[2018.12.07-20.43.08:745][150]LogPlayLevel: PIE: Created PIE world by copying editor world from /Game/TopDownCPP/Maps/TopDownExampleMap.TopDownExampleMap to /Game/TopDownCPP/Maps/UEDPIE_0_TopDownExampleMap.TopDownExampleMap (0.019718s)
[2018.12.07-20.43.08:781][150]LogInit: XAudio2 using 'Speakers (USB PnP Sound Device)' : 2 channels at 44.1 kHz using 16 bits per sample (channel mask 0x3)
[2018.12.07-20.43.08:791][150]LogInit: FAudioDevice initialized.
[2018.12.07-20.43.08:831][150]LogLoad: Game class is 'ITOSGGameMode'
[2018.12.07-20.43.08:833][150]LogWorld: Bringing World /Game/TopDownCPP/Maps/UEDPIE_0_TopDownExampleMap.TopDownExampleMap up for play (max tick rate 0) at 2018.12.07-20.43.08
[2018.12.07-20.43.08:833][150]LogWorld: Bringing up level for play took: 0.001358
[2018.12.07-20.43.08:848][150]LogContentBrowser: Native class hierarchy updated for 'MovieSceneCapture' in 0.0003 seconds. Added 10 classes and 0 folders.
[2018.12.07-20.43.08:851][150]PIE: Play in editor start time for /Game/TopDownCPP/Maps/UEDPIE_0_TopDownExampleMap -0.726
[2018.12.07-20.43.08:852][150]LogBlueprintUserMessages: Late PlayInEditor Detection: Level '/Game/TopDownCPP/Maps/TopDownExampleMap.TopDownExampleMap:PersistentLevel' has LevelScriptBlueprint '/Game/TopDownCPP/Maps/TopDownExampleMap.TopDownExampleMap:PersistentLevel.TopDownExampleMap' with GeneratedClass '/Game/TopDownCPP/Maps/TopDownExampleMap.TopDownExampleMap_C' with ClassGeneratedBy '/Game/TopDownCPP/Maps/TopDownExampleMap.TopDownExampleMap:PersistentLevel.TopDownExampleMap'
[2018.12.07-20.43.13:558][706]LogSlate: FSceneViewport::OnFocusLost() reason 0
[2018.12.07-20.43.13:659][718]LogBlueprintUserMessages: Early EndPlayMap Detection: Level '/Game/TopDownCPP/Maps/TopDownExampleMap.TopDownExampleMap:PersistentLevel' has LevelScriptBlueprint '/Game/TopDownCPP/Maps/TopDownExampleMap.TopDownExampleMap:PersistentLevel.TopDownExampleMap' with GeneratedClass '/Game/TopDownCPP/Maps/TopDownExampleMap.TopDownExampleMap_C' with ClassGeneratedBy '/Game/TopDownCPP/Maps/TopDownExampleMap.TopDownExampleMap:PersistentLevel.TopDownExampleMap'
[2018.12.07-20.43.13:659][718]LogSlate: Updating window title bar state: overlay mode, drag disabled, window buttons hidden, title bar hidden
[2018.12.07-20.43.13:692][718]LogPlayLevel: Display: Shutting down PIE online subsystems
[2018.12.07-20.43.13:693][718]LogBlueprintUserMessages: Late EndPlayMap Detection: Level '/Game/TopDownCPP/Maps/TopDownExampleMap.TopDownExampleMap:PersistentLevel' has LevelScriptBlueprint '/Game/TopDownCPP/Maps/TopDownExampleMap.TopDownExampleMap:PersistentLevel.TopDownExampleMap' with GeneratedClass '/Game/TopDownCPP/Maps/TopDownExampleMap.TopDownExampleMap_C' with ClassGeneratedBy '/Game/TopDownCPP/Maps/TopDownExampleMap.TopDownExampleMap:PersistentLevel.TopDownExampleMap'
[2018.12.07-20.43.13:712][718]LogSlate: Updating window title bar state: overlay mode, drag disabled, window buttons hidden, title bar hidden
[2018.12.07-20.43.13:759][723]LogPlayLevel: Display: Destroying online subsystem :Context_3
[2018.12.07-20.43.58:399][735]LogSlate: Only BGRA pngs, bmps or icos are supported in by External Image Picker
[2018.12.07-20.43.58:464][736]LogTemp: Executing iPhonePackager certificates Engine -bundlename com.YourCompany.ITOSG
[2018.12.07-20.43.58:464][736]LogTemp: CWD: D:\UE_4.20\Engine\Binaries\DotNET\IOS
[2018.12.07-20.43.58:464][736]LogTemp: Initial Dir: D:\UE_4.20
[2018.12.07-20.43.58:464][736]LogTemp: Env CWD: D:\UE_4.20\Engine\Binaries\DotNET\IOS
[2018.12.07-20.43.58:465][736]LogTemp: BranchPath = SKOOBIE/D/UE_4.20/Engine/Binaries --- GameBranchPath = SKOOBIE/D/UE_4.20/Engine/Binaries
[2018.12.07-20.43.58:465][736]LogTemp: IPP ERROR: Could not find provision directory 'C:\Users\Skoobie\AppData\Local/Apple Computer/MobileDevice/Provisioning Profiles/'.
[2018.12.07-20.44.44:600][ 25]LogSlate: Took 0.000161 seconds to synchronously load lazily loaded font '../../../Engine/Content/Slate/Fonts/Roboto-Light.ttf' (167K)
[2018.12.07-20.44.50:453][722]LogSlate: Window 'Project Settings' being destroyed
[2018.12.07-20.44.50:455][722]LogSlate: Window 'Project Settings' being destroyed
[2018.12.07-20.44.51:235][814]LogTemp: Repeating last play command: Selected Viewport
[2018.12.07-20.44.51:248][814]LogBlueprintUserMessages: Early PlayInEditor Detection: Level '/Game/TopDownCPP/Maps/TopDownExampleMap.TopDownExampleMap:PersistentLevel' has LevelScriptBlueprint '/Game/TopDownCPP/Maps/TopDownExampleMap.TopDownExampleMap:PersistentLevel.TopDownExampleMap' with GeneratedClass '/Game/TopDownCPP/Maps/TopDownExampleMap.TopDownExampleMap_C' with ClassGeneratedBy '/Game/TopDownCPP/Maps/TopDownExampleMap.TopDownExampleMap:PersistentLevel.TopDownExampleMap'
[2018.12.07-20.44.51:248][814]LogPlayLevel: PlayLevel: No blueprints needed recompiling
[2018.12.07-20.44.51:249][814]PIE: New page: PIE session: TopDownExampleMap (7 Dec 2018 20:44:51)
[2018.12.07-20.44.51:249][814]LogPlayLevel: Creating play world package: /Game/TopDownCPP/Maps/UEDPIE_0_TopDownExampleMap
[2018.12.07-20.44.51:262][814]LogPlayLevel: PIE: StaticDuplicateObject took: (0.013490s)
[2018.12.07-20.44.51:263][814]LogAIModule: Creating AISystem for world TopDownExampleMap
[2018.12.07-20.44.51:263][814]LogPlayLevel: PIE: World Init took: (0.000658s)
[2018.12.07-20.44.51:263][814]LogPlayLevel: PIE: Created PIE world by copying editor world from /Game/TopDownCPP/Maps/TopDownExampleMap.TopDownExampleMap to /Game/TopDownCPP/Maps/UEDPIE_0_TopDownExampleMap.TopDownExampleMap (0.014267s)
[2018.12.07-20.44.51:309][814]LogInit: XAudio2 using 'Speakers (USB PnP Sound Device)' : 2 channels at 44.1 kHz using 16 bits per sample (channel mask 0x3)
[2018.12.07-20.44.51:318][814]LogInit: FAudioDevice initialized.
[2018.12.07-20.44.51:345][814]LogLoad: Game class is 'ITOSGGameMode'
[2018.12.07-20.44.51:347][814]LogWorld: Bringing World /Game/TopDownCPP/Maps/UEDPIE_0_TopDownExampleMap.TopDownExampleMap up for play (max tick rate 0) at 2018.12.07-20.44.51
[2018.12.07-20.44.51:347][814]LogWorld: Bringing up level for play took: 0.001111
[2018.12.07-20.44.51:361][814]PIE: Play in editor start time for /Game/TopDownCPP/Maps/UEDPIE_0_TopDownExampleMap -0.217
[2018.12.07-20.44.51:361][814]LogBlueprintUserMessages: Late PlayInEditor Detection: Level '/Game/TopDownCPP/Maps/TopDownExampleMap.TopDownExampleMap:PersistentLevel' has LevelScriptBlueprint '/Game/TopDownCPP/Maps/TopDownExampleMap.TopDownExampleMap:PersistentLevel.TopDownExampleMap' with GeneratedClass '/Game/TopDownCPP/Maps/TopDownExampleMap.TopDownExampleMap_C' with ClassGeneratedBy '/Game/TopDownCPP/Maps/TopDownExampleMap.TopDownExampleMap:PersistentLevel.TopDownExampleMap'
[2018.12.07-20.44.53:325][ 48]LogSlate: FSceneViewport::OnFocusLost() reason 0
[2018.12.07-20.44.53:426][ 60]LogBlueprintUserMessages: Early EndPlayMap Detection: Level '/Game/TopDownCPP/Maps/TopDownExampleMap.TopDownExampleMap:PersistentLevel' has LevelScriptBlueprint '/Game/TopDownCPP/Maps/TopDownExampleMap.TopDownExampleMap:PersistentLevel.TopDownExampleMap' with GeneratedClass '/Game/TopDownCPP/Maps/TopDownExampleMap.TopDownExampleMap_C' with ClassGeneratedBy '/Game/TopDownCPP/Maps/TopDownExampleMap.TopDownExampleMap:PersistentLevel.TopDownExampleMap'
[2018.12.07-20.44.53:426][ 60]LogSlate: Updating window title bar state: overlay mode, drag disabled, window buttons hidden, title bar hidden
[2018.12.07-20.44.53:461][ 60]LogPlayLevel: Display: Shutting down PIE online subsystems
[2018.12.07-20.44.53:461][ 60]LogBlueprintUserMessages: Late EndPlayMap Detection: Level '/Game/TopDownCPP/Maps/TopDownExampleMap.TopDownExampleMap:PersistentLevel' has LevelScriptBlueprint '/Game/TopDownCPP/Maps/TopDownExampleMap.TopDownExampleMap:PersistentLevel.TopDownExampleMap' with GeneratedClass '/Game/TopDownCPP/Maps/TopDownExampleMap.TopDownExampleMap_C' with ClassGeneratedBy '/Game/TopDownCPP/Maps/TopDownExampleMap.TopDownExampleMap:PersistentLevel.TopDownExampleMap'
[2018.12.07-20.44.53:481][ 60]LogSlate: Updating window title bar state: overlay mode, drag disabled, window buttons hidden, title bar hidden
[2018.12.07-20.44.53:525][ 65]LogPlayLevel: Display: Destroying online subsystem :Context_5
[2018.12.07-20.44.58:375][562]LogSlate: Only BGRA pngs, bmps or icos are supported in by External Image Picker
[2018.12.07-20.44.58:446][563]LogTemp: Executing iPhonePackager certificates Engine -bundlename com.YourCompany.ITOSG
[2018.12.07-20.44.58:446][563]LogTemp: CWD: D:\UE_4.20\Engine\Binaries\DotNET\IOS
[2018.12.07-20.44.58:446][563]LogTemp: Initial Dir: D:\UE_4.20
[2018.12.07-20.44.58:446][563]LogTemp: Env CWD: D:\UE_4.20\Engine\Binaries\DotNET\IOS
[2018.12.07-20.44.58:446][563]LogTemp: BranchPath = SKOOBIE/D/UE_4.20/Engine/Binaries --- GameBranchPath = SKOOBIE/D/UE_4.20/Engine/Binaries
[2018.12.07-20.44.58:464][564]LogTemp: IPP ERROR: Could not find provision directory 'C:\Users\Skoobie\AppData\Local/Apple Computer/MobileDevice/Provisioning Profiles/'.
[2018.12.07-20.45.19:515][ 86]LogSlate: Window 'Project Settings' being destroyed
[2018.12.07-20.45.19:517][ 86]LogSlate: Window 'Project Settings' being destroyed
[2018.12.07-20.45.20:471][199]LogTemp: Repeating last play command: Selected Viewport
[2018.12.07-20.45.20:484][199]LogBlueprintUserMessages: Early PlayInEditor Detection: Level '/Game/TopDownCPP/Maps/TopDownExampleMap.TopDownExampleMap:PersistentLevel' has LevelScriptBlueprint '/Game/TopDownCPP/Maps/TopDownExampleMap.TopDownExampleMap:PersistentLevel.TopDownExampleMap' with GeneratedClass '/Game/TopDownCPP/Maps/TopDownExampleMap.TopDownExampleMap_C' with ClassGeneratedBy '/Game/TopDownCPP/Maps/TopDownExampleMap.TopDownExampleMap:PersistentLevel.TopDownExampleMap'
[2018.12.07-20.45.20:484][199]LogPlayLevel: PlayLevel: No blueprints needed recompiling
[2018.12.07-20.45.20:485][199]PIE: New page: PIE session: TopDownExampleMap (7 Dec 2018 20:45:20)
[2018.12.07-20.45.20:485][199]LogPlayLevel: Creating play world package: /Game/TopDownCPP/Maps/UEDPIE_0_TopDownExampleMap
[2018.12.07-20.45.20:496][199]LogPlayLevel: PIE: StaticDuplicateObject took: (0.011323s)
[2018.12.07-20.45.20:497][199]LogAIModule: Creating AISystem for world TopDownExampleMap
[2018.12.07-20.45.20:497][199]LogPlayLevel: PIE: World Init took: (0.000673s)
[2018.12.07-20.45.20:497][199]LogPlayLevel: PIE: Created PIE world by copying editor world from /Game/TopDownCPP/Maps/TopDownExampleMap.TopDownExampleMap to /Game/TopDownCPP/Maps/UEDPIE_0_TopDownExampleMap.TopDownExampleMap (0.012129s)
[2018.12.07-20.45.20:543][199]LogInit: XAudio2 using 'Speakers (USB PnP Sound Device)' : 2 channels at 44.1 kHz using 16 bits per sample (channel mask 0x3)
[2018.12.07-20.45.20:556][199]LogInit: FAudioDevice initialized.
[2018.12.07-20.45.20:594][199]LogLoad: Game class is 'ITOSGGameMode'
[2018.12.07-20.45.20:596][199]LogWorld: Bringing World /Game/TopDownCPP/Maps/UEDPIE_0_TopDownExampleMap.TopDownExampleMap up for play (max tick rate 0) at 2018.12.07-20.45.20
[2018.12.07-20.45.20:596][199]LogWorld: Bringing up level for play took: 0.001331
[2018.12.07-20.45.20:610][199]PIE: Play in editor start time for /Game/TopDownCPP/Maps/UEDPIE_0_TopDownExampleMap 1.033
[2018.12.07-20.45.20:610][199]LogBlueprintUserMessages: Late PlayInEditor Detection: Level '/Game/TopDownCPP/Maps/TopDownExampleMap.TopDownExampleMap:PersistentLevel' has LevelScriptBlueprint '/Game/TopDownCPP/Maps/TopDownExampleMap.TopDownExampleMap:PersistentLevel.TopDownExampleMap' with GeneratedClass '/Game/TopDownCPP/Maps/TopDownExampleMap.TopDownExampleMap_C' with ClassGeneratedBy '/Game/TopDownCPP/Maps/TopDownExampleMap.TopDownExampleMap:PersistentLevel.TopDownExampleMap'
[2018.12.07-20.45.23:205][508]LogSlate: FSceneViewport::OnFocusLost() reason 0
[2018.12.07-20.45.23:321][522]LogBlueprintUserMessages: Early EndPlayMap Detection: Level '/Game/TopDownCPP/Maps/TopDownExampleMap.TopDownExampleMap:PersistentLevel' has LevelScriptBlueprint '/Game/TopDownCPP/Maps/TopDownExampleMap.TopDownExampleMap:PersistentLevel.TopDownExampleMap' with GeneratedClass '/Game/TopDownCPP/Maps/TopDownExampleMap.TopDownExampleMap_C' with ClassGeneratedBy '/Game/TopDownCPP/Maps/TopDownExampleMap.TopDownExampleMap:PersistentLevel.TopDownExampleMap'
[2018.12.07-20.45.23:322][522]LogSlate: Updating window title bar state: overlay mode, drag disabled, window buttons hidden, title bar hidden
[2018.12.07-20.45.23:352][522]LogPlayLevel: Display: Shutting down PIE online subsystems
[2018.12.07-20.45.23:352][522]LogBlueprintUserMessages: Late EndPlayMap Detection: Level '/Game/TopDownCPP/Maps/TopDownExampleMap.TopDownExampleMap:PersistentLevel' has LevelScriptBlueprint '/Game/TopDownCPP/Maps/TopDownExampleMap.TopDownExampleMap:PersistentLevel.TopDownExampleMap' with GeneratedClass '/Game/TopDownCPP/Maps/TopDownExampleMap.TopDownExampleMap_C' with ClassGeneratedBy '/Game/TopDownCPP/Maps/TopDownExampleMap.TopDownExampleMap:PersistentLevel.TopDownExampleMap'
[2018.12.07-20.45.23:370][522]LogSlate: Updating window title bar state: overlay mode, drag disabled, window buttons hidden, title bar hidden
[2018.12.07-20.45.23:422][528]LogPlayLevel: Display: Destroying online subsystem :Context_6
[2018.12.07-20.46.11:904][206]LogAssetEditorManager: Opening Asset editor for Class /Script/ITOSG.ITOSGCharacter
[2018.12.07-20.46.24:275][966]LogAssetEditorManager: Opening Asset editor for Blueprint /Game/Blueprints/BP_GameplayController.BP_GameplayController
[2018.12.07-20.46.24:620][966]LogClass: Warning: Enum '/Game/AdvancedMagicFX13/DemoRoomData/Blueprints/BP_DemoDisplay_Enum.BP_DemoDisplay_Enum' was upgraded to use FText to store its display name data. Please re-save this asset to avoid issues with localization and determinstic cooking.
[2018.12.07-20.46.24:646][966]LogContentBrowser: Native class hierarchy updated for 'BlueprintGraph' in 0.0005 seconds. Added 116 classes and 0 folders.
[2018.12.07-20.46.39:226][644]LogSlate: Window 'BP_GameplayController' being destroyed
[2018.12.07-20.46.39:286][644]LogAssetEditorManager: Opening Asset editor for Blueprint /Game/Blueprints/BP_GameplayController.BP_GameplayController
[2018.12.07-20.46.39:555][644]LogSlate: Took 0.023539 seconds to synchronously load lazily loaded font '../../../Engine/Content/Slate/Fonts/Roboto-BoldCondensed.ttf' (158K)
[2018.12.07-20.46.47:397][580]LogSlate: Prevented a slow task dialog from being summoned while a context menu was open
[2018.12.07-20.47.47:514][718]LogSlate: Window 'BP_GameplayController' being destroyed
[2018.12.07-20.47.47:517][718]LogSlate: Window 'BP_GameplayController' being destroyed
[2018.12.07-20.48.13:988][624]Cmd: OBJ SAVEPACKAGE PACKAGE="/Game/Blueprints/BP_GameplayGamemode" FILE="../../../../WGT2/ITOSG/Content/Blueprints/BP_GameplayGamemode.uasset" SILENT=true
[2018.12.07-20.48.14:270][624]LogSavePackage: Moving '../../../../WGT2/ITOSG/Saved/BP_GameplayGamemode5DA380924132A9AF78C450B1A9686542.tmp' to '../../../../WGT2/ITOSG/Content/Blueprints/BP_GameplayGamemode.uasset'
[2018.12.07-20.48.15:848][781]LogSlate: Window 'ITOSG - Unreal Editor' being destroyed
[2018.12.07-20.48.15:848][781]LogWindowsTextInputMethodSystem: Display: IME system now deactivated.
[2018.12.07-20.48.16:125][782]Cmd: QUIT_EDITOR
[2018.12.07-20.48.16:828][782]LogExit: Preparing to exit.
[2018.12.07-20.48.18:195][782]LogExit: Editor shut down
[2018.12.07-20.48.18:195][782]LogExit: Transaction tracking system shut down
[2018.12.07-20.48.19:990][782]LogExit: Object subsystem successfully closed.
[2018.12.07-20.48.20:115][782]LogShaderCompilers: Display: Shaders left to compile 0
[2018.12.07-20.48.20:130][782]LogD3D11RHI: Shutdown
[2018.12.07-20.48.20:130][782]LogD3D11RHI: CleanupD3DDevice
[2018.12.07-20.48.20:174][782]LogD3D11RHI: ~FD3D11DynamicRHI
[2018.12.07-20.48.21:225][782]LogModuleManager: Shutting down and abandoning module BlueprintGraph (620)
[2018.12.07-20.48.21:225][782]LogModuleManager: Shutting down and abandoning module ExternalImagePicker (618)
[2018.12.07-20.48.21:225][782]LogModuleManager: Shutting down and abandoning module MovieSceneCapture (616)
[2018.12.07-20.48.21:225][782]LogModuleManager: Shutting down and abandoning module Voice (614)
[2018.12.07-20.48.21:228][782]LogModuleManager: Shutting down and abandoning module HierarchicalLODOutliner (612)
[2018.12.07-20.48.21:228][782]LogModuleManager: Shutting down and abandoning module SceneOutliner (610)
[2018.12.07-20.48.21:228][782]LogModuleManager: Shutting down and abandoning module AddContentDialog (608)
[2018.12.07-20.48.21:238][782]LogModuleManager: Shutting down and abandoning module WidgetCarousel (607)
[2018.12.07-20.48.21:238][782]LogModuleManager: Shutting down and abandoning module EditorWidgets (604)
[2018.12.07-20.48.21:238][782]LogModuleManager: Shutting down and abandoning module CollectionManager (602)
[2018.12.07-20.48.21:249][782]LogModuleManager: Shutting down and abandoning module StatsViewer (600)
[2018.12.07-20.48.21:262][782]LogModuleManager: Shutting down and abandoning module FoliageEdit (598)
[2018.12.07-20.48.21:278][782]LogModuleManager: Shutting down and abandoning module LandscapeEditor (596)
[2018.12.07-20.48.21:300][782]LogModuleManager: Shutting down and abandoning module MeshPaintMode (594)
[2018.12.07-20.48.21:311][782]LogModuleManager: Shutting down and abandoning module SceneDepthPickerMode (592)
[2018.12.07-20.48.21:311][782]LogModuleManager: Shutting down and abandoning module ActorPickerMode (590)
[2018.12.07-20.48.21:311][782]LogModuleManager: Shutting down and abandoning module GeometryMode (588)
[2018.12.07-20.48.21:311][782]LogModuleManager: Shutting down and abandoning module TextureAlignMode (586)
[2018.12.07-20.48.21:311][782]LogModuleManager: Shutting down and abandoning module BspMode (584)
[2018.12.07-20.48.21:311][782]LogModuleManager: Shutting down and abandoning module PIEPreviewDeviceProfileSelector (582)
[2018.12.07-20.48.21:318][782]LogModuleManager: Shutting down and abandoning module SequenceRecorderSections (580)
[2018.12.07-20.48.21:324][782]LogModuleManager: Shutting down and abandoning module AutomationWorker (578)
[2018.12.07-20.48.21:324][782]LogModuleManager: Shutting down and abandoning module AudioCaptureEditor (576)
[2018.12.07-20.48.21:324][782]LogModuleManager: Shutting down and abandoning module SequenceRecorder (575)
[2018.12.07-20.48.21:340][782]LogModuleManager: Shutting down and abandoning module MatineeToLevelSequence (572)
[2018.12.07-20.48.21:357][782]LogModuleManager: Shutting down and abandoning module LevelSequenceEditor (570)
[2018.12.07-20.48.21:387][782]LogModuleManager: Shutting down and abandoning module PlacementMode (569)
[2018.12.07-20.48.21:387][782]LogModuleManager: Shutting down and abandoning module MaterialEditor (568)
[2018.12.07-20.48.21:419][782]LogModuleManager: Shutting down and abandoning module WmfMediaFactory (564)
[2018.12.07-20.48.21:419][782]LogModuleManager: Shutting down and abandoning module WmfMediaEditor (562)
[2018.12.07-20.48.21:419][782]LogModuleManager: Shutting down and abandoning module MediaPlayerEditor (560)
[2018.12.07-20.48.21:439][782]LogModuleManager: Shutting down and abandoning module OpenExrWrapper (558)
[2018.12.07-20.48.21:439][782]LogModuleManager: Shutting down and abandoning module ImgMediaFactory (556)
[2018.12.07-20.48.21:439][782]LogModuleManager: Shutting down and abandoning module ImgMediaEditor (554)
[2018.12.07-20.48.21:439][782]LogModuleManager: Shutting down and abandoning module AvfMediaFactory (552)
[2018.12.07-20.48.21:439][782]LogModuleManager: Shutting down and abandoning module AvfMediaEditor (550)
[2018.12.07-20.48.21:439][782]LogModuleManager: Shutting down and abandoning module AndroidMediaFactory (548)
[2018.12.07-20.48.21:439][782]LogModuleManager: Shutting down and abandoning module AndroidMediaEditor (546)
[2018.12.07-20.48.21:439][782]LogModuleManager: Shutting down and abandoning module MagicLeapCameraPreviewFactory (544)
[2018.12.07-20.48.21:439][782]LogModuleManager: Shutting down and abandoning module MagicLeapMediaFactory (542)
[2018.12.07-20.48.21:439][782]LogModuleManager: Shutting down and abandoning module MagicLeapMediaEditor (540)
[2018.12.07-20.48.21:439][782]LogModuleManager: Shutting down and abandoning module CharacterAI (538)
[2018.12.07-20.48.21:439][782]LogModuleManager: Shutting down and abandoning module SmartSnapping (536)
[2018.12.07-20.48.21:439][782]LogModuleManager: Shutting down and abandoning module SessionServices (534)
[2018.12.07-20.48.21:439][782]LogModuleManager: Shutting down and abandoning module ViewportSnapping (532)
[2018.12.07-20.48.21:439][782]LogModuleManager: Shutting down and abandoning module ViewportInteraction (530)
[2018.12.07-20.48.21:439][782]LogModuleManager: Shutting down and abandoning module ClothPainter (528)
[2018.12.07-20.48.21:453][782]LogModuleManager: Shutting down and abandoning module SkeletalMeshEditor (527)
[2018.12.07-20.48.21:464][782]LogModuleManager: Shutting down and abandoning module LogVisualizer (524)
[2018.12.07-20.48.21:486][782]LogModuleManager: Shutting down and abandoning module IntroTutorials (522)
[2018.12.07-20.48.21:509][782]LogModuleManager: Shutting down and abandoning module GameProjectGeneration (521)
[2018.12.07-20.48.21:516][782]LogModuleManager: Shutting down and abandoning module LuminPlatformEditor (518)
[2018.12.07-20.48.21:516][782]LogModuleManager: Shutting down and abandoning module IOSPlatformEditor (516)
[2018.12.07-20.48.21:516][782]LogModuleManager: Shutting down and abandoning module HTML5PlatformEditor (514)
[2018.12.07-20.48.21:516][782]LogModuleManager: Shutting down and abandoning module AndroidPlatformEditor (512)
[2018.12.07-20.48.21:516][782]LogModuleManager: Shutting down and abandoning module AndroidDeviceDetection (511)
[2018.12.07-20.48.21:738][782]LogModuleManager: Shutting down and abandoning module WindowsPlatformEditor (508)
[2018.12.07-20.48.21:738][782]LogModuleManager: Shutting down and abandoning module LuminRuntimeSettings (506)
[2018.12.07-20.48.21:738][782]LogModuleManager: Shutting down and abandoning module IOSRuntimeSettings (504)
[2018.12.07-20.48.21:738][782]LogModuleManager: Shutting down and abandoning module AndroidRuntimeSettings (502)
[2018.12.07-20.48.21:738][782]LogModuleManager: Shutting down and abandoning module InputBindingEditor (500)
[2018.12.07-20.48.21:757][782]LogModuleManager: Shutting down and abandoning module MergeActors (498)
[2018.12.07-20.48.21:767][782]LogModuleManager: Shutting down and abandoning module LocalizationDashboard (496)
[2018.12.07-20.48.21:782][782]LogModuleManager: Shutting down and abandoning module LocalizationService (495)
[2018.12.07-20.48.21:782][782]LogModuleManager: Shutting down and abandoning module HardwareTargeting (492)
[2018.12.07-20.48.21:782][782]LogModuleManager: Shutting down and abandoning module DeviceProfileEditor (490)
[2018.12.07-20.48.21:782][782]LogModuleManager: Shutting down and abandoning module UndoHistory (488)
[2018.12.07-20.48.21:793][782]LogModuleManager: Shutting down and abandoning module XmlParser (486)
[2018.12.07-20.48.21:793][782]LogModuleManager: Shutting down and abandoning module Blutility (484)
[2018.12.07-20.48.21:806][782]LogModuleManager: Shutting down and abandoning module ProjectSettingsViewer (482)
[2018.12.07-20.48.21:806][782]LogModuleManager: Shutting down and abandoning module ProjectTargetPlatformEditor (481)
[2018.12.07-20.48.21:806][782]LogModuleManager: Shutting down and abandoning module EditorSettingsViewer (478)
[2018.12.07-20.48.21:806][782]LogModuleManager: Shutting down and abandoning module SettingsEditor (476)
[2018.12.07-20.48.21:831][782]LogModuleManager: Shutting down and abandoning module ProjectLauncher (474)
[2018.12.07-20.48.21:848][782]LogModuleManager: Shutting down and abandoning module SessionFrontend (472)
[2018.12.07-20.48.21:865][782]LogModuleManager: Shutting down and abandoning module ProfilerClient (470)
[2018.12.07-20.48.21:876][782]LogModuleManager: Shutting down and abandoning module DeviceManager (468)
[2018.12.07-20.48.21:890][782]LogModuleManager: Shutting down and abandoning module TargetDeviceServices (467)
[2018.12.07-20.48.21:966][782]LogModuleManager: Shutting down and abandoning module AutomationController (464)
[2018.12.07-20.48.21:988][782]LogModuleManager: Shutting down and abandoning module AutomationWindow (462)
[2018.12.07-20.48.21:999][782]LogModuleManager: Shutting down and abandoning module Layers (460)
[2018.12.07-20.48.22:014][782]LogModuleManager: Shutting down and abandoning module ComponentVisualizers (458)
[2018.12.07-20.48.22:014][782]LogModuleManager: Shutting down and abandoning module DetailCustomizations (456)
[2018.12.07-20.48.22:027][782]LogModuleManager: Shutting down and abandoning module PackagesDialog (454)
[2018.12.07-20.48.22:027][782]LogModuleManager: Shutting down and abandoning module Persona (452)
[2018.12.07-20.48.22:050][782]LogModuleManager: Shutting down and abandoning module AdvancedPreviewScene (451)
[2018.12.07-20.48.22:050][782]LogModuleManager: Shutting down and abandoning module AnimGraph (449)
[2018.12.07-20.48.22:062][782]LogModuleManager: Shutting down and abandoning module Kismet (446)
[2018.12.07-20.48.22:074][782]LogModuleManager: Shutting down and abandoning module GraphEditor (444)
[2018.12.07-20.48.22:074][782]LogModuleManager: Shutting down and abandoning module ClassViewer (442)
[2018.12.07-20.48.22:075][782]LogModuleManager: Shutting down and abandoning module Toolbox (440)
[2018.12.07-20.48.22:075][782]LogModuleManager: Shutting down and abandoning module DesktopPlatform (439)
[2018.12.07-20.48.22:095][782]LogModuleManager: Shutting down and abandoning module ModuleUI (436)
[2018.12.07-20.48.22:102][782]LogModuleManager: Shutting down and abandoning module MovieSceneTools (434)
[2018.12.07-20.48.22:108][782]LogModuleManager: Shutting down and abandoning module OutputLog (432)
[2018.12.07-20.48.22:108][782]LogModuleManager: Shutting down and abandoning module GammaUI (430)
[2018.12.07-20.48.22:113][782]LogModuleManager: Shutting down and abandoning module Documentation (428)
[2018.12.07-20.48.22:113][782]LogModuleManager: Shutting down and abandoning module MovieSceneTracks (426)
[2018.12.07-20.48.22:113][782]LogModuleManager: Shutting down and abandoning module MovieScene (424)
[2018.12.07-20.48.22:119][782]LogModuleManager: Shutting down and abandoning module StreamingPauseRendering (422)
[2018.12.07-20.48.22:126][782]LogModuleManager: Shutting down and abandoning module LauncherPlatform (420)
[2018.12.07-20.48.22:126][782]LogModuleManager: Shutting down and abandoning module AnalyticsET (418)
[2018.12.07-20.48.22:126][782]LogModuleManager: Shutting down and abandoning module PortalServices (416)
[2018.12.07-20.48.22:126][782]LogModuleManager: Shutting down and abandoning module PortalRpc (414)
[2018.12.07-20.48.22:126][782]LogModuleManager: Shutting down and abandoning module MessagingRpc (412)
[2018.12.07-20.48.22:126][782]LogModuleManager: Shutting down and abandoning module AIModule (410)
[2018.12.07-20.48.22:137][782]LogModuleManager: Shutting down and abandoning module GameplayDebugger (409)
[2018.12.07-20.48.22:145][782]LogModuleManager: Shutting down and abandoning module AITestSuite (407)
[2018.12.07-20.48.22:152][782]LogModuleManager: Shutting down and abandoning module NavigationSystem (405)
[2018.12.07-20.48.22:152][782]LogModuleManager: Shutting down and abandoning module ProfilerService (402)
[2018.12.07-20.48.22:370][782]LogModuleManager: Shutting down and abandoning module TaskGraph (400)
[2018.12.07-20.48.22:371][782]LogModuleManager: Shutting down and abandoning module SteamVRController (398)
[2018.12.07-20.48.22:371][782]LogModuleManager: Shutting down and abandoning module ProceduralMeshComponentEditor (396)
[2018.12.07-20.48.22:371][782]LogModuleManager: Shutting down and abandoning module ProceduralMeshComponent (394)
[2018.12.07-20.48.22:385][782]LogModuleManager: Shutting down and abandoning module OculusInput (392)
[2018.12.07-20.48.22:385][782]LogModuleManager: Shutting down and abandoning module MobilePatchingUtils (390)
[2018.12.07-20.48.22:385][782]LogModuleManager: Shutting down and abandoning module EditableMesh (388)
[2018.12.07-20.48.22:399][782]LogModuleManager: Shutting down and abandoning module CustomMeshComponent (386)
[2018.12.07-20.48.22:399][782]LogModuleManager: Shutting down and abandoning module CableComponent (384)
[2018.12.07-20.48.22:399][782]LogModuleManager: Shutting down and abandoning module AudioCapture (382)
[2018.12.07-20.48.22:399][782]LogModuleManager: Shutting down and abandoning module ArchVisCharacter (380)
[2018.12.07-20.48.22:399][782]LogModuleManager: Shutting down and abandoning module AndroidPermission (378)
[2018.12.07-20.48.22:399][782]LogModuleManager: Shutting down and abandoning module NUTUnrealEngine4 (376)
[2018.12.07-20.48.22:399][782]LogModuleManager: Shutting down and abandoning module NetcodeUnitTest (374)
[2018.12.07-20.48.22:424][782]LogModuleManager: Shutting down and abandoning module MediaCompositingEditor (372)
[2018.12.07-20.48.22:424][782]LogModuleManager: Shutting down and abandoning module MediaCompositing (370)
[2018.12.07-20.48.22:424][782]LogModuleManager: Shutting down and abandoning module LinearTimecode (368)
[2018.12.07-20.48.22:424][782]LogModuleManager: Shutting down and abandoning module ImgMedia (366)
[2018.12.07-20.48.22:436][782]LogModuleManager: Shutting down and abandoning module HTML5Networking (364)
[2018.12.07-20.48.22:436][782]LogModuleManager: Shutting down and abandoning module GeometryCacheTracks (362)
[2018.12.07-20.48.22:436][782]LogModuleManager: Shutting down and abandoning module GeometryCacheSequencer (360)
[2018.12.07-20.48.22:436][782]LogModuleManager: Shutting down and abandoning module BackChannel (358)
[2018.12.07-20.48.22:452][782]LogModuleManager: Shutting down and abandoning module AppleVision (356)
[2018.12.07-20.48.22:452][782]LogModuleManager: Shutting down and abandoning module AppleImageUtils (354)
[2018.12.07-20.48.22:452][782]LogModuleManager: Shutting down and abandoning module AlembicImporter (352)
[2018.12.07-20.48.22:452][782]LogModuleManager: Shutting down and abandoning module AlembicLibrary (351)
[2018.12.07-20.48.22:452][782]LogModuleManager: Shutting down and abandoning module GeometryCache (350)
[2018.12.07-20.48.22:452][782]LogModuleManager: Shutting down and abandoning module GeometryCacheEd (349)
[2018.12.07-20.48.22:452][782]LogModuleManager: Shutting down and abandoning module DatasmithContentEditor (344)
[2018.12.07-20.48.22:461][782]LogModuleManager: Shutting down and abandoning module DatasmithContent (342)
[2018.12.07-20.48.22:461][782]LogModuleManager: Shutting down and abandoning module SpeedTreeImporter (340)
[2018.12.07-20.48.22:461][782]LogModuleManager: Shutting down and abandoning module PluginBrowser (338)
[2018.12.07-20.48.22:516][782]LogModuleManager: Shutting down and abandoning module MobileLauncherProfileWizard (336)
[2018.12.07-20.48.22:534][782]LogModuleManager: Shutting down and abandoning module PolygonModeling (334)
[2018.12.07-20.48.22:534][782]LogModuleManager: Shutting down and abandoning module MeshEditor (332)
[2018.12.07-20.48.22:539][782]LogModuleManager: Shutting down and abandoning module CryptoKeysOpenSSL (330)
[2018.12.07-20.48.22:546][782]LogModuleManager: Shutting down and abandoning module CryptoKeys (328)
[2018.12.07-20.48.22:546][782]LogModuleManager: Shutting down and abandoning module VisualStudioSourceCodeAccess (326)
[2018.12.07-20.48.22:546][782]LogModuleManager: Shutting down and abandoning module VisualStudioCodeSourceCodeAccess (324)
[2018.12.07-20.48.22:546][782]LogModuleManager: Shutting down and abandoning module UObjectPlugin (322)
[2018.12.07-20.48.22:546][782]LogModuleManager: Shutting down and abandoning module SubversionSourceControl (320)
[2018.12.07-20.48.22:554][782]LogModuleManager: Shutting down and abandoning module PerforceSourceControl (318)
[2018.12.07-20.48.22:626][782]LogModuleManager: Shutting down and abandoning module GitSourceControl (316)
[2018.12.07-20.48.22:638][782]LogModuleManager: Shutting down and abandoning module SourceControl (315)
[2018.12.07-20.48.22:649][782]LogModuleManager: Shutting down and abandoning module CLionSourceCodeAccess (312)
[2018.12.07-20.48.22:650][782]LogModuleManager: Shutting down and abandoning module LightPropagationVolumeEditor (310)
[2018.12.07-20.48.22:650][782]LogModuleManager: Shutting down and abandoning module PaperTiledImporter (308)
[2018.12.07-20.48.22:650][782]LogModuleManager: Shutting down and abandoning module PaperSpriteSheetImporter (306)
[2018.12.07-20.48.22:650][782]LogModuleManager: Shutting down and abandoning module Paper2DEditor (304)
[2018.12.07-20.48.22:665][782]LogModuleManager: Shutting down and abandoning module MeshPaint (303)
[2018.12.07-20.48.22:673][782]LogModuleManager: Shutting down and abandoning module ITOSG (300)
[2018.12.07-20.48.22:673][782]LogModuleManager: Shutting down and abandoning module RuntimePhysXCooking (298)
[2018.12.07-20.48.22:673][782]LogModuleManager: Shutting down and abandoning module PhysXVehiclesEditor (296)
[2018.12.07-20.48.22:673][782]LogModuleManager: Shutting down and abandoning module PhysXVehicles (294)
[2018.12.07-20.48.22:673][782]LogModuleManager: Shutting down and abandoning module OculusEditor (292)
[2018.12.07-20.48.22:683][782]LogModuleManager: Shutting down and abandoning module LocationServicesBPLibrary (290)
[2018.12.07-20.48.22:683][782]LogModuleManager: Shutting down and abandoning module ImmediatePhysicsEditor (288)
[2018.12.07-20.48.22:683][782]LogModuleManager: Shutting down and abandoning module ImmediatePhysics (286)
[2018.12.07-20.48.22:703][782]LogModuleManager: Shutting down and abandoning module ActorSequence (284)
[2018.12.07-20.48.22:703][782]LogModuleManager: Shutting down and abandoning module UdpMessaging (282)
[2018.12.07-20.48.22:805][782]LogModuleManager: Shutting down and abandoning module TcpMessaging (280)
[2018.12.07-20.48.22:919][782]LogModuleManager: Shutting down and abandoning module MagicLeapAudio (278)
[2018.12.07-20.48.22:919][782]LogModuleManager: Shutting down and abandoning module GameplayTagsEditor (276)
[2018.12.07-20.48.22:932][782]LogModuleManager: Shutting down and abandoning module FacialAnimationEditor (274)
[2018.12.07-20.48.22:932][782]LogModuleManager: Shutting down and abandoning module FacialAnimation (272)
[2018.12.07-20.48.22:932][782]LogModuleManager: Shutting down and abandoning module DataValidation (270)
[2018.12.07-20.48.22:932][782]LogModuleManager: Shutting down and abandoning module AssetManagerEditor (268)
[2018.12.07-20.48.22:947][782]LogModuleManager: Shutting down and abandoning module LevelEditor (267)
[2018.12.07-20.48.22:966][782]LogModuleManager: Shutting down and abandoning module PixelInspectorModule (266)
[2018.12.07-20.48.22:980][782]LogModuleManager: Shutting down and abandoning module CommonMenuExtensions (264)
[2018.12.07-20.48.22:981][782]LogModuleManager: Shutting down and abandoning module MainFrame (262)
[2018.12.07-20.48.22:997][782]LogModuleManager: Shutting down and abandoning module HotReload (261)
[2018.12.07-20.48.23:007][782]LogModuleManager: Shutting down and abandoning module ContentBrowser (257)
[2018.12.07-20.48.23:008][782]LogModuleManager: Shutting down and abandoning module TreeMap (255)
[2018.12.07-20.48.23:018][782]LogModuleManager: Shutting down and abandoning module LightPropagationVolumeRuntime (252)
[2018.12.07-20.48.23:018][782]LogModuleManager: Shutting down and abandoning module AISupportModule (250)
[2018.12.07-20.48.23:018][782]LogModuleManager: Shutting down and abandoning module Paper2D (248)
[2018.12.07-20.48.23:031][782]LogModuleManager: Shutting down and abandoning module WindowsMoviePlayer (246)
[2018.12.07-20.48.23:040][782]LogModuleManager: Shutting down and abandoning module WmfMedia (244)
[2018.12.07-20.48.23:056][782]LogModuleManager: Shutting down and abandoning module Media (243)
[2018.12.07-20.48.23:062][782]LogModuleManager: Shutting down and abandoning module PacketHandler (240)
[2018.12.07-20.48.23:062][782]LogModuleManager: Shutting down and abandoning module ClothingSystemEditor (238)
[2018.12.07-20.48.23:062][782]LogModuleManager: Shutting down and abandoning module ClothingSystemRuntime (236)
[2018.12.07-20.48.23:083][782]LogModuleManager: Shutting down and abandoning module MediaAssets (234)
[2018.12.07-20.48.23:083][782]LogModuleManager: Shutting down and abandoning module Overlay (232)
[2018.12.07-20.48.23:083][782]LogModuleManager: Shutting down and abandoning module OverlayEditor (231)
[2018.12.07-20.48.23:083][782]LogModuleManager: Shutting down and abandoning module VREditor (228)
[2018.12.07-20.48.23:094][782]LogModuleManager: Shutting down and abandoning module StringTableEditor (226)
[2018.12.07-20.48.23:107][782]LogModuleManager: Shutting down and abandoning module GameplayTasksEditor (224)
[2018.12.07-20.48.23:107][782]LogModuleManager: Shutting down and abandoning module BehaviorTreeEditor (222)
[2018.12.07-20.48.23:133][782]LogModuleManager: Shutting down and abandoning module FunctionalTesting (220)
[2018.12.07-20.48.23:147][782]LogModuleManager: Shutting down and abandoning module CollisionAnalyzer (218)
[2018.12.07-20.48.23:168][782]LogModuleManager: Shutting down and abandoning module WorkspaceMenuStructure (217)
[2018.12.07-20.48.23:168][782]LogModuleManager: Shutting down and abandoning module UMG (214)
[2018.12.07-20.48.23:168][782]LogModuleManager: Shutting down and abandoning module UMGEditor (213)
[2018.12.07-20.48.23:197][782]LogModuleManager: Shutting down and abandoning module Sequencer (212)
[2018.12.07-20.48.23:224][782]LogModuleManager: Shutting down and abandoning module MessageLog (209)
[2018.12.07-20.48.23:224][782]LogModuleManager: Shutting down and abandoning module SlateReflector (204)
[2018.12.07-20.48.23:237][782]LogModuleManager: Shutting down and abandoning module Slate (202)
[2018.12.07-20.48.23:237][782]LogModuleManager: Shutting down and abandoning module EditorStyle (200)
[2018.12.07-20.48.23:249][782]LogModuleManager: Shutting down and abandoning module MRMesh (198)
[2018.12.07-20.48.23:253][782]LogModuleManager: Shutting down and abandoning module SourceCodeAccess (196)
[2018.12.07-20.48.23:253][782]LogModuleManager: Shutting down and abandoning module HeadMountedDisplay (194)
[2018.12.07-20.48.23:253][782]LogModuleManager: Shutting down and abandoning module XAudio2 (192)
[2018.12.07-20.48.23:253][782]LogModuleManager: Shutting down and abandoning module Networking (190)
[2018.12.07-20.48.23:253][782]LogModuleManager: Shutting down and abandoning module Core (188)
[2018.12.07-20.48.23:253][782]LogModuleManager: Shutting down and abandoning module LevelSequence (186)
[2018.12.07-20.48.23:253][782]LogModuleManager: Shutting down and abandoning module KismetCompiler (184)
[2018.12.07-20.48.23:253][782]LogModuleManager: Shutting down and abandoning module MeshUtilities (182)
[2018.12.07-20.48.23:259][782]LogModuleManager: Shutting down and abandoning module MeshMergeUtilities (181)
[2018.12.07-20.48.23:269][782]LogModuleManager: Shutting down and abandoning module MeshReductionInterface (180)
[2018.12.07-20.48.23:269][782]LogModuleManager: Shutting down and abandoning module SimplygonSwarm (179)
[2018.12.07-20.48.23:287][782]LogModuleManager: Shutting down and abandoning module ProxyLODMeshReduction (177)
[2018.12.07-20.48.23:310][782]LogModuleManager: Shutting down and abandoning module SimplygonMeshReduction (175)
[2018.12.07-20.48.23:310][782]LogModuleManager: Shutting down and abandoning module QuadricMeshReduction (173)
[2018.12.07-20.48.23:326][782]LogModuleManager: Shutting down and abandoning module MaterialBaking (169)
[2018.12.07-20.48.23:333][782]LogModuleManager: Shutting down and abandoning module DirectoryWatcher (165)
[2018.12.07-20.48.23:333][782]LogModuleManager: Shutting down and abandoning module DerivedDataCache (162)
[2018.12.07-20.48.23:370][782]LogDerivedDataCache: Shutdown
[2018.12.07-20.48.23:370][782]LogModuleManager: Shutting down and abandoning module XGEController (160)
[2018.12.07-20.48.23:370][782]LogXGEController: Cleaning working directory: C:/Users/Skoobie/AppData/Local/Temp/UnrealXGEWorkingDir/
[2018.12.07-20.48.23:381][782]LogModuleManager: Shutting down and abandoning module TargetPlatform (158)
[2018.12.07-20.48.23:381][782]LogModuleManager: Shutting down and abandoning module VulkanShaderFormat (157)
[2018.12.07-20.48.23:387][782]LogModuleManager: Shutting down and abandoning module ShaderFormatVectorVM (155)
[2018.12.07-20.48.23:396][782]LogModuleManager: Shutting down and abandoning module ShaderFormatOpenGL (153)
[2018.12.07-20.48.23:400][782]LogModuleManager: Shutting down and abandoning module ShaderFormatD3D (151)
[2018.12.07-20.48.23:400][782]LogModuleManager: Shutting down and abandoning module MetalShaderFormat (149)
[2018.12.07-20.48.23:424][782]LogModuleManager: Shutting down and abandoning module TextureFormatUncompressed (147)
[2018.12.07-20.48.23:424][782]LogModuleManager: Shutting down and abandoning module TextureFormatPVR (145)
[2018.12.07-20.48.23:424][782]LogModuleManager: Shutting down and abandoning module TextureFormatDXT (143)
[2018.12.07-20.48.23:431][782]LogModuleManager: Shutting down and abandoning module TextureFormatIntelISPCTexComp (141)
[2018.12.07-20.48.23:432][782]LogModuleManager: Shutting down and abandoning module TextureFormatASTC (139)
[2018.12.07-20.48.23:432][782]LogModuleManager: Shutting down and abandoning module ImageWrapper (138)
[2018.12.07-20.48.23:432][782]LogModuleManager: Shutting down and abandoning module TextureFormatAndroid (135)
[2018.12.07-20.48.23:432][782]LogModuleManager: Shutting down and abandoning module AudioFormatOpus (133)
[2018.12.07-20.48.23:432][782]LogModuleManager: Shutting down and abandoning module AudioFormatOgg (131)
[2018.12.07-20.48.23:432][782]LogModuleManager: Shutting down and abandoning module AudioFormatADPCM (129)
[2018.12.07-20.48.23:432][782]LogModuleManager: Shutting down and abandoning module LuminTargetPlatform (127)
[2018.12.07-20.48.23:432][782]LogModuleManager: Shutting down and abandoning module LinuxTargetPlatform (125)
[2018.12.07-20.48.23:432][782]LogModuleManager: Shutting down and abandoning module LinuxServerTargetPlatform (123)
[2018.12.07-20.48.23:432][782]LogModuleManager: Shutting down and abandoning module LinuxNoEditorTargetPlatform (121)
[2018.12.07-20.48.23:440][782]LogModuleManager: Shutting down and abandoning module LinuxClientTargetPlatform (119)
[2018.12.07-20.48.23:449][782]LogModuleManager: Shutting down and abandoning module TVOSTargetPlatform (117)
[2018.12.07-20.48.23:449][782]LogModuleManager: Shutting down and abandoning module Messaging (115)
[2018.12.07-20.48.23:449][782]LogModuleManager: Shutting down and abandoning module IOSTargetPlatform (113)
[2018.12.07-20.48.23:450][782]LogModuleManager: Shutting down and abandoning module HTML5TargetPlatform (111)
[2018.12.07-20.48.23:450][782]LogModuleManager: Shutting down and abandoning module AndroidTargetPlatform (109)
[2018.12.07-20.48.23:463][782]LogModuleManager: Shutting down and abandoning module WindowsTargetPlatform (107)
[2018.12.07-20.48.23:463][782]LogModuleManager: Shutting down and abandoning module WindowsServerTargetPlatform (105)
[2018.12.07-20.48.23:463][782]LogModuleManager: Shutting down and abandoning module WindowsNoEditorTargetPlatform (103)
[2018.12.07-20.48.23:463][782]LogModuleManager: Shutting down and abandoning module WindowsClientTargetPlatform (101)
[2018.12.07-20.48.23:463][782]LogModuleManager: Shutting down and abandoning module MacTargetPlatform (99)
[2018.12.07-20.48.23:463][782]LogModuleManager: Shutting down and abandoning module MacServerTargetPlatform (97)
[2018.12.07-20.48.23:463][782]LogModuleManager: Shutting down and abandoning module MacNoEditorTargetPlatform (95)
[2018.12.07-20.48.23:463][782]LogModuleManager: Shutting down and abandoning module MacClientTargetPlatform (93)
[2018.12.07-20.48.23:463][782]LogModuleManager: Shutting down and abandoning module AllDesktopTargetPlatform (91)
[2018.12.07-20.48.23:463][782]LogModuleManager: Shutting down and abandoning module InputCore (88)
[2018.12.07-20.48.23:463][782]LogModuleManager: Shutting down and abandoning module Settings (86)
[2018.12.07-20.48.23:463][782]LogModuleManager: Shutting down and abandoning module PhysXCooking (84)
[2018.12.07-20.48.23:463][782]LogModuleManager: Shutting down and abandoning module SteamVR (82)
[2018.12.07-20.48.23:464][782]LogModuleManager: Shutting down and abandoning module OculusHMD (80)
[2018.12.07-20.48.23:475][782]LogModuleManager: Shutting down and abandoning module ExampleDeviceProfileSelector (78)
[2018.12.07-20.48.23:475][782]LogModuleManager: Shutting down and abandoning module LauncherChunkInstaller (76)
[2018.12.07-20.48.23:475][782]LogModuleManager: Shutting down and abandoning module OnlineBlueprintSupport (74)
[2018.12.07-20.48.23:475][782]LogModuleManager: Shutting down and abandoning module OnlineSubsystem (70)
[2018.12.07-20.48.23:496][782]LogModuleManager: Shutting down and abandoning module XMPP (65)
[2018.12.07-20.48.23:524][782]LogModuleManager: Shutting down and abandoning module WebSockets (64)
[2018.12.07-20.48.23:635][782]LogModuleManager: Shutting down and abandoning module HTTP (61)
[2018.12.07-20.48.23:652][782]LogHttp: Display: Http module shutting down, but needs to wait on 1 outstanding Http requests:
[2018.12.07-20.48.23:652][782]LogHttp: Display: 	verb=[POST] url=[https://datarouter.ol.epicgames.com/datarouter/api/v1/public/data?SessionID=%7BF211649D-45EC-AEB6-E6DA-0DA21B51E65E%7D&AppID=UEEditor.Rocket.Release&AppVersion=4.20.3-4369336%2B%2B%2BUE4%2BRelease-4.20&UserID=4db13e4a4371b07bc7868b858d7132fd%7C895b38341a174d78b5f4d9dc0edba638%7Ccebb812d-5676-47d9-87f1-f95d3d6822ae&AppEnvironment=datacollector-binary&UploadType=eteventstream] status=Processing
[2018.12.07-20.48.23:666][782]LogModuleManager: Shutting down and abandoning module SSL (60)
[2018.12.07-20.48.23:695][782]LogModuleManager: Shutting down and abandoning module MagicLeapEmulator (56)
[2018.12.07-20.48.23:695][782]LogModuleManager: Shutting down and abandoning module MagicLeapPrivileges (54)
[2018.12.07-20.48.23:695][782]LogModuleManager: Shutting down and abandoning module MagicLeapIdentity (52)
[2018.12.07-20.48.23:695][782]LogModuleManager: Shutting down and abandoning module MagicLeapHelperVulkan (50)
[2018.12.07-20.48.23:695][782]LogModuleManager: Shutting down and abandoning module MagicLeapHelperOpenGL (48)
[2018.12.07-20.48.23:695][782]LogModuleManager: Shutting down and abandoning module MagicLeapSecureStorage (46)
[2018.12.07-20.48.23:695][782]LogModuleManager: Shutting down and abandoning module MagicLeapGestures (44)
[2018.12.07-20.48.23:695][782]LogModuleManager: Shutting down and abandoning module MagicLeapEyeTracker (42)
[2018.12.07-20.48.23:695][782]LogModuleManager: Shutting down and abandoning module MagicLeapController (40)
[2018.12.07-20.48.23:695][782]LogSlate: Slate User Destroyed.  User Index 0, Is Virtual User: 0
[2018.12.07-20.48.23:695][782]LogModuleManager: Shutting down and abandoning module MagicLeap (38)
[2018.12.07-20.48.23:695][782]LogModuleManager: Shutting down and abandoning module AnimationModifiers (36)
[2018.12.07-20.48.23:756][782]LogModuleManager: Shutting down and abandoning module PropertyEditor (35)
[2018.12.07-20.48.23:756][782]LogModuleManager: Shutting down and abandoning module AudioEditor (32)
[2018.12.07-20.48.23:801][782]LogModuleManager: Shutting down and abandoning module TextureCompressor (30)
[2018.12.07-20.48.23:832][782]LogModuleManager: Shutting down and abandoning module ShaderCore (28)
[2018.12.07-20.48.23:833][782]LogModuleManager: Shutting down and abandoning module Landscape (26)
[2018.12.07-20.48.23:833][782]LogModuleManager: Shutting down and abandoning module SlateRHIRenderer (24)
[2018.12.07-20.48.23:862][782]LogModuleManager: Shutting down and abandoning module OpenGLDrv (22)
[2018.12.07-20.48.23:872][782]LogModuleManager: Shutting down and abandoning module D3D11RHI (20)
[2018.12.07-20.48.23:872][782]LogModuleManager: Shutting down and abandoning module AnimGraphRuntime (18)
[2018.12.07-20.48.23:899][782]LogModuleManager: Shutting down and abandoning module Renderer (16)
[2018.12.07-20.48.23:899][782]LogModuleManager: Shutting down and abandoning module Engine (14)
[2018.12.07-20.48.23:899][782]LogModuleManager: Shutting down and abandoning module CoreUObject (12)
[2018.12.07-20.48.23:899][782]LogModuleManager: Shutting down and abandoning module NetworkFile (10)
[2018.12.07-20.48.23:919][782]LogModuleManager: Shutting down and abandoning module CookedIterativeFile (8)
[2018.12.07-20.48.23:919][782]LogModuleManager: Shutting down and abandoning module StreamingFile (6)
[2018.12.07-20.48.23:925][782]LogModuleManager: Shutting down and abandoning module SandboxFile (4)
[2018.12.07-20.48.23:925][782]LogModuleManager: Shutting down and abandoning module PakFile (2)
[2018.12.07-20.48.24:014][782]LogExit: Exiting.
[2018.12.07-20.48.24:020][782]Log file closed, 12/07/18 20:48:24
