Log file open, 11/23/18 15:36:32
LogWindows: Failed to load 'aqProf.dll' (GetLastError=126)
LogWindows: File 'aqProf.dll' does not exist
LogWindows: Failed to load 'VSPerf140.dll' (GetLastError=126)
LogWindows: File 'VSPerf140.dll' does not exist
LogWindows: Failed to load 'VtuneApi.dll' (GetLastError=126)
LogWindows: File 'VtuneApi.dll' does not exist
LogWindows: Failed to load 'VtuneApi32e.dll' (GetLastError=126)
LogWindows: File 'VtuneApi32e.dll' does not exist
LogInit: Display: Running engine for game: ITOSG
LogPlatformFile: Not using cached read wrapper
LogTaskGraph: Started task graph with 5 named threads and 14 total threads with 3 sets of task threads.
LogStats: Stats thread started at 0.479994
LogD3D11RHI: Loaded GFSDK_Aftermath_Lib.x64.dll
LogICUInternationalization: Display: ICU TimeZone Detection - Raw Offset: +0:00, Platform Override: ''
LogPluginManager: Mounting plugin Paper2D
LogPluginManager: Mounting plugin AISupport
LogPluginManager: Mounting plugin LightPropagationVolume
LogPluginManager: Mounting plugin CLionSourceCodeAccess
LogPluginManager: Mounting plugin CodeLiteSourceCodeAccess
LogPluginManager: Mounting plugin GitSourceControl
LogPluginManager: Mounting plugin KDevelopSourceCodeAccess
LogPluginManager: Mounting plugin NullSourceCodeAccess
LogPluginManager: Mounting plugin PerforceSourceControl
LogPluginManager: Mounting plugin SubversionSourceControl
LogPluginManager: Mounting plugin UObjectPlugin
LogPluginManager: Mounting plugin VisualStudioCodeSourceCodeAccess
LogPluginManager: Mounting plugin VisualStudioSourceCodeAccess
LogPluginManager: Mounting plugin XCodeSourceCodeAccess
LogPluginManager: Mounting plugin AssetManagerEditor
LogPluginManager: Mounting plugin CryptoKeys
LogPluginManager: Mounting plugin DataValidation
LogPluginManager: Mounting plugin FacialAnimation
LogPluginManager: Mounting plugin GameplayTagsEditor
LogPluginManager: Mounting plugin MacGraphicsSwitching
LogPluginManager: Mounting plugin MeshEditor
LogPluginManager: Mounting plugin MobileLauncherProfileWizard
LogPluginManager: Mounting plugin PluginBrowser
LogPluginManager: Mounting plugin SpeedTreeImporter
LogPluginManager: Mounting plugin DatasmithContent
LogPluginManager: Mounting plugin AlembicImporter
LogPluginManager: Mounting plugin AppleImageUtils
LogPluginManager: Mounting plugin AppleVision
LogPluginManager: Mounting plugin BackChannel
LogPluginManager: Mounting plugin CharacterAI
LogPluginManager: Mounting plugin GeometryCache
LogPluginManager: Mounting plugin HTML5Networking
LogPluginManager: Mounting plugin ProxyLODPlugin
LogPluginManager: Mounting plugin MagicLeap
LogPluginManager: Mounting plugin MagicLeapEmulator
LogPluginManager: Mounting plugin MagicLeapMedia
LogPluginManager: Mounting plugin AndroidMedia
LogPluginManager: Mounting plugin AvfMedia
LogPluginManager: Mounting plugin ImgMedia
LogPluginManager: Mounting plugin LinearTimecode
LogPluginManager: Mounting plugin MediaCompositing
LogPluginManager: Mounting plugin MediaPlayerEditor
LogPluginManager: Mounting plugin WmfMedia
LogPluginManager: Mounting plugin TcpMessaging
LogPluginManager: Mounting plugin UdpMessaging
LogPluginManager: Mounting plugin ActorSequence
LogPluginManager: Mounting plugin LevelSequenceEditor
LogPluginManager: Mounting plugin MatineeToLevelSequence
LogPluginManager: Mounting plugin NetcodeUnitTest
LogPluginManager: Mounting plugin NUTUnrealEngine4
LogPluginManager: Mounting plugin OnlineSubsystemGooglePlay
LogPluginManager: Mounting plugin OnlineSubsystemIOS
LogPluginManager: Mounting plugin OnlineSubsystem
LogPluginManager: Mounting plugin OnlineSubsystemNull
LogPluginManager: Mounting plugin OnlineSubsystemUtils
LogPluginManager: Mounting plugin LauncherChunkInstaller
LogPluginManager: Mounting plugin AndroidDeviceProfileSelector
LogPluginManager: Mounting plugin AndroidMoviePlayer
LogPluginManager: Mounting plugin AndroidPermission
LogPluginManager: Mounting plugin AppleMoviePlayer
LogPluginManager: Mounting plugin ArchVisCharacter
LogPluginManager: Mounting plugin AudioCapture
LogPluginManager: Mounting plugin CableComponent
LogPluginManager: Mounting plugin CustomMeshComponent
LogPluginManager: Mounting plugin EditableMesh
LogPluginManager: Mounting plugin ExampleDeviceProfileSelector
LogPluginManager: Mounting plugin GoogleCloudMessaging
LogPluginManager: Mounting plugin ImmediatePhysics
LogPluginManager: Mounting plugin IOSDeviceProfileSelector
LogPluginManager: Mounting plugin LinuxDeviceProfileSelector
LogPluginManager: Mounting plugin LocationServicesBPLibrary
LogPluginManager: Mounting plugin MobilePatchingUtils
LogPluginManager: Mounting plugin OculusVR
LogPluginManager: Plugin shader directory ../../../Engine/Plugins/Runtime/Oculus/OculusVR/Shaders found
LogPluginManager: Mapping shader source directory ../../../Engine/Plugins/Runtime/Oculus/OculusVR/Shaders to virtual directory /Plugin/OculusVR
LogPluginManager: Mounting plugin PhysXVehicles
LogPluginManager: Mounting plugin ProceduralMeshComponent
LogPluginManager: Mounting plugin RuntimePhysXCooking
LogPluginManager: Mounting plugin SteamVR
LogPluginManager: Mounting plugin WindowsMoviePlayer
LogStreaming: Display: Took  0.533s to configure plugins.
LogInit: Using libcurl 7.55.1-DEV
LogInit:  - built for x86_64-pc-win32
LogInit:  - supports SSL with OpenSSL/1.0.2h
LogInit:  - supports HTTP deflate (compression) using libz 1.2.8
LogInit:  - other features:
LogInit:      CURL_VERSION_SSL
LogInit:      CURL_VERSION_LIBZ
LogInit:      CURL_VERSION_IPV6
LogInit:      CURL_VERSION_ASYNCHDNS
LogInit:      CURL_VERSION_LARGEFILE
LogInit:      CURL_VERSION_IDN
LogInit:  CurlRequestOptions (configurable via config and command line):
LogInit:  - bVerifyPeer = false  - Libcurl will NOT verify peer certificate
LogInit:  - bUseHttpProxy = false  - Libcurl will NOT use HTTP proxy
LogInit:  - bDontReuseConnections = false  - Libcurl will reuse connections
LogInit:  - CertBundlePath = nullptr  - Libcurl will use whatever was configured at build time.
LogInit:  - MaxHostConnections = 16  - Libcurl will limit the number of connections to a host
LogInit:  - LocalHostAddr = Default
LogInit:  - BufferSize = 65536
LogInit: WinSock: version 1.1 (2.2), MaxSocks=32767, MaxUdp=65467
LogInit: Build: ++UE4+Release-4.20-CL-4369336
LogInit: Engine Version: 4.20.3-4369336+++UE4+Release-4.20
LogInit: Compatible Engine Version: 4.20.0-4212847+++UE4+Release-4.20
LogInit: Net CL: 4212847
LogInit: OS: Windows 10 (), CPU: Intel(R) Xeon(R) CPU E5-1607 v3 @ 3.10GHz, GPU: NVIDIA GeForce GTX 970
LogInit: Compiled (64-bit): Sep 17 2018 12:26:19
LogInit: Compiled with Visual C++: 19.13.26129.00
LogInit: Build Configuration: Development
LogInit: Branch Name: ++UE4+Release-4.20
LogInit: Command Line:  -skipcompile
LogInit: Base Directory: C:/Epic/UE4/UE_4.20/Engine/Binaries/Win64/
LogInit: Installed Engine Build: 1
LogDevObjectVersion: Number of dev versions registered: 20
LogDevObjectVersion:   Dev-Blueprints (B0D832E4-1F89-4F0D-ACCF-7EB736FD4AA2): 10
LogDevObjectVersion:   Dev-Build (E1C64328-A22C-4D53-A36C-8E866417BD8C): 0
LogDevObjectVersion:   Dev-Core (375EC13C-06E4-48FB-B500-84F0262A717E): 2
LogDevObjectVersion:   Dev-Editor (E4B068ED-F494-42E9-A231-DA0B2E46BB41): 24
LogDevObjectVersion:   Dev-Framework (CFFC743F-43B0-4480-9391-14DF171D2073): 34
LogDevObjectVersion:   Dev-Mobile (B02B49B5-BB20-44E9-A304-32B752E40360): 2
LogDevObjectVersion:   Dev-Networking (A4E4105C-59A1-49B5-A7C5-40C4547EDFEE): 0
LogDevObjectVersion:   Dev-Online (39C831C9-5AE6-47DC-9A44-9C173E1C8E7C): 0
LogDevObjectVersion:   Dev-Physics (78F01B33-EBEA-4F98-B9B4-84EACCB95AA2): 0
LogDevObjectVersion:   Dev-Platform (6631380F-2D4D-43E0-8009-CF276956A95A): 0
LogDevObjectVersion:   Dev-Rendering (12F88B9F-8875-4AFC-A67C-D90C383ABD29): 26
LogDevObjectVersion:   Dev-Sequencer (7B5AE74C-D270-4C10-A958-57980B212A5A): 9
LogDevObjectVersion:   Dev-VR (D7296918-1DD6-4BDD-9DE2-64A83CC13884): 2
LogDevObjectVersion:   Dev-LoadTimes (C2A15278-BFE7-4AFE-6C17-90FF531DF755): 1
LogDevObjectVersion:   Private-Geometry (6EACA3D4-40EC-4CC1-B786-8BED09428FC5): 3
LogDevObjectVersion:   Dev-AnimPhys (29E575DD-E0A3-4627-9D10-D276232CDCEA): 17
LogDevObjectVersion:   Dev-ReflectionCapture (6B266CEC-1EC7-4B8F-A30B-E4D90942FC07): 1
LogDevObjectVersion:   Dev-Automation (0DF73D61-A23F-47EA-B727-89E90C41499A): 1
LogDevObjectVersion:   FortniteMain (601D1886-AC64-4F84-AA16-D3DE0DEAC7D6): 12
LogDevObjectVersion:   Dev-Enterprise (9DFFBCD6-494F-0158-E221-12823C92A888): 1
LogStreaming: Display: Took  0.007s to delete old logs.
LogInit: Presizing for max 8388607 objects, including 0 objects not considered by GC, pre-allocating 0 bytes for permanent pool.
LogInit: Object subsystem initialized
[2018.11.23-15.36.33:764][  0]LogInit: Selected Device Profile: [Windows]
[2018.11.23-15.36.33:764][  0]LogInit: Applying CVar settings loaded from the selected device profile: [Windows]
[2018.11.23-15.36.33:782][  0]LogHAL: Display: Platform has ~ 16 GB [17083682816 / 17179869184 / 16], which maps to Larger [LargestMinGB=32, LargerMinGB=12, DefaultMinGB=8, SmallerMinGB=6, SmallestMinGB=0)
[2018.11.23-15.36.33:782][  0]LogInit: Setting Device Profile CVar: [[r.Vulkan.UseRealUBs:1]]
[2018.11.23-15.36.33:782][  0]LogInit: Going up to parent DeviceProfile []
[2018.11.23-15.36.33:782][  0]LogInit: Computer: S500-20
[2018.11.23-15.36.33:782][  0]LogInit: User: l012265h
[2018.11.23-15.36.33:782][  0]LogInit: CPU Page size=4096, Cores=4
[2018.11.23-15.36.33:782][  0]LogInit: High frequency timer resolution =3.020351 MHz
[2018.11.23-15.36.33:783][  0]LogMemory: Memory total: Physical=15.9GB (16GB approx)
[2018.11.23-15.36.33:783][  0]LogMemory: Platform Memory Stats for Windows
[2018.11.23-15.36.33:783][  0]LogMemory: Process Physical Memory: 101.09 MB used, 101.09 MB peak
[2018.11.23-15.36.33:783][  0]LogMemory: Process Virtual Memory: 84.27 MB used, 84.27 MB peak
[2018.11.23-15.36.33:783][  0]LogMemory: Physical Memory: 5588.75 MB used,  10703.52 MB free, 16292.27 MB total
[2018.11.23-15.36.33:783][  0]LogMemory: Virtual Memory: 4620.36 MB used,  10703.52 MB free, 134217728.00 MB total
[2018.11.23-15.36.34:344][  0]LogInit: Using OS detected language (en-US).
[2018.11.23-15.36.34:344][  0]LogInit: Using OS detected locale (en-GB).
[2018.11.23-15.36.34:346][  0]LogTextLocalizationManager: No specific localization for 'en-US' exists, so the 'en' localization will be used.
[2018.11.23-15.36.34:794][  0]LogStreaming: Display: Took  0.450s to InitEngineTextLocalization.
[2018.11.23-15.36.34:794][  0]LogInit: Setting process to per monitor DPI aware
[2018.11.23-15.36.34:886][  0]LogSlate: New Slate User Created.  User Index 0, Is Virtual User: 0
[2018.11.23-15.36.34:886][  0]LogSlate: Slate User Registered.  User Index 0, Is Virtual User: 0
[2018.11.23-15.36.35:252][  0]LogHMD: Failed to initialize OpenVR with code 110
[2018.11.23-15.36.35:252][  0]LogD3D11RHI: D3D11 adapters:
[2018.11.23-15.36.35:359][  0]LogD3D11RHI:    0. 'NVIDIA GeForce GTX 970' (Feature Level 11_0)
[2018.11.23-15.36.35:359][  0]LogD3D11RHI:       4043/0/8146 MB DedicatedVideo/DedicatedSystem/SharedSystem, Outputs:2, VendorId:0x10de
[2018.11.23-15.36.35:428][  0]LogD3D11RHI:    1. 'Microsoft Basic Render Driver' (Feature Level 11_0)
[2018.11.23-15.36.35:428][  0]LogD3D11RHI:       0/0/8146 MB DedicatedVideo/DedicatedSystem/SharedSystem, Outputs:0, VendorId:0x1414
[2018.11.23-15.36.35:428][  0]LogD3D11RHI: Chosen D3D11 Adapter: 0
[2018.11.23-15.36.35:439][  0]LogD3D11RHI: Creating new Direct3DDevice
[2018.11.23-15.36.35:440][  0]LogD3D11RHI:     GPU DeviceId: 0x13c2 (for the marketing name, search the web for "GPU Device Id")
[2018.11.23-15.36.35:440][  0]LogWindows: EnumDisplayDevices:
[2018.11.23-15.36.35:441][  0]LogWindows:    0. 'NVIDIA GeForce GTX 970' (P:0 D:1)
[2018.11.23-15.36.35:441][  0]LogWindows:    1. 'NVIDIA GeForce GTX 970' (P:1 D:1)
[2018.11.23-15.36.35:441][  0]LogWindows:    2. 'NVIDIA GeForce GTX 970' (P:0 D:0)
[2018.11.23-15.36.35:442][  0]LogWindows:    3. 'NVIDIA GeForce GTX 970' (P:0 D:0)
[2018.11.23-15.36.35:442][  0]LogWindows: DebugString: FoundDriverCount:4 
[2018.11.23-15.36.35:442][  0]LogD3D11RHI:     Adapter Name: NVIDIA GeForce GTX 970
[2018.11.23-15.36.35:443][  0]LogD3D11RHI:   Driver Version: 399.24 (internal:24.21.13.9924, unified:399.24)
[2018.11.23-15.36.35:443][  0]LogD3D11RHI:      Driver Date: 9-5-2018
[2018.11.23-15.36.35:443][  0]LogRHI: Texture pool is 2830 MB (70% of 4043 MB)
[2018.11.23-15.36.35:500][  0]LogD3D11RHI: Async texture creation enabled
[2018.11.23-15.36.35:518][  0]LogD3D11RHI: GPU Timing Frequency: 1000.000000 (Debug: 2 2)
[2018.11.23-15.36.35:605][  0]LogShaderCompilers: Guid format shader working directory is -11 characters bigger than the processId version (../../../../../../Users/l012265h/Documents/GitHub/WGT/ITOSG/Intermediate/Shaders/WorkingDirectory/13200/).
[2018.11.23-15.36.35:606][  0]LogShaderCompilers: Cleaned the shader compiler working directory 'C:/Users/l012265h/AppData/Local/Temp/UnrealShaderWorkingDir/0B515EB844561943B45B4B8FC7D4E7EB/'.
[2018.11.23-15.36.36:170][  0]LogTemp: Display: Loaded TP AllDesktopTargetPlatform
[2018.11.23-15.36.36:215][  0]LogTemp: Display: Loaded TP MacClientTargetPlatform
[2018.11.23-15.36.36:278][  0]LogTemp: Display: Loaded TP MacNoEditorTargetPlatform
[2018.11.23-15.36.36:323][  0]LogTemp: Display: Loaded TP MacServerTargetPlatform
[2018.11.23-15.36.36:364][  0]LogTemp: Display: Loaded TP MacTargetPlatform
[2018.11.23-15.36.36:428][  0]LogTemp: Display: Loaded TP WindowsClientTargetPlatform
[2018.11.23-15.36.36:468][  0]LogTemp: Display: Loaded TP WindowsNoEditorTargetPlatform
[2018.11.23-15.36.36:516][  0]LogTemp: Display: Loaded TP WindowsServerTargetPlatform
[2018.11.23-15.36.36:539][  0]LogTemp: Display: Loaded TP WindowsTargetPlatform
[2018.11.23-15.36.36:657][  0]LogTemp: Display: Loaded TP AndroidTargetPlatform
[2018.11.23-15.36.36:658][  0]LogTemp: Display: Loaded TP AndroidTargetPlatform
[2018.11.23-15.36.36:658][  0]LogTemp: Display: Loaded TP AndroidTargetPlatform
[2018.11.23-15.36.36:658][  0]LogTemp: Display: Loaded TP AndroidTargetPlatform
[2018.11.23-15.36.36:658][  0]LogTemp: Display: Loaded TP AndroidTargetPlatform
[2018.11.23-15.36.36:658][  0]LogTemp: Display: Loaded TP AndroidTargetPlatform
[2018.11.23-15.36.36:658][  0]LogTemp: Display: Loaded TP AndroidTargetPlatform
[2018.11.23-15.36.36:658][  0]LogTemp: Display: Loaded TP AndroidTargetPlatform
[2018.11.23-15.36.36:658][  0]LogTemp: Display: Loaded TP AndroidTargetPlatform
[2018.11.23-15.36.36:658][  0]LogTemp: Display: Loaded TP AndroidTargetPlatform
[2018.11.23-15.36.36:658][  0]LogTemp: Display: Loaded TP AndroidTargetPlatform
[2018.11.23-15.36.36:658][  0]LogTemp: Display: Loaded TP AndroidTargetPlatform
[2018.11.23-15.36.36:658][  0]LogTemp: Display: Loaded TP AndroidTargetPlatform
[2018.11.23-15.36.36:658][  0]LogTemp: Display: Loaded TP AndroidTargetPlatform
[2018.11.23-15.36.36:658][  0]LogTemp: Display: Loaded TP AndroidTargetPlatform
[2018.11.23-15.36.36:658][  0]LogTemp: Display: Loaded TP AndroidTargetPlatform
[2018.11.23-15.36.36:658][  0]LogTemp: Display: Loaded TP AndroidTargetPlatform
[2018.11.23-15.36.36:658][  0]LogTemp: Display: Loaded TP AndroidTargetPlatform
[2018.11.23-15.36.36:686][  0]LogTemp: Display: Loaded TP HTML5TargetPlatform
[2018.11.23-15.36.36:812][  0]LogTemp: Display: Loaded TP IOSTargetPlatform
[2018.11.23-15.36.36:812][  0]LogTemp: Display: Loaded TP IOSTargetPlatform
[2018.11.23-15.36.36:864][  0]LogTemp: Display: Loaded TP TVOSTargetPlatform
[2018.11.23-15.36.36:864][  0]LogTemp: Display: Loaded TP TVOSTargetPlatform
[2018.11.23-15.36.36:894][  0]LogTemp: Display: Loaded TP LinuxClientTargetPlatform
[2018.11.23-15.36.36:942][  0]LogTemp: Display: Loaded TP LinuxNoEditorTargetPlatform
[2018.11.23-15.36.36:984][  0]LogTemp: Display: Loaded TP LinuxServerTargetPlatform
[2018.11.23-15.36.37:035][  0]LogTemp: Display: Loaded TP LinuxTargetPlatform
[2018.11.23-15.36.37:065][  0]LogTemp: Display: Loaded TP LuminTargetPlatform
[2018.11.23-15.36.37:065][  0]LogTargetPlatformManager: Display: Building Assets For Windows
[2018.11.23-15.36.37:472][  0]LogXGEController: Cleaning working directory: C:/Users/l012265h/AppData/Local/Temp/UnrealXGEWorkingDir/
[2018.11.23-15.36.37:473][  0]LogXGEController: Cannot use XGE Controller as Incredibuild is not installed on this machine.
[2018.11.23-15.36.37:473][  0]LogShaderCompilers: Cannot use XGE Shader Compiler as Incredibuild is not installed on this machine.
[2018.11.23-15.36.37:473][  0]LogShaderCompilers: Display: Using Local Shader Compiler.
[2018.11.23-15.36.38:643][  0]LogDerivedDataCache: Display: Max Cache Size: 512 MB
[2018.11.23-15.36.38:643][  0]LogDerivedDataCache: Display: Starting with empty Boot cache
[2018.11.23-15.36.38:643][  0]LogDerivedDataCache: FDerivedDataBackendGraph:  Pak pak cache file ../../../../../../Users/l012265h/Documents/GitHub/WGT/ITOSG/DerivedDataCache/DDC.ddp not found, will not use a pak cache.
[2018.11.23-15.36.38:643][  0]LogDerivedDataCache: Unable to find inner node Pak for hierarchical cache Hierarchy.
[2018.11.23-15.36.38:643][  0]LogDerivedDataCache: FDerivedDataBackendGraph:  CompressedPak pak cache file ../../../../../../Users/l012265h/Documents/GitHub/WGT/ITOSG/DerivedDataCache/Compressed.ddp not found, will not use a pak cache.
[2018.11.23-15.36.38:643][  0]LogDerivedDataCache: Unable to find inner node CompressedPak for hierarchical cache Hierarchy.
[2018.11.23-15.36.38:658][  0]LogDerivedDataCache: Display: Pak cache opened for reading ../../../Engine/DerivedDataCache/Compressed.ddp.
[2018.11.23-15.36.38:671][  0]LogDerivedDataCache: Using Local data cache path C:/Users/l012265h/AppData/Local/UnrealEngine/Common/DerivedDataCache: Writable
[2018.11.23-15.36.38:671][  0]LogDerivedDataCache: Shared data cache path not found in *engine.ini, will not use an Shared cache.
[2018.11.23-15.36.38:671][  0]LogDerivedDataCache: Unable to find inner node Shared for hierarchical cache Hierarchy.
[2018.11.23-15.36.38:716][  0]LogMaterial: Verifying Global Shaders for PCD3D_SM5
[2018.11.23-15.36.38:718][  0]LogSlate: Using FreeType 2.6.0
[2018.11.23-15.36.38:719][  0]LogSlate: SlateFontServices - WITH_FREETYPE: 1, WITH_HARFBUZZ: 1
[2018.11.23-15.36.38:817][  0]LogAssetRegistry: FAssetRegistry took 0.0310 seconds to start up
[2018.11.23-15.36.39:248][  0]LogInit: Selected Device Profile: [Windows]
[2018.11.23-15.36.39:531][  0]LogSimplygon: Simplygon DLL not present - disabling.
[2018.11.23-15.36.39:574][  0]LogMeshReduction: Using SimplygonSwarm for distributed automatic mesh merging
[2018.11.23-15.36.39:574][  0]LogMeshReduction: Using ProxyLODMeshReduction for automatic mesh merging
[2018.11.23-15.36.39:574][  0]LogMeshReduction: Using QuadricMeshReduction for automatic static mesh reduction
[2018.11.23-15.36.39:574][  0]LogMeshReduction: No automatic skeletal mesh reduction module available
[2018.11.23-15.36.39:604][  0]LogNetVersion: ITOSG 1.0.0, NetCL: 4212847, EngineNetVer: 5, GameNetVer: 0 (Checksum: 987612483)
[2018.11.23-15.36.40:431][  0]LogPackageLocalizationCache: Processed 11 localized package path(s) for 2 prioritized culture(s) in 0.164051 seconds
[2018.11.23-15.36.40:439][  0]LogUObjectArray: 38425 objects as part of root set at end of initial load.
[2018.11.23-15.36.40:439][  0]LogUObjectAllocator: 6690872 out of 0 bytes used by permanent object pool.
[2018.11.23-15.36.40:439][  0]LogUObjectArray: CloseDisregardForGC: 0/0 objects in disregard for GC pool
[2018.11.23-15.36.42:313][  0]LogTcpMessaging: Initializing TcpMessaging bridge
[2018.11.23-15.36.42:340][  0]LogUdpMessaging: Initializing bridge on interface 0.0.0.0:0 to multicast group 230.0.0.1:6666.
[2018.11.23-15.36.42:731][  0]LogMaterial: Display: Missing cached shader map for material M_Cursor_Decal, compiling. 
[2018.11.23-15.36.43:611][  0]LogShaderCompilers: Display: Shaders left to compile 34
[2018.11.23-15.36.43:611][  0]LogShaderCompilers: Display: Shaders left to compile 24
[2018.11.23-15.36.43:611][  0]LogShaderCompilers: Display: Shaders left to compile 14
[2018.11.23-15.36.45:952][  0]SourceControl: Source control is disabled
[2018.11.23-15.36.45:953][  0]SourceControl: Source control is disabled
[2018.11.23-15.36.46:178][  0]SourceControl: Source control is disabled
[2018.11.23-15.36.46:222][  0]SourceControl: Source control is disabled
[2018.11.23-15.36.48:911][  0]LogAndroidPermission: UAndroidPermissionCallbackProxy::GetInstance
[2018.11.23-15.36.49:369][  0]LogOcInput: OculusInput pre-init called
[2018.11.23-15.36.49:953][  0]LogEngine: Initializing Engine...
[2018.11.23-15.36.49:986][  0]LogHMD: Failed to initialize OpenVR with code 110
[2018.11.23-15.36.50:021][  0]LogShaderCompilers: Display: Shaders left to compile 4
[2018.11.23-15.36.50:021][  0]LogStats: UGameplayTagsManager::ConstructGameplayTagTree: ImportINI prefixes -  0.016 s
[2018.11.23-15.36.50:021][  0]LogStats: UGameplayTagsManager::ConstructGameplayTagTree: Construct from data asset -  0.000 s
[2018.11.23-15.36.50:030][  0]LogStats: UGameplayTagsManager::ConstructGameplayTagTree: ImportINI -  0.000 s
[2018.11.23-15.36.50:038][  0]LogStats: UGameplayTagsManager::ConstructGameplayTagTree: GameplayTagTreeChangedEvent.Broadcast -  0.007 s
[2018.11.23-15.36.50:751][  0]LogInit: Initializing FReadOnlyCVARCache
[2018.11.23-15.36.51:095][  0]LogAIModule: Creating AISystem for world Untitled
[2018.11.23-15.36.51:251][  0]LogInit: XAudio2 using 'Speakers (Realtek High Definition Audio)' : 2 channels at 48 kHz using 32 bits per sample (channel mask 0x3)
[2018.11.23-15.36.51:290][  0]LogInit: FAudioDevice initialized.
[2018.11.23-15.36.51:290][  0]LogNetVersion: Set ProjectVersion to 1.0.0.0. Version Checksum will be recalculated on next use.
[2018.11.23-15.36.51:477][  0]LogDerivedDataCache: Saved boot cache 0.19s 73MB C:/Users/l012265h/AppData/Local/UnrealEngine/4.20/DerivedDataCache/Boot.ddc.
[2018.11.23-15.36.51:483][  0]LogInit: Texture streaming: Enabled
[2018.11.23-15.36.51:671][  0]LogEngineSessionManager: EngineSessionManager initialized
[2018.11.23-15.36.51:785][  0]LogInit: Transaction tracking system initialized
[2018.11.23-15.36.52:235][  0]BlueprintLog: New page: Editor Load
[2018.11.23-15.36.54:889][  0]LocalizationService: Localization service is disabled
[2018.11.23-15.36.56:805][  0]LogFileCache: Scanning file cache for directory 'C:/Users/l012265h/Documents/GitHub/WGT/ITOSG/Content/' took 0.03s
[2018.11.23-15.36.56:805][  0]LogCook: Display: Max memory allowance for cook 16384mb min free memory 0mb
[2018.11.23-15.36.56:806][  0]LogCook: Display: Mobile HDR setting 1
[2018.11.23-15.36.56:806][  0]LogGameplayTags: Display: UGameplayTagsManager::DoneAddingNativeTags. DelegateIsBound: 0
[2018.11.23-15.36.56:806][  0]LogStats: UGameplayTagsManager::ConstructGameplayTagTree: ImportINI prefixes -  0.000 s
[2018.11.23-15.36.56:806][  0]LogStats: UGameplayTagsManager::ConstructGameplayTagTree: Construct from data asset -  0.000 s
[2018.11.23-15.36.56:806][  0]LogStats: UGameplayTagsManager::ConstructGameplayTagTree: ImportINI -  0.000 s
[2018.11.23-15.36.56:807][  0]LogStats: UGameplayTagsManager::ConstructGameplayTagTree: GameplayTagTreeChangedEvent.Broadcast -  0.000 s
[2018.11.23-15.36.59:497][  0]SourceControl: Source control is disabled
[2018.11.23-15.36.59:514][  0]Cmd: MAP LOAD FILE="../../../../../../Users/l012265h/Documents/GitHub/WGT/ITOSG/Content/TopDownCPP/Maps/TopDownExampleMap.umap" TEMPLATE=0 SHOWPROGRESS=1 FEATURELEVEL=3
[2018.11.23-15.36.59:516][  0]LightingResults: New page: Lighting Build
[2018.11.23-15.36.59:621][  0]MapCheck: New page: Map Check
[2018.11.23-15.36.59:621][  0]LightingResults: New page: Lighting Build
[2018.11.23-15.36.59:988][  0]LogLinker: Warning: Can't find file '/Game/TopDownCPP/Maps/TopDownExampleMap_BuiltData'
[2018.11.23-15.36.59:989][  0]LogLinker: Warning: Can't find file for asset '/Game/TopDownCPP/Maps/TopDownExampleMap_BuiltData' while loading ../../../../../../Users/l012265h/Documents/GitHub/WGT/ITOSG/Content/TopDownCPP/Maps/TopDownExampleMap.umap.
[2018.11.23-15.36.59:989][  0]LoadErrors: Error: /Game/TopDownCPP/Maps/TopDownExampleMap : Can't find file for asset. /Game/TopDownCPP/Maps/TopDownExampleMap_BuiltData
[2018.11.23-15.37.00:308][  0]LogLinker: Warning: Can't find file '/Game/TopDownCPP/Maps/TopDownExampleMap_BuiltData'
[2018.11.23-15.37.00:309][  0]LogLinker: Warning: Can't find file for asset '/Game/TopDownCPP/Maps/TopDownExampleMap_BuiltData' while loading ../../../../../../Users/l012265h/Documents/GitHub/WGT/ITOSG/Content/TopDownCPP/Maps/TopDownExampleMap.umap.
[2018.11.23-15.37.00:309][  0]LoadErrors: Error: /Game/TopDownCPP/Maps/TopDownExampleMap : Can't find file for asset. /Game/TopDownCPP/Maps/TopDownExampleMap_BuiltData
[2018.11.23-15.37.00:403][  0]LogLinker: Warning: Can't find file '/Game/TopDownCPP/Maps/TopDownExampleMap_BuiltData'
[2018.11.23-15.37.00:404][  0]LogLinker: Warning: Can't find file for asset '/Game/TopDownCPP/Maps/TopDownExampleMap_BuiltData' while loading NULL.
[2018.11.23-15.37.00:406][  0]LogLinker: Warning: Can't find file '/Game/TopDownCPP/Maps/TopDownExampleMap_BuiltData'
[2018.11.23-15.37.00:408][  0]LogLinker: Warning: Can't find file for asset '/Game/TopDownCPP/Maps/TopDownExampleMap_BuiltData' while loading NULL.
[2018.11.23-15.37.00:481][  0]LogLinker: Warning: Can't find file '/Game/TopDownCPP/Maps/TopDownExampleMap_BuiltData'
[2018.11.23-15.37.00:481][  0]LoadErrors: Failed to load /Game/TopDownCPP/Maps/TopDownExampleMap_BuiltData.TopDownExampleMap_BuiltData Referenced by PersistentLevel
[2018.11.23-15.37.00:482][  0]LogLinker: Warning: Can't find file for asset '/Game/TopDownCPP/Maps/TopDownExampleMap_BuiltData' while loading NULL.
[2018.11.23-15.37.00:482][  0]LoadErrors: Failed to load /Game/TopDownCPP/Maps/TopDownExampleMap_BuiltData.TopDownExampleMap_BuiltData Referenced by PersistentLevel
[2018.11.23-15.37.00:809][  0]LogTexture: Display: Building textures: T_ky_noise16 (DXT1, 1024X1024)
[2018.11.23-15.37.00:811][  0]LogTexture: Display: Building textures: T_ky_noise4 (AutoDXT, 1024X1024)
[2018.11.23-15.37.00:815][  0]LogMaterial: Display: Missing cached shader map for material M_ky_empty, compiling. 
[2018.11.23-15.37.00:842][  0]LogShaderCompilers: Display: Shaders left to compile 35
[2018.11.23-15.37.00:843][  0]LogShaderCompilers: Display: Shaders left to compile 25
[2018.11.23-15.37.00:843][  0]LogShaderCompilers: Display: Shaders left to compile 15
[2018.11.23-15.37.00:843][  0]LogTexture: Display: Building textures: T_ky_flare_a (AutoDXT, 512X512)
[2018.11.23-15.37.01:140][  0]LogTexture: Display: Building textures: T_ky_maskRGB3 (DXT1, 1024X1024)
[2018.11.23-15.37.01:143][  0]LogMaterial: Display: Missing cached shader map for material M_ky_flare_flash, compiling. 
[2018.11.23-15.37.01:172][  0]LogMaterial: Display: Missing cached shader map for material M_ky_flare_flash, compiling. 
[2018.11.23-15.37.01:242][  0]LogTexture: Display: Building textures: T_ky_noise6 (AutoDXT, 1024X1024)
[2018.11.23-15.37.02:914][  0]LogTexture: Display: Building textures: T_ky_flare14_4x4 (DXT1, 2048X2048)
[2018.11.23-15.37.02:916][  0]LogMaterial: Display: Missing cached shader map for material M_ky_primitive, compiling. 
[2018.11.23-15.37.03:125][  0]LogMaterial: Display: Missing cached shader map for material M_ky_primitiveColor, compiling. 
[2018.11.23-15.37.03:158][  0]LogMaterial: Display: Missing cached shader map for material M_ky_primitiveColor, compiling. 
[2018.11.23-15.37.03:221][  0]LogTexture: Display: Building textures: T_ky_deco_rainbow (AutoDXT, 128X512)
[2018.11.23-15.37.03:267][  0]LogTexture: Display: Building textures: T_ky_flash01_4x4 (DXT1, 2048X2048)
[2018.11.23-15.37.03:277][  0]LogTexture: Display: Building textures: T_ky_decoLinesB_sml (AutoDXT, 1024X1024)
[2018.11.23-15.37.04:905][  0]LogMaterial: Display: Missing cached shader map for material M_ky_polarGlow02, compiling. 
[2018.11.23-15.37.04:938][  0]LogTexture: Display: Building textures: T_ky_flareVertical02 (DXT1, 1024X1024)
[2018.11.23-15.37.05:300][  0]LogTexture: Display: Building textures: T_ky_lensFlare01 (DXT1, 2048X512)
[2018.11.23-15.37.05:321][  0]LogTexture: Display: Building textures: ThumbnailTexture (DXT1, 512X512)
[2018.11.23-15.37.05:330][  0]LogTexture: Display: Building textures: ThumbnailTexture (DXT1, 512X512)
[2018.11.23-15.37.05:336][  0]LogMaterial: Display: Missing cached shader map for material M_ky_flare01_primitive, compiling. 
[2018.11.23-15.37.05:361][  0]LogMaterial: Display: Missing cached shader map for material M_ky_flare01_primitive, compiling. 
[2018.11.23-15.37.05:387][  0]LogMaterial: Display: Missing cached shader map for material M_ky_flare01_primitive, compiling. 
[2018.11.23-15.37.05:413][  0]LogMaterial: Display: Missing cached shader map for material M_ky_primitive_dyn2, compiling. 
[2018.11.23-15.37.05:451][  0]LogMaterial: Display: Missing cached shader map for material M_ky_lensFlare02, compiling. 
[2018.11.23-15.37.05:602][  0]LogTexture: Display: Building textures: T_ky_maskRGB06 (DXT1, 1024X1024)
[2018.11.23-15.37.05:608][  0]LogTexture: Display: Building textures: T_ky_smoke1 (DXT1, 2048X2048)
[2018.11.23-15.37.08:042][  0]LogTexture: Display: Building textures: T_ky_ice02 (DXT1, 1024X1024)
[2018.11.23-15.37.08:043][  0]LogTexture: Display: Building textures: ThumbnailTexture (DXT1, 512X512)
[2018.11.23-15.37.08:044][  0]LogTexture: Display: Building textures: T_ky_dust_longStar (AutoDXT, 512X512)
[2018.11.23-15.37.08:083][  0]LogTexture: Display: Building textures: T_ky_noise13_sml_nor (BC5, 1024X1024)
[2018.11.23-15.37.08:084][  0]LogTexture: Display: Building textures: ThumbnailTexture (DXT1, 512X512)
[2018.11.23-15.37.08:093][  0]LogTexture: Display: Building textures: T_ky_slash01_4x4 (DXT1, 2048X2048)
[2018.11.23-15.37.08:096][  0]LogTexture: Display: Building textures: ThumbnailTexture (DXT1, 512X512)
[2018.11.23-15.37.08:096][  0]LogTexture: Display: Building textures: T_ky_fire01 (DXT1, 512X256)
[2018.11.23-15.37.08:104][  0]LogMaterial: Display: Missing cached shader map for material M_ky_gaseous03, compiling. 
[2018.11.23-15.37.08:145][  0]LogTexture: Display: Building textures: T_ky_dust01 (DXT1, 256X512)
[2018.11.23-15.37.08:154][  0]LogStaticMesh: Building static mesh SM_ky_circle_midpoly...
[2018.11.23-15.37.08:212][  0]LogTexture: Display: Building textures: ThumbnailTexture (DXT1, 512X512)
[2018.11.23-15.37.08:225][  0]LogStaticMesh: Built static mesh [0.07s] /Game/AdvancedMagicFX13/Meshes/SM_ky_circle_midpoly.SM_ky_circle_midpoly
[2018.11.23-15.37.08:268][  0]LogMaterial: Display: Missing cached shader map for material M_ky_shockwave08, compiling. 
[2018.11.23-15.37.08:290][  0]LogMaterial: Display: Missing cached shader map for material M_ky_starDust, compiling. 
[2018.11.23-15.37.08:340][  0]LogMaterial: Display: Missing cached shader map for material M_ky_starDust, compiling. 
[2018.11.23-15.37.08:412][  0]LogMaterial: Display: Missing cached shader map for material M_ky_polarShockwave2, compiling. 
[2018.11.23-15.37.08:434][  0]LogTexture: Display: Building textures: ThumbnailTexture (DXT1, 512X512)
[2018.11.23-15.37.08:434][  0]LogMaterial: Display: Missing cached shader map for material M_ky_polarShockwave2, compiling. 
[2018.11.23-15.37.08:473][  0]LogMaterial: Display: Missing cached shader map for material M_ky_flare01_primitive, compiling. 
[2018.11.23-15.37.08:500][  0]LogMaterial: Display: Missing cached shader map for material M_ky_flare01_primitive, compiling. 
[2018.11.23-15.37.08:529][  0]LogMaterial: Display: Missing cached shader map for material M_ky_circle04, compiling. 
[2018.11.23-15.37.08:547][  0]LogStaticMesh: Building static mesh SM_ky_circle_inv...
[2018.11.23-15.37.08:555][  0]LogStaticMesh: Built static mesh [0.01s] /Game/AdvancedMagicFX13/Meshes/SM_ky_circle_inv.SM_ky_circle_inv
[2018.11.23-15.37.08:558][  0]LogMaterial: Display: Missing cached shader map for material M_ky_fire03b, compiling. 
[2018.11.23-15.37.08:589][  0]LogStaticMesh: Building static mesh SM_ky_sphere...
[2018.11.23-15.37.08:600][  0]LogStaticMesh: Built static mesh [0.01s] /Game/AdvancedMagicFX13/Meshes/SM_ky_sphere.SM_ky_sphere
[2018.11.23-15.37.08:604][  0]LogMaterial: Display: Missing cached shader map for material M_ky_fire03b, compiling. 
[2018.11.23-15.37.08:636][  0]LogMaterial: Display: Missing cached shader map for material M_ky_dust01, compiling. 
[2018.11.23-15.37.08:657][  0]LogStaticMesh: Building static mesh SM_ky_cylinder_superLow_inv...
[2018.11.23-15.37.08:658][  0]LogStaticMesh: Built static mesh [0.00s] /Game/AdvancedMagicFX13/Meshes/SM_ky_cylinder_superLow_inv.SM_ky_cylinder_superLow_inv
[2018.11.23-15.37.08:661][  0]LogMaterial: Display: Missing cached shader map for material M_ky_auraWall, compiling. 
[2018.11.23-15.37.08:681][  0]LogMaterial: Display: Missing cached shader map for material M_ky_auraWall, compiling. 
[2018.11.23-15.37.08:706][  0]LogMaterial: Display: Missing cached shader map for material M_ky_starDust, compiling. 
[2018.11.23-15.37.08:740][  0]LogMaterial: Display: Missing cached shader map for material M_ky_slash01_4x4, compiling. 
[2018.11.23-15.37.08:764][  0]LogMaterial: Display: Missing cached shader map for material M_ky_slash02_4x4, compiling. 
[2018.11.23-15.37.08:853][  0]LogAIModule: Creating AISystem for world TopDownExampleMap
[2018.11.23-15.37.09:272][  0]LogEditorServer: Finished looking for orphan Actors (0.000 secs)
[2018.11.23-15.37.09:378][  0]Cmd: MAP CHECKDEP NOCLEARLOG
[2018.11.23-15.37.09:690][  0]MapCheck: Map check complete: 0 Error(s), 0 Warning(s), took 312.026ms to complete.
[2018.11.23-15.37.09:690][  0]LogFileHelpers: Loading map 'TopDownExampleMap' took 10.184
[2018.11.23-15.37.10:708][  0]LogSlate: Updating window title bar state: overlay mode, drag disabled, window buttons hidden, title bar hidden
[2018.11.23-15.37.10:719][  0]LogSlate: Updating window title bar state: overlay mode, drag disabled, window buttons hidden, title bar hidden
[2018.11.23-15.37.10:729][  0]LogSlate: Updating window title bar state: overlay mode, drag disabled, window buttons hidden, title bar hidden
[2018.11.23-15.37.10:739][  0]LogSlate: Updating window title bar state: overlay mode, drag disabled, window buttons hidden, title bar hidden
[2018.11.23-15.37.12:248][  0]LogShaderCompilers: Display: Shaders left to compile 1303
[2018.11.23-15.37.12:248][  0]LogCollectionManager: Loaded 0 collections in 0.004452 seconds
[2018.11.23-15.37.12:591][  0]LogFileCache: Scanning file cache for directory 'C:/Users/l012265h/Documents/GitHub/WGT/ITOSG/Saved/Collections/' took 0.01s
[2018.11.23-15.37.12:592][  0]LogShaderCompilers: Display: Shaders left to compile 1293
[2018.11.23-15.37.12:592][  0]LogFileCache: Scanning file cache for directory 'C:/Users/l012265h/Documents/GitHub/WGT/ITOSG/Content/Developers/l012265h/Collections/' took 0.15s
[2018.11.23-15.37.12:592][  0]LogFileCache: Scanning file cache for directory 'C:/Users/l012265h/Documents/GitHub/WGT/ITOSG/Content/Collections/' took 0.01s
[2018.11.23-15.37.12:592][  0]LogShaderCompilers: Display: Shaders left to compile 1283
[2018.11.23-15.37.12:593][  0]LogCollectionManager: Rebuilt the GUID cache for 0 collections in 0.000000 seconds
[2018.11.23-15.37.12:631][  0]LogContentBrowser: Native class hierarchy populated in 0.0351 seconds. Added 2579 classes and 605 folders.
[2018.11.23-15.37.12:762][  0]LogContentBrowser: Native class hierarchy updated for 'WidgetCarousel' in 0.0006 seconds. Added 0 classes and 0 folders.
[2018.11.23-15.37.15:043][  0]LogContentBrowser: Native class hierarchy updated for 'AddContentDialog' in 0.0006 seconds. Added 0 classes and 0 folders.
[2018.11.23-15.37.15:097][  0]LogContentBrowser: Native class hierarchy updated for 'SceneOutliner' in 0.0007 seconds. Added 1 classes and 2 folders.
[2018.11.23-15.37.15:510][  0]LogSlate: Took 0.019300 seconds to synchronously load lazily loaded font '../../../Engine/Content/Slate/Fonts/Roboto-Regular.ttf' (155K)
[2018.11.23-15.37.15:558][  0]LogSlate: Took 0.032962 seconds to synchronously load lazily loaded font '../../../Engine/Content/Slate/Fonts/Roboto-Bold.ttf' (160K)
[2018.11.23-15.37.15:629][  0]LogShaderCompilers: Display: Shaders left to compile 1273
[2018.11.23-15.37.15:629][  0]LogSlate: Took 0.015716 seconds to synchronously load lazily loaded font '../../../Engine/Content/Editor/Slate/Fonts/FontAwesome.ttf' (139K)
[2018.11.23-15.37.16:128][  0]LogShaderCompilers: Display: Shaders left to compile 1263
[2018.11.23-15.37.16:128][  0]LogRenderer: Reallocating scene render targets to support 1208x576 Format 10 NumSamples 1 (Frame:1).
[2018.11.23-15.37.16:677][  0]LogSlate: Took 0.013319 seconds to synchronously load lazily loaded font '../../../Engine/Content/Slate/Fonts/Roboto-Light.ttf' (167K)
[2018.11.23-15.37.23:147][  0]LogShaderCompilers: Display: Shaders left to compile 1253
[2018.11.23-15.37.23:147][  0]LogShaderCompilers: Display: Shaders left to compile 1243
[2018.11.23-15.37.23:147][  0]LogShaderCompilers: Display: Shaders left to compile 1233
[2018.11.23-15.37.23:147][  0]LogShaderCompilers: Display: Shaders left to compile 1223
[2018.11.23-15.37.23:147][  0]LogShaderCompilers: Display: Shaders left to compile 1213
[2018.11.23-15.37.23:147][  0]LogShaderCompilers: Display: Shaders left to compile 1203
[2018.11.23-15.37.23:147][  0]LogShaderCompilers: Display: Shaders left to compile 1193
[2018.11.23-15.37.23:147][  0]LogSlate: FSceneViewport::OnFocusLost() reason 2
[2018.11.23-15.37.23:208][  0]LogSlate: Window 'Tutorials' being destroyed
[2018.11.23-15.37.23:301][  0]LogContentBrowser: Native class hierarchy updated for 'HierarchicalLODOutliner' in 0.0006 seconds. Added 0 classes and 0 folders.
[2018.11.23-15.37.23:301][  0]LogLoad: (Engine Initialization) Total time: 54.19 seconds
[2018.11.23-15.37.23:301][  0]LogLoad: (Engine Initialization) Total Blueprint compile time: 0.00 seconds
[2018.11.23-15.37.23:311][  0]LogWindowsTextInputMethodSystem: Display: IME system now deactivated.
[2018.11.23-15.37.23:421][  0]LogContentStreaming: Texture pool size now 1000 MB
[2018.11.23-15.37.23:440][  0]LogSlate: FSceneViewport::OnFocusLost() reason 2
[2018.11.23-15.37.23:770][  2]LogAssetRegistry: Asset discovery search completed in 44.9777 seconds
[2018.11.23-15.37.23:772][  2]LogCollectionManager: Rebuilt the object cache for 0 collections in 0.000000 seconds (found 0 objects)
[2018.11.23-15.37.23:772][  2]LogCollectionManager: Fixed up redirectors for 0 collections in 0.000128 seconds (updated 0 objects)
[2018.11.23-15.37.25:781][198]LogShaderCompilers: Display: Shaders left to compile 1183
[2018.11.23-15.37.28:282][487]LogShaderCompilers: Display: Shaders left to compile 1173
[2018.11.23-15.37.31:023][792]LogShaderCompilers: Display: Shaders left to compile 1163
[2018.11.23-15.37.33:493][ 75]LogShaderCompilers: Display: Shaders left to compile 1153
[2018.11.23-15.37.35:261][277]LogShaderCompilers: Display: Shaders left to compile 1143
[2018.11.23-15.37.36:801][364]LogShaderCompilers: Display: Shaders left to compile 1133
[2018.11.23-15.37.38:343][531]LogShaderCompilers: Display: Shaders left to compile 1123
[2018.11.23-15.37.43:552][132]LogShaderCompilers: Display: Shaders left to compile 1113
[2018.11.23-15.37.44:980][192]LogShaderCompilers: Display: Shaders left to compile 1103
[2018.11.23-15.37.45:512][192]LogShaderCompilers: Display: Shaders left to compile 1093
[2018.11.23-15.37.46:557][192]LogShaderCompilers: Display: Shaders left to compile 1083
[2018.11.23-15.37.48:225][192]LogShaderCompilers: Display: Shaders left to compile 1073
[2018.11.23-15.37.48:457][192]LogShaderCompilers: Display: Shaders left to compile 1063
[2018.11.23-15.37.49:828][192]LogShaderCompilers: Display: Shaders left to compile 1053
[2018.11.23-15.37.51:717][260]LogShaderCompilers: Display: Shaders left to compile 1043
[2018.11.23-15.37.52:116][271]LogShaderCompilers: Display: Shaders left to compile 1033
[2018.11.23-15.37.53:282][308]LogShaderCompilers: Display: Shaders left to compile 1023
[2018.11.23-15.37.55:116][354]LogShaderCompilers: Display: Shaders left to compile 1013
[2018.11.23-15.37.55:490][368]LogShaderCompilers: Display: Shaders left to compile 1003
[2018.11.23-15.37.57:534][432]LogShaderCompilers: Display: Shaders left to compile 993
[2018.11.23-15.37.59:197][548]LogSlate: Window 'Message Log' being destroyed
[2018.11.23-15.37.59:201][548]LogSlate: Window 'Message Log' being destroyed
[2018.11.23-15.38.00:175][656]LogShaderCompilers: Display: Shaders left to compile 983
[2018.11.23-15.38.00:353][676]LogShaderCompilers: Display: Shaders left to compile 973
[2018.11.23-15.38.00:529][696]LogSlate: FSceneViewport::OnFocusLost() reason 0
[2018.11.23-15.38.00:600][704]LogTemp: Repeating last play command: Selected Viewport
[2018.11.23-15.38.00:634][704]LogBlueprintUserMessages: Early PlayInEditor Detection: Level '/Game/TopDownCPP/Maps/TopDownExampleMap.TopDownExampleMap:PersistentLevel' has LevelScriptBlueprint '/Game/TopDownCPP/Maps/TopDownExampleMap.TopDownExampleMap:PersistentLevel.TopDownExampleMap' with GeneratedClass '/Game/TopDownCPP/Maps/TopDownExampleMap.TopDownExampleMap_C' with ClassGeneratedBy '/Game/TopDownCPP/Maps/TopDownExampleMap.TopDownExampleMap:PersistentLevel.TopDownExampleMap'
[2018.11.23-15.38.00:634][704]LogPlayLevel: PlayLevel: No blueprints needed recompiling
[2018.11.23-15.38.00:701][704]PIE: New page: PIE session: TopDownExampleMap (23 Nov 2018 15:38:00)
[2018.11.23-15.38.00:702][704]LogPlayLevel: Creating play world package: /Game/TopDownCPP/Maps/UEDPIE_0_TopDownExampleMap
[2018.11.23-15.38.00:770][704]LogPlayLevel: PIE: StaticDuplicateObject took: (0.067960s)
[2018.11.23-15.38.00:771][704]LogAIModule: Creating AISystem for world TopDownExampleMap
[2018.11.23-15.38.00:771][704]LogPlayLevel: PIE: World Init took: (0.001032s)
[2018.11.23-15.38.00:771][704]LogPlayLevel: PIE: Created PIE world by copying editor world from /Game/TopDownCPP/Maps/TopDownExampleMap.TopDownExampleMap to /Game/TopDownCPP/Maps/UEDPIE_0_TopDownExampleMap.TopDownExampleMap (0.069461s)
[2018.11.23-15.38.00:810][704]LogInit: XAudio2 using 'Speakers (Realtek High Definition Audio)' : 2 channels at 48 kHz using 32 bits per sample (channel mask 0x3)
[2018.11.23-15.38.00:829][704]LogInit: FAudioDevice initialized.
[2018.11.23-15.38.00:905][704]LogLoad: Game class is 'ITOSGGameMode'
[2018.11.23-15.38.00:918][704]LogWorld: Bringing World /Game/TopDownCPP/Maps/UEDPIE_0_TopDownExampleMap.TopDownExampleMap up for play (max tick rate 0) at 2018.11.23-15.38.00
[2018.11.23-15.38.00:919][704]LogWorld: Bringing up level for play took: 0.001828
[2018.11.23-15.38.01:009][704]LogContentBrowser: Native class hierarchy updated for 'MovieSceneCapture' in 0.0007 seconds. Added 10 classes and 0 folders.
[2018.11.23-15.38.01:203][704]PIE: Play in editor start time for /Game/TopDownCPP/Maps/UEDPIE_0_TopDownExampleMap 0.542
[2018.11.23-15.38.01:203][704]LogBlueprintUserMessages: Late PlayInEditor Detection: Level '/Game/TopDownCPP/Maps/TopDownExampleMap.TopDownExampleMap:PersistentLevel' has LevelScriptBlueprint '/Game/TopDownCPP/Maps/TopDownExampleMap.TopDownExampleMap:PersistentLevel.TopDownExampleMap' with GeneratedClass '/Game/TopDownCPP/Maps/TopDownExampleMap.TopDownExampleMap_C' with ClassGeneratedBy '/Game/TopDownCPP/Maps/TopDownExampleMap.TopDownExampleMap:PersistentLevel.TopDownExampleMap'
[2018.11.23-15.38.01:901][705]LogShaderCompilers: Display: Shaders left to compile 963
[2018.11.23-15.38.03:527][706]LogShaderCompilers: Display: Shaders left to compile 953
[2018.11.23-15.38.03:800][706]LogShaderCompilers: Display: Shaders left to compile 943
[2018.11.23-15.38.04:428][706]LogShaderCompilers: Display: Shaders left to compile 933
[2018.11.23-15.38.05:909][706]LogShaderCompilers: Display: Shaders left to compile 923
[2018.11.23-15.38.06:435][706]LogShaderCompilers: Display: Shaders left to compile 913
[2018.11.23-15.38.07:395][719]LogShaderCompilers: Display: Shaders left to compile 903
[2018.11.23-15.38.08:719][719]LogShaderCompilers: Display: Shaders left to compile 893
[2018.11.23-15.38.08:914][719]LogShaderCompilers: Display: Shaders left to compile 883
[2018.11.23-15.38.10:580][719]LogShaderCompilers: Display: Shaders left to compile 873
[2018.11.23-15.38.11:692][719]LogShaderCompilers: Display: Shaders left to compile 863
[2018.11.23-15.38.11:894][719]LogShaderCompilers: Display: Shaders left to compile 853
[2018.11.23-15.38.12:815][719]LogSlate: FSceneViewport::OnFocusLost() reason 0
[2018.11.23-15.38.12:818][719]LogBlueprintUserMessages: Early EndPlayMap Detection: Level '/Game/TopDownCPP/Maps/TopDownExampleMap.TopDownExampleMap:PersistentLevel' has LevelScriptBlueprint '/Game/TopDownCPP/Maps/TopDownExampleMap.TopDownExampleMap:PersistentLevel.TopDownExampleMap' with GeneratedClass '/Game/TopDownCPP/Maps/TopDownExampleMap.TopDownExampleMap_C' with ClassGeneratedBy '/Game/TopDownCPP/Maps/TopDownExampleMap.TopDownExampleMap:PersistentLevel.TopDownExampleMap'
[2018.11.23-15.38.12:831][719]LogSlate: Updating window title bar state: overlay mode, drag disabled, window buttons hidden, title bar hidden
[2018.11.23-15.38.12:887][719]LogPlayLevel: Display: Shutting down PIE online subsystems
[2018.11.23-15.38.12:887][719]LogBlueprintUserMessages: Late EndPlayMap Detection: Level '/Game/TopDownCPP/Maps/TopDownExampleMap.TopDownExampleMap:PersistentLevel' has LevelScriptBlueprint '/Game/TopDownCPP/Maps/TopDownExampleMap.TopDownExampleMap:PersistentLevel.TopDownExampleMap' with GeneratedClass '/Game/TopDownCPP/Maps/TopDownExampleMap.TopDownExampleMap_C' with ClassGeneratedBy '/Game/TopDownCPP/Maps/TopDownExampleMap.TopDownExampleMap:PersistentLevel.TopDownExampleMap'
[2018.11.23-15.38.12:915][719]LogSlate: Updating window title bar state: overlay mode, drag disabled, window buttons hidden, title bar hidden
[2018.11.23-15.38.12:976][719]LogShaderCompilers: Display: Shaders left to compile 843
[2018.11.23-15.38.12:990][720]LogPlayLevel: Display: Destroying online subsystem :Context_1
[2018.11.23-15.38.15:657][989]LogShaderCompilers: Display: Shaders left to compile 833
[2018.11.23-15.38.17:386][148]LogShaderCompilers: Display: Shaders left to compile 823
