Log file open, 11/16/18 15:30:20
LogWindows: Failed to load 'aqProf.dll' (GetLastError=126)
LogWindows: File 'aqProf.dll' does not exist
LogWindows: Failed to load 'VSPerf140.dll' (GetLastError=126)
LogWindows: File 'VSPerf140.dll' does not exist
LogWindows: Failed to load 'VtuneApi.dll' (GetLastError=126)
LogWindows: File 'VtuneApi.dll' does not exist
LogWindows: Failed to load 'VtuneApi32e.dll' (GetLastError=126)
LogWindows: File 'VtuneApi32e.dll' does not exist
LogInit: Display: Running engine for game: ITOSG
LogPlatformFile: Not using cached read wrapper
LogTaskGraph: Started task graph with 5 named threads and 14 total threads with 3 sets of task threads.
LogStats: Stats thread started at 0.658273
LogD3D11RHI: Loaded GFSDK_Aftermath_Lib.x64.dll
LogICUInternationalization: Display: ICU TimeZone Detection - Raw Offset: +0:00, Platform Override: ''
LogPluginManager: Mounting plugin Paper2D
LogPluginManager: Mounting plugin AISupport
LogPluginManager: Mounting plugin LightPropagationVolume
LogPluginManager: Mounting plugin CLionSourceCodeAccess
LogPluginManager: Mounting plugin CodeLiteSourceCodeAccess
LogPluginManager: Mounting plugin GitSourceControl
LogPluginManager: Mounting plugin KDevelopSourceCodeAccess
LogPluginManager: Mounting plugin NullSourceCodeAccess
LogPluginManager: Mounting plugin PerforceSourceControl
LogPluginManager: Mounting plugin SubversionSourceControl
LogPluginManager: Mounting plugin UObjectPlugin
LogPluginManager: Mounting plugin VisualStudioCodeSourceCodeAccess
LogPluginManager: Mounting plugin VisualStudioSourceCodeAccess
LogPluginManager: Mounting plugin XCodeSourceCodeAccess
LogPluginManager: Mounting plugin AssetManagerEditor
LogPluginManager: Mounting plugin CryptoKeys
LogPluginManager: Mounting plugin DataValidation
LogPluginManager: Mounting plugin FacialAnimation
LogPluginManager: Mounting plugin GameplayTagsEditor
LogPluginManager: Mounting plugin MacGraphicsSwitching
LogPluginManager: Mounting plugin MeshEditor
LogPluginManager: Mounting plugin MobileLauncherProfileWizard
LogPluginManager: Mounting plugin PluginBrowser
LogPluginManager: Mounting plugin SpeedTreeImporter
LogPluginManager: Mounting plugin DatasmithContent
LogPluginManager: Mounting plugin AlembicImporter
LogPluginManager: Mounting plugin AppleImageUtils
LogPluginManager: Mounting plugin AppleVision
LogPluginManager: Mounting plugin BackChannel
LogPluginManager: Mounting plugin CharacterAI
LogPluginManager: Mounting plugin GeometryCache
LogPluginManager: Mounting plugin HTML5Networking
LogPluginManager: Mounting plugin ProxyLODPlugin
LogPluginManager: Mounting plugin MagicLeap
LogPluginManager: Mounting plugin MagicLeapEmulator
LogPluginManager: Mounting plugin MagicLeapMedia
LogPluginManager: Mounting plugin AndroidMedia
LogPluginManager: Mounting plugin AvfMedia
LogPluginManager: Mounting plugin ImgMedia
LogPluginManager: Mounting plugin LinearTimecode
LogPluginManager: Mounting plugin MediaCompositing
LogPluginManager: Mounting plugin MediaPlayerEditor
LogPluginManager: Mounting plugin WmfMedia
LogPluginManager: Mounting plugin TcpMessaging
LogPluginManager: Mounting plugin UdpMessaging
LogPluginManager: Mounting plugin ActorSequence
LogPluginManager: Mounting plugin LevelSequenceEditor
LogPluginManager: Mounting plugin MatineeToLevelSequence
LogPluginManager: Mounting plugin NetcodeUnitTest
LogPluginManager: Mounting plugin NUTUnrealEngine4
LogPluginManager: Mounting plugin OnlineSubsystemGooglePlay
LogPluginManager: Mounting plugin OnlineSubsystemIOS
LogPluginManager: Mounting plugin OnlineSubsystem
LogPluginManager: Mounting plugin OnlineSubsystemNull
LogPluginManager: Mounting plugin OnlineSubsystemUtils
LogPluginManager: Mounting plugin LauncherChunkInstaller
LogPluginManager: Mounting plugin AndroidDeviceProfileSelector
LogPluginManager: Mounting plugin AndroidMoviePlayer
LogPluginManager: Mounting plugin AndroidPermission
LogPluginManager: Mounting plugin AppleMoviePlayer
LogPluginManager: Mounting plugin ArchVisCharacter
LogPluginManager: Mounting plugin AudioCapture
LogPluginManager: Mounting plugin CableComponent
LogPluginManager: Mounting plugin CustomMeshComponent
LogPluginManager: Mounting plugin EditableMesh
LogPluginManager: Mounting plugin ExampleDeviceProfileSelector
LogPluginManager: Mounting plugin GoogleCloudMessaging
LogPluginManager: Mounting plugin ImmediatePhysics
LogPluginManager: Mounting plugin IOSDeviceProfileSelector
LogPluginManager: Mounting plugin LinuxDeviceProfileSelector
LogPluginManager: Mounting plugin LocationServicesBPLibrary
LogPluginManager: Mounting plugin MobilePatchingUtils
LogPluginManager: Mounting plugin OculusVR
LogPluginManager: Plugin shader directory ../../../Engine/Plugins/Runtime/Oculus/OculusVR/Shaders found
LogPluginManager: Mapping shader source directory ../../../Engine/Plugins/Runtime/Oculus/OculusVR/Shaders to virtual directory /Plugin/OculusVR
LogPluginManager: Mounting plugin PhysXVehicles
LogPluginManager: Mounting plugin ProceduralMeshComponent
LogPluginManager: Mounting plugin RuntimePhysXCooking
LogPluginManager: Mounting plugin SteamVR
LogPluginManager: Mounting plugin WindowsMoviePlayer
LogStreaming: Display: Took  0.292s to configure plugins.
LogInit: Using libcurl 7.55.1-DEV
LogInit:  - built for x86_64-pc-win32
LogInit:  - supports SSL with OpenSSL/1.0.2h
LogInit:  - supports HTTP deflate (compression) using libz 1.2.8
LogInit:  - other features:
LogInit:      CURL_VERSION_SSL
LogInit:      CURL_VERSION_LIBZ
LogInit:      CURL_VERSION_IPV6
LogInit:      CURL_VERSION_ASYNCHDNS
LogInit:      CURL_VERSION_LARGEFILE
LogInit:      CURL_VERSION_IDN
LogInit:  CurlRequestOptions (configurable via config and command line):
LogInit:  - bVerifyPeer = false  - Libcurl will NOT verify peer certificate
LogInit:  - bUseHttpProxy = false  - Libcurl will NOT use HTTP proxy
LogInit:  - bDontReuseConnections = false  - Libcurl will reuse connections
LogInit:  - CertBundlePath = nullptr  - Libcurl will use whatever was configured at build time.
LogInit:  - MaxHostConnections = 16  - Libcurl will limit the number of connections to a host
LogInit:  - LocalHostAddr = Default
LogInit:  - BufferSize = 65536
LogInit: WinSock: version 1.1 (2.2), MaxSocks=32767, MaxUdp=65467
LogInit: Build: ++UE4+Release-4.20-CL-4369336
LogInit: Engine Version: 4.20.3-4369336+++UE4+Release-4.20
LogInit: Compatible Engine Version: 4.20.0-4212847+++UE4+Release-4.20
LogInit: Net CL: 4212847
LogInit: OS: Windows 10 (), CPU: Intel(R) Xeon(R) CPU E5-1607 v3 @ 3.10GHz, GPU: NVIDIA GeForce GTX 970
LogInit: Compiled (64-bit): Sep 17 2018 12:26:19
LogInit: Compiled with Visual C++: 19.13.26129.00
LogInit: Build Configuration: Development
LogInit: Branch Name: ++UE4+Release-4.20
LogInit: Command Line:  -skipcompile
LogInit: Base Directory: C:/Epic/UE4/UE_4.20/Engine/Binaries/Win64/
LogInit: Installed Engine Build: 1
LogDevObjectVersion: Number of dev versions registered: 20
LogDevObjectVersion:   Dev-Blueprints (B0D832E4-1F89-4F0D-ACCF-7EB736FD4AA2): 10
LogDevObjectVersion:   Dev-Build (E1C64328-A22C-4D53-A36C-8E866417BD8C): 0
LogDevObjectVersion:   Dev-Core (375EC13C-06E4-48FB-B500-84F0262A717E): 2
LogDevObjectVersion:   Dev-Editor (E4B068ED-F494-42E9-A231-DA0B2E46BB41): 24
LogDevObjectVersion:   Dev-Framework (CFFC743F-43B0-4480-9391-14DF171D2073): 34
LogDevObjectVersion:   Dev-Mobile (B02B49B5-BB20-44E9-A304-32B752E40360): 2
LogDevObjectVersion:   Dev-Networking (A4E4105C-59A1-49B5-A7C5-40C4547EDFEE): 0
LogDevObjectVersion:   Dev-Online (39C831C9-5AE6-47DC-9A44-9C173E1C8E7C): 0
LogDevObjectVersion:   Dev-Physics (78F01B33-EBEA-4F98-B9B4-84EACCB95AA2): 0
LogDevObjectVersion:   Dev-Platform (6631380F-2D4D-43E0-8009-CF276956A95A): 0
LogDevObjectVersion:   Dev-Rendering (12F88B9F-8875-4AFC-A67C-D90C383ABD29): 26
LogDevObjectVersion:   Dev-Sequencer (7B5AE74C-D270-4C10-A958-57980B212A5A): 9
LogDevObjectVersion:   Dev-VR (D7296918-1DD6-4BDD-9DE2-64A83CC13884): 2
LogDevObjectVersion:   Dev-LoadTimes (C2A15278-BFE7-4AFE-6C17-90FF531DF755): 1
LogDevObjectVersion:   Private-Geometry (6EACA3D4-40EC-4CC1-B786-8BED09428FC5): 3
LogDevObjectVersion:   Dev-AnimPhys (29E575DD-E0A3-4627-9D10-D276232CDCEA): 17
LogDevObjectVersion:   Dev-ReflectionCapture (6B266CEC-1EC7-4B8F-A30B-E4D90942FC07): 1
LogDevObjectVersion:   Dev-Automation (0DF73D61-A23F-47EA-B727-89E90C41499A): 1
LogDevObjectVersion:   FortniteMain (601D1886-AC64-4F84-AA16-D3DE0DEAC7D6): 12
LogDevObjectVersion:   Dev-Enterprise (9DFFBCD6-494F-0158-E221-12823C92A888): 1
LogStreaming: Display: Took  0.003s to delete old logs.
LogInit: Presizing for max 8388607 objects, including 0 objects not considered by GC, pre-allocating 0 bytes for permanent pool.
LogInit: Object subsystem initialized
[2018.11.16-15.30.21:286][  0]LogInit: Selected Device Profile: [Windows]
[2018.11.16-15.30.21:286][  0]LogInit: Applying CVar settings loaded from the selected device profile: [Windows]
[2018.11.16-15.30.21:303][  0]LogHAL: Display: Platform has ~ 16 GB [17083682816 / 17179869184 / 16], which maps to Larger [LargestMinGB=32, LargerMinGB=12, DefaultMinGB=8, SmallerMinGB=6, SmallestMinGB=0)
[2018.11.16-15.30.21:303][  0]LogInit: Setting Device Profile CVar: [[r.Vulkan.UseRealUBs:1]]
[2018.11.16-15.30.21:304][  0]LogInit: Going up to parent DeviceProfile []
[2018.11.16-15.30.21:304][  0]LogInit: Computer: S500-21
[2018.11.16-15.30.21:304][  0]LogInit: User: j016593e
[2018.11.16-15.30.21:304][  0]LogInit: CPU Page size=4096, Cores=4
[2018.11.16-15.30.21:305][  0]LogInit: High frequency timer resolution =3.020352 MHz
[2018.11.16-15.30.21:305][  0]LogMemory: Memory total: Physical=15.9GB (16GB approx)
[2018.11.16-15.30.21:305][  0]LogMemory: Platform Memory Stats for Windows
[2018.11.16-15.30.21:305][  0]LogMemory: Process Physical Memory: 100.93 MB used, 100.93 MB peak
[2018.11.16-15.30.21:305][  0]LogMemory: Process Virtual Memory: 84.23 MB used, 84.23 MB peak
[2018.11.16-15.30.21:305][  0]LogMemory: Physical Memory: 6546.82 MB used,  9745.45 MB free, 16292.27 MB total
[2018.11.16-15.30.21:305][  0]LogMemory: Virtual Memory: 4620.36 MB used,  9745.45 MB free, 134217728.00 MB total
[2018.11.16-15.30.21:793][  0]LogInit: Using OS detected language (en-US).
[2018.11.16-15.30.21:793][  0]LogInit: Using OS detected locale (en-GB).
[2018.11.16-15.30.21:796][  0]LogTextLocalizationManager: No specific localization for 'en-US' exists, so the 'en' localization will be used.
[2018.11.16-15.30.22:220][  0]LogStreaming: Display: Took  0.428s to InitEngineTextLocalization.
[2018.11.16-15.30.22:221][  0]LogInit: Setting process to per monitor DPI aware
[2018.11.16-15.30.22:298][  0]LogSlate: New Slate User Created.  User Index 0, Is Virtual User: 0
[2018.11.16-15.30.22:299][  0]LogSlate: Slate User Registered.  User Index 0, Is Virtual User: 0
[2018.11.16-15.30.22:655][  0]LogHMD: Failed to initialize OpenVR with code 110
[2018.11.16-15.30.22:655][  0]LogD3D11RHI: D3D11 adapters:
[2018.11.16-15.30.22:747][  0]LogD3D11RHI:    0. 'NVIDIA GeForce GTX 970' (Feature Level 11_0)
[2018.11.16-15.30.22:747][  0]LogD3D11RHI:       4043/0/8146 MB DedicatedVideo/DedicatedSystem/SharedSystem, Outputs:2, VendorId:0x10de
[2018.11.16-15.30.22:797][  0]LogD3D11RHI:    1. 'Microsoft Basic Render Driver' (Feature Level 11_0)
[2018.11.16-15.30.22:797][  0]LogD3D11RHI:       0/0/8146 MB DedicatedVideo/DedicatedSystem/SharedSystem, Outputs:0, VendorId:0x1414
[2018.11.16-15.30.22:797][  0]LogD3D11RHI: Chosen D3D11 Adapter: 0
[2018.11.16-15.30.22:817][  0]LogD3D11RHI: Creating new Direct3DDevice
[2018.11.16-15.30.22:817][  0]LogD3D11RHI:     GPU DeviceId: 0x13c2 (for the marketing name, search the web for "GPU Device Id")
[2018.11.16-15.30.22:818][  0]LogWindows: EnumDisplayDevices:
[2018.11.16-15.30.22:818][  0]LogWindows:    0. 'NVIDIA GeForce GTX 970' (P:0 D:1)
[2018.11.16-15.30.22:818][  0]LogWindows:    1. 'NVIDIA GeForce GTX 970' (P:1 D:1)
[2018.11.16-15.30.22:819][  0]LogWindows:    2. 'NVIDIA GeForce GTX 970' (P:0 D:0)
[2018.11.16-15.30.22:819][  0]LogWindows:    3. 'NVIDIA GeForce GTX 970' (P:0 D:0)
[2018.11.16-15.30.22:820][  0]LogWindows: DebugString: FoundDriverCount:4 
[2018.11.16-15.30.22:820][  0]LogD3D11RHI:     Adapter Name: NVIDIA GeForce GTX 970
[2018.11.16-15.30.22:820][  0]LogD3D11RHI:   Driver Version: 399.24 (internal:24.21.13.9924, unified:399.24)
[2018.11.16-15.30.22:820][  0]LogD3D11RHI:      Driver Date: 9-5-2018
[2018.11.16-15.30.22:820][  0]LogRHI: Texture pool is 2830 MB (70% of 4043 MB)
[2018.11.16-15.30.22:878][  0]LogD3D11RHI: Async texture creation enabled
[2018.11.16-15.30.22:896][  0]LogD3D11RHI: GPU Timing Frequency: 1000.000000 (Debug: 2 2)
[2018.11.16-15.30.22:982][  0]LogShaderCompilers: Guid format shader working directory is -10 characters bigger than the processId version (../../../../../../Users/j016593e/Documents/GitHub/WGT/ITOSG/Intermediate/Shaders/WorkingDirectory/7580/).
[2018.11.16-15.30.22:982][  0]LogShaderCompilers: Cleaned the shader compiler working directory 'C:/Users/j016593e/AppData/Local/Temp/UnrealShaderWorkingDir/06AC14C143C942DCC53857B3E3DBA6D1/'.
[2018.11.16-15.30.23:367][  0]LogTemp: Display: Loaded TP AllDesktopTargetPlatform
[2018.11.16-15.30.23:398][  0]LogTemp: Display: Loaded TP MacClientTargetPlatform
[2018.11.16-15.30.23:429][  0]LogTemp: Display: Loaded TP MacNoEditorTargetPlatform
[2018.11.16-15.30.23:458][  0]LogTemp: Display: Loaded TP MacServerTargetPlatform
[2018.11.16-15.30.23:482][  0]LogTemp: Display: Loaded TP MacTargetPlatform
[2018.11.16-15.30.23:508][  0]LogTemp: Display: Loaded TP WindowsClientTargetPlatform
[2018.11.16-15.30.23:534][  0]LogTemp: Display: Loaded TP WindowsNoEditorTargetPlatform
[2018.11.16-15.30.23:560][  0]LogTemp: Display: Loaded TP WindowsServerTargetPlatform
[2018.11.16-15.30.23:581][  0]LogTemp: Display: Loaded TP WindowsTargetPlatform
[2018.11.16-15.30.23:697][  0]LogTemp: Display: Loaded TP AndroidTargetPlatform
[2018.11.16-15.30.23:697][  0]LogTemp: Display: Loaded TP AndroidTargetPlatform
[2018.11.16-15.30.23:697][  0]LogTemp: Display: Loaded TP AndroidTargetPlatform
[2018.11.16-15.30.23:697][  0]LogTemp: Display: Loaded TP AndroidTargetPlatform
[2018.11.16-15.30.23:697][  0]LogTemp: Display: Loaded TP AndroidTargetPlatform
[2018.11.16-15.30.23:697][  0]LogTemp: Display: Loaded TP AndroidTargetPlatform
[2018.11.16-15.30.23:697][  0]LogTemp: Display: Loaded TP AndroidTargetPlatform
[2018.11.16-15.30.23:697][  0]LogTemp: Display: Loaded TP AndroidTargetPlatform
[2018.11.16-15.30.23:697][  0]LogTemp: Display: Loaded TP AndroidTargetPlatform
[2018.11.16-15.30.23:697][  0]LogTemp: Display: Loaded TP AndroidTargetPlatform
[2018.11.16-15.30.23:697][  0]LogTemp: Display: Loaded TP AndroidTargetPlatform
[2018.11.16-15.30.23:698][  0]LogTemp: Display: Loaded TP AndroidTargetPlatform
[2018.11.16-15.30.23:698][  0]LogTemp: Display: Loaded TP AndroidTargetPlatform
[2018.11.16-15.30.23:698][  0]LogTemp: Display: Loaded TP AndroidTargetPlatform
[2018.11.16-15.30.23:698][  0]LogTemp: Display: Loaded TP AndroidTargetPlatform
[2018.11.16-15.30.23:698][  0]LogTemp: Display: Loaded TP AndroidTargetPlatform
[2018.11.16-15.30.23:698][  0]LogTemp: Display: Loaded TP AndroidTargetPlatform
[2018.11.16-15.30.23:698][  0]LogTemp: Display: Loaded TP AndroidTargetPlatform
[2018.11.16-15.30.23:715][  0]LogTemp: Display: Loaded TP HTML5TargetPlatform
[2018.11.16-15.30.23:821][  0]LogTemp: Display: Loaded TP IOSTargetPlatform
[2018.11.16-15.30.23:821][  0]LogTemp: Display: Loaded TP IOSTargetPlatform
[2018.11.16-15.30.23:882][  0]LogTemp: Display: Loaded TP TVOSTargetPlatform
[2018.11.16-15.30.23:883][  0]LogTemp: Display: Loaded TP TVOSTargetPlatform
[2018.11.16-15.30.23:906][  0]LogTemp: Display: Loaded TP LinuxClientTargetPlatform
[2018.11.16-15.30.23:929][  0]LogTemp: Display: Loaded TP LinuxNoEditorTargetPlatform
[2018.11.16-15.30.23:950][  0]LogTemp: Display: Loaded TP LinuxServerTargetPlatform
[2018.11.16-15.30.23:975][  0]LogTemp: Display: Loaded TP LinuxTargetPlatform
[2018.11.16-15.30.23:996][  0]LogTemp: Display: Loaded TP LuminTargetPlatform
[2018.11.16-15.30.23:996][  0]LogTargetPlatformManager: Display: Building Assets For Windows
[2018.11.16-15.30.24:522][  0]LogXGEController: Cleaning working directory: C:/Users/j016593e/AppData/Local/Temp/UnrealXGEWorkingDir/
[2018.11.16-15.30.24:522][  0]LogXGEController: Cannot use XGE Controller as Incredibuild is not installed on this machine.
[2018.11.16-15.30.24:523][  0]LogShaderCompilers: Cannot use XGE Shader Compiler as Incredibuild is not installed on this machine.
[2018.11.16-15.30.24:523][  0]LogShaderCompilers: Display: Using Local Shader Compiler.
[2018.11.16-15.30.25:680][  0]LogDerivedDataCache: Display: Max Cache Size: 512 MB
[2018.11.16-15.30.25:782][  0]LogDerivedDataCache: Loaded boot cache 0.10s 71MB C:/Users/j016593e/AppData/Local/UnrealEngine/4.20/DerivedDataCache/Boot.ddc.
[2018.11.16-15.30.25:783][  0]LogDerivedDataCache: Display: Loaded Boot cache: C:/Users/j016593e/AppData/Local/UnrealEngine/4.20/DerivedDataCache/Boot.ddc
[2018.11.16-15.30.25:783][  0]LogDerivedDataCache: FDerivedDataBackendGraph:  Pak pak cache file ../../../../../../Users/j016593e/Documents/GitHub/WGT/ITOSG/DerivedDataCache/DDC.ddp not found, will not use a pak cache.
[2018.11.16-15.30.25:783][  0]LogDerivedDataCache: Unable to find inner node Pak for hierarchical cache Hierarchy.
[2018.11.16-15.30.25:783][  0]LogDerivedDataCache: FDerivedDataBackendGraph:  CompressedPak pak cache file ../../../../../../Users/j016593e/Documents/GitHub/WGT/ITOSG/DerivedDataCache/Compressed.ddp not found, will not use a pak cache.
[2018.11.16-15.30.25:783][  0]LogDerivedDataCache: Unable to find inner node CompressedPak for hierarchical cache Hierarchy.
[2018.11.16-15.30.25:798][  0]LogDerivedDataCache: Display: Pak cache opened for reading ../../../Engine/DerivedDataCache/Compressed.ddp.
[2018.11.16-15.30.25:811][  0]LogDerivedDataCache: Using Local data cache path C:/Users/j016593e/AppData/Local/UnrealEngine/Common/DerivedDataCache: Writable
[2018.11.16-15.30.25:811][  0]LogDerivedDataCache: Shared data cache path not found in *engine.ini, will not use an Shared cache.
[2018.11.16-15.30.25:811][  0]LogDerivedDataCache: Unable to find inner node Shared for hierarchical cache Hierarchy.
[2018.11.16-15.30.25:832][  0]LogMaterial: Verifying Global Shaders for PCD3D_SM5
[2018.11.16-15.30.25:834][  0]LogSlate: Using FreeType 2.6.0
[2018.11.16-15.30.25:835][  0]LogSlate: SlateFontServices - WITH_FREETYPE: 1, WITH_HARFBUZZ: 1
[2018.11.16-15.30.25:931][  0]LogAssetRegistry: FAssetRegistry took 0.0304 seconds to start up
[2018.11.16-15.30.26:358][  0]LogInit: Selected Device Profile: [Windows]
[2018.11.16-15.30.26:638][  0]LogSimplygon: Simplygon DLL not present - disabling.
[2018.11.16-15.30.26:670][  0]LogMeshReduction: Using SimplygonSwarm for distributed automatic mesh merging
[2018.11.16-15.30.26:670][  0]LogMeshReduction: Using ProxyLODMeshReduction for automatic mesh merging
[2018.11.16-15.30.26:670][  0]LogMeshReduction: Using QuadricMeshReduction for automatic static mesh reduction
[2018.11.16-15.30.26:670][  0]LogMeshReduction: No automatic skeletal mesh reduction module available
[2018.11.16-15.30.26:696][  0]LogNetVersion: ITOSG 1.0.0, NetCL: 4212847, EngineNetVer: 5, GameNetVer: 0 (Checksum: 987612483)
[2018.11.16-15.30.27:370][  0]LogPackageLocalizationCache: Processed 11 localized package path(s) for 2 prioritized culture(s) in 0.158925 seconds
[2018.11.16-15.30.27:377][  0]LogUObjectArray: 38425 objects as part of root set at end of initial load.
[2018.11.16-15.30.27:377][  0]LogUObjectAllocator: 6690864 out of 0 bytes used by permanent object pool.
[2018.11.16-15.30.27:377][  0]LogUObjectArray: CloseDisregardForGC: 0/0 objects in disregard for GC pool
[2018.11.16-15.30.29:111][  0]LogTcpMessaging: Initializing TcpMessaging bridge
[2018.11.16-15.30.29:141][  0]LogUdpMessaging: Initializing bridge on interface 0.0.0.0:0 to multicast group 230.0.0.1:6666.
[2018.11.16-15.30.29:450][  0]LogMaterial: Display: Missing cached shader map for material M_Cursor_Decal, compiling. 
[2018.11.16-15.30.30:497][  0]LogShaderCompilers: Display: Shaders left to compile 34
[2018.11.16-15.30.30:498][  0]LogShaderCompilers: Display: Shaders left to compile 24
[2018.11.16-15.30.30:498][  0]LogShaderCompilers: Display: Shaders left to compile 14
[2018.11.16-15.30.32:299][  0]SourceControl: Source control is disabled
[2018.11.16-15.30.32:299][  0]SourceControl: Source control is disabled
[2018.11.16-15.30.32:564][  0]SourceControl: Source control is disabled
[2018.11.16-15.30.32:582][  0]SourceControl: Source control is disabled
[2018.11.16-15.30.33:757][  0]LogAndroidPermission: UAndroidPermissionCallbackProxy::GetInstance
[2018.11.16-15.30.34:178][  0]LogOcInput: OculusInput pre-init called
[2018.11.16-15.30.34:731][  0]LogEngine: Initializing Engine...
[2018.11.16-15.30.34:765][  0]LogHMD: Failed to initialize OpenVR with code 110
[2018.11.16-15.30.34:800][  0]LogStats: UGameplayTagsManager::ConstructGameplayTagTree: ImportINI prefixes -  0.001 s
[2018.11.16-15.30.34:800][  0]LogStats: UGameplayTagsManager::ConstructGameplayTagTree: Construct from data asset -  0.000 s
[2018.11.16-15.30.34:801][  0]LogStats: UGameplayTagsManager::ConstructGameplayTagTree: ImportINI -  0.000 s
[2018.11.16-15.30.34:801][  0]LogStats: UGameplayTagsManager::ConstructGameplayTagTree: GameplayTagTreeChangedEvent.Broadcast -  0.000 s
[2018.11.16-15.30.35:761][  0]LogShaderCompilers: Display: Shaders left to compile 4
[2018.11.16-15.30.35:761][  0]LogInit: Initializing FReadOnlyCVARCache
[2018.11.16-15.30.36:079][  0]LogAIModule: Creating AISystem for world Untitled
[2018.11.16-15.30.36:205][  0]LogInit: XAudio2 using 'Speakers (Realtek High Definition Audio)' : 2 channels at 48 kHz using 32 bits per sample (channel mask 0x3)
[2018.11.16-15.30.36:401][  0]LogInit: FAudioDevice initialized.
[2018.11.16-15.30.36:402][  0]LogNetVersion: Set ProjectVersion to 1.0.0.0. Version Checksum will be recalculated on next use.
[2018.11.16-15.30.36:598][  0]LogDerivedDataCache: Saved boot cache 0.20s 74MB C:/Users/j016593e/AppData/Local/UnrealEngine/4.20/DerivedDataCache/Boot.ddc.
[2018.11.16-15.30.36:619][  0]LogInit: Texture streaming: Enabled
[2018.11.16-15.30.36:715][  0]LogEngineSessionManager: EngineSessionManager initialized
[2018.11.16-15.30.36:810][  0]LogInit: Transaction tracking system initialized
[2018.11.16-15.30.37:115][  0]BlueprintLog: New page: Editor Load
[2018.11.16-15.30.38:651][  0]LocalizationService: Localization service is disabled
[2018.11.16-15.30.41:053][  0]LogCook: Display: Max memory allowance for cook 16384mb min free memory 0mb
[2018.11.16-15.30.41:053][  0]LogCook: Display: Mobile HDR setting 1
[2018.11.16-15.30.41:053][  0]LogGameplayTags: Display: UGameplayTagsManager::DoneAddingNativeTags. DelegateIsBound: 0
[2018.11.16-15.30.41:053][  0]LogStats: UGameplayTagsManager::ConstructGameplayTagTree: ImportINI prefixes -  0.000 s
[2018.11.16-15.30.41:053][  0]LogStats: UGameplayTagsManager::ConstructGameplayTagTree: Construct from data asset -  0.000 s
[2018.11.16-15.30.41:054][  0]LogStats: UGameplayTagsManager::ConstructGameplayTagTree: ImportINI -  0.001 s
[2018.11.16-15.30.41:054][  0]LogStats: UGameplayTagsManager::ConstructGameplayTagTree: GameplayTagTreeChangedEvent.Broadcast -  0.000 s
[2018.11.16-15.30.41:624][  0]LogFileCache: Scanning file cache for directory 'C:/Users/j016593e/Documents/GitHub/WGT/ITOSG/Content/' took 0.04s
[2018.11.16-15.30.42:715][  0]SourceControl: Source control is disabled
[2018.11.16-15.30.42:726][  0]Cmd: MAP LOAD FILE="../../../../../../Users/j016593e/Documents/GitHub/WGT/ITOSG/Content/TopDownCPP/Maps/TopDownExampleMap.umap" TEMPLATE=0 SHOWPROGRESS=1 FEATURELEVEL=3
[2018.11.16-15.30.42:740][  0]LightingResults: New page: Lighting Build
[2018.11.16-15.30.42:835][  0]MapCheck: New page: Map Check
[2018.11.16-15.30.42:836][  0]LightingResults: New page: Lighting Build
[2018.11.16-15.30.43:429][  0]LogBlueprint: Warning: [Compiler Ue4ASP_Character] InputAction Event references unknown Action 'Crouch' for  InputAction Crouch
[2018.11.16-15.30.43:429][  0]LogBlueprint: Warning: [Compiler Ue4ASP_Character] InputAction Event references unknown Action 'Jump' for  InputAction Jump
[2018.11.16-15.30.43:430][  0]LogBlueprint: Warning: [Compiler Ue4ASP_Character] Input Axis Event references unknown Axis 'LookUp' for  InputAxis LookUp
[2018.11.16-15.30.43:431][  0]LogBlueprint: Warning: [Compiler Ue4ASP_Character] Input Axis Event references unknown Axis 'Turn' for  InputAxis Turn
[2018.11.16-15.30.43:467][  0]LogBlueprint: Warning: [Compiler Ue4ASP_Character] [0026.63] Compile of Ue4ASP_Character successful, but with 4 Warning(s) [in 98 ms] (/Game/AnimStarterPack/Ue4ASP_Character.Ue4ASP_Character)
[2018.11.16-15.30.44:081][  0]LogLinker: Warning: Can't find file '/Game/TopDownCPP/Maps/TopDownExampleMap_BuiltData'
[2018.11.16-15.30.44:082][  0]LogLinker: Warning: Can't find file for asset '/Game/TopDownCPP/Maps/TopDownExampleMap_BuiltData' while loading ../../../../../../Users/j016593e/Documents/GitHub/WGT/ITOSG/Content/TopDownCPP/Maps/TopDownExampleMap.umap.
[2018.11.16-15.30.44:082][  0]LoadErrors: Error: /Game/TopDownCPP/Maps/TopDownExampleMap : Can't find file for asset. /Game/TopDownCPP/Maps/TopDownExampleMap_BuiltData
[2018.11.16-15.30.44:094][  0]LogLinker: Warning: Can't find file '/Game/TopDownCPP/Maps/TopDownExampleMap_BuiltData'
[2018.11.16-15.30.44:095][  0]LogLinker: Warning: Can't find file for asset '/Game/TopDownCPP/Maps/TopDownExampleMap_BuiltData' while loading ../../../../../../Users/j016593e/Documents/GitHub/WGT/ITOSG/Content/TopDownCPP/Maps/TopDownExampleMap.umap.
[2018.11.16-15.30.44:095][  0]LoadErrors: Error: /Game/TopDownCPP/Maps/TopDownExampleMap : Can't find file for asset. /Game/TopDownCPP/Maps/TopDownExampleMap_BuiltData
[2018.11.16-15.30.44:099][  0]LogLinker: Warning: Can't find file '/Game/TopDownCPP/Maps/TopDownExampleMap_BuiltData'
[2018.11.16-15.30.44:100][  0]LogLinker: Warning: Can't find file for asset '/Game/TopDownCPP/Maps/TopDownExampleMap_BuiltData' while loading NULL.
[2018.11.16-15.30.44:101][  0]LogLinker: Warning: Can't find file '/Game/TopDownCPP/Maps/TopDownExampleMap_BuiltData'
[2018.11.16-15.30.44:101][  0]LogLinker: Warning: Can't find file for asset '/Game/TopDownCPP/Maps/TopDownExampleMap_BuiltData' while loading NULL.
[2018.11.16-15.30.44:195][  0]LogLinker: Warning: Can't find file '/Game/TopDownCPP/Maps/TopDownExampleMap_BuiltData'
[2018.11.16-15.30.44:195][  0]LoadErrors: Failed to load /Game/TopDownCPP/Maps/TopDownExampleMap_BuiltData.TopDownExampleMap_BuiltData Referenced by PersistentLevel
[2018.11.16-15.30.44:196][  0]LogLinker: Warning: Can't find file for asset '/Game/TopDownCPP/Maps/TopDownExampleMap_BuiltData' while loading NULL.
[2018.11.16-15.30.44:196][  0]LoadErrors: Failed to load /Game/TopDownCPP/Maps/TopDownExampleMap_BuiltData.TopDownExampleMap_BuiltData Referenced by PersistentLevel
[2018.11.16-15.30.44:270][  0]LogAnimationCompression: Building Anim DDC data for AnimSequence /Game/AnimStarterPack/Jump_From_Jog.Jump_From_Jog
[2018.11.16-15.30.44:283][  0]LogTexture: Display: Building textures: UE4Man_Logo_N (BC5, 512X512)
[2018.11.16-15.30.44:283][  0]LogAnimationCompression: Recompressing (AnimSequence /Game/AnimStarterPack/Jump_From_Jog.Jump_From_Jog) using current/default (AnimCompress_BitwiseCompressOnly_38) bFirstRecompressUsingCurrentOrDefault(1) bTryAlternateCompressor(0) IsCompressedDataValid(0)
[2018.11.16-15.30.44:287][  0]LogAnimationCompression: Building Anim DDC data for AnimSequence /Game/AnimStarterPack/Idle_Rifle_Hip.Idle_Rifle_Hip
[2018.11.16-15.30.44:288][  0]LogAnimationCompression: Recompressing (AnimSequence /Game/AnimStarterPack/Idle_Rifle_Hip.Idle_Rifle_Hip) using current/default (AnimCompress_BitwiseCompressOnly_30) bFirstRecompressUsingCurrentOrDefault(1) bTryAlternateCompressor(0) IsCompressedDataValid(0)
[2018.11.16-15.30.44:297][  0]LogTexture: Display: Building textures: UE4_Mannequin_occlusion_Mobile (DXT1, 512X512)
[2018.11.16-15.30.44:297][  0]LogSkeletalMesh: Building Skeletal Mesh SK_Mannequin...
[2018.11.16-15.30.44:388][  0]LogTexture: Display: Building textures: UE4_Mannequin_MAT_MASKA (AutoDXT, 1024X1024)
[2018.11.16-15.30.44:389][  0]LogSkeletalMesh: Built Skeletal Mesh [0.09s] /Game/AnimStarterPack/UE4_Mannequin/Mesh/SK_Mannequin.SK_Mannequin
[2018.11.16-15.30.44:405][  0]LogAnimationCompression: Building Anim DDC data for AnimSequence /Game/AnimStarterPack/Jog_Rt_Rifle.Jog_Rt_Rifle
[2018.11.16-15.30.44:406][  0]LogAnimationCompression: Recompressing (AnimSequence /Game/AnimStarterPack/Jog_Rt_Rifle.Jog_Rt_Rifle) using current/default (AnimCompress_BitwiseCompressOnly_37) bFirstRecompressUsingCurrentOrDefault(1) bTryAlternateCompressor(0) IsCompressedDataValid(0)
[2018.11.16-15.30.44:408][  0]LogAnimationCompression: Building Anim DDC data for AnimSequence /Game/AnimStarterPack/Jog_Lt_Rifle.Jog_Lt_Rifle
[2018.11.16-15.30.44:408][  0]LogAnimationCompression: Recompressing (AnimSequence /Game/AnimStarterPack/Jog_Lt_Rifle.Jog_Lt_Rifle) using current/default (AnimCompress_BitwiseCompressOnly_0) bFirstRecompressUsingCurrentOrDefault(1) bTryAlternateCompressor(0) IsCompressedDataValid(0)
[2018.11.16-15.30.44:410][  0]LogAnimationCompression: Building Anim DDC data for AnimSequence /Game/AnimStarterPack/Jog_Fwd_Rifle.Jog_Fwd_Rifle
[2018.11.16-15.30.44:410][  0]LogAnimationCompression: Recompressing (AnimSequence /Game/AnimStarterPack/Jog_Fwd_Rifle.Jog_Fwd_Rifle) using current/default (AnimCompress_BitwiseCompressOnly_35) bFirstRecompressUsingCurrentOrDefault(1) bTryAlternateCompressor(0) IsCompressedDataValid(0)
[2018.11.16-15.30.44:413][  0]LogAnimationCompression: Building Anim DDC data for AnimSequence /Game/AnimStarterPack/Jog_Bwd_Rifle.Jog_Bwd_Rifle
[2018.11.16-15.30.44:413][  0]LogAnimationCompression: Recompressing (AnimSequence /Game/AnimStarterPack/Jog_Bwd_Rifle.Jog_Bwd_Rifle) using current/default (AnimCompress_BitwiseCompressOnly_34) bFirstRecompressUsingCurrentOrDefault(1) bTryAlternateCompressor(0) IsCompressedDataValid(0)
[2018.11.16-15.30.44:414][  0]LogAnimationCompression: Building Anim DDC data for AnimSequence /Game/AnimStarterPack/Crouch_Walk_Rt_Rifle_Hip.Crouch_Walk_Rt_Rifle_Hip
[2018.11.16-15.30.44:414][  0]LogAnimationCompression: Recompressing (AnimSequence /Game/AnimStarterPack/Crouch_Walk_Rt_Rifle_Hip.Crouch_Walk_Rt_Rifle_Hip) using current/default (AnimCompress_BitwiseCompressOnly_12) bFirstRecompressUsingCurrentOrDefault(1) bTryAlternateCompressor(0) IsCompressedDataValid(0)
[2018.11.16-15.30.44:416][  0]LogAnimationCompression: Building Anim DDC data for AnimSequence /Game/AnimStarterPack/Jump_From_Stand.Jump_From_Stand
[2018.11.16-15.30.44:417][  0]LogAnimationCompression: Recompressing (AnimSequence /Game/AnimStarterPack/Jump_From_Stand.Jump_From_Stand) using current/default (AnimCompress_BitwiseCompressOnly_39) bFirstRecompressUsingCurrentOrDefault(1) bTryAlternateCompressor(0) IsCompressedDataValid(0)
[2018.11.16-15.30.44:418][  0]LogAnimationCompression: Building Anim DDC data for AnimSequence /Game/AnimStarterPack/Crouch_Walk_Fwd_Rifle_Hip.Crouch_Walk_Fwd_Rifle_Hip
[2018.11.16-15.30.44:419][  0]LogAnimationCompression: Recompressing (AnimSequence /Game/AnimStarterPack/Crouch_Walk_Fwd_Rifle_Hip.Crouch_Walk_Fwd_Rifle_Hip) using current/default (AnimCompress_BitwiseCompressOnly_8) bFirstRecompressUsingCurrentOrDefault(1) bTryAlternateCompressor(0) IsCompressedDataValid(0)
[2018.11.16-15.30.44:421][  0]LogAnimationCompression: Building Anim DDC data for AnimSequence /Game/AnimStarterPack/Crouch_Walk_Bwd_Rifle_Hip.Crouch_Walk_Bwd_Rifle_Hip
[2018.11.16-15.30.44:422][  0]LogAnimationCompression: Recompressing (AnimSequence /Game/AnimStarterPack/Crouch_Walk_Bwd_Rifle_Hip.Crouch_Walk_Bwd_Rifle_Hip) using current/default (AnimCompress_BitwiseCompressOnly_6) bFirstRecompressUsingCurrentOrDefault(1) bTryAlternateCompressor(0) IsCompressedDataValid(0)
[2018.11.16-15.30.44:424][  0]LogAnimationCompression: Building Anim DDC data for AnimSequence /Game/AnimStarterPack/Crouch_Walk_Lt_Rifle_Hip.Crouch_Walk_Lt_Rifle_Hip
[2018.11.16-15.30.44:424][  0]LogAnimationCompression: Recompressing (AnimSequence /Game/AnimStarterPack/Crouch_Walk_Lt_Rifle_Hip.Crouch_Walk_Lt_Rifle_Hip) using current/default (AnimCompress_BitwiseCompressOnly_10) bFirstRecompressUsingCurrentOrDefault(1) bTryAlternateCompressor(0) IsCompressedDataValid(0)
[2018.11.16-15.30.44:426][  0]LogAnimationCompression: Building Anim DDC data for AnimSequence /Game/AnimStarterPack/Crouch_Idle_Rifle_Hip.Crouch_Idle_Rifle_Hip
[2018.11.16-15.30.44:426][  0]LogAnimationCompression: Recompressing (AnimSequence /Game/AnimStarterPack/Crouch_Idle_Rifle_Hip.Crouch_Idle_Rifle_Hip) using current/default (AnimCompress_BitwiseCompressOnly_2) bFirstRecompressUsingCurrentOrDefault(1) bTryAlternateCompressor(0) IsCompressedDataValid(0)
[2018.11.16-15.30.44:643][  0]LogTexture: Display: Building textures: UE4_Mannequin__normals (BC5, 2048X2048)
[2018.11.16-15.30.44:644][  0]LogTexture: Display: Building textures: T_ML_Rubber_Blue_01_D (DXT1, 512X512)
[2018.11.16-15.30.45:039][  0]LogTexture: Display: Building textures: T_ML_Aluminum01_N (BC5, 512X512)
[2018.11.16-15.30.45:040][  0]LogTexture: Display: Building textures: T_ML_Aluminum01 (DXT1, 512X512)
[2018.11.16-15.30.45:040][  0]LogTexture: Display: Building textures: T_ML_Rubber_Blue_01_N (BC5, 512X512)
[2018.11.16-15.30.45:247][  0]LogMaterial: Display: Missing cached shader map for material M_UE4Man_Body, compiling. 
[2018.11.16-15.30.45:351][  0]LogMaterial: Display: Missing cached shader map for material M_UE4Man_Body, compiling. 
[2018.11.16-15.30.45:508][  0]LogShaderCompilers: Display: Shaders left to compile 128
[2018.11.16-15.30.45:509][  0]LogShaderCompilers: Display: Shaders left to compile 118
[2018.11.16-15.30.45:509][  0]LogShaderCompilers: Display: Shaders left to compile 108
[2018.11.16-15.30.45:511][  0]LogMaterial: Display: Missing cached shader map for material M_Wood_Floor_Walnut_Worn, compiling. 
[2018.11.16-15.30.45:576][  0]LogAIModule: Creating AISystem for world TopDownExampleMap
[2018.11.16-15.30.46:044][  0]LogEditorServer: Finished looking for orphan Actors (0.000 secs)
[2018.11.16-15.30.46:131][  0]Cmd: MAP CHECKDEP NOCLEARLOG
[2018.11.16-15.30.46:401][  0]MapCheck: Map check complete: 0 Error(s), 0 Warning(s), took 269.872ms to complete.
[2018.11.16-15.30.46:401][  0]LogFileHelpers: Loading map 'TopDownExampleMap' took 3.682
[2018.11.16-15.30.47:207][  0]LogSlate: Updating window title bar state: overlay mode, drag disabled, window buttons hidden, title bar hidden
[2018.11.16-15.30.47:216][  0]LogSlate: Updating window title bar state: overlay mode, drag disabled, window buttons hidden, title bar hidden
[2018.11.16-15.30.47:226][  0]LogSlate: Updating window title bar state: overlay mode, drag disabled, window buttons hidden, title bar hidden
[2018.11.16-15.30.47:235][  0]LogSlate: Updating window title bar state: overlay mode, drag disabled, window buttons hidden, title bar hidden
[2018.11.16-15.30.47:302][  0]LogShaderCompilers: Display: Shaders left to compile 295
[2018.11.16-15.30.47:302][  0]LogCollectionManager: Loaded 0 collections in 0.004169 seconds
[2018.11.16-15.30.47:505][  0]LogFileCache: Scanning file cache for directory 'C:/Users/j016593e/Documents/GitHub/WGT/ITOSG/Saved/Collections/' took 0.02s
[2018.11.16-15.30.47:505][  0]LogFileCache: Scanning file cache for directory 'C:/Users/j016593e/Documents/GitHub/WGT/ITOSG/Content/Developers/j016593e/Collections/' took 0.01s
[2018.11.16-15.30.47:505][  0]LogFileCache: Scanning file cache for directory 'C:/Users/j016593e/Documents/GitHub/WGT/ITOSG/Content/Collections/' took 0.01s
[2018.11.16-15.30.47:505][  0]LogShaderCompilers: Display: Shaders left to compile 285
[2018.11.16-15.30.47:505][  0]LogCollectionManager: Rebuilt the GUID cache for 0 collections in 0.000000 seconds
[2018.11.16-15.30.47:537][  0]LogContentBrowser: Native class hierarchy populated in 0.0300 seconds. Added 2577 classes and 605 folders.
[2018.11.16-15.30.47:639][  0]LogContentBrowser: Native class hierarchy updated for 'WidgetCarousel' in 0.0006 seconds. Added 0 classes and 0 folders.
[2018.11.16-15.30.48:988][  0]LogShaderCompilers: Display: Shaders left to compile 275
[2018.11.16-15.30.48:988][  0]LogContentBrowser: Native class hierarchy updated for 'AddContentDialog' in 0.0007 seconds. Added 0 classes and 0 folders.
[2018.11.16-15.30.49:036][  0]LogContentBrowser: Native class hierarchy updated for 'SceneOutliner' in 0.0006 seconds. Added 1 classes and 2 folders.
[2018.11.16-15.30.49:381][  0]LogSlate: Took 0.019072 seconds to synchronously load lazily loaded font '../../../Engine/Content/Slate/Fonts/Roboto-Regular.ttf' (155K)
[2018.11.16-15.30.49:394][  0]LogSlate: Took 0.010319 seconds to synchronously load lazily loaded font '../../../Engine/Content/Slate/Fonts/Roboto-Bold.ttf' (160K)
[2018.11.16-15.30.49:465][  0]LogSlate: Took 0.016549 seconds to synchronously load lazily loaded font '../../../Engine/Content/Editor/Slate/Fonts/FontAwesome.ttf' (139K)
[2018.11.16-15.30.49:903][  0]LogShaderCompilers: Display: Shaders left to compile 265
[2018.11.16-15.30.49:903][  0]LogRenderer: Reallocating scene render targets to support 1208x576 Format 10 NumSamples 1 (Frame:1).
[2018.11.16-15.30.50:259][  0]LogSlate: Took 0.009138 seconds to synchronously load lazily loaded font '../../../Engine/Content/Slate/Fonts/Roboto-Light.ttf' (167K)
[2018.11.16-15.31.00:083][  0]LogShaderCompilers: Display: Shaders left to compile 255
[2018.11.16-15.31.00:084][  0]LogShaderCompilers: Display: Shaders left to compile 245
[2018.11.16-15.31.00:084][  0]LogShaderCompilers: Display: Shaders left to compile 235
[2018.11.16-15.31.00:084][  0]LogShaderCompilers: Display: Shaders left to compile 225
[2018.11.16-15.31.00:084][  0]LogShaderCompilers: Display: Shaders left to compile 215
[2018.11.16-15.31.00:084][  0]LogShaderCompilers: Display: Shaders left to compile 205
[2018.11.16-15.31.00:084][  0]LogShaderCompilers: Display: Shaders left to compile 195
[2018.11.16-15.31.00:084][  0]LogShaderCompilers: Display: Shaders left to compile 185
[2018.11.16-15.31.00:084][  0]LogShaderCompilers: Display: Shaders left to compile 175
[2018.11.16-15.31.00:084][  0]LogShaderCompilers: Display: Shaders left to compile 165
[2018.11.16-15.31.00:084][  0]LogShaderCompilers: Display: Shaders left to compile 155
[2018.11.16-15.31.00:084][  0]LogShaderCompilers: Display: Shaders left to compile 145
[2018.11.16-15.31.00:084][  0]LogShaderCompilers: Display: Shaders left to compile 135
[2018.11.16-15.31.00:085][  0]LogSlate: FSceneViewport::OnFocusLost() reason 2
[2018.11.16-15.31.00:259][  0]LogSlate: Window 'Tutorials' being destroyed
[2018.11.16-15.31.00:343][  0]LogContentBrowser: Native class hierarchy updated for 'HierarchicalLODOutliner' in 0.0008 seconds. Added 0 classes and 0 folders.
[2018.11.16-15.31.00:343][  0]LogLoad: (Engine Initialization) Total time: 43.50 seconds
[2018.11.16-15.31.00:343][  0]LogLoad: (Engine Initialization) Total Blueprint compile time: 0.00 seconds
[2018.11.16-15.31.00:354][  0]LogWindowsTextInputMethodSystem: Display: IME system now deactivated.
[2018.11.16-15.31.00:492][  0]LogContentStreaming: Texture pool size now 1000 MB
[2018.11.16-15.31.00:529][  0]LogSlate: FSceneViewport::OnFocusLost() reason 2
[2018.11.16-15.31.00:668][  1]LogShaderCompilers: Display: Shaders left to compile 125
[2018.11.16-15.31.00:936][  2]LogAssetRegistry: Asset discovery search completed in 35.0289 seconds
[2018.11.16-15.31.00:938][  2]LogCollectionManager: Rebuilt the object cache for 0 collections in 0.000001 seconds (found 0 objects)
[2018.11.16-15.31.00:938][  2]LogCollectionManager: Fixed up redirectors for 0 collections in 0.000130 seconds (updated 0 objects)
[2018.11.16-15.31.00:998][  4]LogShaderCompilers: Display: Shaders left to compile 115
[2018.11.16-15.31.06:498][622]LogShaderCompilers: Display: Shaders left to compile 105
[2018.11.16-15.31.09:350][943]LogShaderCompilers: Display: Shaders left to compile 95
[2018.11.16-15.31.10:764][108]LogShaderCompilers: Display: Shaders left to compile 85
[2018.11.16-15.31.11:236][163]LogShaderCompilers: Display: Shaders left to compile 75
[2018.11.16-15.31.14:067][492]LogShaderCompilers: Display: Shaders left to compile 65
[2018.11.16-15.31.18:030][943]LogShaderCompilers: Display: Shaders left to compile 55
[2018.11.16-15.31.19:259][ 86]LogShaderCompilers: Display: Shaders left to compile 45
[2018.11.16-15.31.20:729][255]LogShaderCompilers: Display: Shaders left to compile 35
[2018.11.16-15.31.26:224][892]LogShaderCompilers: Display: Shaders left to compile 25
[2018.11.16-15.31.26:275][898]LogShaderCompilers: Display: Shaders left to compile 15
[2018.11.16-15.31.28:497][156]LogShaderCompilers: Display: Shaders left to compile 5
[2018.11.16-15.38.51:327][221]LogSlate: Window 'Message Log' being destroyed
[2018.11.16-15.38.51:331][221]LogSlate: Window 'Message Log' being destroyed
[2018.11.16-15.38.54:107][546]LogSlate: FSceneViewport::OnFocusLost() reason 0
[2018.11.16-15.38.54:215][559]LogTemp: Repeating last play command: Selected Viewport
[2018.11.16-15.38.54:233][559]LogBlueprintUserMessages: Early PlayInEditor Detection: Level '/Game/TopDownCPP/Maps/TopDownExampleMap.TopDownExampleMap:PersistentLevel' has LevelScriptBlueprint '/Game/TopDownCPP/Maps/TopDownExampleMap.TopDownExampleMap:PersistentLevel.TopDownExampleMap' with GeneratedClass '/Game/TopDownCPP/Maps/TopDownExampleMap.TopDownExampleMap_C' with ClassGeneratedBy '/Game/TopDownCPP/Maps/TopDownExampleMap.TopDownExampleMap:PersistentLevel.TopDownExampleMap'
[2018.11.16-15.38.54:233][559]LogPlayLevel: PlayLevel: No blueprints needed recompiling
[2018.11.16-15.38.54:294][559]PIE: New page: PIE session: TopDownExampleMap (16 Nov 2018 15:38:54)
[2018.11.16-15.38.54:294][559]LogPlayLevel: Creating play world package: /Game/TopDownCPP/Maps/UEDPIE_0_TopDownExampleMap
[2018.11.16-15.38.54:359][559]LogPlayLevel: PIE: StaticDuplicateObject took: (0.065878s)
[2018.11.16-15.38.54:360][559]LogAIModule: Creating AISystem for world TopDownExampleMap
[2018.11.16-15.38.54:361][559]LogPlayLevel: PIE: World Init took: (0.001148s)
[2018.11.16-15.38.54:361][559]LogPlayLevel: PIE: Created PIE world by copying editor world from /Game/TopDownCPP/Maps/TopDownExampleMap.TopDownExampleMap to /Game/TopDownCPP/Maps/UEDPIE_0_TopDownExampleMap.TopDownExampleMap (0.067431s)
[2018.11.16-15.38.54:393][559]LogInit: XAudio2 using 'Speakers (Realtek High Definition Audio)' : 2 channels at 48 kHz using 32 bits per sample (channel mask 0x3)
[2018.11.16-15.38.54:411][559]LogInit: FAudioDevice initialized.
[2018.11.16-15.38.54:477][559]LogLoad: Game class is 'ITOSGGameMode'
[2018.11.16-15.38.54:481][559]LogWorld: Bringing World /Game/TopDownCPP/Maps/UEDPIE_0_TopDownExampleMap.TopDownExampleMap up for play (max tick rate 0) at 2018.11.16-15.38.54
[2018.11.16-15.38.54:540][559]LogWorld: Bringing up level for play took: 0.060771
[2018.11.16-15.38.54:596][559]LogContentBrowser: Native class hierarchy updated for 'MovieSceneCapture' in 0.0006 seconds. Added 10 classes and 0 folders.
[2018.11.16-15.38.54:629][559]PIE: Play in editor start time for /Game/TopDownCPP/Maps/UEDPIE_0_TopDownExampleMap 0.47
[2018.11.16-15.38.54:629][559]LogBlueprintUserMessages: Late PlayInEditor Detection: Level '/Game/TopDownCPP/Maps/TopDownExampleMap.TopDownExampleMap:PersistentLevel' has LevelScriptBlueprint '/Game/TopDownCPP/Maps/TopDownExampleMap.TopDownExampleMap:PersistentLevel.TopDownExampleMap' with GeneratedClass '/Game/TopDownCPP/Maps/TopDownExampleMap.TopDownExampleMap_C' with ClassGeneratedBy '/Game/TopDownCPP/Maps/TopDownExampleMap.TopDownExampleMap:PersistentLevel.TopDownExampleMap'
[2018.11.16-15.39.36:728][585]LogSlate: FSceneViewport::OnFocusLost() reason 0
[2018.11.16-15.39.37:102][596]LogTexture: Display: Building textures: ThumbnailTexture (DXT1, 512X512)
[2018.11.16-15.39.37:102][596]LogTexture: Display: Building textures: T_ky_flare_a (AutoDXT, 512X512)
[2018.11.16-15.39.37:386][596]LogTexture: Display: Building textures: T_ky_shockWave03_4x4 (DXT1, 2048X2048)
[2018.11.16-15.39.37:386][596]LogTexture: Display: Building textures: T_ky_noise4 (AutoDXT, 1024X1024)
[2018.11.16-15.39.37:387][596]LogMaterial: Display: Missing cached shader map for material M_ky_flare_flash, compiling. 
[2018.11.16-15.39.37:408][596]LogMaterial: Display: Missing cached shader map for material M_ky_empty, compiling. 
[2018.11.16-15.39.37:494][596]LogShaderCompilers: Display: Shaders left to compile 35
[2018.11.16-15.39.37:495][596]LogShaderCompilers: Display: Shaders left to compile 25
[2018.11.16-15.39.37:495][596]LogShaderCompilers: Display: Shaders left to compile 15
[2018.11.16-15.39.37:495][596]LogStaticMesh: Building static mesh SM_ky_tornado06...
[2018.11.16-15.39.37:534][596]LogStaticMesh: Built static mesh [0.04s] /Game/AdvancedMagicFX13/Meshes/SM_ky_tornado06.SM_ky_tornado06
[2018.11.16-15.39.37:589][596]LogTexture: Display: Building textures: T_ky_noise16 (DXT1, 1024X1024)
[2018.11.16-15.39.39:756][596]LogTexture: Display: Building textures: T_ky_maskRGB3 (DXT1, 1024X1024)
[2018.11.16-15.39.39:756][596]LogTexture: Display: Building textures: T_ky_noise6 (AutoDXT, 1024X1024)
[2018.11.16-15.39.39:757][596]LogTexture: Display: Building textures: T_ky_deco_doom (AutoDXT, 256X256)
[2018.11.16-15.39.39:757][596]LogMaterial: Display: Missing cached shader map for material M_ky_tornado01, compiling. 
[2018.11.16-15.39.39:784][596]LogStaticMesh: Building static mesh SM_ky_tornado06_back...
[2018.11.16-15.39.39:799][596]LogStaticMesh: Built static mesh [0.01s] /Game/AdvancedMagicFX13/Meshes/SM_ky_tornado06_back.SM_ky_tornado06_back
[2018.11.16-15.39.39:804][596]LogMaterial: Display: Missing cached shader map for material M_ky_shockWave03_4x4, compiling. 
[2018.11.16-15.39.39:825][596]LogMaterial: Display: Missing cached shader map for material M_ky_shockWave03_4x4, compiling. 
[2018.11.16-15.39.40:205][596]LogMaterial: Display: Missing cached shader map for material M_ky_thunderForBeam, compiling. 
[2018.11.16-15.39.40:226][596]LogStaticMesh: Building static mesh SM_ky_circleDist06...
[2018.11.16-15.39.40:230][596]LogStaticMesh: Built static mesh [0.00s] /Game/AdvancedMagicFX13/Meshes/SM_ky_circleDist06.SM_ky_circleDist06
[2018.11.16-15.39.40:233][596]LogMaterial: Display: Missing cached shader map for material M_ky_vortex03, compiling. 
[2018.11.16-15.39.45:701][142]LogShaderCompilers: Display: Shaders left to compile 247
[2018.11.16-15.39.45:884][143]LogShaderCompilers: Display: Shaders left to compile 237
[2018.11.16-15.39.46:068][160]LogShaderCompilers: Display: Shaders left to compile 227
[2018.11.16-15.39.51:436][758]LogShaderCompilers: Display: Shaders left to compile 217
[2018.11.16-15.39.52:007][820]LogShaderCompilers: Display: Shaders left to compile 207
[2018.11.16-15.39.53:381][972]LogShaderCompilers: Display: Shaders left to compile 197
[2018.11.16-15.39.56:264][163]LogShaderCompilers: Display: Shaders left to compile 187
[2018.11.16-15.39.57:383][203]LogShaderCompilers: Display: Shaders left to compile 177
[2018.11.16-15.39.58:073][231]LogShaderCompilers: Display: Shaders left to compile 167
[2018.11.16-15.40.00:121][278]LogShaderCompilers: Display: Shaders left to compile 157
[2018.11.16-15.40.00:721][301]LogShaderCompilers: Display: Shaders left to compile 147
[2018.11.16-15.40.01:199][314]LogShaderCompilers: Display: Shaders left to compile 137
[2018.11.16-15.40.04:019][416]LogShaderCompilers: Display: Shaders left to compile 127
[2018.11.16-15.40.04:348][428]LogShaderCompilers: Display: Shaders left to compile 117
[2018.11.16-15.40.04:368][429]LogShaderCompilers: Display: Shaders left to compile 107
[2018.11.16-15.40.08:258][546]LogShaderCompilers: Display: Shaders left to compile 97
[2018.11.16-15.40.08:662][560]LogShaderCompilers: Display: Shaders left to compile 87
[2018.11.16-15.40.08:869][567]LogShaderCompilers: Display: Shaders left to compile 77
[2018.11.16-15.40.11:538][658]LogShaderCompilers: Display: Shaders left to compile 67
[2018.11.16-15.40.12:277][686]LogShaderCompilers: Display: Shaders left to compile 57
[2018.11.16-15.40.12:522][696]LogShaderCompilers: Display: Shaders left to compile 47
[2018.11.16-15.40.15:333][796]LogShaderCompilers: Display: Shaders left to compile 37
[2018.11.16-15.40.15:481][801]LogShaderCompilers: Display: Shaders left to compile 27
[2018.11.16-15.40.16:059][821]LogShaderCompilers: Display: Shaders left to compile 17
[2018.11.16-15.40.18:773][902]LogShaderCompilers: Display: Shaders left to compile 7
[2018.11.16-15.41.36:569][690]LogSlate: FSceneViewport::OnFocusLost() reason 0
[2018.11.16-15.41.36:655][700]LogBlueprintUserMessages: Early EndPlayMap Detection: Level '/Game/TopDownCPP/Maps/TopDownExampleMap.TopDownExampleMap:PersistentLevel' has LevelScriptBlueprint '/Game/TopDownCPP/Maps/TopDownExampleMap.TopDownExampleMap:PersistentLevel.TopDownExampleMap' with GeneratedClass '/Game/TopDownCPP/Maps/TopDownExampleMap.TopDownExampleMap_C' with ClassGeneratedBy '/Game/TopDownCPP/Maps/TopDownExampleMap.TopDownExampleMap:PersistentLevel.TopDownExampleMap'
[2018.11.16-15.41.36:695][700]LogSlate: Updating window title bar state: overlay mode, drag disabled, window buttons hidden, title bar hidden
[2018.11.16-15.41.36:752][700]LogPlayLevel: Display: Shutting down PIE online subsystems
[2018.11.16-15.41.36:753][700]LogBlueprintUserMessages: Late EndPlayMap Detection: Level '/Game/TopDownCPP/Maps/TopDownExampleMap.TopDownExampleMap:PersistentLevel' has LevelScriptBlueprint '/Game/TopDownCPP/Maps/TopDownExampleMap.TopDownExampleMap:PersistentLevel.TopDownExampleMap' with GeneratedClass '/Game/TopDownCPP/Maps/TopDownExampleMap.TopDownExampleMap_C' with ClassGeneratedBy '/Game/TopDownCPP/Maps/TopDownExampleMap.TopDownExampleMap:PersistentLevel.TopDownExampleMap'
[2018.11.16-15.41.36:785][700]LogSlate: Updating window title bar state: overlay mode, drag disabled, window buttons hidden, title bar hidden
[2018.11.16-15.41.36:818][701]LogPlayLevel: Display: Destroying online subsystem :Context_2
[2018.11.16-15.41.55:101][788]LogSlate: FSceneViewport::OnFocusLost() reason 0
[2018.11.16-15.41.56:833][983]LogSlate: Took 0.036450 seconds to synchronously load lazily loaded font '../../../Engine/Content/Slate/Fonts/Roboto-Italic.ttf' (157K)
[2018.11.16-15.42.04:079][768]LogSlate: FSceneViewport::OnFocusLost() reason 0
[2018.11.16-15.42.04:404][776]LogTexture: Display: Building textures: T_ky_dist_noise (AutoDXT, 100X100)
[2018.11.16-15.42.04:405][776]LogTexture: Display: Building textures: T_ky_smoke_kai (AutoDXT, 256X256)
[2018.11.16-15.42.04:405][776]LogMaterial: Display: Missing cached shader map for material M_ky_flare_flash, compiling. 
[2018.11.16-15.42.05:294][776]LogTexture: Display: Building textures: T_ky_smoke2 (AutoDXT, 1024X1024)
[2018.11.16-15.42.05:295][776]LogTexture: Display: Building textures: ThumbnailTexture (DXT1, 512X512)
[2018.11.16-15.42.05:295][776]LogShaderCompilers: Display: Shaders left to compile 35
[2018.11.16-15.42.05:296][776]LogShaderCompilers: Display: Shaders left to compile 25
[2018.11.16-15.42.05:296][776]LogShaderCompilers: Display: Shaders left to compile 15
[2018.11.16-15.42.05:296][776]LogTexture: Display: Building textures: T_ky_noise3 (AutoDXT, 1024X1024)
[2018.11.16-15.42.05:298][776]LogMaterial: Display: Missing cached shader map for material M_ky_base_turbulence, compiling. 
[2018.11.16-15.42.05:321][776]LogMaterial: Display: Missing cached shader map for material M_ky_dynDust, compiling. 
[2018.11.16-15.42.15:482][761]LogShaderCompilers: Display: Shaders left to compile 91
[2018.11.16-15.42.15:501][763]LogShaderCompilers: Display: Shaders left to compile 81
[2018.11.16-15.42.16:963][910]LogShaderCompilers: Display: Shaders left to compile 71
[2018.11.16-15.42.20:658][ 69]LogShaderCompilers: Display: Shaders left to compile 61
[2018.11.16-15.42.20:974][ 71]LogShaderCompilers: Display: Shaders left to compile 51
[2018.11.16-15.42.21:178][ 76]LogShaderCompilers: Display: Shaders left to compile 41
[2018.11.16-15.42.23:709][139]LogShaderCompilers: Display: Shaders left to compile 31
[2018.11.16-15.42.24:250][155]LogShaderCompilers: Display: Shaders left to compile 21
[2018.11.16-15.42.24:806][157]LogShaderCompilers: Display: Shaders left to compile 11
[2018.11.16-15.42.27:780][238]LogShaderCompilers: Display: Shaders left to compile 1
[2018.11.16-15.43.33:981][447]LogSlate: Took 0.002667 seconds to synchronously load lazily loaded font '../../../Engine/Content/Slate/Fonts/Roboto-Light.ttf' (167K)
[2018.11.16-15.43.46:427][483]LogSavePackage: Moving '../../../../../../Users/j016593e/Documents/GitHub/WGT/ITOSG/Saved/TopDownExampleMap_Auto12B695FC6415F987BA1A2D295C14D370F.tmp' to '../../../../../../Users/j016593e/Documents/GitHub/WGT/ITOSG/Saved/Autosaves/Game/TopDownCPP/Maps/TopDownExampleMap_Auto1.umap'
[2018.11.16-15.43.46:464][483]LogFileHelpers: Editor autosave (incl. sublevels) for '/Game/TopDownCPP/Maps/TopDownExampleMap' took 0.314
[2018.11.16-15.43.46:464][483]LogFileHelpers: Editor autosave (incl. sublevels) for all levels took 0.314
[2018.11.16-16.13.09:252][734]LogEditorViewport: Clicking on Actor (LMB): Emitter (P_ky_thunderStorm)
[2018.11.16-16.15.00:158][307]LogEditorViewport: Clicking on Actor (LMB): TextRenderActor (TemplateLabel)
[2018.11.16-16.15.00:858][358]LogEditorViewport: Clicking on Actor (LMB): StaticMeshActor (Floor)
[2018.11.16-16.15.05:590][833]LogSlate: FSceneViewport::OnFocusLost() reason 2
[2018.11.16-16.15.12:856][672]LogSlate: FSceneViewport::OnFocusLost() reason 2
[2018.11.16-16.15.27:215][284]LogTemp: Repeating last play command: Selected Viewport
[2018.11.16-16.15.27:233][284]LogBlueprintUserMessages: Early PlayInEditor Detection: Level '/Game/TopDownCPP/Maps/TopDownExampleMap.TopDownExampleMap:PersistentLevel' has LevelScriptBlueprint '/Game/TopDownCPP/Maps/TopDownExampleMap.TopDownExampleMap:PersistentLevel.TopDownExampleMap' with GeneratedClass '/Game/TopDownCPP/Maps/TopDownExampleMap.TopDownExampleMap_C' with ClassGeneratedBy '/Game/TopDownCPP/Maps/TopDownExampleMap.TopDownExampleMap:PersistentLevel.TopDownExampleMap'
[2018.11.16-16.15.27:233][284]LogPlayLevel: PlayLevel: No blueprints needed recompiling
[2018.11.16-16.15.27:233][284]PIE: New page: PIE session: TopDownExampleMap (16 Nov 2018 16:15:27)
[2018.11.16-16.15.27:233][284]LogPlayLevel: Creating play world package: /Game/TopDownCPP/Maps/UEDPIE_0_TopDownExampleMap
[2018.11.16-16.15.27:250][284]LogPlayLevel: PIE: StaticDuplicateObject took: (0.016483s)
[2018.11.16-16.15.27:251][284]LogAIModule: Creating AISystem for world TopDownExampleMap
[2018.11.16-16.15.27:251][284]LogPlayLevel: PIE: World Init took: (0.001214s)
[2018.11.16-16.15.27:251][284]LogPlayLevel: PIE: Created PIE world by copying editor world from /Game/TopDownCPP/Maps/TopDownExampleMap.TopDownExampleMap to /Game/TopDownCPP/Maps/UEDPIE_0_TopDownExampleMap.TopDownExampleMap (0.018126s)
[2018.11.16-16.15.27:285][284]LogInit: XAudio2 using 'Speakers (Realtek High Definition Audio)' : 2 channels at 48 kHz using 32 bits per sample (channel mask 0x3)
[2018.11.16-16.15.27:305][284]LogInit: FAudioDevice initialized.
[2018.11.16-16.15.27:305][284]LogSlate: FSceneViewport::OnFocusLost() reason 2
[2018.11.16-16.15.27:355][284]LogLoad: Game class is 'ITOSGGameMode'
[2018.11.16-16.15.27:360][284]LogWorld: Bringing World /Game/TopDownCPP/Maps/UEDPIE_0_TopDownExampleMap.TopDownExampleMap up for play (max tick rate 0) at 2018.11.16-16.15.27
[2018.11.16-16.15.27:362][284]LogWorld: Bringing up level for play took: 0.005521
[2018.11.16-16.15.27:381][284]PIE: Play in editor start time for /Game/TopDownCPP/Maps/UEDPIE_0_TopDownExampleMap -0.781
[2018.11.16-16.15.27:382][284]LogBlueprintUserMessages: Late PlayInEditor Detection: Level '/Game/TopDownCPP/Maps/TopDownExampleMap.TopDownExampleMap:PersistentLevel' has LevelScriptBlueprint '/Game/TopDownCPP/Maps/TopDownExampleMap.TopDownExampleMap:PersistentLevel.TopDownExampleMap' with GeneratedClass '/Game/TopDownCPP/Maps/TopDownExampleMap.TopDownExampleMap_C' with ClassGeneratedBy '/Game/TopDownCPP/Maps/TopDownExampleMap.TopDownExampleMap:PersistentLevel.TopDownExampleMap'
[2018.11.16-16.15.38:491][605]LogSlate: FSceneViewport::OnFocusLost() reason 0
[2018.11.16-16.15.41:643][982]LogSlate: FSceneViewport::OnFocusLost() reason 0
[2018.11.16-16.18.45:440][978]LogSlate: FSceneViewport::OnFocusLost() reason 0
[2018.11.16-16.18.45:550][991]LogBlueprintUserMessages: Early EndPlayMap Detection: Level '/Game/TopDownCPP/Maps/TopDownExampleMap.TopDownExampleMap:PersistentLevel' has LevelScriptBlueprint '/Game/TopDownCPP/Maps/TopDownExampleMap.TopDownExampleMap:PersistentLevel.TopDownExampleMap' with GeneratedClass '/Game/TopDownCPP/Maps/TopDownExampleMap.TopDownExampleMap_C' with ClassGeneratedBy '/Game/TopDownCPP/Maps/TopDownExampleMap.TopDownExampleMap:PersistentLevel.TopDownExampleMap'
[2018.11.16-16.18.45:550][991]LogSlate: Updating window title bar state: overlay mode, drag disabled, window buttons hidden, title bar hidden
[2018.11.16-16.18.45:587][991]LogPlayLevel: Display: Shutting down PIE online subsystems
[2018.11.16-16.18.45:588][991]LogBlueprintUserMessages: Late EndPlayMap Detection: Level '/Game/TopDownCPP/Maps/TopDownExampleMap.TopDownExampleMap:PersistentLevel' has LevelScriptBlueprint '/Game/TopDownCPP/Maps/TopDownExampleMap.TopDownExampleMap:PersistentLevel.TopDownExampleMap' with GeneratedClass '/Game/TopDownCPP/Maps/TopDownExampleMap.TopDownExampleMap_C' with ClassGeneratedBy '/Game/TopDownCPP/Maps/TopDownExampleMap.TopDownExampleMap:PersistentLevel.TopDownExampleMap'
[2018.11.16-16.18.45:633][991]LogSlate: Updating window title bar state: overlay mode, drag disabled, window buttons hidden, title bar hidden
[2018.11.16-16.18.45:652][992]LogPlayLevel: Display: Destroying online subsystem :Context_5
[2018.11.16-16.19.22:600][390]LogSlate: FSceneViewport::OnFocusLost() reason 2
[2018.11.16-16.19.22:807][390]LogSavePackage: Moving '../../../../../../Users/j016593e/Documents/GitHub/WGT/ITOSG/Saved/TopDownExampleMap_Auto208C6610B464F31324D647A845FC7DE96.tmp' to '../../../../../../Users/j016593e/Documents/GitHub/WGT/ITOSG/Saved/Autosaves/Game/TopDownCPP/Maps/TopDownExampleMap_Auto2.umap'
[2018.11.16-16.19.22:820][390]LogFileHelpers: Editor autosave (incl. sublevels) for '/Game/TopDownCPP/Maps/TopDownExampleMap' took 0.206
[2018.11.16-16.19.22:820][390]LogFileHelpers: Editor autosave (incl. sublevels) for all levels took 0.206
[2018.11.16-16.19.30:333][287]LogEditorViewport: Clicking on Actor (LMB): StaticMeshActor (Floor)
[2018.11.16-16.19.38:332][195]LogSlate: FSceneViewport::OnFocusLost() reason 0
[2018.11.16-16.19.38:433][207]LogTemp: Repeating last play command: Selected Viewport
[2018.11.16-16.19.38:450][207]LogBlueprintUserMessages: Early PlayInEditor Detection: Level '/Game/TopDownCPP/Maps/TopDownExampleMap.TopDownExampleMap:PersistentLevel' has LevelScriptBlueprint '/Game/TopDownCPP/Maps/TopDownExampleMap.TopDownExampleMap:PersistentLevel.TopDownExampleMap' with GeneratedClass '/Game/TopDownCPP/Maps/TopDownExampleMap.TopDownExampleMap_C' with ClassGeneratedBy '/Game/TopDownCPP/Maps/TopDownExampleMap.TopDownExampleMap:PersistentLevel.TopDownExampleMap'
[2018.11.16-16.19.38:450][207]LogPlayLevel: PlayLevel: No blueprints needed recompiling
[2018.11.16-16.19.38:450][207]PIE: New page: PIE session: TopDownExampleMap (16 Nov 2018 16:19:38)
[2018.11.16-16.19.38:450][207]LogPlayLevel: Creating play world package: /Game/TopDownCPP/Maps/UEDPIE_0_TopDownExampleMap
[2018.11.16-16.19.38:467][207]LogPlayLevel: PIE: StaticDuplicateObject took: (0.015870s)
[2018.11.16-16.19.38:468][207]LogAIModule: Creating AISystem for world TopDownExampleMap
[2018.11.16-16.19.38:468][207]LogPlayLevel: PIE: World Init took: (0.001291s)
[2018.11.16-16.19.38:468][207]LogPlayLevel: PIE: Created PIE world by copying editor world from /Game/TopDownCPP/Maps/TopDownExampleMap.TopDownExampleMap to /Game/TopDownCPP/Maps/UEDPIE_0_TopDownExampleMap.TopDownExampleMap (0.017830s)
[2018.11.16-16.19.38:495][207]LogInit: XAudio2 using 'Speakers (Realtek High Definition Audio)' : 2 channels at 48 kHz using 32 bits per sample (channel mask 0x3)
[2018.11.16-16.19.38:513][207]LogInit: FAudioDevice initialized.
[2018.11.16-16.19.38:547][207]LogLoad: Game class is 'ITOSGGameMode'
[2018.11.16-16.19.38:550][207]LogWorld: Bringing World /Game/TopDownCPP/Maps/UEDPIE_0_TopDownExampleMap.TopDownExampleMap up for play (max tick rate 0) at 2018.11.16-16.19.38
[2018.11.16-16.19.38:551][207]LogWorld: Bringing up level for play took: 0.002655
[2018.11.16-16.19.38:565][207]PIE: Play in editor start time for /Game/TopDownCPP/Maps/UEDPIE_0_TopDownExampleMap 0.404
[2018.11.16-16.19.38:566][207]LogBlueprintUserMessages: Late PlayInEditor Detection: Level '/Game/TopDownCPP/Maps/TopDownExampleMap.TopDownExampleMap:PersistentLevel' has LevelScriptBlueprint '/Game/TopDownCPP/Maps/TopDownExampleMap.TopDownExampleMap:PersistentLevel.TopDownExampleMap' with GeneratedClass '/Game/TopDownCPP/Maps/TopDownExampleMap.TopDownExampleMap_C' with ClassGeneratedBy '/Game/TopDownCPP/Maps/TopDownExampleMap.TopDownExampleMap:PersistentLevel.TopDownExampleMap'
[2018.11.16-16.19.42:800][704]LogSlate: FSceneViewport::OnFocusLost() reason 0
[2018.11.16-16.19.42:902][716]LogBlueprintUserMessages: Early EndPlayMap Detection: Level '/Game/TopDownCPP/Maps/TopDownExampleMap.TopDownExampleMap:PersistentLevel' has LevelScriptBlueprint '/Game/TopDownCPP/Maps/TopDownExampleMap.TopDownExampleMap:PersistentLevel.TopDownExampleMap' with GeneratedClass '/Game/TopDownCPP/Maps/TopDownExampleMap.TopDownExampleMap_C' with ClassGeneratedBy '/Game/TopDownCPP/Maps/TopDownExampleMap.TopDownExampleMap:PersistentLevel.TopDownExampleMap'
[2018.11.16-16.19.42:902][716]LogSlate: Updating window title bar state: overlay mode, drag disabled, window buttons hidden, title bar hidden
[2018.11.16-16.19.42:938][716]LogPlayLevel: Display: Shutting down PIE online subsystems
[2018.11.16-16.19.42:938][716]LogBlueprintUserMessages: Late EndPlayMap Detection: Level '/Game/TopDownCPP/Maps/TopDownExampleMap.TopDownExampleMap:PersistentLevel' has LevelScriptBlueprint '/Game/TopDownCPP/Maps/TopDownExampleMap.TopDownExampleMap:PersistentLevel.TopDownExampleMap' with GeneratedClass '/Game/TopDownCPP/Maps/TopDownExampleMap.TopDownExampleMap_C' with ClassGeneratedBy '/Game/TopDownCPP/Maps/TopDownExampleMap.TopDownExampleMap:PersistentLevel.TopDownExampleMap'
[2018.11.16-16.19.42:966][716]LogSlate: Updating window title bar state: overlay mode, drag disabled, window buttons hidden, title bar hidden
[2018.11.16-16.19.43:001][719]LogPlayLevel: Display: Destroying online subsystem :Context_6
[2018.11.16-16.19.43:935][830]LogEditorViewport: Clicking on Actor (LMB): StaticMeshActor (Floor)
[2018.11.16-16.19.47:082][181]LogSlate: FSceneViewport::OnFocusLost() reason 0
[2018.11.16-16.19.47:190][194]LogTemp: Repeating last play command: Selected Viewport
[2018.11.16-16.19.47:207][194]LogBlueprintUserMessages: Early PlayInEditor Detection: Level '/Game/TopDownCPP/Maps/TopDownExampleMap.TopDownExampleMap:PersistentLevel' has LevelScriptBlueprint '/Game/TopDownCPP/Maps/TopDownExampleMap.TopDownExampleMap:PersistentLevel.TopDownExampleMap' with GeneratedClass '/Game/TopDownCPP/Maps/TopDownExampleMap.TopDownExampleMap_C' with ClassGeneratedBy '/Game/TopDownCPP/Maps/TopDownExampleMap.TopDownExampleMap:PersistentLevel.TopDownExampleMap'
[2018.11.16-16.19.47:207][194]LogPlayLevel: PlayLevel: No blueprints needed recompiling
[2018.11.16-16.19.47:207][194]PIE: New page: PIE session: TopDownExampleMap (16 Nov 2018 16:19:47)
[2018.11.16-16.19.47:208][194]LogPlayLevel: Creating play world package: /Game/TopDownCPP/Maps/UEDPIE_0_TopDownExampleMap
[2018.11.16-16.19.47:221][194]LogPlayLevel: PIE: StaticDuplicateObject took: (0.013676s)
[2018.11.16-16.19.47:222][194]LogAIModule: Creating AISystem for world TopDownExampleMap
[2018.11.16-16.19.47:223][194]LogPlayLevel: PIE: World Init took: (0.000977s)
[2018.11.16-16.19.47:223][194]LogPlayLevel: PIE: Created PIE world by copying editor world from /Game/TopDownCPP/Maps/TopDownExampleMap.TopDownExampleMap to /Game/TopDownCPP/Maps/UEDPIE_0_TopDownExampleMap.TopDownExampleMap (0.015127s)
[2018.11.16-16.19.47:254][194]LogInit: XAudio2 using 'Speakers (Realtek High Definition Audio)' : 2 channels at 48 kHz using 32 bits per sample (channel mask 0x3)
[2018.11.16-16.19.47:270][194]LogInit: FAudioDevice initialized.
[2018.11.16-16.19.47:306][194]LogLoad: Game class is 'ITOSGGameMode'
[2018.11.16-16.19.47:309][194]LogWorld: Bringing World /Game/TopDownCPP/Maps/UEDPIE_0_TopDownExampleMap.TopDownExampleMap up for play (max tick rate 0) at 2018.11.16-16.19.47
[2018.11.16-16.19.47:309][194]LogWorld: Bringing up level for play took: 0.002306
[2018.11.16-16.19.47:324][194]PIE: Play in editor start time for /Game/TopDownCPP/Maps/UEDPIE_0_TopDownExampleMap -0.837
[2018.11.16-16.19.47:325][194]LogBlueprintUserMessages: Late PlayInEditor Detection: Level '/Game/TopDownCPP/Maps/TopDownExampleMap.TopDownExampleMap:PersistentLevel' has LevelScriptBlueprint '/Game/TopDownCPP/Maps/TopDownExampleMap.TopDownExampleMap:PersistentLevel.TopDownExampleMap' with GeneratedClass '/Game/TopDownCPP/Maps/TopDownExampleMap.TopDownExampleMap_C' with ClassGeneratedBy '/Game/TopDownCPP/Maps/TopDownExampleMap.TopDownExampleMap:PersistentLevel.TopDownExampleMap'
[2018.11.16-16.20.01:349][866]LogSlate: FSceneViewport::OnFocusLost() reason 0
[2018.11.16-16.20.01:459][879]LogBlueprintUserMessages: Early EndPlayMap Detection: Level '/Game/TopDownCPP/Maps/TopDownExampleMap.TopDownExampleMap:PersistentLevel' has LevelScriptBlueprint '/Game/TopDownCPP/Maps/TopDownExampleMap.TopDownExampleMap:PersistentLevel.TopDownExampleMap' with GeneratedClass '/Game/TopDownCPP/Maps/TopDownExampleMap.TopDownExampleMap_C' with ClassGeneratedBy '/Game/TopDownCPP/Maps/TopDownExampleMap.TopDownExampleMap:PersistentLevel.TopDownExampleMap'
[2018.11.16-16.20.01:459][879]LogSlate: Updating window title bar state: overlay mode, drag disabled, window buttons hidden, title bar hidden
[2018.11.16-16.20.01:498][879]LogPlayLevel: Display: Shutting down PIE online subsystems
[2018.11.16-16.20.01:499][879]LogBlueprintUserMessages: Late EndPlayMap Detection: Level '/Game/TopDownCPP/Maps/TopDownExampleMap.TopDownExampleMap:PersistentLevel' has LevelScriptBlueprint '/Game/TopDownCPP/Maps/TopDownExampleMap.TopDownExampleMap:PersistentLevel.TopDownExampleMap' with GeneratedClass '/Game/TopDownCPP/Maps/TopDownExampleMap.TopDownExampleMap_C' with ClassGeneratedBy '/Game/TopDownCPP/Maps/TopDownExampleMap.TopDownExampleMap:PersistentLevel.TopDownExampleMap'
[2018.11.16-16.20.01:527][879]LogSlate: Updating window title bar state: overlay mode, drag disabled, window buttons hidden, title bar hidden
[2018.11.16-16.20.01:560][882]LogPlayLevel: Display: Destroying online subsystem :Context_7
[2018.11.16-16.20.02:446][988]Cmd: TRANSACTION UNDO
[2018.11.16-16.20.02:446][988]LogEditorTransaction: Undo Move Actors
[2018.11.16-16.20.04:046][171]LogTemp: Repeating last play command: Selected Viewport
[2018.11.16-16.20.04:062][171]LogBlueprintUserMessages: Early PlayInEditor Detection: Level '/Game/TopDownCPP/Maps/TopDownExampleMap.TopDownExampleMap:PersistentLevel' has LevelScriptBlueprint '/Game/TopDownCPP/Maps/TopDownExampleMap.TopDownExampleMap:PersistentLevel.TopDownExampleMap' with GeneratedClass '/Game/TopDownCPP/Maps/TopDownExampleMap.TopDownExampleMap_C' with ClassGeneratedBy '/Game/TopDownCPP/Maps/TopDownExampleMap.TopDownExampleMap:PersistentLevel.TopDownExampleMap'
[2018.11.16-16.20.04:062][171]LogPlayLevel: PlayLevel: No blueprints needed recompiling
[2018.11.16-16.20.04:063][171]PIE: New page: PIE session: TopDownExampleMap (16 Nov 2018 16:20:04)
[2018.11.16-16.20.04:063][171]LogPlayLevel: Creating play world package: /Game/TopDownCPP/Maps/UEDPIE_0_TopDownExampleMap
[2018.11.16-16.20.04:076][171]LogPlayLevel: PIE: StaticDuplicateObject took: (0.013285s)
[2018.11.16-16.20.04:077][171]LogAIModule: Creating AISystem for world TopDownExampleMap
[2018.11.16-16.20.04:077][171]LogPlayLevel: PIE: World Init took: (0.001037s)
[2018.11.16-16.20.04:077][171]LogPlayLevel: PIE: Created PIE world by copying editor world from /Game/TopDownCPP/Maps/TopDownExampleMap.TopDownExampleMap to /Game/TopDownCPP/Maps/UEDPIE_0_TopDownExampleMap.TopDownExampleMap (0.014725s)
[2018.11.16-16.20.04:105][171]LogInit: XAudio2 using 'Speakers (Realtek High Definition Audio)' : 2 channels at 48 kHz using 32 bits per sample (channel mask 0x3)
[2018.11.16-16.20.04:122][171]LogInit: FAudioDevice initialized.
[2018.11.16-16.20.04:157][171]LogLoad: Game class is 'ITOSGGameMode'
[2018.11.16-16.20.04:162][171]LogWorld: Bringing World /Game/TopDownCPP/Maps/UEDPIE_0_TopDownExampleMap.TopDownExampleMap up for play (max tick rate 0) at 2018.11.16-16.20.04
[2018.11.16-16.20.04:163][171]LogWorld: Bringing up level for play took: 0.004760
[2018.11.16-16.20.04:181][171]PIE: Play in editor start time for /Game/TopDownCPP/Maps/UEDPIE_0_TopDownExampleMap 0.019
[2018.11.16-16.20.04:181][171]LogBlueprintUserMessages: Late PlayInEditor Detection: Level '/Game/TopDownCPP/Maps/TopDownExampleMap.TopDownExampleMap:PersistentLevel' has LevelScriptBlueprint '/Game/TopDownCPP/Maps/TopDownExampleMap.TopDownExampleMap:PersistentLevel.TopDownExampleMap' with GeneratedClass '/Game/TopDownCPP/Maps/TopDownExampleMap.TopDownExampleMap_C' with ClassGeneratedBy '/Game/TopDownCPP/Maps/TopDownExampleMap.TopDownExampleMap:PersistentLevel.TopDownExampleMap'
[2018.11.16-16.20.14:114][349]LogBlueprintUserMessages: Early EndPlayMap Detection: Level '/Game/TopDownCPP/Maps/TopDownExampleMap.TopDownExampleMap:PersistentLevel' has LevelScriptBlueprint '/Game/TopDownCPP/Maps/TopDownExampleMap.TopDownExampleMap:PersistentLevel.TopDownExampleMap' with GeneratedClass '/Game/TopDownCPP/Maps/TopDownExampleMap.TopDownExampleMap_C' with ClassGeneratedBy '/Game/TopDownCPP/Maps/TopDownExampleMap.TopDownExampleMap:PersistentLevel.TopDownExampleMap'
[2018.11.16-16.20.14:115][349]LogSlate: Updating window title bar state: overlay mode, drag disabled, window buttons hidden, title bar hidden
[2018.11.16-16.20.14:153][349]LogPlayLevel: Display: Shutting down PIE online subsystems
[2018.11.16-16.20.14:154][349]LogBlueprintUserMessages: Late EndPlayMap Detection: Level '/Game/TopDownCPP/Maps/TopDownExampleMap.TopDownExampleMap:PersistentLevel' has LevelScriptBlueprint '/Game/TopDownCPP/Maps/TopDownExampleMap.TopDownExampleMap:PersistentLevel.TopDownExampleMap' with GeneratedClass '/Game/TopDownCPP/Maps/TopDownExampleMap.TopDownExampleMap_C' with ClassGeneratedBy '/Game/TopDownCPP/Maps/TopDownExampleMap.TopDownExampleMap:PersistentLevel.TopDownExampleMap'
[2018.11.16-16.20.14:182][349]LogSlate: Updating window title bar state: overlay mode, drag disabled, window buttons hidden, title bar hidden
[2018.11.16-16.20.14:214][352]LogPlayLevel: Display: Destroying online subsystem :Context_8
