Log file open, 11/26/18 13:47:17
LogWindows: Failed to load 'aqProf.dll' (GetLastError=126)
LogWindows: File 'aqProf.dll' does not exist
LogWindows: Failed to load 'VSPerf140.dll' (GetLastError=126)
LogWindows: File 'VSPerf140.dll' does not exist
LogWindows: Failed to load 'VtuneApi.dll' (GetLastError=126)
LogWindows: File 'VtuneApi.dll' does not exist
LogWindows: Failed to load 'VtuneApi32e.dll' (GetLastError=126)
LogWindows: File 'VtuneApi32e.dll' does not exist
LogInit: Display: Running engine for game: ITOSG
LogPlatformFile: Not using cached read wrapper
LogTaskGraph: Started task graph with 5 named threads and 23 total threads with 3 sets of task threads.
LogStats: Stats thread started at 3.760607
LogD3D11RHI: Loaded GFSDK_Aftermath_Lib.x64.dll
LogICUInternationalization: Display: ICU TimeZone Detection - Raw Offset: +0:00, Platform Override: ''
LogPluginManager: Mounting plugin Paper2D
LogPluginManager: Mounting plugin AISupport
LogPluginManager: Mounting plugin LightPropagationVolume
LogPluginManager: Mounting plugin CLionSourceCodeAccess
LogPluginManager: Mounting plugin CodeLiteSourceCodeAccess
LogPluginManager: Mounting plugin GitSourceControl
LogPluginManager: Mounting plugin KDevelopSourceCodeAccess
LogPluginManager: Mounting plugin NullSourceCodeAccess
LogPluginManager: Mounting plugin PerforceSourceControl
LogPluginManager: Mounting plugin SubversionSourceControl
LogPluginManager: Mounting plugin UObjectPlugin
LogPluginManager: Mounting plugin VisualStudioCodeSourceCodeAccess
LogPluginManager: Mounting plugin VisualStudioSourceCodeAccess
LogPluginManager: Mounting plugin XCodeSourceCodeAccess
LogPluginManager: Mounting plugin AssetManagerEditor
LogPluginManager: Mounting plugin CryptoKeys
LogPluginManager: Mounting plugin DataValidation
LogPluginManager: Mounting plugin FacialAnimation
LogPluginManager: Mounting plugin GameplayTagsEditor
LogPluginManager: Mounting plugin MacGraphicsSwitching
LogPluginManager: Mounting plugin MeshEditor
LogPluginManager: Mounting plugin MobileLauncherProfileWizard
LogPluginManager: Mounting plugin PluginBrowser
LogPluginManager: Mounting plugin SpeedTreeImporter
LogPluginManager: Mounting plugin DatasmithContent
LogPluginManager: Mounting plugin AlembicImporter
LogPluginManager: Mounting plugin AppleImageUtils
LogPluginManager: Mounting plugin AppleVision
LogPluginManager: Mounting plugin BackChannel
LogPluginManager: Mounting plugin CharacterAI
LogPluginManager: Mounting plugin GeometryCache
LogPluginManager: Mounting plugin HTML5Networking
LogPluginManager: Mounting plugin ProxyLODPlugin
LogPluginManager: Mounting plugin MagicLeap
LogPluginManager: Mounting plugin MagicLeapEmulator
LogPluginManager: Mounting plugin MagicLeapMedia
LogPluginManager: Mounting plugin AndroidMedia
LogPluginManager: Mounting plugin AvfMedia
LogPluginManager: Mounting plugin ImgMedia
LogPluginManager: Mounting plugin LinearTimecode
LogPluginManager: Mounting plugin MediaCompositing
LogPluginManager: Mounting plugin MediaPlayerEditor
LogPluginManager: Mounting plugin WmfMedia
LogPluginManager: Mounting plugin TcpMessaging
LogPluginManager: Mounting plugin UdpMessaging
LogPluginManager: Mounting plugin ActorSequence
LogPluginManager: Mounting plugin LevelSequenceEditor
LogPluginManager: Mounting plugin MatineeToLevelSequence
LogPluginManager: Mounting plugin NetcodeUnitTest
LogPluginManager: Mounting plugin NUTUnrealEngine4
LogPluginManager: Mounting plugin OnlineSubsystemGooglePlay
LogPluginManager: Mounting plugin OnlineSubsystemIOS
LogPluginManager: Mounting plugin OnlineSubsystem
LogPluginManager: Mounting plugin OnlineSubsystemNull
LogPluginManager: Mounting plugin OnlineSubsystemUtils
LogPluginManager: Mounting plugin LauncherChunkInstaller
LogPluginManager: Mounting plugin AndroidDeviceProfileSelector
LogPluginManager: Mounting plugin AndroidMoviePlayer
LogPluginManager: Mounting plugin AndroidPermission
LogPluginManager: Mounting plugin AppleMoviePlayer
LogPluginManager: Mounting plugin ArchVisCharacter
LogPluginManager: Mounting plugin AudioCapture
LogPluginManager: Mounting plugin CableComponent
LogPluginManager: Mounting plugin CustomMeshComponent
LogPluginManager: Mounting plugin EditableMesh
LogPluginManager: Mounting plugin ExampleDeviceProfileSelector
LogPluginManager: Mounting plugin GoogleCloudMessaging
LogPluginManager: Mounting plugin ImmediatePhysics
LogPluginManager: Mounting plugin IOSDeviceProfileSelector
LogPluginManager: Mounting plugin LinuxDeviceProfileSelector
LogPluginManager: Mounting plugin LocationServicesBPLibrary
LogPluginManager: Mounting plugin MobilePatchingUtils
LogPluginManager: Mounting plugin OculusVR
LogPluginManager: Plugin shader directory ../../../Engine/Plugins/Runtime/Oculus/OculusVR/Shaders found
LogPluginManager: Mapping shader source directory ../../../Engine/Plugins/Runtime/Oculus/OculusVR/Shaders to virtual directory /Plugin/OculusVR
LogPluginManager: Mounting plugin PhysXVehicles
LogPluginManager: Mounting plugin ProceduralMeshComponent
LogPluginManager: Mounting plugin RuntimePhysXCooking
LogPluginManager: Mounting plugin SteamVR
LogPluginManager: Mounting plugin WindowsMoviePlayer
LogStreaming: Display: Took  0.160s to configure plugins.
LogInit: Using libcurl 7.55.1-DEV
LogInit:  - built for x86_64-pc-win32
LogInit:  - supports SSL with OpenSSL/1.0.2h
LogInit:  - supports HTTP deflate (compression) using libz 1.2.8
LogInit:  - other features:
LogInit:      CURL_VERSION_SSL
LogInit:      CURL_VERSION_LIBZ
LogInit:      CURL_VERSION_IPV6
LogInit:      CURL_VERSION_ASYNCHDNS
LogInit:      CURL_VERSION_LARGEFILE
LogInit:      CURL_VERSION_IDN
LogInit:  CurlRequestOptions (configurable via config and command line):
LogInit:  - bVerifyPeer = false  - Libcurl will NOT verify peer certificate
LogInit:  - bUseHttpProxy = false  - Libcurl will NOT use HTTP proxy
LogInit:  - bDontReuseConnections = false  - Libcurl will reuse connections
LogInit:  - CertBundlePath = nullptr  - Libcurl will use whatever was configured at build time.
LogInit:  - MaxHostConnections = 16  - Libcurl will limit the number of connections to a host
LogInit:  - LocalHostAddr = Default
LogInit:  - BufferSize = 65536
LogInit: WinSock: version 1.1 (2.2), MaxSocks=32767, MaxUdp=65467
LogInit: Build: ++UE4+Release-4.20-CL-4369336
LogInit: Engine Version: 4.20.3-4369336+++UE4+Release-4.20
LogInit: Compatible Engine Version: 4.20.0-4212847+++UE4+Release-4.20
LogInit: Net CL: 4212847
LogInit: OS: Windows 10 (), CPU: Intel(R) Core(TM) i7-6700K CPU @ 4.00GHz, GPU: NVIDIA GeForce GTX 1060 6GB
LogInit: Compiled (64-bit): Sep 17 2018 12:26:19
LogInit: Compiled with Visual C++: 19.13.26129.00
LogInit: Build Configuration: Development
LogInit: Branch Name: ++UE4+Release-4.20
LogInit: Command Line:  
LogInit: Base Directory: D:/UE_4.20/Engine/Binaries/Win64/
LogInit: Installed Engine Build: 1
LogDevObjectVersion: Number of dev versions registered: 20
LogDevObjectVersion:   Dev-Blueprints (B0D832E4-1F89-4F0D-ACCF-7EB736FD4AA2): 10
LogDevObjectVersion:   Dev-Build (E1C64328-A22C-4D53-A36C-8E866417BD8C): 0
LogDevObjectVersion:   Dev-Core (375EC13C-06E4-48FB-B500-84F0262A717E): 2
LogDevObjectVersion:   Dev-Editor (E4B068ED-F494-42E9-A231-DA0B2E46BB41): 24
LogDevObjectVersion:   Dev-Framework (CFFC743F-43B0-4480-9391-14DF171D2073): 34
LogDevObjectVersion:   Dev-Mobile (B02B49B5-BB20-44E9-A304-32B752E40360): 2
LogDevObjectVersion:   Dev-Networking (A4E4105C-59A1-49B5-A7C5-40C4547EDFEE): 0
LogDevObjectVersion:   Dev-Online (39C831C9-5AE6-47DC-9A44-9C173E1C8E7C): 0
LogDevObjectVersion:   Dev-Physics (78F01B33-EBEA-4F98-B9B4-84EACCB95AA2): 0
LogDevObjectVersion:   Dev-Platform (6631380F-2D4D-43E0-8009-CF276956A95A): 0
LogDevObjectVersion:   Dev-Rendering (12F88B9F-8875-4AFC-A67C-D90C383ABD29): 26
LogDevObjectVersion:   Dev-Sequencer (7B5AE74C-D270-4C10-A958-57980B212A5A): 9
LogDevObjectVersion:   Dev-VR (D7296918-1DD6-4BDD-9DE2-64A83CC13884): 2
LogDevObjectVersion:   Dev-LoadTimes (C2A15278-BFE7-4AFE-6C17-90FF531DF755): 1
LogDevObjectVersion:   Private-Geometry (6EACA3D4-40EC-4CC1-B786-8BED09428FC5): 3
LogDevObjectVersion:   Dev-AnimPhys (29E575DD-E0A3-4627-9D10-D276232CDCEA): 17
LogDevObjectVersion:   Dev-ReflectionCapture (6B266CEC-1EC7-4B8F-A30B-E4D90942FC07): 1
LogDevObjectVersion:   Dev-Automation (0DF73D61-A23F-47EA-B727-89E90C41499A): 1
LogDevObjectVersion:   FortniteMain (601D1886-AC64-4F84-AA16-D3DE0DEAC7D6): 12
LogDevObjectVersion:   Dev-Enterprise (9DFFBCD6-494F-0158-E221-12823C92A888): 1
LogStreaming: Display: Took  0.039s to delete old logs.
LogInit: Presizing for max 8388607 objects, including 0 objects not considered by GC, pre-allocating 0 bytes for permanent pool.
LogInit: Object subsystem initialized
[2018.11.26-13.47.19:064][  0]LogInit: Selected Device Profile: [Windows]
[2018.11.26-13.47.19:064][  0]LogInit: Applying CVar settings loaded from the selected device profile: [Windows]
[2018.11.26-13.47.19:101][  0]LogHAL: Display: Platform has ~ 16 GB [17090912256 / 17179869184 / 16], which maps to Larger [LargestMinGB=32, LargerMinGB=12, DefaultMinGB=8, SmallerMinGB=6, SmallestMinGB=0)
[2018.11.26-13.47.19:101][  0]LogInit: Setting Device Profile CVar: [[r.Vulkan.UseRealUBs:1]]
[2018.11.26-13.47.19:101][  0]LogInit: Going up to parent DeviceProfile []
[2018.11.26-13.47.19:110][  0]LogInit: Computer: SKOOBIE
[2018.11.26-13.47.19:110][  0]LogInit: User: Skoobie
[2018.11.26-13.47.19:110][  0]LogInit: CPU Page size=4096, Cores=4
[2018.11.26-13.47.19:110][  0]LogInit: High frequency timer resolution =3.914067 MHz
[2018.11.26-13.47.19:111][  0]LogMemory: Memory total: Physical=15.9GB (16GB approx)
[2018.11.26-13.47.19:111][  0]LogMemory: Platform Memory Stats for Windows
[2018.11.26-13.47.19:111][  0]LogMemory: Process Physical Memory: 99.68 MB used, 99.68 MB peak
[2018.11.26-13.47.19:111][  0]LogMemory: Process Virtual Memory: 90.95 MB used, 90.95 MB peak
[2018.11.26-13.47.19:111][  0]LogMemory: Physical Memory: 6046.09 MB used,  10253.08 MB free, 16299.16 MB total
[2018.11.26-13.47.19:111][  0]LogMemory: Virtual Memory: 4644.85 MB used,  10253.08 MB free, 134217728.00 MB total
[2018.11.26-13.47.19:671][  0]LogInit: Using OS detected language (en-GB).
[2018.11.26-13.47.19:671][  0]LogInit: Using OS detected locale (en-GB).
[2018.11.26-13.47.19:730][  0]LogTextLocalizationManager: No specific localization for 'en-GB' exists, so the 'en' localization will be used.
[2018.11.26-13.47.20:283][  0]LogStreaming: Display: Took  0.612s to InitEngineTextLocalization.
[2018.11.26-13.47.20:283][  0]LogInit: Setting process to per monitor DPI aware
[2018.11.26-13.47.20:661][  0]LogSlate: New Slate User Created.  User Index 0, Is Virtual User: 0
[2018.11.26-13.47.20:661][  0]LogSlate: Slate User Registered.  User Index 0, Is Virtual User: 0
[2018.11.26-13.47.22:559][  0]LogHMD: Failed to initialize OpenVR with code 126
[2018.11.26-13.47.22:559][  0]LogD3D11RHI: D3D11 adapters:
[2018.11.26-13.47.22:623][  0]LogD3D11RHI:    0. 'NVIDIA GeForce GTX 1060 6GB' (Feature Level 11_0)
[2018.11.26-13.47.22:623][  0]LogD3D11RHI:       6052/0/8149 MB DedicatedVideo/DedicatedSystem/SharedSystem, Outputs:1, VendorId:0x10de
[2018.11.26-13.47.22:624][  0]LogD3D11RHI:    1. 'Microsoft Basic Render Driver' (Feature Level 11_0)
[2018.11.26-13.47.22:624][  0]LogD3D11RHI:       0/0/8149 MB DedicatedVideo/DedicatedSystem/SharedSystem, Outputs:0, VendorId:0x1414
[2018.11.26-13.47.22:624][  0]LogD3D11RHI: Chosen D3D11 Adapter: 0
[2018.11.26-13.47.22:630][  0]LogD3D11RHI: Creating new Direct3DDevice
[2018.11.26-13.47.22:630][  0]LogD3D11RHI:     GPU DeviceId: 0x1c03 (for the marketing name, search the web for "GPU Device Id")
[2018.11.26-13.47.22:630][  0]LogWindows: EnumDisplayDevices:
[2018.11.26-13.47.22:630][  0]LogWindows:    0. 'NVIDIA GeForce GTX 1060 6GB' (P:1 D:1)
[2018.11.26-13.47.22:630][  0]LogWindows:    1. 'NVIDIA GeForce GTX 1060 6GB' (P:0 D:0)
[2018.11.26-13.47.22:630][  0]LogWindows:    2. 'NVIDIA GeForce GTX 1060 6GB' (P:0 D:0)
[2018.11.26-13.47.22:631][  0]LogWindows:    3. 'NVIDIA GeForce GTX 1060 6GB' (P:0 D:0)
[2018.11.26-13.47.22:631][  0]LogWindows: DebugString: FoundDriverCount:4 
[2018.11.26-13.47.22:631][  0]LogD3D11RHI:     Adapter Name: NVIDIA GeForce GTX 1060 6GB
[2018.11.26-13.47.22:631][  0]LogD3D11RHI:   Driver Version: 416.94 (internal:25.21.14.1694, unified:416.94)
[2018.11.26-13.47.22:631][  0]LogD3D11RHI:      Driver Date: 11-12-2018
[2018.11.26-13.47.22:631][  0]LogRHI: Texture pool is 4236 MB (70% of 6052 MB)
[2018.11.26-13.47.22:664][  0]LogD3D11RHI: Async texture creation enabled
[2018.11.26-13.47.22:685][  0]LogD3D11RHI: GPU Timing Frequency: 1000.000000 (Debug: 2 2)
[2018.11.26-13.47.22:686][  0]LogShaderCompilers: Guid format shader working directory is 25 characters bigger than the processId version (../../../../WGT2/ITOSG/Intermediate/Shaders/WorkingDirectory/14600/).
[2018.11.26-13.47.22:686][  0]LogShaderCompilers: Cleaned the shader compiler working directory 'C:/Users/Skoobie/AppData/Local/Temp/UnrealShaderWorkingDir/334F23BB40FC1C7B976B5CB8FBB45B21/'.
[2018.11.26-13.47.23:578][  0]LogTemp: Display: Loaded TP AllDesktopTargetPlatform
[2018.11.26-13.47.23:618][  0]LogTemp: Display: Loaded TP MacClientTargetPlatform
[2018.11.26-13.47.23:635][  0]LogTemp: Display: Loaded TP MacNoEditorTargetPlatform
[2018.11.26-13.47.23:662][  0]LogTemp: Display: Loaded TP MacServerTargetPlatform
[2018.11.26-13.47.23:706][  0]LogTemp: Display: Loaded TP MacTargetPlatform
[2018.11.26-13.47.23:750][  0]LogTemp: Display: Loaded TP WindowsClientTargetPlatform
[2018.11.26-13.47.23:774][  0]LogTemp: Display: Loaded TP WindowsNoEditorTargetPlatform
[2018.11.26-13.47.23:802][  0]LogTemp: Display: Loaded TP WindowsServerTargetPlatform
[2018.11.26-13.47.23:821][  0]LogTemp: Display: Loaded TP WindowsTargetPlatform
[2018.11.26-13.47.23:945][  0]LogTemp: Display: Loaded TP AndroidTargetPlatform
[2018.11.26-13.47.23:945][  0]LogTemp: Display: Loaded TP AndroidTargetPlatform
[2018.11.26-13.47.23:945][  0]LogTemp: Display: Loaded TP AndroidTargetPlatform
[2018.11.26-13.47.23:945][  0]LogTemp: Display: Loaded TP AndroidTargetPlatform
[2018.11.26-13.47.23:945][  0]LogTemp: Display: Loaded TP AndroidTargetPlatform
[2018.11.26-13.47.23:945][  0]LogTemp: Display: Loaded TP AndroidTargetPlatform
[2018.11.26-13.47.23:945][  0]LogTemp: Display: Loaded TP AndroidTargetPlatform
[2018.11.26-13.47.23:945][  0]LogTemp: Display: Loaded TP AndroidTargetPlatform
[2018.11.26-13.47.23:945][  0]LogTemp: Display: Loaded TP AndroidTargetPlatform
[2018.11.26-13.47.23:945][  0]LogTemp: Display: Loaded TP AndroidTargetPlatform
[2018.11.26-13.47.23:945][  0]LogTemp: Display: Loaded TP AndroidTargetPlatform
[2018.11.26-13.47.23:945][  0]LogTemp: Display: Loaded TP AndroidTargetPlatform
[2018.11.26-13.47.23:945][  0]LogTemp: Display: Loaded TP AndroidTargetPlatform
[2018.11.26-13.47.23:945][  0]LogTemp: Display: Loaded TP AndroidTargetPlatform
[2018.11.26-13.47.23:945][  0]LogTemp: Display: Loaded TP AndroidTargetPlatform
[2018.11.26-13.47.23:945][  0]LogTemp: Display: Loaded TP AndroidTargetPlatform
[2018.11.26-13.47.23:945][  0]LogTemp: Display: Loaded TP AndroidTargetPlatform
[2018.11.26-13.47.23:945][  0]LogTemp: Display: Loaded TP AndroidTargetPlatform
[2018.11.26-13.47.23:963][  0]LogTemp: Display: Loaded TP HTML5TargetPlatform
[2018.11.26-13.47.24:103][  0]LogTemp: Display: Loaded TP IOSTargetPlatform
[2018.11.26-13.47.24:103][  0]LogTemp: Display: Loaded TP IOSTargetPlatform
[2018.11.26-13.47.24:136][  0]LogTemp: Display: Loaded TP TVOSTargetPlatform
[2018.11.26-13.47.24:136][  0]LogTemp: Display: Loaded TP TVOSTargetPlatform
[2018.11.26-13.47.24:163][  0]LogTemp: Display: Loaded TP LinuxClientTargetPlatform
[2018.11.26-13.47.24:187][  0]LogTemp: Display: Loaded TP LinuxNoEditorTargetPlatform
[2018.11.26-13.47.24:214][  0]LogTemp: Display: Loaded TP LinuxServerTargetPlatform
[2018.11.26-13.47.24:239][  0]LogTemp: Display: Loaded TP LinuxTargetPlatform
[2018.11.26-13.47.24:254][  0]LogTemp: Display: Loaded TP LuminTargetPlatform
[2018.11.26-13.47.24:254][  0]LogTargetPlatformManager: Display: Building Assets For Windows
[2018.11.26-13.47.24:967][  0]LogXGEController: Cleaning working directory: C:/Users/Skoobie/AppData/Local/Temp/UnrealXGEWorkingDir/
[2018.11.26-13.47.24:967][  0]LogXGEController: Cannot use XGE Controller as Incredibuild is not installed on this machine.
[2018.11.26-13.47.24:967][  0]LogShaderCompilers: Cannot use XGE Shader Compiler as Incredibuild is not installed on this machine.
[2018.11.26-13.47.24:967][  0]LogShaderCompilers: Display: Using Local Shader Compiler.
[2018.11.26-13.47.27:089][  0]LogDerivedDataCache: Display: Max Cache Size: 512 MB
[2018.11.26-13.47.27:455][  0]LogDerivedDataCache: Loaded boot cache 0.37s 73MB C:/Users/Skoobie/AppData/Local/UnrealEngine/4.20/DerivedDataCache/Boot.ddc.
[2018.11.26-13.47.27:456][  0]LogDerivedDataCache: Display: Loaded Boot cache: C:/Users/Skoobie/AppData/Local/UnrealEngine/4.20/DerivedDataCache/Boot.ddc
[2018.11.26-13.47.27:456][  0]LogDerivedDataCache: FDerivedDataBackendGraph:  Pak pak cache file ../../../../WGT2/ITOSG/DerivedDataCache/DDC.ddp not found, will not use a pak cache.
[2018.11.26-13.47.27:456][  0]LogDerivedDataCache: Unable to find inner node Pak for hierarchical cache Hierarchy.
[2018.11.26-13.47.27:456][  0]LogDerivedDataCache: FDerivedDataBackendGraph:  CompressedPak pak cache file ../../../../WGT2/ITOSG/DerivedDataCache/Compressed.ddp not found, will not use a pak cache.
[2018.11.26-13.47.27:456][  0]LogDerivedDataCache: Unable to find inner node CompressedPak for hierarchical cache Hierarchy.
[2018.11.26-13.47.27:531][  0]LogDerivedDataCache: Display: Pak cache opened for reading ../../../Engine/DerivedDataCache/Compressed.ddp.
[2018.11.26-13.47.27:544][  0]LogDerivedDataCache: Using Local data cache path C:/Users/Skoobie/AppData/Local/UnrealEngine/Common/DerivedDataCache: Writable
[2018.11.26-13.47.27:544][  0]LogDerivedDataCache: Shared data cache path not found in *engine.ini, will not use an Shared cache.
[2018.11.26-13.47.27:544][  0]LogDerivedDataCache: Unable to find inner node Shared for hierarchical cache Hierarchy.
[2018.11.26-13.47.27:558][  0]LogMaterial: Verifying Global Shaders for PCD3D_SM5
[2018.11.26-13.47.27:559][  0]LogSlate: Using FreeType 2.6.0
[2018.11.26-13.47.27:619][  0]LogSlate: SlateFontServices - WITH_FREETYPE: 1, WITH_HARFBUZZ: 1
[2018.11.26-13.47.28:002][  0]LogAssetRegistry: FAssetRegistry took 0.0255 seconds to start up
[2018.11.26-13.47.28:331][  0]LogInit: Selected Device Profile: [Windows]
[2018.11.26-13.47.31:057][  0]LogSimplygon: Simplygon DLL not present - disabling.
[2018.11.26-13.47.31:717][  0]LogMeshReduction: Using SimplygonSwarm for distributed automatic mesh merging
[2018.11.26-13.47.31:717][  0]LogMeshReduction: Using ProxyLODMeshReduction for automatic mesh merging
[2018.11.26-13.47.31:717][  0]LogMeshReduction: Using QuadricMeshReduction for automatic static mesh reduction
[2018.11.26-13.47.31:717][  0]LogMeshReduction: No automatic skeletal mesh reduction module available
[2018.11.26-13.47.32:012][  0]LogNetVersion: ITOSG 1.0.0, NetCL: 4212847, EngineNetVer: 5, GameNetVer: 0 (Checksum: 987612483)
[2018.11.26-13.47.36:428][  0]LogPackageLocalizationCache: Processed 11 localized package path(s) for 2 prioritized culture(s) in 0.158612 seconds
[2018.11.26-13.47.36:433][  0]LogUObjectArray: 38425 objects as part of root set at end of initial load.
[2018.11.26-13.47.36:433][  0]LogUObjectAllocator: 6690872 out of 0 bytes used by permanent object pool.
[2018.11.26-13.47.36:433][  0]LogUObjectArray: CloseDisregardForGC: 0/0 objects in disregard for GC pool
[2018.11.26-13.47.48:270][  0]LogTcpMessaging: Initializing TcpMessaging bridge
[2018.11.26-13.47.48:299][  0]LogUdpMessaging: Initializing bridge on interface 0.0.0.0:0 to multicast group 230.0.0.1:6666.
[2018.11.26-13.47.51:951][  0]SourceControl: Source control is disabled
[2018.11.26-13.47.51:951][  0]SourceControl: Source control is disabled
[2018.11.26-13.47.52:095][  0]SourceControl: Source control is disabled
[2018.11.26-13.47.52:140][  0]SourceControl: Source control is disabled
[2018.11.26-13.47.54:690][  0]LogAndroidPermission: UAndroidPermissionCallbackProxy::GetInstance
[2018.11.26-13.47.55:143][  0]LogOcInput: OculusInput pre-init called
[2018.11.26-13.47.55:567][  0]LogEngine: Initializing Engine...
[2018.11.26-13.47.55:587][  0]LogHMD: Failed to initialize OpenVR with code 126
[2018.11.26-13.47.55:589][  0]LogStats: UGameplayTagsManager::ConstructGameplayTagTree: ImportINI prefixes -  0.000 s
[2018.11.26-13.47.55:589][  0]LogStats: UGameplayTagsManager::ConstructGameplayTagTree: Construct from data asset -  0.000 s
[2018.11.26-13.47.55:589][  0]LogStats: UGameplayTagsManager::ConstructGameplayTagTree: ImportINI -  0.000 s
[2018.11.26-13.47.55:589][  0]LogStats: UGameplayTagsManager::ConstructGameplayTagTree: GameplayTagTreeChangedEvent.Broadcast -  0.000 s
[2018.11.26-13.47.55:946][  0]LogInit: Initializing FReadOnlyCVARCache
[2018.11.26-13.47.56:056][  0]LogAIModule: Creating AISystem for world Untitled
[2018.11.26-13.47.56:077][  0]LogInit: XAudio2 using 'Speakers (USB PnP Sound Device)' : 2 channels at 44.1 kHz using 16 bits per sample (channel mask 0x3)
[2018.11.26-13.47.56:090][  0]LogInit: FAudioDevice initialized.
[2018.11.26-13.47.56:090][  0]LogNetVersion: Set ProjectVersion to 1.0.0.0. Version Checksum will be recalculated on next use.
[2018.11.26-13.47.56:165][  0]LogDerivedDataCache: Saved boot cache 0.07s 73MB C:/Users/Skoobie/AppData/Local/UnrealEngine/4.20/DerivedDataCache/Boot.ddc.
[2018.11.26-13.47.56:168][  0]LogInit: Texture streaming: Enabled
[2018.11.26-13.47.56:345][  0]LogEngineSessionManager: EngineSessionManager initialized
[2018.11.26-13.47.56:413][  0]LogWindowsTextInputMethodSystem: Display: IME system now deactivated.
[2018.11.26-13.47.56:448][  0]LogInit: Transaction tracking system initialized
[2018.11.26-13.47.57:394][  0]BlueprintLog: New page: Editor Load
[2018.11.26-13.48.01:085][  0]LocalizationService: Localization service is disabled
[2018.11.26-13.48.05:476][  0]LogCook: Display: Max memory allowance for cook 16384mb min free memory 0mb
[2018.11.26-13.48.05:476][  0]LogCook: Display: Mobile HDR setting 1
[2018.11.26-13.48.05:476][  0]LogGameplayTags: Display: UGameplayTagsManager::DoneAddingNativeTags. DelegateIsBound: 0
[2018.11.26-13.48.05:476][  0]LogStats: UGameplayTagsManager::ConstructGameplayTagTree: ImportINI prefixes -  0.000 s
[2018.11.26-13.48.05:476][  0]LogStats: UGameplayTagsManager::ConstructGameplayTagTree: Construct from data asset -  0.000 s
[2018.11.26-13.48.05:476][  0]LogStats: UGameplayTagsManager::ConstructGameplayTagTree: ImportINI -  0.000 s
[2018.11.26-13.48.05:476][  0]LogStats: UGameplayTagsManager::ConstructGameplayTagTree: GameplayTagTreeChangedEvent.Broadcast -  0.000 s
[2018.11.26-13.48.06:114][  0]LogFileCache: Scanning file cache for directory 'D:/WGT2/ITOSG/Content/' took 0.02s
[2018.11.26-13.48.11:794][  0]SourceControl: Source control is disabled
[2018.11.26-13.48.11:795][  0]Cmd: MAP LOAD FILE="../../../../WGT2/ITOSG/Content/TopDownCPP/Maps/TopDownExampleMap.umap" TEMPLATE=0 SHOWPROGRESS=1 FEATURELEVEL=3
[2018.11.26-13.48.11:940][  0]LightingResults: New page: Lighting Build
[2018.11.26-13.48.11:941][  0]MapCheck: New page: Map Check
[2018.11.26-13.48.11:941][  0]LightingResults: New page: Lighting Build
[2018.11.26-13.48.15:399][  0]LogBlueprint: Warning: [Compiler WB_Ingame] Could not find a variable named "CurrentInteractable" in 'GameplayController'.
Make sure 'GameplayController' has been compiled for  Get CurrentInteractable
[2018.11.26-13.48.15:399][  0]LogBlueprint: Error: [Compiler WB_Ingame] In use pin  Target  no longer exists on node  Get Use Text . Please refresh node or break links to remove pin.
[2018.11.26-13.48.15:399][  0]LogBlueprint: Error: [Compiler WB_Ingame] In use pin  Return Value  no longer exists on node  Get Use Text . Please refresh node or break links to remove pin.
[2018.11.26-13.48.15:400][  0]LogBlueprint: Error: [Compiler WB_Ingame] Could not find a function named "GetUseText" in 'Interactable'.
Make sure 'Interactable' has been compiled for  Get Use Text
[2018.11.26-13.48.15:400][  0]LogBlueprint: Warning: [Compiler WB_Ingame] [0084.26] Compile of WB_Ingame failed. 3 Fatal Issue(s) 1 Warning(s) [in 2 ms] (/Game/UI/WB_Ingame.WB_Ingame)
[2018.11.26-13.48.17:365][  0]LogAIModule: Creating AISystem for world TopDownExampleMap
[2018.11.26-13.48.17:410][  0]LogActorComponent: RegisterComponentWithWorld: (/Game/TopDownCPP/Maps/TopDownExampleMap.TopDownExampleMap:PersistentLevel.MyPickup_2.PickupMesh) Trying to register component with IsPendingKill() == true. Aborting.
[2018.11.26-13.48.17:411][  0]LogEditorServer: Finished looking for orphan Actors (0.000 secs)
[2018.11.26-13.48.17:431][  0]Cmd: MAP CHECKDEP NOCLEARLOG
[2018.11.26-13.48.17:476][  0]MapCheck: Map check complete: 0 Error(s), 0 Warning(s), took 45.255ms to complete.
[2018.11.26-13.48.17:476][  0]LogFileHelpers: Loading map 'TopDownExampleMap' took 5.681
[2018.11.26-13.48.18:298][  0]LogSlate: Updating window title bar state: overlay mode, drag disabled, window buttons hidden, title bar hidden
[2018.11.26-13.48.18:304][  0]LogSlate: Updating window title bar state: overlay mode, drag disabled, window buttons hidden, title bar hidden
[2018.11.26-13.48.18:310][  0]LogSlate: Updating window title bar state: overlay mode, drag disabled, window buttons hidden, title bar hidden
[2018.11.26-13.48.18:316][  0]LogSlate: Updating window title bar state: overlay mode, drag disabled, window buttons hidden, title bar hidden
[2018.11.26-13.48.18:387][  0]LogCollectionManager: Loaded 0 collections in 0.000712 seconds
[2018.11.26-13.48.18:425][  0]LogFileCache: Scanning file cache for directory 'D:/WGT2/ITOSG/Saved/Collections/' took 0.01s
[2018.11.26-13.48.18:425][  0]LogFileCache: Scanning file cache for directory 'D:/WGT2/ITOSG/Content/Developers/Skoobie/Collections/' took 0.01s
[2018.11.26-13.48.18:425][  0]LogFileCache: Scanning file cache for directory 'D:/WGT2/ITOSG/Content/Collections/' took 0.01s
[2018.11.26-13.48.18:425][  0]LogCollectionManager: Rebuilt the GUID cache for 0 collections in 0.000000 seconds
[2018.11.26-13.48.18:432][  0]LogContentBrowser: Native class hierarchy populated in 0.0075 seconds. Added 2579 classes and 605 folders.
[2018.11.26-13.48.18:436][  0]LogContentBrowser: Native class hierarchy updated for 'WidgetCarousel' in 0.0002 seconds. Added 0 classes and 0 folders.
[2018.11.26-13.48.22:550][  0]LogContentBrowser: Native class hierarchy updated for 'AddContentDialog' in 0.0003 seconds. Added 0 classes and 0 folders.
[2018.11.26-13.48.22:609][  0]LogContentBrowser: Native class hierarchy updated for 'SceneOutliner' in 0.0003 seconds. Added 1 classes and 2 folders.
[2018.11.26-13.48.22:825][  0]LogSlate: Took 0.023295 seconds to synchronously load lazily loaded font '../../../Engine/Content/Slate/Fonts/Roboto-Regular.ttf' (155K)
[2018.11.26-13.48.22:870][  0]LogSlate: Took 0.043353 seconds to synchronously load lazily loaded font '../../../Engine/Content/Slate/Fonts/Roboto-Bold.ttf' (160K)
[2018.11.26-13.48.22:892][  0]LogSlate: Took 0.018819 seconds to synchronously load lazily loaded font '../../../Engine/Content/Editor/Slate/Fonts/FontAwesome.ttf' (139K)
[2018.11.26-13.48.23:080][  0]LogRenderer: Reallocating scene render targets to support 1208x576 Format 10 NumSamples 1 (Frame:1).
[2018.11.26-13.48.23:267][  0]LogSlate: Took 0.137238 seconds to synchronously load lazily loaded font '../../../Engine/Content/Slate/Fonts/Roboto-Light.ttf' (167K)
[2018.11.26-13.48.23:594][  0]LogContentBrowser: Native class hierarchy updated for 'HierarchicalLODOutliner' in 0.0003 seconds. Added 0 classes and 0 folders.
[2018.11.26-13.48.23:594][  0]LogLoad: (Engine Initialization) Total time: 92.46 seconds
[2018.11.26-13.48.23:594][  0]LogLoad: (Engine Initialization) Total Blueprint compile time: 0.00 seconds
[2018.11.26-13.48.23:603][  0]LogCollectionManager: Rebuilt the object cache for 0 collections in 0.000000 seconds (found 0 objects)
[2018.11.26-13.48.23:626][  0]LogContentStreaming: Texture pool size now 1000 MB
[2018.11.26-13.48.30:921][834]LogAssetRegistry: Asset discovery search completed in 62.9420 seconds
[2018.11.26-13.48.30:923][834]LogCollectionManager: Fixed up redirectors for 0 collections in 0.000013 seconds (updated 0 objects)
[2018.11.26-13.48.45:695][604]LogSlate: FSceneViewport::OnFocusLost() reason 0
[2018.11.26-13.48.45:753][611]LogTemp: Repeating last play command: Selected Viewport
[2018.11.26-13.48.45:764][611]LogBlueprintUserMessages: Early PlayInEditor Detection: Level '/Game/TopDownCPP/Maps/TopDownExampleMap.TopDownExampleMap:PersistentLevel' has LevelScriptBlueprint '/Game/TopDownCPP/Maps/TopDownExampleMap.TopDownExampleMap:PersistentLevel.TopDownExampleMap' with GeneratedClass '/Game/TopDownCPP/Maps/TopDownExampleMap.TopDownExampleMap_C' with ClassGeneratedBy '/Game/TopDownCPP/Maps/TopDownExampleMap.TopDownExampleMap:PersistentLevel.TopDownExampleMap'
[2018.11.26-13.48.45:764][611]LogPlayLevel: PlayLevel: No blueprints needed recompiling
[2018.11.26-13.48.52:929][611]LogSlate: Window 'Message' being destroyed
[2018.11.26-13.48.57:096][110]LogSlate: Took 0.000144 seconds to synchronously load lazily loaded font '../../../Engine/Content/Slate/Fonts/Roboto-Light.ttf' (167K)
[2018.11.26-13.48.57:100][110]LogAssetEditorManager: Opening Asset editor for WidgetBlueprint /Game/UI/WB_Ingame.WB_Ingame
[2018.11.26-13.48.57:450][110]LogClass: Warning: Enum '/Game/AdvancedMagicFX13/DemoRoomData/Blueprints/BP_DemoDisplay_Enum.BP_DemoDisplay_Enum' was upgraded to use FText to store its display name data. Please re-save this asset to avoid issues with localization and determinstic cooking.
[2018.11.26-13.48.57:461][110]LogContentBrowser: Native class hierarchy updated for 'BlueprintGraph' in 0.0005 seconds. Added 116 classes and 0 folders.
[2018.11.26-13.48.58:186][110]LogSlate: Took 0.008272 seconds to synchronously load lazily loaded font '../../../Engine/Content/Slate/Fonts/Roboto-BoldCondensed.ttf' (158K)
[2018.11.26-13.55.32:957][103]LogSlate: Window 'WB_Ingame*' being destroyed
[2018.11.26-13.55.32:959][103]LogSlate: Window 'WB_Ingame*' being destroyed
[2018.11.26-13.55.35:508][405]LogTemp: Repeating last play command: Selected Viewport
[2018.11.26-13.55.35:526][405]LogBlueprintUserMessages: Early PlayInEditor Detection: Level '/Game/TopDownCPP/Maps/TopDownExampleMap.TopDownExampleMap:PersistentLevel' has LevelScriptBlueprint '/Game/TopDownCPP/Maps/TopDownExampleMap.TopDownExampleMap:PersistentLevel.TopDownExampleMap' with GeneratedClass '/Game/TopDownCPP/Maps/TopDownExampleMap.TopDownExampleMap_C' with ClassGeneratedBy '/Game/TopDownCPP/Maps/TopDownExampleMap.TopDownExampleMap:PersistentLevel.TopDownExampleMap'
[2018.11.26-13.55.35:526][405]BlueprintLog: New page: Pre-Play auto-recompile
[2018.11.26-13.55.35:542][405]LogPlayLevel: [PlayLevel] Compiling WB_Ingame before play...
[2018.11.26-13.55.35:650][405]LogPlayLevel: PlayLevel: Blueprint regeneration took 124 ms (1 blueprints)
[2018.11.26-13.55.35:663][405]PIE: New page: PIE session: TopDownExampleMap (26 Nov 2018 13:55:35)
[2018.11.26-13.55.35:663][405]LogPlayLevel: Creating play world package: /Game/TopDownCPP/Maps/UEDPIE_0_TopDownExampleMap
[2018.11.26-13.55.35:674][405]LogPlayLevel: PIE: StaticDuplicateObject took: (0.010519s)
[2018.11.26-13.55.35:674][405]LogAIModule: Creating AISystem for world TopDownExampleMap
[2018.11.26-13.55.35:675][405]LogPlayLevel: PIE: World Init took: (0.000688s)
[2018.11.26-13.55.35:675][405]LogPlayLevel: PIE: Created PIE world by copying editor world from /Game/TopDownCPP/Maps/TopDownExampleMap.TopDownExampleMap to /Game/TopDownCPP/Maps/UEDPIE_0_TopDownExampleMap.TopDownExampleMap (0.011368s)
[2018.11.26-13.55.35:712][405]LogInit: XAudio2 using 'Speakers (USB PnP Sound Device)' : 2 channels at 44.1 kHz using 16 bits per sample (channel mask 0x3)
[2018.11.26-13.55.35:720][405]LogInit: FAudioDevice initialized.
[2018.11.26-13.55.35:766][405]LogLoad: Game class is 'BP_GameplayGamemode_C'
[2018.11.26-13.55.35:767][405]LogWorld: Bringing World /Game/TopDownCPP/Maps/UEDPIE_0_TopDownExampleMap.TopDownExampleMap up for play (max tick rate 0) at 2018.11.26-13.55.35
[2018.11.26-13.55.35:767][405]LogWorld: Bringing up level for play took: 0.001192
[2018.11.26-13.55.35:785][405]LogContentBrowser: Native class hierarchy updated for 'MovieSceneCapture' in 0.0003 seconds. Added 10 classes and 0 folders.
[2018.11.26-13.55.35:785][405]LogGameMode: Display: Match State Changed from EnteringMap to WaitingToStart
[2018.11.26-13.55.35:785][405]LogGameState: Match State Changed from EnteringMap to WaitingToStart
[2018.11.26-13.55.35:785][405]LogGameMode: Display: Match State Changed from WaitingToStart to InProgress
[2018.11.26-13.55.35:786][405]LogGameState: Match State Changed from WaitingToStart to InProgress
[2018.11.26-13.55.35:787][405]PIE: Play in editor start time for /Game/TopDownCPP/Maps/UEDPIE_0_TopDownExampleMap -0.12
[2018.11.26-13.55.35:787][405]LogBlueprintUserMessages: Late PlayInEditor Detection: Level '/Game/TopDownCPP/Maps/TopDownExampleMap.TopDownExampleMap:PersistentLevel' has LevelScriptBlueprint '/Game/TopDownCPP/Maps/TopDownExampleMap.TopDownExampleMap:PersistentLevel.TopDownExampleMap' with GeneratedClass '/Game/TopDownCPP/Maps/TopDownExampleMap.TopDownExampleMap_C' with ClassGeneratedBy '/Game/TopDownCPP/Maps/TopDownExampleMap.TopDownExampleMap:PersistentLevel.TopDownExampleMap'
[2018.11.26-13.55.45:605][565]LogBlueprintUserMessages: Early EndPlayMap Detection: Level '/Game/TopDownCPP/Maps/TopDownExampleMap.TopDownExampleMap:PersistentLevel' has LevelScriptBlueprint '/Game/TopDownCPP/Maps/TopDownExampleMap.TopDownExampleMap:PersistentLevel.TopDownExampleMap' with GeneratedClass '/Game/TopDownCPP/Maps/TopDownExampleMap.TopDownExampleMap_C' with ClassGeneratedBy '/Game/TopDownCPP/Maps/TopDownExampleMap.TopDownExampleMap:PersistentLevel.TopDownExampleMap'
[2018.11.26-13.55.45:605][565]LogSlate: Updating window title bar state: overlay mode, drag disabled, window buttons hidden, title bar hidden
[2018.11.26-13.55.45:635][565]LogPlayLevel: Display: Shutting down PIE online subsystems
[2018.11.26-13.55.45:635][565]LogBlueprintUserMessages: Late EndPlayMap Detection: Level '/Game/TopDownCPP/Maps/TopDownExampleMap.TopDownExampleMap:PersistentLevel' has LevelScriptBlueprint '/Game/TopDownCPP/Maps/TopDownExampleMap.TopDownExampleMap:PersistentLevel.TopDownExampleMap' with GeneratedClass '/Game/TopDownCPP/Maps/TopDownExampleMap.TopDownExampleMap_C' with ClassGeneratedBy '/Game/TopDownCPP/Maps/TopDownExampleMap.TopDownExampleMap:PersistentLevel.TopDownExampleMap'
[2018.11.26-13.55.45:660][565]LogSlate: Updating window title bar state: overlay mode, drag disabled, window buttons hidden, title bar hidden
[2018.11.26-13.55.45:705][569]LogPlayLevel: Display: Destroying online subsystem :Context_3
[2018.11.26-13.55.48:156][863]LogSlate: FSceneViewport::OnFocusLost() reason 0
[2018.11.26-13.56.00:732][370]LogSlate: FSceneViewport::OnFocusLost() reason 0
[2018.11.26-13.56.00:860][385]LogEditor: Attempting to add actor of class 'Interactable' to level at -550.00,-570.00,380.00
[2018.11.26-13.56.01:297][437]LogEditor: Attempting to add actor of class 'Interactable' to level at -220.00,-180.00,170.00
[2018.11.26-13.56.04:312][798]Cmd: DELETE
[2018.11.26-13.56.04:312][798]Cmd: ACTOR DELETE
[2018.11.26-13.56.04:314][798]LogEditorActor: Deleted Actor: Interactable
[2018.11.26-13.56.04:336][798]LogEditorActor: Deleted 1 Actors (0.023 secs)
[2018.11.26-13.56.06:259][ 29]LogSlate: FSceneViewport::OnFocusLost() reason 0
[2018.11.26-13.56.09:801][451]LogEditorViewport: Clicking on Actor (LMB): StaticMeshActor (Floor)
[2018.11.26-13.56.11:066][591]LogEditorViewport: Clicking on Actor (LMB): MyPickup_C (MyPickup)
[2018.11.26-13.56.12:034][705]LogSlate: FSceneViewport::OnFocusLost() reason 0
[2018.11.26-13.56.12:133][717]LogTemp: Repeating last play command: Selected Viewport
[2018.11.26-13.56.12:144][717]LogBlueprintUserMessages: Early PlayInEditor Detection: Level '/Game/TopDownCPP/Maps/TopDownExampleMap.TopDownExampleMap:PersistentLevel' has LevelScriptBlueprint '/Game/TopDownCPP/Maps/TopDownExampleMap.TopDownExampleMap:PersistentLevel.TopDownExampleMap' with GeneratedClass '/Game/TopDownCPP/Maps/TopDownExampleMap.TopDownExampleMap_C' with ClassGeneratedBy '/Game/TopDownCPP/Maps/TopDownExampleMap.TopDownExampleMap:PersistentLevel.TopDownExampleMap'
[2018.11.26-13.56.12:144][717]LogPlayLevel: PlayLevel: No blueprints needed recompiling
[2018.11.26-13.56.12:144][717]PIE: New page: PIE session: TopDownExampleMap (26 Nov 2018 13:56:12)
[2018.11.26-13.56.12:144][717]LogPlayLevel: Creating play world package: /Game/TopDownCPP/Maps/UEDPIE_0_TopDownExampleMap
[2018.11.26-13.56.12:154][717]LogPlayLevel: PIE: StaticDuplicateObject took: (0.009930s)
[2018.11.26-13.56.12:155][717]LogAIModule: Creating AISystem for world TopDownExampleMap
[2018.11.26-13.56.12:155][717]LogPlayLevel: PIE: World Init took: (0.000577s)
[2018.11.26-13.56.12:155][717]LogPlayLevel: PIE: Created PIE world by copying editor world from /Game/TopDownCPP/Maps/TopDownExampleMap.TopDownExampleMap to /Game/TopDownCPP/Maps/UEDPIE_0_TopDownExampleMap.TopDownExampleMap (0.010632s)
[2018.11.26-13.56.12:192][717]LogInit: XAudio2 using 'Speakers (USB PnP Sound Device)' : 2 channels at 44.1 kHz using 16 bits per sample (channel mask 0x3)
[2018.11.26-13.56.12:201][717]LogInit: FAudioDevice initialized.
[2018.11.26-13.56.12:229][717]LogLoad: Game class is 'BP_GameplayGamemode_C'
[2018.11.26-13.56.12:231][717]LogWorld: Bringing World /Game/TopDownCPP/Maps/UEDPIE_0_TopDownExampleMap.TopDownExampleMap up for play (max tick rate 0) at 2018.11.26-13.56.12
[2018.11.26-13.56.12:231][717]LogWorld: Bringing up level for play took: 0.001038
[2018.11.26-13.56.12:243][717]LogGameMode: Display: Match State Changed from EnteringMap to WaitingToStart
[2018.11.26-13.56.12:243][717]LogGameState: Match State Changed from EnteringMap to WaitingToStart
[2018.11.26-13.56.12:243][717]LogGameMode: Display: Match State Changed from WaitingToStart to InProgress
[2018.11.26-13.56.12:244][717]LogGameState: Match State Changed from WaitingToStart to InProgress
[2018.11.26-13.56.12:244][717]PIE: Play in editor start time for /Game/TopDownCPP/Maps/UEDPIE_0_TopDownExampleMap 0.337
[2018.11.26-13.56.12:244][717]LogBlueprintUserMessages: Late PlayInEditor Detection: Level '/Game/TopDownCPP/Maps/TopDownExampleMap.TopDownExampleMap:PersistentLevel' has LevelScriptBlueprint '/Game/TopDownCPP/Maps/TopDownExampleMap.TopDownExampleMap:PersistentLevel.TopDownExampleMap' with GeneratedClass '/Game/TopDownCPP/Maps/TopDownExampleMap.TopDownExampleMap_C' with ClassGeneratedBy '/Game/TopDownCPP/Maps/TopDownExampleMap.TopDownExampleMap:PersistentLevel.TopDownExampleMap'
[2018.11.26-13.56.16:427][217]LogBlueprintUserMessages: Early EndPlayMap Detection: Level '/Game/TopDownCPP/Maps/TopDownExampleMap.TopDownExampleMap:PersistentLevel' has LevelScriptBlueprint '/Game/TopDownCPP/Maps/TopDownExampleMap.TopDownExampleMap:PersistentLevel.TopDownExampleMap' with GeneratedClass '/Game/TopDownCPP/Maps/TopDownExampleMap.TopDownExampleMap_C' with ClassGeneratedBy '/Game/TopDownCPP/Maps/TopDownExampleMap.TopDownExampleMap:PersistentLevel.TopDownExampleMap'
[2018.11.26-13.56.16:427][217]LogSlate: Updating window title bar state: overlay mode, drag disabled, window buttons hidden, title bar hidden
[2018.11.26-13.56.16:459][217]LogPlayLevel: Display: Shutting down PIE online subsystems
[2018.11.26-13.56.16:459][217]LogBlueprintUserMessages: Late EndPlayMap Detection: Level '/Game/TopDownCPP/Maps/TopDownExampleMap.TopDownExampleMap:PersistentLevel' has LevelScriptBlueprint '/Game/TopDownCPP/Maps/TopDownExampleMap.TopDownExampleMap:PersistentLevel.TopDownExampleMap' with GeneratedClass '/Game/TopDownCPP/Maps/TopDownExampleMap.TopDownExampleMap_C' with ClassGeneratedBy '/Game/TopDownCPP/Maps/TopDownExampleMap.TopDownExampleMap:PersistentLevel.TopDownExampleMap'
[2018.11.26-13.56.16:480][217]LogSlate: Updating window title bar state: overlay mode, drag disabled, window buttons hidden, title bar hidden
[2018.11.26-13.56.16:531][222]LogPlayLevel: Display: Destroying online subsystem :Context_4
[2018.11.26-13.56.18:157][417]LogEditorViewport: Clicking on Actor (LMB): MyPickup_C (MyPickup)
[2018.11.26-13.56.26:439][409]LogSlate: FSceneViewport::OnFocusLost() reason 0
[2018.11.26-13.56.29:381][761]LogAssetEditorManager: Opening Asset editor for Class /Script/ITOSG.PIckup
[2018.11.26-13.57.03:012][117]LogSlate: Window 'Save Content' being destroyed
[2018.11.26-13.57.03:063][117]LogSlate: Window 'ITOSG - Unreal Editor' being destroyed
[2018.11.26-13.57.03:230][118]Cmd: QUIT_EDITOR
[2018.11.26-13.57.04:198][118]LogWindowsTextInputMethodSystem: Display: IME system now deactivated.
[2018.11.26-13.57.04:208][118]LogExit: Preparing to exit.
[2018.11.26-13.57.04:610][118]LogExit: Editor shut down
[2018.11.26-13.57.04:610][118]LogExit: Transaction tracking system shut down
[2018.11.26-13.57.04:898][118]LogExit: Object subsystem successfully closed.
[2018.11.26-13.57.04:917][118]LogShaderCompilers: Display: Shaders left to compile 0
[2018.11.26-13.57.04:920][118]LogD3D11RHI: Shutdown
[2018.11.26-13.57.04:920][118]LogD3D11RHI: CleanupD3DDevice
[2018.11.26-13.57.04:922][118]LogD3D11RHI: ~FD3D11DynamicRHI
[2018.11.26-13.57.04:930][118]LogModuleManager: Shutting down and abandoning module MovieSceneCapture (620)
[2018.11.26-13.57.04:930][118]LogModuleManager: Shutting down and abandoning module Voice (618)
[2018.11.26-13.57.04:930][118]LogModuleManager: Shutting down and abandoning module SequencerWidgets (616)
[2018.11.26-13.57.04:930][118]LogModuleManager: Shutting down and abandoning module BlueprintGraph (614)
[2018.11.26-13.57.04:930][118]LogModuleManager: Shutting down and abandoning module HierarchicalLODOutliner (612)
[2018.11.26-13.57.04:930][118]LogModuleManager: Shutting down and abandoning module SceneOutliner (610)
[2018.11.26-13.57.04:930][118]LogModuleManager: Shutting down and abandoning module AddContentDialog (608)
[2018.11.26-13.57.04:931][118]LogModuleManager: Shutting down and abandoning module WidgetCarousel (607)
[2018.11.26-13.57.04:931][118]LogModuleManager: Shutting down and abandoning module EditorWidgets (604)
[2018.11.26-13.57.04:931][118]LogModuleManager: Shutting down and abandoning module CollectionManager (602)
[2018.11.26-13.57.04:931][118]LogModuleManager: Shutting down and abandoning module StatsViewer (600)
[2018.11.26-13.57.04:931][118]LogModuleManager: Shutting down and abandoning module FoliageEdit (598)
[2018.11.26-13.57.04:931][118]LogModuleManager: Shutting down and abandoning module LandscapeEditor (596)
[2018.11.26-13.57.04:931][118]LogModuleManager: Shutting down and abandoning module MeshPaintMode (594)
[2018.11.26-13.57.04:931][118]LogModuleManager: Shutting down and abandoning module SceneDepthPickerMode (592)
[2018.11.26-13.57.04:931][118]LogModuleManager: Shutting down and abandoning module ActorPickerMode (590)
[2018.11.26-13.57.04:931][118]LogModuleManager: Shutting down and abandoning module GeometryMode (588)
[2018.11.26-13.57.04:931][118]LogModuleManager: Shutting down and abandoning module TextureAlignMode (586)
[2018.11.26-13.57.04:931][118]LogModuleManager: Shutting down and abandoning module BspMode (584)
[2018.11.26-13.57.04:931][118]LogModuleManager: Shutting down and abandoning module PIEPreviewDeviceProfileSelector (582)
[2018.11.26-13.57.04:931][118]LogModuleManager: Shutting down and abandoning module SequenceRecorderSections (580)
[2018.11.26-13.57.04:931][118]LogModuleManager: Shutting down and abandoning module AutomationWorker (578)
[2018.11.26-13.57.04:931][118]LogModuleManager: Shutting down and abandoning module AudioCaptureEditor (576)
[2018.11.26-13.57.04:931][118]LogModuleManager: Shutting down and abandoning module SequenceRecorder (575)
[2018.11.26-13.57.04:931][118]LogModuleManager: Shutting down and abandoning module MatineeToLevelSequence (572)
[2018.11.26-13.57.04:931][118]LogModuleManager: Shutting down and abandoning module LevelSequenceEditor (570)
[2018.11.26-13.57.04:931][118]LogModuleManager: Shutting down and abandoning module PlacementMode (569)
[2018.11.26-13.57.04:931][118]LogModuleManager: Shutting down and abandoning module MaterialEditor (568)
[2018.11.26-13.57.04:931][118]LogModuleManager: Shutting down and abandoning module WmfMediaFactory (564)
[2018.11.26-13.57.04:931][118]LogModuleManager: Shutting down and abandoning module WmfMediaEditor (562)
[2018.11.26-13.57.04:931][118]LogModuleManager: Shutting down and abandoning module MediaPlayerEditor (560)
[2018.11.26-13.57.04:931][118]LogModuleManager: Shutting down and abandoning module OpenExrWrapper (558)
[2018.11.26-13.57.04:931][118]LogModuleManager: Shutting down and abandoning module ImgMediaFactory (556)
[2018.11.26-13.57.04:931][118]LogModuleManager: Shutting down and abandoning module ImgMediaEditor (554)
[2018.11.26-13.57.04:931][118]LogModuleManager: Shutting down and abandoning module AvfMediaFactory (552)
[2018.11.26-13.57.04:931][118]LogModuleManager: Shutting down and abandoning module AvfMediaEditor (550)
[2018.11.26-13.57.04:931][118]LogModuleManager: Shutting down and abandoning module AndroidMediaFactory (548)
[2018.11.26-13.57.04:931][118]LogModuleManager: Shutting down and abandoning module AndroidMediaEditor (546)
[2018.11.26-13.57.04:931][118]LogModuleManager: Shutting down and abandoning module MagicLeapCameraPreviewFactory (544)
[2018.11.26-13.57.04:931][118]LogModuleManager: Shutting down and abandoning module MagicLeapMediaFactory (542)
[2018.11.26-13.57.04:931][118]LogModuleManager: Shutting down and abandoning module MagicLeapMediaEditor (540)
[2018.11.26-13.57.04:931][118]LogModuleManager: Shutting down and abandoning module CharacterAI (538)
[2018.11.26-13.57.04:931][118]LogModuleManager: Shutting down and abandoning module SmartSnapping (536)
[2018.11.26-13.57.04:931][118]LogModuleManager: Shutting down and abandoning module SessionServices (534)
[2018.11.26-13.57.04:932][118]LogModuleManager: Shutting down and abandoning module ViewportSnapping (532)
[2018.11.26-13.57.04:932][118]LogModuleManager: Shutting down and abandoning module ViewportInteraction (530)
[2018.11.26-13.57.04:932][118]LogModuleManager: Shutting down and abandoning module ClothPainter (528)
[2018.11.26-13.57.04:932][118]LogModuleManager: Shutting down and abandoning module SkeletalMeshEditor (527)
[2018.11.26-13.57.04:932][118]LogModuleManager: Shutting down and abandoning module LogVisualizer (524)
[2018.11.26-13.57.04:932][118]LogModuleManager: Shutting down and abandoning module IntroTutorials (522)
[2018.11.26-13.57.04:932][118]LogModuleManager: Shutting down and abandoning module GameProjectGeneration (521)
[2018.11.26-13.57.04:932][118]LogModuleManager: Shutting down and abandoning module LuminPlatformEditor (518)
[2018.11.26-13.57.04:932][118]LogModuleManager: Shutting down and abandoning module IOSPlatformEditor (516)
[2018.11.26-13.57.04:932][118]LogModuleManager: Shutting down and abandoning module HTML5PlatformEditor (514)
[2018.11.26-13.57.04:932][118]LogModuleManager: Shutting down and abandoning module AndroidPlatformEditor (512)
[2018.11.26-13.57.04:932][118]LogModuleManager: Shutting down and abandoning module AndroidDeviceDetection (511)
[2018.11.26-13.57.05:666][118]LogModuleManager: Shutting down and abandoning module WindowsPlatformEditor (508)
[2018.11.26-13.57.05:666][118]LogModuleManager: Shutting down and abandoning module LuminRuntimeSettings (506)
[2018.11.26-13.57.05:666][118]LogModuleManager: Shutting down and abandoning module IOSRuntimeSettings (504)
[2018.11.26-13.57.05:666][118]LogModuleManager: Shutting down and abandoning module AndroidRuntimeSettings (502)
[2018.11.26-13.57.05:666][118]LogModuleManager: Shutting down and abandoning module InputBindingEditor (500)
[2018.11.26-13.57.05:666][118]LogModuleManager: Shutting down and abandoning module MergeActors (498)
[2018.11.26-13.57.05:666][118]LogModuleManager: Shutting down and abandoning module LocalizationDashboard (496)
[2018.11.26-13.57.05:666][118]LogModuleManager: Shutting down and abandoning module LocalizationService (495)
[2018.11.26-13.57.05:666][118]LogModuleManager: Shutting down and abandoning module HardwareTargeting (492)
[2018.11.26-13.57.05:666][118]LogModuleManager: Shutting down and abandoning module DeviceProfileEditor (490)
[2018.11.26-13.57.05:666][118]LogModuleManager: Shutting down and abandoning module UndoHistory (488)
[2018.11.26-13.57.05:666][118]LogModuleManager: Shutting down and abandoning module XmlParser (486)
[2018.11.26-13.57.05:666][118]LogModuleManager: Shutting down and abandoning module Blutility (484)
[2018.11.26-13.57.05:666][118]LogModuleManager: Shutting down and abandoning module ProjectSettingsViewer (482)
[2018.11.26-13.57.05:666][118]LogModuleManager: Shutting down and abandoning module ProjectTargetPlatformEditor (481)
[2018.11.26-13.57.05:666][118]LogModuleManager: Shutting down and abandoning module EditorSettingsViewer (478)
[2018.11.26-13.57.05:666][118]LogModuleManager: Shutting down and abandoning module SettingsEditor (476)
[2018.11.26-13.57.05:667][118]LogModuleManager: Shutting down and abandoning module ProjectLauncher (474)
[2018.11.26-13.57.05:667][118]LogModuleManager: Shutting down and abandoning module SessionFrontend (472)
[2018.11.26-13.57.05:667][118]LogModuleManager: Shutting down and abandoning module ProfilerClient (470)
[2018.11.26-13.57.05:667][118]LogModuleManager: Shutting down and abandoning module DeviceManager (468)
[2018.11.26-13.57.05:667][118]LogModuleManager: Shutting down and abandoning module TargetDeviceServices (467)
[2018.11.26-13.57.05:722][118]LogModuleManager: Shutting down and abandoning module AutomationController (464)
[2018.11.26-13.57.05:722][118]LogModuleManager: Shutting down and abandoning module AutomationWindow (462)
[2018.11.26-13.57.05:722][118]LogModuleManager: Shutting down and abandoning module Layers (460)
[2018.11.26-13.57.05:722][118]LogModuleManager: Shutting down and abandoning module ComponentVisualizers (458)
[2018.11.26-13.57.05:722][118]LogModuleManager: Shutting down and abandoning module DetailCustomizations (456)
[2018.11.26-13.57.05:722][118]LogModuleManager: Shutting down and abandoning module PackagesDialog (454)
[2018.11.26-13.57.05:722][118]LogModuleManager: Shutting down and abandoning module Persona (452)
[2018.11.26-13.57.05:722][118]LogModuleManager: Shutting down and abandoning module AdvancedPreviewScene (451)
[2018.11.26-13.57.05:722][118]LogModuleManager: Shutting down and abandoning module AnimGraph (449)
[2018.11.26-13.57.05:722][118]LogModuleManager: Shutting down and abandoning module Kismet (446)
[2018.11.26-13.57.05:725][118]LogModuleManager: Shutting down and abandoning module GraphEditor (444)
[2018.11.26-13.57.05:725][118]LogModuleManager: Shutting down and abandoning module ClassViewer (442)
[2018.11.26-13.57.05:725][118]LogModuleManager: Shutting down and abandoning module Toolbox (440)
[2018.11.26-13.57.05:725][118]LogModuleManager: Shutting down and abandoning module DesktopPlatform (439)
[2018.11.26-13.57.05:725][118]LogModuleManager: Shutting down and abandoning module ModuleUI (436)
[2018.11.26-13.57.05:725][118]LogModuleManager: Shutting down and abandoning module MovieSceneTools (434)
[2018.11.26-13.57.05:725][118]LogModuleManager: Shutting down and abandoning module OutputLog (432)
[2018.11.26-13.57.05:725][118]LogModuleManager: Shutting down and abandoning module GammaUI (430)
[2018.11.26-13.57.05:725][118]LogModuleManager: Shutting down and abandoning module Documentation (428)
[2018.11.26-13.57.05:725][118]LogModuleManager: Shutting down and abandoning module MovieSceneTracks (426)
[2018.11.26-13.57.05:726][118]LogModuleManager: Shutting down and abandoning module MovieScene (424)
[2018.11.26-13.57.05:726][118]LogModuleManager: Shutting down and abandoning module StreamingPauseRendering (422)
[2018.11.26-13.57.05:726][118]LogModuleManager: Shutting down and abandoning module LauncherPlatform (420)
[2018.11.26-13.57.05:726][118]LogModuleManager: Shutting down and abandoning module AnalyticsET (418)
[2018.11.26-13.57.05:726][118]LogModuleManager: Shutting down and abandoning module PortalServices (416)
[2018.11.26-13.57.05:726][118]LogModuleManager: Shutting down and abandoning module PortalRpc (414)
[2018.11.26-13.57.05:726][118]LogModuleManager: Shutting down and abandoning module MessagingRpc (412)
[2018.11.26-13.57.05:726][118]LogModuleManager: Shutting down and abandoning module AIModule (410)
[2018.11.26-13.57.05:726][118]LogModuleManager: Shutting down and abandoning module GameplayDebugger (409)
[2018.11.26-13.57.05:726][118]LogModuleManager: Shutting down and abandoning module AITestSuite (407)
[2018.11.26-13.57.05:726][118]LogModuleManager: Shutting down and abandoning module NavigationSystem (405)
[2018.11.26-13.57.05:726][118]LogModuleManager: Shutting down and abandoning module ProfilerService (402)
[2018.11.26-13.57.05:753][118]LogModuleManager: Shutting down and abandoning module TaskGraph (400)
[2018.11.26-13.57.05:753][118]LogModuleManager: Shutting down and abandoning module SteamVRController (398)
[2018.11.26-13.57.05:753][118]LogModuleManager: Shutting down and abandoning module ProceduralMeshComponentEditor (396)
[2018.11.26-13.57.05:753][118]LogModuleManager: Shutting down and abandoning module ProceduralMeshComponent (394)
[2018.11.26-13.57.05:753][118]LogModuleManager: Shutting down and abandoning module OculusInput (392)
[2018.11.26-13.57.05:753][118]LogModuleManager: Shutting down and abandoning module MobilePatchingUtils (390)
[2018.11.26-13.57.05:753][118]LogModuleManager: Shutting down and abandoning module EditableMesh (388)
[2018.11.26-13.57.05:753][118]LogModuleManager: Shutting down and abandoning module CustomMeshComponent (386)
[2018.11.26-13.57.05:753][118]LogModuleManager: Shutting down and abandoning module CableComponent (384)
[2018.11.26-13.57.05:753][118]LogModuleManager: Shutting down and abandoning module AudioCapture (382)
[2018.11.26-13.57.05:753][118]LogModuleManager: Shutting down and abandoning module ArchVisCharacter (380)
[2018.11.26-13.57.05:753][118]LogModuleManager: Shutting down and abandoning module AndroidPermission (378)
[2018.11.26-13.57.05:753][118]LogModuleManager: Shutting down and abandoning module NUTUnrealEngine4 (376)
[2018.11.26-13.57.05:753][118]LogModuleManager: Shutting down and abandoning module NetcodeUnitTest (374)
[2018.11.26-13.57.05:753][118]LogModuleManager: Shutting down and abandoning module MediaCompositingEditor (372)
[2018.11.26-13.57.05:753][118]LogModuleManager: Shutting down and abandoning module MediaCompositing (370)
[2018.11.26-13.57.05:753][118]LogModuleManager: Shutting down and abandoning module LinearTimecode (368)
[2018.11.26-13.57.05:753][118]LogModuleManager: Shutting down and abandoning module ImgMedia (366)
[2018.11.26-13.57.05:755][118]LogModuleManager: Shutting down and abandoning module HTML5Networking (364)
[2018.11.26-13.57.05:755][118]LogModuleManager: Shutting down and abandoning module GeometryCacheTracks (362)
[2018.11.26-13.57.05:755][118]LogModuleManager: Shutting down and abandoning module GeometryCacheSequencer (360)
[2018.11.26-13.57.05:755][118]LogModuleManager: Shutting down and abandoning module BackChannel (358)
[2018.11.26-13.57.05:755][118]LogModuleManager: Shutting down and abandoning module AppleVision (356)
[2018.11.26-13.57.05:755][118]LogModuleManager: Shutting down and abandoning module AppleImageUtils (354)
[2018.11.26-13.57.05:755][118]LogModuleManager: Shutting down and abandoning module AlembicImporter (352)
[2018.11.26-13.57.05:755][118]LogModuleManager: Shutting down and abandoning module AlembicLibrary (351)
[2018.11.26-13.57.05:756][118]LogModuleManager: Shutting down and abandoning module GeometryCache (350)
[2018.11.26-13.57.05:756][118]LogModuleManager: Shutting down and abandoning module GeometryCacheEd (349)
[2018.11.26-13.57.05:756][118]LogModuleManager: Shutting down and abandoning module DatasmithContentEditor (344)
[2018.11.26-13.57.05:756][118]LogModuleManager: Shutting down and abandoning module DatasmithContent (342)
[2018.11.26-13.57.05:756][118]LogModuleManager: Shutting down and abandoning module SpeedTreeImporter (340)
[2018.11.26-13.57.05:756][118]LogModuleManager: Shutting down and abandoning module PluginBrowser (338)
[2018.11.26-13.57.05:756][118]LogModuleManager: Shutting down and abandoning module MobileLauncherProfileWizard (336)
[2018.11.26-13.57.05:756][118]LogModuleManager: Shutting down and abandoning module PolygonModeling (334)
[2018.11.26-13.57.05:756][118]LogModuleManager: Shutting down and abandoning module MeshEditor (332)
[2018.11.26-13.57.05:756][118]LogModuleManager: Shutting down and abandoning module CryptoKeysOpenSSL (330)
[2018.11.26-13.57.05:756][118]LogModuleManager: Shutting down and abandoning module CryptoKeys (328)
[2018.11.26-13.57.05:756][118]LogModuleManager: Shutting down and abandoning module VisualStudioSourceCodeAccess (326)
[2018.11.26-13.57.05:756][118]LogModuleManager: Shutting down and abandoning module VisualStudioCodeSourceCodeAccess (324)
[2018.11.26-13.57.05:756][118]LogModuleManager: Shutting down and abandoning module UObjectPlugin (322)
[2018.11.26-13.57.05:756][118]LogModuleManager: Shutting down and abandoning module SubversionSourceControl (320)
[2018.11.26-13.57.05:756][118]LogModuleManager: Shutting down and abandoning module PerforceSourceControl (318)
[2018.11.26-13.57.05:756][118]LogModuleManager: Shutting down and abandoning module GitSourceControl (316)
[2018.11.26-13.57.05:756][118]LogModuleManager: Shutting down and abandoning module SourceControl (315)
[2018.11.26-13.57.05:756][118]LogModuleManager: Shutting down and abandoning module CLionSourceCodeAccess (312)
[2018.11.26-13.57.05:756][118]LogModuleManager: Shutting down and abandoning module LightPropagationVolumeEditor (310)
[2018.11.26-13.57.05:756][118]LogModuleManager: Shutting down and abandoning module PaperTiledImporter (308)
[2018.11.26-13.57.05:756][118]LogModuleManager: Shutting down and abandoning module PaperSpriteSheetImporter (306)
[2018.11.26-13.57.05:756][118]LogModuleManager: Shutting down and abandoning module Paper2DEditor (304)
[2018.11.26-13.57.05:756][118]LogModuleManager: Shutting down and abandoning module MeshPaint (303)
[2018.11.26-13.57.05:756][118]LogModuleManager: Shutting down and abandoning module ITOSG (300)
[2018.11.26-13.57.05:756][118]LogModuleManager: Shutting down and abandoning module RuntimePhysXCooking (298)
[2018.11.26-13.57.05:756][118]LogModuleManager: Shutting down and abandoning module PhysXVehiclesEditor (296)
[2018.11.26-13.57.05:756][118]LogModuleManager: Shutting down and abandoning module PhysXVehicles (294)
[2018.11.26-13.57.05:756][118]LogModuleManager: Shutting down and abandoning module OculusEditor (292)
[2018.11.26-13.57.05:756][118]LogModuleManager: Shutting down and abandoning module LocationServicesBPLibrary (290)
[2018.11.26-13.57.05:756][118]LogModuleManager: Shutting down and abandoning module ImmediatePhysicsEditor (288)
[2018.11.26-13.57.05:756][118]LogModuleManager: Shutting down and abandoning module ImmediatePhysics (286)
[2018.11.26-13.57.05:756][118]LogModuleManager: Shutting down and abandoning module ActorSequence (284)
[2018.11.26-13.57.05:756][118]LogModuleManager: Shutting down and abandoning module UdpMessaging (282)
[2018.11.26-13.57.05:857][118]LogModuleManager: Shutting down and abandoning module TcpMessaging (280)
[2018.11.26-13.57.05:958][118]LogModuleManager: Shutting down and abandoning module MagicLeapAudio (278)
[2018.11.26-13.57.05:958][118]LogModuleManager: Shutting down and abandoning module GameplayTagsEditor (276)
[2018.11.26-13.57.05:958][118]LogModuleManager: Shutting down and abandoning module FacialAnimationEditor (274)
[2018.11.26-13.57.05:958][118]LogModuleManager: Shutting down and abandoning module FacialAnimation (272)
[2018.11.26-13.57.05:958][118]LogModuleManager: Shutting down and abandoning module DataValidation (270)
[2018.11.26-13.57.05:958][118]LogModuleManager: Shutting down and abandoning module AssetManagerEditor (268)
[2018.11.26-13.57.05:958][118]LogModuleManager: Shutting down and abandoning module LevelEditor (267)
[2018.11.26-13.57.05:958][118]LogModuleManager: Shutting down and abandoning module PixelInspectorModule (266)
[2018.11.26-13.57.05:958][118]LogModuleManager: Shutting down and abandoning module CommonMenuExtensions (264)
[2018.11.26-13.57.05:958][118]LogModuleManager: Shutting down and abandoning module MainFrame (262)
[2018.11.26-13.57.05:958][118]LogModuleManager: Shutting down and abandoning module HotReload (261)
[2018.11.26-13.57.05:959][118]LogModuleManager: Shutting down and abandoning module ContentBrowser (257)
[2018.11.26-13.57.05:959][118]LogModuleManager: Shutting down and abandoning module TreeMap (255)
[2018.11.26-13.57.05:959][118]LogModuleManager: Shutting down and abandoning module LightPropagationVolumeRuntime (252)
[2018.11.26-13.57.05:959][118]LogModuleManager: Shutting down and abandoning module AISupportModule (250)
[2018.11.26-13.57.05:959][118]LogModuleManager: Shutting down and abandoning module Paper2D (248)
[2018.11.26-13.57.05:959][118]LogModuleManager: Shutting down and abandoning module WindowsMoviePlayer (246)
[2018.11.26-13.57.05:959][118]LogModuleManager: Shutting down and abandoning module WmfMedia (244)
[2018.11.26-13.57.05:960][118]LogModuleManager: Shutting down and abandoning module Media (243)
[2018.11.26-13.57.05:967][118]LogModuleManager: Shutting down and abandoning module PacketHandler (240)
[2018.11.26-13.57.05:967][118]LogModuleManager: Shutting down and abandoning module ClothingSystemEditor (238)
[2018.11.26-13.57.05:967][118]LogModuleManager: Shutting down and abandoning module ClothingSystemRuntime (236)
[2018.11.26-13.57.05:967][118]LogModuleManager: Shutting down and abandoning module MediaAssets (234)
[2018.11.26-13.57.05:967][118]LogModuleManager: Shutting down and abandoning module Overlay (232)
[2018.11.26-13.57.05:967][118]LogModuleManager: Shutting down and abandoning module OverlayEditor (231)
[2018.11.26-13.57.05:967][118]LogModuleManager: Shutting down and abandoning module VREditor (228)
[2018.11.26-13.57.05:967][118]LogModuleManager: Shutting down and abandoning module StringTableEditor (226)
[2018.11.26-13.57.05:967][118]LogModuleManager: Shutting down and abandoning module GameplayTasksEditor (224)
[2018.11.26-13.57.05:967][118]LogModuleManager: Shutting down and abandoning module BehaviorTreeEditor (222)
[2018.11.26-13.57.05:967][118]LogModuleManager: Shutting down and abandoning module FunctionalTesting (220)
[2018.11.26-13.57.05:967][118]LogModuleManager: Shutting down and abandoning module CollisionAnalyzer (218)
[2018.11.26-13.57.05:967][118]LogModuleManager: Shutting down and abandoning module WorkspaceMenuStructure (217)
[2018.11.26-13.57.05:967][118]LogModuleManager: Shutting down and abandoning module UMG (214)
[2018.11.26-13.57.05:967][118]LogModuleManager: Shutting down and abandoning module UMGEditor (213)
[2018.11.26-13.57.05:967][118]LogModuleManager: Shutting down and abandoning module Sequencer (212)
[2018.11.26-13.57.05:967][118]LogModuleManager: Shutting down and abandoning module MessageLog (209)
[2018.11.26-13.57.05:967][118]LogModuleManager: Shutting down and abandoning module SlateReflector (204)
[2018.11.26-13.57.05:967][118]LogModuleManager: Shutting down and abandoning module Slate (202)
[2018.11.26-13.57.05:967][118]LogModuleManager: Shutting down and abandoning module EditorStyle (200)
[2018.11.26-13.57.05:969][118]LogModuleManager: Shutting down and abandoning module MRMesh (198)
[2018.11.26-13.57.05:969][118]LogModuleManager: Shutting down and abandoning module SourceCodeAccess (196)
[2018.11.26-13.57.05:969][118]LogModuleManager: Shutting down and abandoning module HeadMountedDisplay (194)
[2018.11.26-13.57.05:969][118]LogModuleManager: Shutting down and abandoning module XAudio2 (192)
[2018.11.26-13.57.05:969][118]LogModuleManager: Shutting down and abandoning module Networking (190)
[2018.11.26-13.57.05:969][118]LogModuleManager: Shutting down and abandoning module Core (188)
[2018.11.26-13.57.05:969][118]LogModuleManager: Shutting down and abandoning module LevelSequence (186)
[2018.11.26-13.57.05:969][118]LogModuleManager: Shutting down and abandoning module KismetCompiler (184)
[2018.11.26-13.57.05:969][118]LogModuleManager: Shutting down and abandoning module MeshUtilities (182)
[2018.11.26-13.57.05:969][118]LogModuleManager: Shutting down and abandoning module MeshMergeUtilities (181)
[2018.11.26-13.57.05:969][118]LogModuleManager: Shutting down and abandoning module MeshReductionInterface (180)
[2018.11.26-13.57.05:969][118]LogModuleManager: Shutting down and abandoning module SimplygonSwarm (179)
[2018.11.26-13.57.05:969][118]LogModuleManager: Shutting down and abandoning module ProxyLODMeshReduction (177)
[2018.11.26-13.57.05:969][118]LogModuleManager: Shutting down and abandoning module SimplygonMeshReduction (175)
[2018.11.26-13.57.05:969][118]LogModuleManager: Shutting down and abandoning module QuadricMeshReduction (173)
[2018.11.26-13.57.05:969][118]LogModuleManager: Shutting down and abandoning module MaterialBaking (169)
[2018.11.26-13.57.05:969][118]LogModuleManager: Shutting down and abandoning module DirectoryWatcher (165)
[2018.11.26-13.57.05:969][118]LogModuleManager: Shutting down and abandoning module DerivedDataCache (162)
[2018.11.26-13.57.06:066][118]LogDerivedDataCache: Shutdown
[2018.11.26-13.57.06:066][118]LogModuleManager: Shutting down and abandoning module XGEController (160)
[2018.11.26-13.57.06:066][118]LogXGEController: Cleaning working directory: C:/Users/Skoobie/AppData/Local/Temp/UnrealXGEWorkingDir/
[2018.11.26-13.57.06:066][118]LogModuleManager: Shutting down and abandoning module TargetPlatform (158)
[2018.11.26-13.57.06:066][118]LogModuleManager: Shutting down and abandoning module VulkanShaderFormat (157)
[2018.11.26-13.57.06:066][118]LogModuleManager: Shutting down and abandoning module ShaderFormatVectorVM (155)
[2018.11.26-13.57.06:066][118]LogModuleManager: Shutting down and abandoning module ShaderFormatOpenGL (153)
[2018.11.26-13.57.06:066][118]LogModuleManager: Shutting down and abandoning module ShaderFormatD3D (151)
[2018.11.26-13.57.06:066][118]LogModuleManager: Shutting down and abandoning module MetalShaderFormat (149)
[2018.11.26-13.57.06:066][118]LogModuleManager: Shutting down and abandoning module TextureFormatUncompressed (147)
[2018.11.26-13.57.06:066][118]LogModuleManager: Shutting down and abandoning module TextureFormatPVR (145)
[2018.11.26-13.57.06:066][118]LogModuleManager: Shutting down and abandoning module TextureFormatDXT (143)
[2018.11.26-13.57.06:066][118]LogModuleManager: Shutting down and abandoning module TextureFormatIntelISPCTexComp (141)
[2018.11.26-13.57.06:066][118]LogModuleManager: Shutting down and abandoning module TextureFormatASTC (139)
[2018.11.26-13.57.06:066][118]LogModuleManager: Shutting down and abandoning module ImageWrapper (138)
[2018.11.26-13.57.06:066][118]LogModuleManager: Shutting down and abandoning module TextureFormatAndroid (135)
[2018.11.26-13.57.06:067][118]LogModuleManager: Shutting down and abandoning module AudioFormatOpus (133)
[2018.11.26-13.57.06:067][118]LogModuleManager: Shutting down and abandoning module AudioFormatOgg (131)
[2018.11.26-13.57.06:067][118]LogModuleManager: Shutting down and abandoning module AudioFormatADPCM (129)
[2018.11.26-13.57.06:067][118]LogModuleManager: Shutting down and abandoning module LuminTargetPlatform (127)
[2018.11.26-13.57.06:067][118]LogModuleManager: Shutting down and abandoning module LinuxTargetPlatform (125)
[2018.11.26-13.57.06:067][118]LogModuleManager: Shutting down and abandoning module LinuxServerTargetPlatform (123)
[2018.11.26-13.57.06:067][118]LogModuleManager: Shutting down and abandoning module LinuxNoEditorTargetPlatform (121)
[2018.11.26-13.57.06:067][118]LogModuleManager: Shutting down and abandoning module LinuxClientTargetPlatform (119)
[2018.11.26-13.57.06:067][118]LogModuleManager: Shutting down and abandoning module TVOSTargetPlatform (117)
[2018.11.26-13.57.06:067][118]LogModuleManager: Shutting down and abandoning module Messaging (115)
[2018.11.26-13.57.06:067][118]LogModuleManager: Shutting down and abandoning module IOSTargetPlatform (113)
[2018.11.26-13.57.06:068][118]LogModuleManager: Shutting down and abandoning module HTML5TargetPlatform (111)
[2018.11.26-13.57.06:068][118]LogModuleManager: Shutting down and abandoning module AndroidTargetPlatform (109)
[2018.11.26-13.57.06:073][118]LogModuleManager: Shutting down and abandoning module WindowsTargetPlatform (107)
[2018.11.26-13.57.06:073][118]LogModuleManager: Shutting down and abandoning module WindowsServerTargetPlatform (105)
[2018.11.26-13.57.06:073][118]LogModuleManager: Shutting down and abandoning module WindowsNoEditorTargetPlatform (103)
[2018.11.26-13.57.06:073][118]LogModuleManager: Shutting down and abandoning module WindowsClientTargetPlatform (101)
[2018.11.26-13.57.06:073][118]LogModuleManager: Shutting down and abandoning module MacTargetPlatform (99)
[2018.11.26-13.57.06:073][118]LogModuleManager: Shutting down and abandoning module MacServerTargetPlatform (97)
[2018.11.26-13.57.06:073][118]LogModuleManager: Shutting down and abandoning module MacNoEditorTargetPlatform (95)
[2018.11.26-13.57.06:073][118]LogModuleManager: Shutting down and abandoning module MacClientTargetPlatform (93)
[2018.11.26-13.57.06:073][118]LogModuleManager: Shutting down and abandoning module AllDesktopTargetPlatform (91)
[2018.11.26-13.57.06:073][118]LogModuleManager: Shutting down and abandoning module InputCore (88)
[2018.11.26-13.57.06:073][118]LogModuleManager: Shutting down and abandoning module Settings (86)
[2018.11.26-13.57.06:073][118]LogModuleManager: Shutting down and abandoning module PhysXCooking (84)
[2018.11.26-13.57.06:073][118]LogModuleManager: Shutting down and abandoning module SteamVR (82)
[2018.11.26-13.57.06:073][118]LogModuleManager: Shutting down and abandoning module OculusHMD (80)
[2018.11.26-13.57.06:073][118]LogModuleManager: Shutting down and abandoning module ExampleDeviceProfileSelector (78)
[2018.11.26-13.57.06:073][118]LogModuleManager: Shutting down and abandoning module LauncherChunkInstaller (76)
[2018.11.26-13.57.06:073][118]LogModuleManager: Shutting down and abandoning module OnlineBlueprintSupport (74)
[2018.11.26-13.57.06:073][118]LogModuleManager: Shutting down and abandoning module OnlineSubsystem (70)
[2018.11.26-13.57.06:074][118]LogModuleManager: Shutting down and abandoning module XMPP (65)
[2018.11.26-13.57.06:074][118]LogModuleManager: Shutting down and abandoning module WebSockets (64)
[2018.11.26-13.57.06:096][118]LogModuleManager: Shutting down and abandoning module HTTP (61)
[2018.11.26-13.57.06:097][118]LogHttp: Display: Http module shutting down, but needs to wait on 1 outstanding Http requests:
[2018.11.26-13.57.06:097][118]LogHttp: Display: 	verb=[POST] url=[https://datarouter.ol.epicgames.com/datarouter/api/v1/public/data?SessionID=%7BF340068B-4660-9050-2D85-04ACC59B737F%7D&AppID=UEEditor.Rocket.Release&AppVersion=4.20.3-4369336%2B%2B%2BUE4%2BRelease-4.20&UserID=4db13e4a4371b07bc7868b858d7132fd%7C895b38341a174d78b5f4d9dc0edba638%7Ccebb812d-5676-47d9-87f1-f95d3d6822ae&AppEnvironment=datacollector-binary&UploadType=eteventstream] status=Processing
[2018.11.26-13.57.06:123][118]LogModuleManager: Shutting down and abandoning module SSL (60)
[2018.11.26-13.57.06:124][118]LogModuleManager: Shutting down and abandoning module MagicLeapEmulator (56)
[2018.11.26-13.57.06:124][118]LogModuleManager: Shutting down and abandoning module MagicLeapPrivileges (54)
[2018.11.26-13.57.06:124][118]LogModuleManager: Shutting down and abandoning module MagicLeapIdentity (52)
[2018.11.26-13.57.06:124][118]LogModuleManager: Shutting down and abandoning module MagicLeapHelperVulkan (50)
[2018.11.26-13.57.06:124][118]LogModuleManager: Shutting down and abandoning module MagicLeapHelperOpenGL (48)
[2018.11.26-13.57.06:124][118]LogModuleManager: Shutting down and abandoning module MagicLeapSecureStorage (46)
[2018.11.26-13.57.06:124][118]LogModuleManager: Shutting down and abandoning module MagicLeapGestures (44)
[2018.11.26-13.57.06:124][118]LogModuleManager: Shutting down and abandoning module MagicLeapEyeTracker (42)
[2018.11.26-13.57.06:124][118]LogModuleManager: Shutting down and abandoning module MagicLeapController (40)
[2018.11.26-13.57.06:124][118]LogSlate: Slate User Destroyed.  User Index 0, Is Virtual User: 0
[2018.11.26-13.57.06:124][118]LogModuleManager: Shutting down and abandoning module MagicLeap (38)
[2018.11.26-13.57.06:124][118]LogModuleManager: Shutting down and abandoning module AnimationModifiers (36)
[2018.11.26-13.57.06:125][118]LogModuleManager: Shutting down and abandoning module PropertyEditor (35)
[2018.11.26-13.57.06:125][118]LogModuleManager: Shutting down and abandoning module AudioEditor (32)
[2018.11.26-13.57.06:125][118]LogModuleManager: Shutting down and abandoning module TextureCompressor (30)
[2018.11.26-13.57.06:125][118]LogModuleManager: Shutting down and abandoning module ShaderCore (28)
[2018.11.26-13.57.06:125][118]LogModuleManager: Shutting down and abandoning module Landscape (26)
[2018.11.26-13.57.06:125][118]LogModuleManager: Shutting down and abandoning module SlateRHIRenderer (24)
[2018.11.26-13.57.06:125][118]LogModuleManager: Shutting down and abandoning module OpenGLDrv (22)
[2018.11.26-13.57.06:125][118]LogModuleManager: Shutting down and abandoning module D3D11RHI (20)
[2018.11.26-13.57.06:125][118]LogModuleManager: Shutting down and abandoning module AnimGraphRuntime (18)
[2018.11.26-13.57.06:125][118]LogModuleManager: Shutting down and abandoning module Renderer (16)
[2018.11.26-13.57.06:125][118]LogModuleManager: Shutting down and abandoning module Engine (14)
[2018.11.26-13.57.06:125][118]LogModuleManager: Shutting down and abandoning module CoreUObject (12)
[2018.11.26-13.57.06:125][118]LogModuleManager: Shutting down and abandoning module NetworkFile (10)
[2018.11.26-13.57.06:125][118]LogModuleManager: Shutting down and abandoning module CookedIterativeFile (8)
[2018.11.26-13.57.06:125][118]LogModuleManager: Shutting down and abandoning module StreamingFile (6)
[2018.11.26-13.57.06:125][118]LogModuleManager: Shutting down and abandoning module SandboxFile (4)
[2018.11.26-13.57.06:125][118]LogModuleManager: Shutting down and abandoning module PakFile (2)
[2018.11.26-13.57.06:129][118]LogExit: Exiting.
[2018.11.26-13.57.06:136][118]Log file closed, 11/26/18 13:57:06
